<?xml version="1.0" encoding="UTF-8"?>
<!-- Generated by org.testng.reporters.JUnitXMLReporter -->
<testsuite hostname="N700278" name="IETest" tests="156" failures="14" timestamp="19 Apr 2016 19:46:56 GMT" time="299.533" errors="0">
  <testcase name="@BeforeClass SetUp" time="0.0" classname="SitTest.US200001AndUS200002ValidateTrailerAndUS200041ValidateTerminal">
    <failure type="org.openqa.selenium.NoSuchWindowException" message="Unable to find element on closed window (WARNING: The server did not provide any stacktrace information)
Command duration or timeout: 13 milliseconds
Build info: version: &amp;apos;2.48.2&amp;apos;, revision: &amp;apos;41bccdd&amp;apos;, time: &amp;apos;2015-10-09 19:59:12&amp;apos;
System info: host: &amp;apos;N700278&amp;apos;, ip: &amp;apos;10.51.235.212&amp;apos;, os.name: &amp;apos;Windows 7&amp;apos;, os.arch: &amp;apos;amd64&amp;apos;, os.version: &amp;apos;6.1&amp;apos;, java.version: &amp;apos;1.7.0_06&amp;apos;
*** Element info: {Using=xpath, value=.//*[@label=&amp;apos;Set Status To&amp;apos;]/div/ul}
Session ID: 2474d42c-d6db-4a76-85b8-a160d63fab4a
Driver info: org.openqa.selenium.ie.InternetExplorerDriver
Capabilities [{platform=WINDOWS, javascriptEnabled=true, elementScrollBehavior=0, ignoreZoomSetting=false, enablePersistentHover=true, ie.ensureCleanSession=false, browserName=internet explorer, enableElementCacheCleanup=true, unexpectedAlertBehaviour=dismiss, version=11, pageLoadStrategy=normal, ie.usePerProcessProxy=false, cssSelectorsEnabled=true, ignoreProtectedModeSettings=false, requireWindowFocus=false, initialBrowserUrl=http://localhost:47889/, handlesAlerts=true, ie.forceCreateProcessApi=false, nativeEvents=true, browserAttachTimeout=0, ie.browserCommandLineSwitches=, takesScreenshot=true}]">
      <![CDATA[org.openqa.selenium.NoSuchWindowException: Unable to find element on closed window (WARNING: The server did not provide any stacktrace information)
Command duration or timeout: 13 milliseconds
Build info: version: '2.48.2', revision: '41bccdd', time: '2015-10-09 19:59:12'
System info: host: 'N700278', ip: '10.51.235.212', os.name: 'Windows 7', os.arch: 'amd64', os.version: '6.1', java.version: '1.7.0_06'
*** Element info: {Using=xpath, value=.//*[@label='Set Status To']/div/ul}
Session ID: 2474d42c-d6db-4a76-85b8-a160d63fab4a
Driver info: org.openqa.selenium.ie.InternetExplorerDriver
Capabilities [{platform=WINDOWS, javascriptEnabled=true, elementScrollBehavior=0, ignoreZoomSetting=false, enablePersistentHover=true, ie.ensureCleanSession=false, browserName=internet explorer, enableElementCacheCleanup=true, unexpectedAlertBehaviour=dismiss, version=11, pageLoadStrategy=normal, ie.usePerProcessProxy=false, cssSelectorsEnabled=true, ignoreProtectedModeSettings=false, requireWindowFocus=false, initialBrowserUrl=http://localhost:47889/, handlesAlerts=true, ie.forceCreateProcessApi=false, nativeEvents=true, browserAttachTimeout=0, ie.browserCommandLineSwitches=, takesScreenshot=true}]
	at org.openqa.selenium.remote.ErrorHandler.createThrowable(ErrorHandler.java:206)
	at org.openqa.selenium.remote.ErrorHandler.throwIfResponseFailed(ErrorHandler.java:158)
	at org.openqa.selenium.remote.RemoteWebDriver.execute(RemoteWebDriver.java:647)
	at org.openqa.selenium.remote.RemoteWebDriver.findElement(RemoteWebDriver.java:353)
	at org.openqa.selenium.remote.RemoteWebDriver.findElementByXPath(RemoteWebDriver.java:490)
	at org.openqa.selenium.By$ByXPath.findElement(By.java:361)
	at org.openqa.selenium.remote.RemoteWebDriver.findElement(RemoteWebDriver.java:345)
	at org.openqa.selenium.support.pagefactory.DefaultElementLocator.findElement(DefaultElementLocator.java:69)
	at org.openqa.selenium.support.pagefactory.internal.LocatingElementHandler.invoke(LocatingElementHandler.java:38)
	at $Proxy10.toString(Unknown Source)
	at java.lang.String.valueOf(Unknown Source)
	at java.lang.StringBuilder.append(Unknown Source)
	at org.openqa.selenium.support.ui.ExpectedConditions$10.toString(ExpectedConditions.java:293)
	at org.openqa.selenium.support.ui.FluentWait.until(FluentWait.java:257)
	at Page.EqpStatusPageS.ChangeStatusTo(EqpStatusPageS.java:403)
	at Page.EqpStatusPageS.SetStatus(EqpStatusPageS.java:392)
	at SitTest.US200001AndUS200002ValidateTrailerAndUS200041ValidateTerminal.SetUp(US200001AndUS200002ValidateTrailerAndUS200041ValidateTerminal.java:51)
	at java.util.concurrent.FutureTask$Sync.innerRun(Unknown Source)
	at java.util.concurrent.FutureTask.run(Unknown Source)
	at java.util.concurrent.ThreadPoolExecutor.runWorker(Unknown Source)
	at java.util.concurrent.ThreadPoolExecutor$Worker.run(Unknown Source)
	at java.lang.Thread.run(Unknown Source)
... Removed 19 stack frames]]>
    </failure>
  </testcase> <!-- @BeforeClass SetUp -->
  <testcase name="@AfterClass TearDown" time="0.0" classname="SitTest.US200058ValidateTrailerAtStatusingLocation">
    <failure type="org.openqa.selenium.NoSuchWindowException" message="Unable to get browser (WARNING: The server did not provide any stacktrace information)
Command duration or timeout: 12 milliseconds
Build info: version: &amp;apos;2.48.2&amp;apos;, revision: &amp;apos;41bccdd&amp;apos;, time: &amp;apos;2015-10-09 19:59:12&amp;apos;
System info: host: &amp;apos;N700278&amp;apos;, ip: &amp;apos;10.51.235.212&amp;apos;, os.name: &amp;apos;Windows 7&amp;apos;, os.arch: &amp;apos;amd64&amp;apos;, os.version: &amp;apos;6.1&amp;apos;, java.version: &amp;apos;1.7.0_06&amp;apos;
Session ID: c02ab5bd-142d-4012-b3a5-5d47e3215037
Driver info: org.openqa.selenium.ie.InternetExplorerDriver
Capabilities [{platform=WINDOWS, javascriptEnabled=true, elementScrollBehavior=0, ignoreZoomSetting=false, enablePersistentHover=true, ie.ensureCleanSession=false, browserName=internet explorer, enableElementCacheCleanup=true, unexpectedAlertBehaviour=dismiss, version=11, pageLoadStrategy=normal, ie.usePerProcessProxy=false, cssSelectorsEnabled=true, ignoreProtectedModeSettings=false, requireWindowFocus=false, initialBrowserUrl=http://localhost:3036/, handlesAlerts=true, ie.forceCreateProcessApi=false, nativeEvents=true, browserAttachTimeout=0, ie.browserCommandLineSwitches=, takesScreenshot=true}]">
      <![CDATA[org.openqa.selenium.NoSuchWindowException: Unable to get browser (WARNING: The server did not provide any stacktrace information)
Command duration or timeout: 12 milliseconds
Build info: version: '2.48.2', revision: '41bccdd', time: '2015-10-09 19:59:12'
System info: host: 'N700278', ip: '10.51.235.212', os.name: 'Windows 7', os.arch: 'amd64', os.version: '6.1', java.version: '1.7.0_06'
Session ID: c02ab5bd-142d-4012-b3a5-5d47e3215037
Driver info: org.openqa.selenium.ie.InternetExplorerDriver
Capabilities [{platform=WINDOWS, javascriptEnabled=true, elementScrollBehavior=0, ignoreZoomSetting=false, enablePersistentHover=true, ie.ensureCleanSession=false, browserName=internet explorer, enableElementCacheCleanup=true, unexpectedAlertBehaviour=dismiss, version=11, pageLoadStrategy=normal, ie.usePerProcessProxy=false, cssSelectorsEnabled=true, ignoreProtectedModeSettings=false, requireWindowFocus=false, initialBrowserUrl=http://localhost:3036/, handlesAlerts=true, ie.forceCreateProcessApi=false, nativeEvents=true, browserAttachTimeout=0, ie.browserCommandLineSwitches=, takesScreenshot=true}]
	at org.openqa.selenium.remote.ErrorHandler.createThrowable(ErrorHandler.java:206)
	at org.openqa.selenium.remote.ErrorHandler.throwIfResponseFailed(ErrorHandler.java:158)
	at org.openqa.selenium.remote.RemoteWebDriver.execute(RemoteWebDriver.java:647)
	at org.openqa.selenium.remote.RemoteWebDriver.execute(RemoteWebDriver.java:670)
	at org.openqa.selenium.remote.RemoteWebDriver.close(RemoteWebDriver.java:511)
	at SitTest.US200058ValidateTrailerAtStatusingLocation.TearDown(US200058ValidateTrailerAtStatusingLocation.java:83)
	at java.util.concurrent.FutureTask$Sync.innerRun(Unknown Source)
	at java.util.concurrent.FutureTask.run(Unknown Source)
	at java.util.concurrent.ThreadPoolExecutor.runWorker(Unknown Source)
	at java.util.concurrent.ThreadPoolExecutor$Worker.run(Unknown Source)
	at java.lang.Thread.run(Unknown Source)
... Removed 19 stack frames]]>
    </failure>
  </testcase> <!-- @AfterClass TearDown -->
  <testcase name="@AfterClass TearDown" time="0.0" classname="SitTest.US200001AndUS200002ValidateTrailerAndUS200041ValidateTerminal">
    <skipped/>
  </testcase> <!-- @AfterClass TearDown -->
  <testcase name="VerifyInvalidStatusLocation" time="7.023" classname="SitTest.US200058ValidateTrailerAtStatusingLocation"/>
  <testcase name="VerifyInvalidStatusLocation" time="8.379" classname="SitTest.US200058ValidateTrailerAtStatusingLocation"/>
  <testcase name="VerifyInvalidStatusLocation" time="8.054" classname="SitTest.US200058ValidateTrailerAtStatusingLocation"/>
  <testcase name="VerifyInvalidStatusLocation" time="10.761" classname="SitTest.US200058ValidateTrailerAtStatusingLocation"/>
  <testcase name="VerifyInvalidStatusLocation" time="18.225" classname="SitTest.US200058ValidateTrailerAtStatusingLocation">
    <failure type="org.openqa.selenium.TimeoutException" message="Timed out after 10 seconds waiting for text (&amp;apos;This trailer is located at #319&amp;apos;) to be present in element [[InternetExplorerDriver: internet explorer on WINDOWS (c02ab5bd-142d-4012-b3a5-5d47e3215037)] -&amp;gt; xpath: html/body/div[1]/div]
Build info: version: &amp;apos;2.48.2&amp;apos;, revision: &amp;apos;41bccdd&amp;apos;, time: &amp;apos;2015-10-09 19:59:12&amp;apos;
System info: host: &amp;apos;N700278&amp;apos;, ip: &amp;apos;10.51.235.212&amp;apos;, os.name: &amp;apos;Windows 7&amp;apos;, os.arch: &amp;apos;amd64&amp;apos;, os.version: &amp;apos;6.1&amp;apos;, java.version: &amp;apos;1.7.0_06&amp;apos;
Session ID: c02ab5bd-142d-4012-b3a5-5d47e3215037
Driver info: org.openqa.selenium.ie.InternetExplorerDriver
Capabilities [{platform=WINDOWS, javascriptEnabled=true, elementScrollBehavior=0, ignoreZoomSetting=false, enablePersistentHover=true, ie.ensureCleanSession=false, browserName=internet explorer, enableElementCacheCleanup=true, unexpectedAlertBehaviour=dismiss, version=11, pageLoadStrategy=normal, ie.usePerProcessProxy=false, cssSelectorsEnabled=true, ignoreProtectedModeSettings=false, requireWindowFocus=false, initialBrowserUrl=http://localhost:3036/, handlesAlerts=true, ie.forceCreateProcessApi=false, nativeEvents=true, browserAttachTimeout=0, ie.browserCommandLineSwitches=, takesScreenshot=true}]">
      <![CDATA[org.openqa.selenium.TimeoutException: Timed out after 10 seconds waiting for text ('This trailer is located at #319') to be present in element [[InternetExplorerDriver: internet explorer on WINDOWS (c02ab5bd-142d-4012-b3a5-5d47e3215037)] -> xpath: html/body/div[1]/div]
Build info: version: '2.48.2', revision: '41bccdd', time: '2015-10-09 19:59:12'
System info: host: 'N700278', ip: '10.51.235.212', os.name: 'Windows 7', os.arch: 'amd64', os.version: '6.1', java.version: '1.7.0_06'
Session ID: c02ab5bd-142d-4012-b3a5-5d47e3215037
Driver info: org.openqa.selenium.ie.InternetExplorerDriver
Capabilities [{platform=WINDOWS, javascriptEnabled=true, elementScrollBehavior=0, ignoreZoomSetting=false, enablePersistentHover=true, ie.ensureCleanSession=false, browserName=internet explorer, enableElementCacheCleanup=true, unexpectedAlertBehaviour=dismiss, version=11, pageLoadStrategy=normal, ie.usePerProcessProxy=false, cssSelectorsEnabled=true, ignoreProtectedModeSettings=false, requireWindowFocus=false, initialBrowserUrl=http://localhost:3036/, handlesAlerts=true, ie.forceCreateProcessApi=false, nativeEvents=true, browserAttachTimeout=0, ie.browserCommandLineSwitches=, takesScreenshot=true}]
	at org.openqa.selenium.support.ui.WebDriverWait.timeoutException(WebDriverWait.java:80)
	at org.openqa.selenium.support.ui.FluentWait.until(FluentWait.java:261)
	at SitTest.US200058ValidateTrailerAtStatusingLocation.VerifyInvalidStatusLocation(US200058ValidateTrailerAtStatusingLocation.java:68)
	at java.util.concurrent.FutureTask$Sync.innerRun(Unknown Source)
	at java.util.concurrent.FutureTask.run(Unknown Source)
	at java.util.concurrent.ThreadPoolExecutor.runWorker(Unknown Source)
	at java.util.concurrent.ThreadPoolExecutor$Worker.run(Unknown Source)
	at java.lang.Thread.run(Unknown Source)
... Removed 16 stack frames]]>
    </failure>
  </testcase> <!-- VerifyInvalidStatusLocation -->
  <testcase name="VerifyInvalidStatusLocation" time="8.104" classname="SitTest.US200058ValidateTrailerAtStatusingLocation"/>
  <testcase name="VerifyInvalidStatusLocation" time="18.798" classname="SitTest.US200058ValidateTrailerAtStatusingLocation">
    <failure type="org.openqa.selenium.TimeoutException" message="Timed out after 10 seconds waiting for text (&amp;apos;This trailer is located at #909&amp;apos;) to be present in element [[InternetExplorerDriver: internet explorer on WINDOWS (c02ab5bd-142d-4012-b3a5-5d47e3215037)] -&amp;gt; xpath: html/body/div[1]/div]
Build info: version: &amp;apos;2.48.2&amp;apos;, revision: &amp;apos;41bccdd&amp;apos;, time: &amp;apos;2015-10-09 19:59:12&amp;apos;
System info: host: &amp;apos;N700278&amp;apos;, ip: &amp;apos;10.51.235.212&amp;apos;, os.name: &amp;apos;Windows 7&amp;apos;, os.arch: &amp;apos;amd64&amp;apos;, os.version: &amp;apos;6.1&amp;apos;, java.version: &amp;apos;1.7.0_06&amp;apos;
Session ID: c02ab5bd-142d-4012-b3a5-5d47e3215037
Driver info: org.openqa.selenium.ie.InternetExplorerDriver
Capabilities [{platform=WINDOWS, javascriptEnabled=true, elementScrollBehavior=0, ignoreZoomSetting=false, enablePersistentHover=true, ie.ensureCleanSession=false, browserName=internet explorer, enableElementCacheCleanup=true, unexpectedAlertBehaviour=dismiss, version=11, pageLoadStrategy=normal, ie.usePerProcessProxy=false, cssSelectorsEnabled=true, ignoreProtectedModeSettings=false, requireWindowFocus=false, initialBrowserUrl=http://localhost:3036/, handlesAlerts=true, ie.forceCreateProcessApi=false, nativeEvents=true, browserAttachTimeout=0, ie.browserCommandLineSwitches=, takesScreenshot=true}]">
      <![CDATA[org.openqa.selenium.TimeoutException: Timed out after 10 seconds waiting for text ('This trailer is located at #909') to be present in element [[InternetExplorerDriver: internet explorer on WINDOWS (c02ab5bd-142d-4012-b3a5-5d47e3215037)] -> xpath: html/body/div[1]/div]
Build info: version: '2.48.2', revision: '41bccdd', time: '2015-10-09 19:59:12'
System info: host: 'N700278', ip: '10.51.235.212', os.name: 'Windows 7', os.arch: 'amd64', os.version: '6.1', java.version: '1.7.0_06'
Session ID: c02ab5bd-142d-4012-b3a5-5d47e3215037
Driver info: org.openqa.selenium.ie.InternetExplorerDriver
Capabilities [{platform=WINDOWS, javascriptEnabled=true, elementScrollBehavior=0, ignoreZoomSetting=false, enablePersistentHover=true, ie.ensureCleanSession=false, browserName=internet explorer, enableElementCacheCleanup=true, unexpectedAlertBehaviour=dismiss, version=11, pageLoadStrategy=normal, ie.usePerProcessProxy=false, cssSelectorsEnabled=true, ignoreProtectedModeSettings=false, requireWindowFocus=false, initialBrowserUrl=http://localhost:3036/, handlesAlerts=true, ie.forceCreateProcessApi=false, nativeEvents=true, browserAttachTimeout=0, ie.browserCommandLineSwitches=, takesScreenshot=true}]
	at org.openqa.selenium.support.ui.WebDriverWait.timeoutException(WebDriverWait.java:80)
	at org.openqa.selenium.support.ui.FluentWait.until(FluentWait.java:261)
	at SitTest.US200058ValidateTrailerAtStatusingLocation.VerifyInvalidStatusLocation(US200058ValidateTrailerAtStatusingLocation.java:68)
	at java.util.concurrent.FutureTask$Sync.innerRun(Unknown Source)
	at java.util.concurrent.FutureTask.run(Unknown Source)
	at java.util.concurrent.ThreadPoolExecutor.runWorker(Unknown Source)
	at java.util.concurrent.ThreadPoolExecutor$Worker.run(Unknown Source)
	at java.lang.Thread.run(Unknown Source)
... Removed 16 stack frames]]>
    </failure>
  </testcase> <!-- VerifyInvalidStatusLocation -->
  <testcase name="VerifyInvalidStatusLocation" time="8.86" classname="SitTest.US200058ValidateTrailerAtStatusingLocation"/>
  <testcase name="VerifyInvalidStatusLocation" time="19.661" classname="SitTest.US200058ValidateTrailerAtStatusingLocation">
    <failure type="org.openqa.selenium.TimeoutException" message="Timed out after 10 seconds waiting for text (&amp;apos;This trailer is located at #396&amp;apos;) to be present in element [[InternetExplorerDriver: internet explorer on WINDOWS (c02ab5bd-142d-4012-b3a5-5d47e3215037)] -&amp;gt; xpath: html/body/div[1]/div]
Build info: version: &amp;apos;2.48.2&amp;apos;, revision: &amp;apos;41bccdd&amp;apos;, time: &amp;apos;2015-10-09 19:59:12&amp;apos;
System info: host: &amp;apos;N700278&amp;apos;, ip: &amp;apos;10.51.235.212&amp;apos;, os.name: &amp;apos;Windows 7&amp;apos;, os.arch: &amp;apos;amd64&amp;apos;, os.version: &amp;apos;6.1&amp;apos;, java.version: &amp;apos;1.7.0_06&amp;apos;
Session ID: c02ab5bd-142d-4012-b3a5-5d47e3215037
Driver info: org.openqa.selenium.ie.InternetExplorerDriver
Capabilities [{platform=WINDOWS, javascriptEnabled=true, elementScrollBehavior=0, ignoreZoomSetting=false, enablePersistentHover=true, ie.ensureCleanSession=false, browserName=internet explorer, enableElementCacheCleanup=true, unexpectedAlertBehaviour=dismiss, version=11, pageLoadStrategy=normal, ie.usePerProcessProxy=false, cssSelectorsEnabled=true, ignoreProtectedModeSettings=false, requireWindowFocus=false, initialBrowserUrl=http://localhost:3036/, handlesAlerts=true, ie.forceCreateProcessApi=false, nativeEvents=true, browserAttachTimeout=0, ie.browserCommandLineSwitches=, takesScreenshot=true}]">
      <![CDATA[org.openqa.selenium.TimeoutException: Timed out after 10 seconds waiting for text ('This trailer is located at #396') to be present in element [[InternetExplorerDriver: internet explorer on WINDOWS (c02ab5bd-142d-4012-b3a5-5d47e3215037)] -> xpath: html/body/div[1]/div]
Build info: version: '2.48.2', revision: '41bccdd', time: '2015-10-09 19:59:12'
System info: host: 'N700278', ip: '10.51.235.212', os.name: 'Windows 7', os.arch: 'amd64', os.version: '6.1', java.version: '1.7.0_06'
Session ID: c02ab5bd-142d-4012-b3a5-5d47e3215037
Driver info: org.openqa.selenium.ie.InternetExplorerDriver
Capabilities [{platform=WINDOWS, javascriptEnabled=true, elementScrollBehavior=0, ignoreZoomSetting=false, enablePersistentHover=true, ie.ensureCleanSession=false, browserName=internet explorer, enableElementCacheCleanup=true, unexpectedAlertBehaviour=dismiss, version=11, pageLoadStrategy=normal, ie.usePerProcessProxy=false, cssSelectorsEnabled=true, ignoreProtectedModeSettings=false, requireWindowFocus=false, initialBrowserUrl=http://localhost:3036/, handlesAlerts=true, ie.forceCreateProcessApi=false, nativeEvents=true, browserAttachTimeout=0, ie.browserCommandLineSwitches=, takesScreenshot=true}]
	at org.openqa.selenium.support.ui.WebDriverWait.timeoutException(WebDriverWait.java:80)
	at org.openqa.selenium.support.ui.FluentWait.until(FluentWait.java:261)
	at SitTest.US200058ValidateTrailerAtStatusingLocation.VerifyInvalidStatusLocation(US200058ValidateTrailerAtStatusingLocation.java:68)
	at java.util.concurrent.FutureTask$Sync.innerRun(Unknown Source)
	at java.util.concurrent.FutureTask.run(Unknown Source)
	at java.util.concurrent.ThreadPoolExecutor.runWorker(Unknown Source)
	at java.util.concurrent.ThreadPoolExecutor$Worker.run(Unknown Source)
	at java.lang.Thread.run(Unknown Source)
... Removed 15 stack frames]]>
    </failure>
  </testcase> <!-- VerifyInvalidStatusLocation -->
  <testcase name="VerifyInvalidStatusLocation" time="8.478" classname="SitTest.US200058ValidateTrailerAtStatusingLocation"/>
  <testcase name="VerifyValidTerminal" time="0.0" classname="SitTest.US200001AndUS200002ValidateTrailerAndUS200041ValidateTerminal">
    <skipped/>
  </testcase> <!-- VerifyValidTerminal -->
  <testcase name="VerifyValidTerminal" time="0.001" classname="SitTest.US200001AndUS200002ValidateTrailerAndUS200041ValidateTerminal">
    <skipped/>
  </testcase> <!-- VerifyValidTerminal -->
  <testcase name="VerifyValidTerminal" time="0.001" classname="SitTest.US200001AndUS200002ValidateTrailerAndUS200041ValidateTerminal">
    <skipped/>
  </testcase> <!-- VerifyValidTerminal -->
  <testcase name="VerifyValidTerminal" time="0.0" classname="SitTest.US200001AndUS200002ValidateTrailerAndUS200041ValidateTerminal">
    <skipped/>
  </testcase> <!-- VerifyValidTerminal -->
  <testcase name="VerifyValidTerminal" time="0.0" classname="SitTest.US200001AndUS200002ValidateTrailerAndUS200041ValidateTerminal">
    <skipped/>
  </testcase> <!-- VerifyValidTerminal -->
  <testcase name="VerifyValidTerminal" time="0.0" classname="SitTest.US200001AndUS200002ValidateTrailerAndUS200041ValidateTerminal">
    <skipped/>
  </testcase> <!-- VerifyValidTerminal -->
  <testcase name="VerifyValidTerminal" time="0.0" classname="SitTest.US200001AndUS200002ValidateTrailerAndUS200041ValidateTerminal">
    <skipped/>
  </testcase> <!-- VerifyValidTerminal -->
  <testcase name="VerifyValidTerminal" time="0.0" classname="SitTest.US200001AndUS200002ValidateTrailerAndUS200041ValidateTerminal">
    <skipped/>
  </testcase> <!-- VerifyValidTerminal -->
  <testcase name="VerifyValidTerminal" time="0.0" classname="SitTest.US200001AndUS200002ValidateTrailerAndUS200041ValidateTerminal">
    <skipped/>
  </testcase> <!-- VerifyValidTerminal -->
  <testcase name="VerifyValidTerminal" time="0.0" classname="SitTest.US200001AndUS200002ValidateTrailerAndUS200041ValidateTerminal">
    <skipped/>
  </testcase> <!-- VerifyValidTerminal -->
  <testcase name="VerifyValidTerminal" time="0.001" classname="SitTest.US200001AndUS200002ValidateTrailerAndUS200041ValidateTerminal">
    <skipped/>
  </testcase> <!-- VerifyValidTerminal -->
  <testcase name="VerifyValidTerminal" time="0.001" classname="SitTest.US200001AndUS200002ValidateTrailerAndUS200041ValidateTerminal">
    <skipped/>
  </testcase> <!-- VerifyValidTerminal -->
  <testcase name="VerifyValidTerminal" time="0.0" classname="SitTest.US200001AndUS200002ValidateTrailerAndUS200041ValidateTerminal">
    <skipped/>
  </testcase> <!-- VerifyValidTerminal -->
  <testcase name="VerifyValidTerminal" time="0.0" classname="SitTest.US200001AndUS200002ValidateTrailerAndUS200041ValidateTerminal">
    <skipped/>
  </testcase> <!-- VerifyValidTerminal -->
  <testcase name="VerifyValidTerminal" time="0.001" classname="SitTest.US200001AndUS200002ValidateTrailerAndUS200041ValidateTerminal">
    <skipped/>
  </testcase> <!-- VerifyValidTerminal -->
  <testcase name="VerifyValidTerminal" time="0.0" classname="SitTest.US200001AndUS200002ValidateTrailerAndUS200041ValidateTerminal">
    <skipped/>
  </testcase> <!-- VerifyValidTerminal -->
  <testcase name="VerifyValidTerminal" time="0.0" classname="SitTest.US200001AndUS200002ValidateTrailerAndUS200041ValidateTerminal">
    <skipped/>
  </testcase> <!-- VerifyValidTerminal -->
  <testcase name="VerifyValidTerminal" time="0.0" classname="SitTest.US200001AndUS200002ValidateTrailerAndUS200041ValidateTerminal">
    <skipped/>
  </testcase> <!-- VerifyValidTerminal -->
  <testcase name="VerifyValidTerminal" time="0.0" classname="SitTest.US200001AndUS200002ValidateTrailerAndUS200041ValidateTerminal">
    <skipped/>
  </testcase> <!-- VerifyValidTerminal -->
  <testcase name="VerifyValidTerminal" time="0.0" classname="SitTest.US200001AndUS200002ValidateTrailerAndUS200041ValidateTerminal">
    <skipped/>
  </testcase> <!-- VerifyValidTerminal -->
  <testcase name="VerifyValidTerminal" time="0.001" classname="SitTest.US200001AndUS200002ValidateTrailerAndUS200041ValidateTerminal">
    <skipped/>
  </testcase> <!-- VerifyValidTerminal -->
  <testcase name="VerifyValidTerminal" time="0.001" classname="SitTest.US200001AndUS200002ValidateTrailerAndUS200041ValidateTerminal">
    <skipped/>
  </testcase> <!-- VerifyValidTerminal -->
  <testcase name="VerifyValidTerminal" time="0.0" classname="SitTest.US200001AndUS200002ValidateTrailerAndUS200041ValidateTerminal">
    <skipped/>
  </testcase> <!-- VerifyValidTerminal -->
  <testcase name="VerifyValidTerminal" time="0.001" classname="SitTest.US200001AndUS200002ValidateTrailerAndUS200041ValidateTerminal">
    <skipped/>
  </testcase> <!-- VerifyValidTerminal -->
  <testcase name="VerifyValidTerminal" time="0.0" classname="SitTest.US200001AndUS200002ValidateTrailerAndUS200041ValidateTerminal">
    <skipped/>
  </testcase> <!-- VerifyValidTerminal -->
  <testcase name="VerifyValidTerminal" time="0.0" classname="SitTest.US200001AndUS200002ValidateTrailerAndUS200041ValidateTerminal">
    <skipped/>
  </testcase> <!-- VerifyValidTerminal -->
  <testcase name="VerifyValidTerminal" time="0.0" classname="SitTest.US200001AndUS200002ValidateTrailerAndUS200041ValidateTerminal">
    <skipped/>
  </testcase> <!-- VerifyValidTerminal -->
  <testcase name="VerifyValidTerminal" time="0.001" classname="SitTest.US200001AndUS200002ValidateTrailerAndUS200041ValidateTerminal">
    <skipped/>
  </testcase> <!-- VerifyValidTerminal -->
  <testcase name="VerifyValidTerminal" time="0.0" classname="SitTest.US200001AndUS200002ValidateTrailerAndUS200041ValidateTerminal">
    <skipped/>
  </testcase> <!-- VerifyValidTerminal -->
  <testcase name="VerifyValidTerminal" time="0.001" classname="SitTest.US200001AndUS200002ValidateTrailerAndUS200041ValidateTerminal">
    <skipped/>
  </testcase> <!-- VerifyValidTerminal -->
  <testcase name="VerifyValidTerminal" time="0.001" classname="SitTest.US200001AndUS200002ValidateTrailerAndUS200041ValidateTerminal">
    <skipped/>
  </testcase> <!-- VerifyValidTerminal -->
  <testcase name="VerifyValidTerminal" time="0.001" classname="SitTest.US200001AndUS200002ValidateTrailerAndUS200041ValidateTerminal">
    <skipped/>
  </testcase> <!-- VerifyValidTerminal -->
  <testcase name="VerifyValidTerminal" time="0.001" classname="SitTest.US200001AndUS200002ValidateTrailerAndUS200041ValidateTerminal">
    <skipped/>
  </testcase> <!-- VerifyValidTerminal -->
  <testcase name="VerifyValidTerminal" time="0.0" classname="SitTest.US200001AndUS200002ValidateTrailerAndUS200041ValidateTerminal">
    <skipped/>
  </testcase> <!-- VerifyValidTerminal -->
  <testcase name="VerifyValidTerminal" time="0.001" classname="SitTest.US200001AndUS200002ValidateTrailerAndUS200041ValidateTerminal">
    <skipped/>
  </testcase> <!-- VerifyValidTerminal -->
  <testcase name="VerifyValidTerminal" time="0.001" classname="SitTest.US200001AndUS200002ValidateTrailerAndUS200041ValidateTerminal">
    <skipped/>
  </testcase> <!-- VerifyValidTerminal -->
  <testcase name="VerifyValidTerminal" time="0.0" classname="SitTest.US200001AndUS200002ValidateTrailerAndUS200041ValidateTerminal">
    <skipped/>
  </testcase> <!-- VerifyValidTerminal -->
  <testcase name="VerifyValidTerminal" time="0.0" classname="SitTest.US200001AndUS200002ValidateTrailerAndUS200041ValidateTerminal">
    <skipped/>
  </testcase> <!-- VerifyValidTerminal -->
  <testcase name="VerifyValidTerminal" time="0.0" classname="SitTest.US200001AndUS200002ValidateTrailerAndUS200041ValidateTerminal">
    <skipped/>
  </testcase> <!-- VerifyValidTerminal -->
  <testcase name="VerifyValidTerminal" time="0.002" classname="SitTest.US200001AndUS200002ValidateTrailerAndUS200041ValidateTerminal">
    <skipped/>
  </testcase> <!-- VerifyValidTerminal -->
  <testcase name="VerifyValidTerminal" time="0.001" classname="SitTest.US200001AndUS200002ValidateTrailerAndUS200041ValidateTerminal">
    <skipped/>
  </testcase> <!-- VerifyValidTerminal -->
  <testcase name="VerifyValidTerminal" time="0.0" classname="SitTest.US200001AndUS200002ValidateTrailerAndUS200041ValidateTerminal">
    <skipped/>
  </testcase> <!-- VerifyValidTerminal -->
  <testcase name="VerifyValidTerminal" time="0.0" classname="SitTest.US200001AndUS200002ValidateTrailerAndUS200041ValidateTerminal">
    <skipped/>
  </testcase> <!-- VerifyValidTerminal -->
  <testcase name="VerifyValidTerminal" time="0.0" classname="SitTest.US200001AndUS200002ValidateTrailerAndUS200041ValidateTerminal">
    <skipped/>
  </testcase> <!-- VerifyValidTerminal -->
  <testcase name="VerifyValidTerminal" time="0.001" classname="SitTest.US200001AndUS200002ValidateTrailerAndUS200041ValidateTerminal">
    <skipped/>
  </testcase> <!-- VerifyValidTerminal -->
  <testcase name="VerifyValidTerminal" time="0.001" classname="SitTest.US200001AndUS200002ValidateTrailerAndUS200041ValidateTerminal">
    <skipped/>
  </testcase> <!-- VerifyValidTerminal -->
  <testcase name="VerifyValidTerminal" time="0.001" classname="SitTest.US200001AndUS200002ValidateTrailerAndUS200041ValidateTerminal">
    <skipped/>
  </testcase> <!-- VerifyValidTerminal -->
  <testcase name="VerifyValidTerminal" time="0.0" classname="SitTest.US200001AndUS200002ValidateTrailerAndUS200041ValidateTerminal">
    <skipped/>
  </testcase> <!-- VerifyValidTerminal -->
  <testcase name="VerifyValidTerminal" time="0.002" classname="SitTest.US200001AndUS200002ValidateTrailerAndUS200041ValidateTerminal">
    <skipped/>
  </testcase> <!-- VerifyValidTerminal -->
  <testcase name="VerifyValidTerminal" time="0.0" classname="SitTest.US200001AndUS200002ValidateTrailerAndUS200041ValidateTerminal">
    <skipped/>
  </testcase> <!-- VerifyValidTerminal -->
  <testcase name="VerifyInvalidStatusTransition" time="7.723" classname="SitTest.US200057EvaluateStatusTransitions"/>
  <testcase name="VerifyInvalidStatusTransition" time="4.901" classname="SitTest.US200057EvaluateStatusTransitions"/>
  <testcase name="VerifyInvalidStatusTransition" time="7.945" classname="SitTest.US200057EvaluateStatusTransitions"/>
  <testcase name="VerifyInvalidStatusTransition" time="8.002" classname="SitTest.US200057EvaluateStatusTransitions"/>
  <testcase name="VerifyInvalidStatusTransition" time="8.121" classname="SitTest.US200057EvaluateStatusTransitions"/>
  <testcase name="VerifyInvalidStatusTransition" time="7.829" classname="SitTest.US200057EvaluateStatusTransitions"/>
  <testcase name="VerifyInvalidStatusTransition" time="7.638" classname="SitTest.US200057EvaluateStatusTransitions"/>
  <testcase name="VerifyInvalidStatusTransition" time="17.822" classname="SitTest.US200057EvaluateStatusTransitions">
    <failure type="org.openqa.selenium.TimeoutException" message="Timed out after 10 seconds waiting for text (&amp;apos;This trailer is currently in ARV status. Changing to LDD status is not allowed.&amp;apos;) to be present in element [[InternetExplorerDriver: internet explorer on WINDOWS (c73e55b7-cb04-48a0-b543-4bb1972e5652)] -&amp;gt; xpath: html/body/div[1]/div]
Build info: version: &amp;apos;2.48.2&amp;apos;, revision: &amp;apos;41bccdd&amp;apos;, time: &amp;apos;2015-10-09 19:59:12&amp;apos;
System info: host: &amp;apos;N700278&amp;apos;, ip: &amp;apos;10.51.235.212&amp;apos;, os.name: &amp;apos;Windows 7&amp;apos;, os.arch: &amp;apos;amd64&amp;apos;, os.version: &amp;apos;6.1&amp;apos;, java.version: &amp;apos;1.7.0_06&amp;apos;
Session ID: c73e55b7-cb04-48a0-b543-4bb1972e5652
Driver info: org.openqa.selenium.ie.InternetExplorerDriver
Capabilities [{platform=WINDOWS, javascriptEnabled=true, elementScrollBehavior=0, ignoreZoomSetting=false, enablePersistentHover=true, ie.ensureCleanSession=false, browserName=internet explorer, enableElementCacheCleanup=true, unexpectedAlertBehaviour=dismiss, version=11, pageLoadStrategy=normal, ie.usePerProcessProxy=false, cssSelectorsEnabled=true, ignoreProtectedModeSettings=false, requireWindowFocus=false, initialBrowserUrl=http://localhost:19421/, handlesAlerts=true, ie.forceCreateProcessApi=false, nativeEvents=true, browserAttachTimeout=0, ie.browserCommandLineSwitches=, takesScreenshot=true}]">
      <![CDATA[org.openqa.selenium.TimeoutException: Timed out after 10 seconds waiting for text ('This trailer is currently in ARV status. Changing to LDD status is not allowed.') to be present in element [[InternetExplorerDriver: internet explorer on WINDOWS (c73e55b7-cb04-48a0-b543-4bb1972e5652)] -> xpath: html/body/div[1]/div]
Build info: version: '2.48.2', revision: '41bccdd', time: '2015-10-09 19:59:12'
System info: host: 'N700278', ip: '10.51.235.212', os.name: 'Windows 7', os.arch: 'amd64', os.version: '6.1', java.version: '1.7.0_06'
Session ID: c73e55b7-cb04-48a0-b543-4bb1972e5652
Driver info: org.openqa.selenium.ie.InternetExplorerDriver
Capabilities [{platform=WINDOWS, javascriptEnabled=true, elementScrollBehavior=0, ignoreZoomSetting=false, enablePersistentHover=true, ie.ensureCleanSession=false, browserName=internet explorer, enableElementCacheCleanup=true, unexpectedAlertBehaviour=dismiss, version=11, pageLoadStrategy=normal, ie.usePerProcessProxy=false, cssSelectorsEnabled=true, ignoreProtectedModeSettings=false, requireWindowFocus=false, initialBrowserUrl=http://localhost:19421/, handlesAlerts=true, ie.forceCreateProcessApi=false, nativeEvents=true, browserAttachTimeout=0, ie.browserCommandLineSwitches=, takesScreenshot=true}]
	at org.openqa.selenium.support.ui.WebDriverWait.timeoutException(WebDriverWait.java:80)
	at org.openqa.selenium.support.ui.FluentWait.until(FluentWait.java:261)
	at SitTest.US200057EvaluateStatusTransitions.VerifyInvalidStatusTransition(US200057EvaluateStatusTransitions.java:65)
	at java.util.concurrent.FutureTask$Sync.innerRun(Unknown Source)
	at java.util.concurrent.FutureTask.run(Unknown Source)
	at java.util.concurrent.ThreadPoolExecutor.runWorker(Unknown Source)
	at java.util.concurrent.ThreadPoolExecutor$Worker.run(Unknown Source)
	at java.lang.Thread.run(Unknown Source)
... Removed 16 stack frames]]>
    </failure>
  </testcase> <!-- VerifyInvalidStatusTransition -->
  <testcase name="VerifyInvalidStatusTransition" time="7.725" classname="SitTest.US200057EvaluateStatusTransitions"/>
  <testcase name="VerifyInvalidStatusTransition" time="7.818" classname="SitTest.US200057EvaluateStatusTransitions"/>
  <testcase name="VerifyValidStatusLocation" time="0.014" classname="SitTest.US200058ValidateTrailerAtStatusingLocation">
    <failure type="org.openqa.selenium.NoSuchWindowException" message="Unable to find element on closed window (WARNING: The server did not provide any stacktrace information)
Command duration or timeout: 13 milliseconds
Build info: version: &amp;apos;2.48.2&amp;apos;, revision: &amp;apos;41bccdd&amp;apos;, time: &amp;apos;2015-10-09 19:59:12&amp;apos;
System info: host: &amp;apos;N700278&amp;apos;, ip: &amp;apos;10.51.235.212&amp;apos;, os.name: &amp;apos;Windows 7&amp;apos;, os.arch: &amp;apos;amd64&amp;apos;, os.version: &amp;apos;6.1&amp;apos;, java.version: &amp;apos;1.7.0_06&amp;apos;
*** Element info: {Using=css selector, value=input[name^=&amp;apos;trailerVM.trailer.locationCode_&amp;apos;]}
Session ID: c02ab5bd-142d-4012-b3a5-5d47e3215037
Driver info: org.openqa.selenium.ie.InternetExplorerDriver
Capabilities [{platform=WINDOWS, javascriptEnabled=true, elementScrollBehavior=0, ignoreZoomSetting=false, enablePersistentHover=true, ie.ensureCleanSession=false, browserName=internet explorer, enableElementCacheCleanup=true, unexpectedAlertBehaviour=dismiss, version=11, pageLoadStrategy=normal, ie.usePerProcessProxy=false, cssSelectorsEnabled=true, ignoreProtectedModeSettings=false, requireWindowFocus=false, initialBrowserUrl=http://localhost:3036/, handlesAlerts=true, ie.forceCreateProcessApi=false, nativeEvents=true, browserAttachTimeout=0, ie.browserCommandLineSwitches=, takesScreenshot=true}]">
      <![CDATA[org.openqa.selenium.NoSuchWindowException: Unable to find element on closed window (WARNING: The server did not provide any stacktrace information)
Command duration or timeout: 13 milliseconds
Build info: version: '2.48.2', revision: '41bccdd', time: '2015-10-09 19:59:12'
System info: host: 'N700278', ip: '10.51.235.212', os.name: 'Windows 7', os.arch: 'amd64', os.version: '6.1', java.version: '1.7.0_06'
*** Element info: {Using=css selector, value=input[name^='trailerVM.trailer.locationCode_']}
Session ID: c02ab5bd-142d-4012-b3a5-5d47e3215037
Driver info: org.openqa.selenium.ie.InternetExplorerDriver
Capabilities [{platform=WINDOWS, javascriptEnabled=true, elementScrollBehavior=0, ignoreZoomSetting=false, enablePersistentHover=true, ie.ensureCleanSession=false, browserName=internet explorer, enableElementCacheCleanup=true, unexpectedAlertBehaviour=dismiss, version=11, pageLoadStrategy=normal, ie.usePerProcessProxy=false, cssSelectorsEnabled=true, ignoreProtectedModeSettings=false, requireWindowFocus=false, initialBrowserUrl=http://localhost:3036/, handlesAlerts=true, ie.forceCreateProcessApi=false, nativeEvents=true, browserAttachTimeout=0, ie.browserCommandLineSwitches=, takesScreenshot=true}]
	at org.openqa.selenium.remote.ErrorHandler.createThrowable(ErrorHandler.java:206)
	at org.openqa.selenium.remote.ErrorHandler.throwIfResponseFailed(ErrorHandler.java:158)
	at org.openqa.selenium.remote.RemoteWebDriver.execute(RemoteWebDriver.java:647)
	at org.openqa.selenium.remote.RemoteWebDriver.findElement(RemoteWebDriver.java:353)
	at org.openqa.selenium.remote.RemoteWebDriver.findElementByCssSelector(RemoteWebDriver.java:482)
	at org.openqa.selenium.By$ByCssSelector.findElement(By.java:430)
	at org.openqa.selenium.remote.RemoteWebDriver.findElement(RemoteWebDriver.java:345)
	at org.openqa.selenium.support.pagefactory.DefaultElementLocator.findElement(DefaultElementLocator.java:69)
	at org.openqa.selenium.support.pagefactory.internal.LocatingElementHandler.invoke(LocatingElementHandler.java:38)
	at $Proxy10.click(Unknown Source)
	at Page.EqpStatusPageS.SetLocation(EqpStatusPageS.java:438)
	at SitTest.US200058ValidateTrailerAtStatusingLocation.VerifyValidStatusLocation(US200058ValidateTrailerAtStatusingLocation.java:74)
	at java.util.concurrent.FutureTask$Sync.innerRun(Unknown Source)
	at java.util.concurrent.FutureTask.run(Unknown Source)
	at java.util.concurrent.ThreadPoolExecutor.runWorker(Unknown Source)
	at java.util.concurrent.ThreadPoolExecutor$Worker.run(Unknown Source)
	at java.lang.Thread.run(Unknown Source)
... Removed 19 stack frames]]>
    </failure>
  </testcase> <!-- VerifyValidStatusLocation -->
  <testcase name="VerifyValidStatusLocation" time="0.005" classname="SitTest.US200058ValidateTrailerAtStatusingLocation">
    <failure type="org.openqa.selenium.NoSuchWindowException" message="Unable to find element on closed window (WARNING: The server did not provide any stacktrace information)
Command duration or timeout: 5 milliseconds
Build info: version: &amp;apos;2.48.2&amp;apos;, revision: &amp;apos;41bccdd&amp;apos;, time: &amp;apos;2015-10-09 19:59:12&amp;apos;
System info: host: &amp;apos;N700278&amp;apos;, ip: &amp;apos;10.51.235.212&amp;apos;, os.name: &amp;apos;Windows 7&amp;apos;, os.arch: &amp;apos;amd64&amp;apos;, os.version: &amp;apos;6.1&amp;apos;, java.version: &amp;apos;1.7.0_06&amp;apos;
*** Element info: {Using=css selector, value=input[name^=&amp;apos;trailerVM.trailer.locationCode_&amp;apos;]}
Session ID: c02ab5bd-142d-4012-b3a5-5d47e3215037
Driver info: org.openqa.selenium.ie.InternetExplorerDriver
Capabilities [{platform=WINDOWS, javascriptEnabled=true, elementScrollBehavior=0, ignoreZoomSetting=false, enablePersistentHover=true, ie.ensureCleanSession=false, browserName=internet explorer, enableElementCacheCleanup=true, unexpectedAlertBehaviour=dismiss, version=11, pageLoadStrategy=normal, ie.usePerProcessProxy=false, cssSelectorsEnabled=true, ignoreProtectedModeSettings=false, requireWindowFocus=false, initialBrowserUrl=http://localhost:3036/, handlesAlerts=true, ie.forceCreateProcessApi=false, nativeEvents=true, browserAttachTimeout=0, ie.browserCommandLineSwitches=, takesScreenshot=true}]">
      <![CDATA[org.openqa.selenium.NoSuchWindowException: Unable to find element on closed window (WARNING: The server did not provide any stacktrace information)
Command duration or timeout: 5 milliseconds
Build info: version: '2.48.2', revision: '41bccdd', time: '2015-10-09 19:59:12'
System info: host: 'N700278', ip: '10.51.235.212', os.name: 'Windows 7', os.arch: 'amd64', os.version: '6.1', java.version: '1.7.0_06'
*** Element info: {Using=css selector, value=input[name^='trailerVM.trailer.locationCode_']}
Session ID: c02ab5bd-142d-4012-b3a5-5d47e3215037
Driver info: org.openqa.selenium.ie.InternetExplorerDriver
Capabilities [{platform=WINDOWS, javascriptEnabled=true, elementScrollBehavior=0, ignoreZoomSetting=false, enablePersistentHover=true, ie.ensureCleanSession=false, browserName=internet explorer, enableElementCacheCleanup=true, unexpectedAlertBehaviour=dismiss, version=11, pageLoadStrategy=normal, ie.usePerProcessProxy=false, cssSelectorsEnabled=true, ignoreProtectedModeSettings=false, requireWindowFocus=false, initialBrowserUrl=http://localhost:3036/, handlesAlerts=true, ie.forceCreateProcessApi=false, nativeEvents=true, browserAttachTimeout=0, ie.browserCommandLineSwitches=, takesScreenshot=true}]
	at org.openqa.selenium.remote.ErrorHandler.createThrowable(ErrorHandler.java:206)
	at org.openqa.selenium.remote.ErrorHandler.throwIfResponseFailed(ErrorHandler.java:158)
	at org.openqa.selenium.remote.RemoteWebDriver.execute(RemoteWebDriver.java:647)
	at org.openqa.selenium.remote.RemoteWebDriver.findElement(RemoteWebDriver.java:353)
	at org.openqa.selenium.remote.RemoteWebDriver.findElementByCssSelector(RemoteWebDriver.java:482)
	at org.openqa.selenium.By$ByCssSelector.findElement(By.java:430)
	at org.openqa.selenium.remote.RemoteWebDriver.findElement(RemoteWebDriver.java:345)
	at org.openqa.selenium.support.pagefactory.DefaultElementLocator.findElement(DefaultElementLocator.java:69)
	at org.openqa.selenium.support.pagefactory.internal.LocatingElementHandler.invoke(LocatingElementHandler.java:38)
	at $Proxy10.click(Unknown Source)
	at Page.EqpStatusPageS.SetLocation(EqpStatusPageS.java:438)
	at SitTest.US200058ValidateTrailerAtStatusingLocation.VerifyValidStatusLocation(US200058ValidateTrailerAtStatusingLocation.java:74)
	at java.util.concurrent.FutureTask$Sync.innerRun(Unknown Source)
	at java.util.concurrent.FutureTask.run(Unknown Source)
	at java.util.concurrent.ThreadPoolExecutor.runWorker(Unknown Source)
	at java.util.concurrent.ThreadPoolExecutor$Worker.run(Unknown Source)
	at java.lang.Thread.run(Unknown Source)
... Removed 19 stack frames]]>
    </failure>
  </testcase> <!-- VerifyValidStatusLocation -->
  <testcase name="VerifyValidStatusLocation" time="0.013" classname="SitTest.US200058ValidateTrailerAtStatusingLocation">
    <failure type="org.openqa.selenium.NoSuchWindowException" message="Unable to find element on closed window (WARNING: The server did not provide any stacktrace information)
Command duration or timeout: 12 milliseconds
Build info: version: &amp;apos;2.48.2&amp;apos;, revision: &amp;apos;41bccdd&amp;apos;, time: &amp;apos;2015-10-09 19:59:12&amp;apos;
System info: host: &amp;apos;N700278&amp;apos;, ip: &amp;apos;10.51.235.212&amp;apos;, os.name: &amp;apos;Windows 7&amp;apos;, os.arch: &amp;apos;amd64&amp;apos;, os.version: &amp;apos;6.1&amp;apos;, java.version: &amp;apos;1.7.0_06&amp;apos;
*** Element info: {Using=css selector, value=input[name^=&amp;apos;trailerVM.trailer.locationCode_&amp;apos;]}
Session ID: c02ab5bd-142d-4012-b3a5-5d47e3215037
Driver info: org.openqa.selenium.ie.InternetExplorerDriver
Capabilities [{platform=WINDOWS, javascriptEnabled=true, elementScrollBehavior=0, ignoreZoomSetting=false, enablePersistentHover=true, ie.ensureCleanSession=false, browserName=internet explorer, enableElementCacheCleanup=true, unexpectedAlertBehaviour=dismiss, version=11, pageLoadStrategy=normal, ie.usePerProcessProxy=false, cssSelectorsEnabled=true, ignoreProtectedModeSettings=false, requireWindowFocus=false, initialBrowserUrl=http://localhost:3036/, handlesAlerts=true, ie.forceCreateProcessApi=false, nativeEvents=true, browserAttachTimeout=0, ie.browserCommandLineSwitches=, takesScreenshot=true}]">
      <![CDATA[org.openqa.selenium.NoSuchWindowException: Unable to find element on closed window (WARNING: The server did not provide any stacktrace information)
Command duration or timeout: 12 milliseconds
Build info: version: '2.48.2', revision: '41bccdd', time: '2015-10-09 19:59:12'
System info: host: 'N700278', ip: '10.51.235.212', os.name: 'Windows 7', os.arch: 'amd64', os.version: '6.1', java.version: '1.7.0_06'
*** Element info: {Using=css selector, value=input[name^='trailerVM.trailer.locationCode_']}
Session ID: c02ab5bd-142d-4012-b3a5-5d47e3215037
Driver info: org.openqa.selenium.ie.InternetExplorerDriver
Capabilities [{platform=WINDOWS, javascriptEnabled=true, elementScrollBehavior=0, ignoreZoomSetting=false, enablePersistentHover=true, ie.ensureCleanSession=false, browserName=internet explorer, enableElementCacheCleanup=true, unexpectedAlertBehaviour=dismiss, version=11, pageLoadStrategy=normal, ie.usePerProcessProxy=false, cssSelectorsEnabled=true, ignoreProtectedModeSettings=false, requireWindowFocus=false, initialBrowserUrl=http://localhost:3036/, handlesAlerts=true, ie.forceCreateProcessApi=false, nativeEvents=true, browserAttachTimeout=0, ie.browserCommandLineSwitches=, takesScreenshot=true}]
	at org.openqa.selenium.remote.ErrorHandler.createThrowable(ErrorHandler.java:206)
	at org.openqa.selenium.remote.ErrorHandler.throwIfResponseFailed(ErrorHandler.java:158)
	at org.openqa.selenium.remote.RemoteWebDriver.execute(RemoteWebDriver.java:647)
	at org.openqa.selenium.remote.RemoteWebDriver.findElement(RemoteWebDriver.java:353)
	at org.openqa.selenium.remote.RemoteWebDriver.findElementByCssSelector(RemoteWebDriver.java:482)
	at org.openqa.selenium.By$ByCssSelector.findElement(By.java:430)
	at org.openqa.selenium.remote.RemoteWebDriver.findElement(RemoteWebDriver.java:345)
	at org.openqa.selenium.support.pagefactory.DefaultElementLocator.findElement(DefaultElementLocator.java:69)
	at org.openqa.selenium.support.pagefactory.internal.LocatingElementHandler.invoke(LocatingElementHandler.java:38)
	at $Proxy10.click(Unknown Source)
	at Page.EqpStatusPageS.SetLocation(EqpStatusPageS.java:438)
	at SitTest.US200058ValidateTrailerAtStatusingLocation.VerifyValidStatusLocation(US200058ValidateTrailerAtStatusingLocation.java:74)
	at java.util.concurrent.FutureTask$Sync.innerRun(Unknown Source)
	at java.util.concurrent.FutureTask.run(Unknown Source)
	at java.util.concurrent.ThreadPoolExecutor.runWorker(Unknown Source)
	at java.util.concurrent.ThreadPoolExecutor$Worker.run(Unknown Source)
	at java.lang.Thread.run(Unknown Source)
... Removed 19 stack frames]]>
    </failure>
  </testcase> <!-- VerifyValidStatusLocation -->
  <testcase name="VerifyValidStatusLocation" time="0.014" classname="SitTest.US200058ValidateTrailerAtStatusingLocation">
    <failure type="org.openqa.selenium.NoSuchWindowException" message="Unable to find element on closed window (WARNING: The server did not provide any stacktrace information)
Command duration or timeout: 13 milliseconds
Build info: version: &amp;apos;2.48.2&amp;apos;, revision: &amp;apos;41bccdd&amp;apos;, time: &amp;apos;2015-10-09 19:59:12&amp;apos;
System info: host: &amp;apos;N700278&amp;apos;, ip: &amp;apos;10.51.235.212&amp;apos;, os.name: &amp;apos;Windows 7&amp;apos;, os.arch: &amp;apos;amd64&amp;apos;, os.version: &amp;apos;6.1&amp;apos;, java.version: &amp;apos;1.7.0_06&amp;apos;
*** Element info: {Using=css selector, value=input[name^=&amp;apos;trailerVM.trailer.locationCode_&amp;apos;]}
Session ID: c02ab5bd-142d-4012-b3a5-5d47e3215037
Driver info: org.openqa.selenium.ie.InternetExplorerDriver
Capabilities [{platform=WINDOWS, javascriptEnabled=true, elementScrollBehavior=0, ignoreZoomSetting=false, enablePersistentHover=true, ie.ensureCleanSession=false, browserName=internet explorer, enableElementCacheCleanup=true, unexpectedAlertBehaviour=dismiss, version=11, pageLoadStrategy=normal, ie.usePerProcessProxy=false, cssSelectorsEnabled=true, ignoreProtectedModeSettings=false, requireWindowFocus=false, initialBrowserUrl=http://localhost:3036/, handlesAlerts=true, ie.forceCreateProcessApi=false, nativeEvents=true, browserAttachTimeout=0, ie.browserCommandLineSwitches=, takesScreenshot=true}]">
      <![CDATA[org.openqa.selenium.NoSuchWindowException: Unable to find element on closed window (WARNING: The server did not provide any stacktrace information)
Command duration or timeout: 13 milliseconds
Build info: version: '2.48.2', revision: '41bccdd', time: '2015-10-09 19:59:12'
System info: host: 'N700278', ip: '10.51.235.212', os.name: 'Windows 7', os.arch: 'amd64', os.version: '6.1', java.version: '1.7.0_06'
*** Element info: {Using=css selector, value=input[name^='trailerVM.trailer.locationCode_']}
Session ID: c02ab5bd-142d-4012-b3a5-5d47e3215037
Driver info: org.openqa.selenium.ie.InternetExplorerDriver
Capabilities [{platform=WINDOWS, javascriptEnabled=true, elementScrollBehavior=0, ignoreZoomSetting=false, enablePersistentHover=true, ie.ensureCleanSession=false, browserName=internet explorer, enableElementCacheCleanup=true, unexpectedAlertBehaviour=dismiss, version=11, pageLoadStrategy=normal, ie.usePerProcessProxy=false, cssSelectorsEnabled=true, ignoreProtectedModeSettings=false, requireWindowFocus=false, initialBrowserUrl=http://localhost:3036/, handlesAlerts=true, ie.forceCreateProcessApi=false, nativeEvents=true, browserAttachTimeout=0, ie.browserCommandLineSwitches=, takesScreenshot=true}]
	at org.openqa.selenium.remote.ErrorHandler.createThrowable(ErrorHandler.java:206)
	at org.openqa.selenium.remote.ErrorHandler.throwIfResponseFailed(ErrorHandler.java:158)
	at org.openqa.selenium.remote.RemoteWebDriver.execute(RemoteWebDriver.java:647)
	at org.openqa.selenium.remote.RemoteWebDriver.findElement(RemoteWebDriver.java:353)
	at org.openqa.selenium.remote.RemoteWebDriver.findElementByCssSelector(RemoteWebDriver.java:482)
	at org.openqa.selenium.By$ByCssSelector.findElement(By.java:430)
	at org.openqa.selenium.remote.RemoteWebDriver.findElement(RemoteWebDriver.java:345)
	at org.openqa.selenium.support.pagefactory.DefaultElementLocator.findElement(DefaultElementLocator.java:69)
	at org.openqa.selenium.support.pagefactory.internal.LocatingElementHandler.invoke(LocatingElementHandler.java:38)
	at $Proxy10.click(Unknown Source)
	at Page.EqpStatusPageS.SetLocation(EqpStatusPageS.java:438)
	at SitTest.US200058ValidateTrailerAtStatusingLocation.VerifyValidStatusLocation(US200058ValidateTrailerAtStatusingLocation.java:74)
	at java.util.concurrent.FutureTask$Sync.innerRun(Unknown Source)
	at java.util.concurrent.FutureTask.run(Unknown Source)
	at java.util.concurrent.ThreadPoolExecutor.runWorker(Unknown Source)
	at java.util.concurrent.ThreadPoolExecutor$Worker.run(Unknown Source)
	at java.lang.Thread.run(Unknown Source)
... Removed 19 stack frames]]>
    </failure>
  </testcase> <!-- VerifyValidStatusLocation -->
  <testcase name="VerifyValidStatusLocation" time="0.014" classname="SitTest.US200058ValidateTrailerAtStatusingLocation">
    <failure type="org.openqa.selenium.NoSuchWindowException" message="Unable to find element on closed window (WARNING: The server did not provide any stacktrace information)
Command duration or timeout: 13 milliseconds
Build info: version: &amp;apos;2.48.2&amp;apos;, revision: &amp;apos;41bccdd&amp;apos;, time: &amp;apos;2015-10-09 19:59:12&amp;apos;
System info: host: &amp;apos;N700278&amp;apos;, ip: &amp;apos;10.51.235.212&amp;apos;, os.name: &amp;apos;Windows 7&amp;apos;, os.arch: &amp;apos;amd64&amp;apos;, os.version: &amp;apos;6.1&amp;apos;, java.version: &amp;apos;1.7.0_06&amp;apos;
*** Element info: {Using=css selector, value=input[name^=&amp;apos;trailerVM.trailer.locationCode_&amp;apos;]}
Session ID: c02ab5bd-142d-4012-b3a5-5d47e3215037
Driver info: org.openqa.selenium.ie.InternetExplorerDriver
Capabilities [{platform=WINDOWS, javascriptEnabled=true, elementScrollBehavior=0, ignoreZoomSetting=false, enablePersistentHover=true, ie.ensureCleanSession=false, browserName=internet explorer, enableElementCacheCleanup=true, unexpectedAlertBehaviour=dismiss, version=11, pageLoadStrategy=normal, ie.usePerProcessProxy=false, cssSelectorsEnabled=true, ignoreProtectedModeSettings=false, requireWindowFocus=false, initialBrowserUrl=http://localhost:3036/, handlesAlerts=true, ie.forceCreateProcessApi=false, nativeEvents=true, browserAttachTimeout=0, ie.browserCommandLineSwitches=, takesScreenshot=true}]">
      <![CDATA[org.openqa.selenium.NoSuchWindowException: Unable to find element on closed window (WARNING: The server did not provide any stacktrace information)
Command duration or timeout: 13 milliseconds
Build info: version: '2.48.2', revision: '41bccdd', time: '2015-10-09 19:59:12'
System info: host: 'N700278', ip: '10.51.235.212', os.name: 'Windows 7', os.arch: 'amd64', os.version: '6.1', java.version: '1.7.0_06'
*** Element info: {Using=css selector, value=input[name^='trailerVM.trailer.locationCode_']}
Session ID: c02ab5bd-142d-4012-b3a5-5d47e3215037
Driver info: org.openqa.selenium.ie.InternetExplorerDriver
Capabilities [{platform=WINDOWS, javascriptEnabled=true, elementScrollBehavior=0, ignoreZoomSetting=false, enablePersistentHover=true, ie.ensureCleanSession=false, browserName=internet explorer, enableElementCacheCleanup=true, unexpectedAlertBehaviour=dismiss, version=11, pageLoadStrategy=normal, ie.usePerProcessProxy=false, cssSelectorsEnabled=true, ignoreProtectedModeSettings=false, requireWindowFocus=false, initialBrowserUrl=http://localhost:3036/, handlesAlerts=true, ie.forceCreateProcessApi=false, nativeEvents=true, browserAttachTimeout=0, ie.browserCommandLineSwitches=, takesScreenshot=true}]
	at org.openqa.selenium.remote.ErrorHandler.createThrowable(ErrorHandler.java:206)
	at org.openqa.selenium.remote.ErrorHandler.throwIfResponseFailed(ErrorHandler.java:158)
	at org.openqa.selenium.remote.RemoteWebDriver.execute(RemoteWebDriver.java:647)
	at org.openqa.selenium.remote.RemoteWebDriver.findElement(RemoteWebDriver.java:353)
	at org.openqa.selenium.remote.RemoteWebDriver.findElementByCssSelector(RemoteWebDriver.java:482)
	at org.openqa.selenium.By$ByCssSelector.findElement(By.java:430)
	at org.openqa.selenium.remote.RemoteWebDriver.findElement(RemoteWebDriver.java:345)
	at org.openqa.selenium.support.pagefactory.DefaultElementLocator.findElement(DefaultElementLocator.java:69)
	at org.openqa.selenium.support.pagefactory.internal.LocatingElementHandler.invoke(LocatingElementHandler.java:38)
	at $Proxy10.click(Unknown Source)
	at Page.EqpStatusPageS.SetLocation(EqpStatusPageS.java:438)
	at SitTest.US200058ValidateTrailerAtStatusingLocation.VerifyValidStatusLocation(US200058ValidateTrailerAtStatusingLocation.java:74)
	at java.util.concurrent.FutureTask$Sync.innerRun(Unknown Source)
	at java.util.concurrent.FutureTask.run(Unknown Source)
	at java.util.concurrent.ThreadPoolExecutor.runWorker(Unknown Source)
	at java.util.concurrent.ThreadPoolExecutor$Worker.run(Unknown Source)
	at java.lang.Thread.run(Unknown Source)
... Removed 19 stack frames]]>
    </failure>
  </testcase> <!-- VerifyValidStatusLocation -->
  <testcase name="VerifyValidStatusLocation" time="0.004" classname="SitTest.US200058ValidateTrailerAtStatusingLocation">
    <failure type="org.openqa.selenium.NoSuchWindowException" message="Unable to find element on closed window (WARNING: The server did not provide any stacktrace information)
Command duration or timeout: 3 milliseconds
Build info: version: &amp;apos;2.48.2&amp;apos;, revision: &amp;apos;41bccdd&amp;apos;, time: &amp;apos;2015-10-09 19:59:12&amp;apos;
System info: host: &amp;apos;N700278&amp;apos;, ip: &amp;apos;10.51.235.212&amp;apos;, os.name: &amp;apos;Windows 7&amp;apos;, os.arch: &amp;apos;amd64&amp;apos;, os.version: &amp;apos;6.1&amp;apos;, java.version: &amp;apos;1.7.0_06&amp;apos;
*** Element info: {Using=css selector, value=input[name^=&amp;apos;trailerVM.trailer.locationCode_&amp;apos;]}
Session ID: c02ab5bd-142d-4012-b3a5-5d47e3215037
Driver info: org.openqa.selenium.ie.InternetExplorerDriver
Capabilities [{platform=WINDOWS, javascriptEnabled=true, elementScrollBehavior=0, ignoreZoomSetting=false, enablePersistentHover=true, ie.ensureCleanSession=false, browserName=internet explorer, enableElementCacheCleanup=true, unexpectedAlertBehaviour=dismiss, version=11, pageLoadStrategy=normal, ie.usePerProcessProxy=false, cssSelectorsEnabled=true, ignoreProtectedModeSettings=false, requireWindowFocus=false, initialBrowserUrl=http://localhost:3036/, handlesAlerts=true, ie.forceCreateProcessApi=false, nativeEvents=true, browserAttachTimeout=0, ie.browserCommandLineSwitches=, takesScreenshot=true}]">
      <![CDATA[org.openqa.selenium.NoSuchWindowException: Unable to find element on closed window (WARNING: The server did not provide any stacktrace information)
Command duration or timeout: 3 milliseconds
Build info: version: '2.48.2', revision: '41bccdd', time: '2015-10-09 19:59:12'
System info: host: 'N700278', ip: '10.51.235.212', os.name: 'Windows 7', os.arch: 'amd64', os.version: '6.1', java.version: '1.7.0_06'
*** Element info: {Using=css selector, value=input[name^='trailerVM.trailer.locationCode_']}
Session ID: c02ab5bd-142d-4012-b3a5-5d47e3215037
Driver info: org.openqa.selenium.ie.InternetExplorerDriver
Capabilities [{platform=WINDOWS, javascriptEnabled=true, elementScrollBehavior=0, ignoreZoomSetting=false, enablePersistentHover=true, ie.ensureCleanSession=false, browserName=internet explorer, enableElementCacheCleanup=true, unexpectedAlertBehaviour=dismiss, version=11, pageLoadStrategy=normal, ie.usePerProcessProxy=false, cssSelectorsEnabled=true, ignoreProtectedModeSettings=false, requireWindowFocus=false, initialBrowserUrl=http://localhost:3036/, handlesAlerts=true, ie.forceCreateProcessApi=false, nativeEvents=true, browserAttachTimeout=0, ie.browserCommandLineSwitches=, takesScreenshot=true}]
	at org.openqa.selenium.remote.ErrorHandler.createThrowable(ErrorHandler.java:206)
	at org.openqa.selenium.remote.ErrorHandler.throwIfResponseFailed(ErrorHandler.java:158)
	at org.openqa.selenium.remote.RemoteWebDriver.execute(RemoteWebDriver.java:647)
	at org.openqa.selenium.remote.RemoteWebDriver.findElement(RemoteWebDriver.java:353)
	at org.openqa.selenium.remote.RemoteWebDriver.findElementByCssSelector(RemoteWebDriver.java:482)
	at org.openqa.selenium.By$ByCssSelector.findElement(By.java:430)
	at org.openqa.selenium.remote.RemoteWebDriver.findElement(RemoteWebDriver.java:345)
	at org.openqa.selenium.support.pagefactory.DefaultElementLocator.findElement(DefaultElementLocator.java:69)
	at org.openqa.selenium.support.pagefactory.internal.LocatingElementHandler.invoke(LocatingElementHandler.java:38)
	at $Proxy10.click(Unknown Source)
	at Page.EqpStatusPageS.SetLocation(EqpStatusPageS.java:438)
	at SitTest.US200058ValidateTrailerAtStatusingLocation.VerifyValidStatusLocation(US200058ValidateTrailerAtStatusingLocation.java:74)
	at java.util.concurrent.FutureTask$Sync.innerRun(Unknown Source)
	at java.util.concurrent.FutureTask.run(Unknown Source)
	at java.util.concurrent.ThreadPoolExecutor.runWorker(Unknown Source)
	at java.util.concurrent.ThreadPoolExecutor$Worker.run(Unknown Source)
	at java.lang.Thread.run(Unknown Source)
... Removed 19 stack frames]]>
    </failure>
  </testcase> <!-- VerifyValidStatusLocation -->
  <testcase name="VerifyValidStatusLocation" time="0.013" classname="SitTest.US200058ValidateTrailerAtStatusingLocation">
    <failure type="org.openqa.selenium.NoSuchWindowException" message="Unable to find element on closed window (WARNING: The server did not provide any stacktrace information)
Command duration or timeout: 13 milliseconds
Build info: version: &amp;apos;2.48.2&amp;apos;, revision: &amp;apos;41bccdd&amp;apos;, time: &amp;apos;2015-10-09 19:59:12&amp;apos;
System info: host: &amp;apos;N700278&amp;apos;, ip: &amp;apos;10.51.235.212&amp;apos;, os.name: &amp;apos;Windows 7&amp;apos;, os.arch: &amp;apos;amd64&amp;apos;, os.version: &amp;apos;6.1&amp;apos;, java.version: &amp;apos;1.7.0_06&amp;apos;
*** Element info: {Using=css selector, value=input[name^=&amp;apos;trailerVM.trailer.locationCode_&amp;apos;]}
Session ID: c02ab5bd-142d-4012-b3a5-5d47e3215037
Driver info: org.openqa.selenium.ie.InternetExplorerDriver
Capabilities [{platform=WINDOWS, javascriptEnabled=true, elementScrollBehavior=0, ignoreZoomSetting=false, enablePersistentHover=true, ie.ensureCleanSession=false, browserName=internet explorer, enableElementCacheCleanup=true, unexpectedAlertBehaviour=dismiss, version=11, pageLoadStrategy=normal, ie.usePerProcessProxy=false, cssSelectorsEnabled=true, ignoreProtectedModeSettings=false, requireWindowFocus=false, initialBrowserUrl=http://localhost:3036/, handlesAlerts=true, ie.forceCreateProcessApi=false, nativeEvents=true, browserAttachTimeout=0, ie.browserCommandLineSwitches=, takesScreenshot=true}]">
      <![CDATA[org.openqa.selenium.NoSuchWindowException: Unable to find element on closed window (WARNING: The server did not provide any stacktrace information)
Command duration or timeout: 13 milliseconds
Build info: version: '2.48.2', revision: '41bccdd', time: '2015-10-09 19:59:12'
System info: host: 'N700278', ip: '10.51.235.212', os.name: 'Windows 7', os.arch: 'amd64', os.version: '6.1', java.version: '1.7.0_06'
*** Element info: {Using=css selector, value=input[name^='trailerVM.trailer.locationCode_']}
Session ID: c02ab5bd-142d-4012-b3a5-5d47e3215037
Driver info: org.openqa.selenium.ie.InternetExplorerDriver
Capabilities [{platform=WINDOWS, javascriptEnabled=true, elementScrollBehavior=0, ignoreZoomSetting=false, enablePersistentHover=true, ie.ensureCleanSession=false, browserName=internet explorer, enableElementCacheCleanup=true, unexpectedAlertBehaviour=dismiss, version=11, pageLoadStrategy=normal, ie.usePerProcessProxy=false, cssSelectorsEnabled=true, ignoreProtectedModeSettings=false, requireWindowFocus=false, initialBrowserUrl=http://localhost:3036/, handlesAlerts=true, ie.forceCreateProcessApi=false, nativeEvents=true, browserAttachTimeout=0, ie.browserCommandLineSwitches=, takesScreenshot=true}]
	at org.openqa.selenium.remote.ErrorHandler.createThrowable(ErrorHandler.java:206)
	at org.openqa.selenium.remote.ErrorHandler.throwIfResponseFailed(ErrorHandler.java:158)
	at org.openqa.selenium.remote.RemoteWebDriver.execute(RemoteWebDriver.java:647)
	at org.openqa.selenium.remote.RemoteWebDriver.findElement(RemoteWebDriver.java:353)
	at org.openqa.selenium.remote.RemoteWebDriver.findElementByCssSelector(RemoteWebDriver.java:482)
	at org.openqa.selenium.By$ByCssSelector.findElement(By.java:430)
	at org.openqa.selenium.remote.RemoteWebDriver.findElement(RemoteWebDriver.java:345)
	at org.openqa.selenium.support.pagefactory.DefaultElementLocator.findElement(DefaultElementLocator.java:69)
	at org.openqa.selenium.support.pagefactory.internal.LocatingElementHandler.invoke(LocatingElementHandler.java:38)
	at $Proxy10.click(Unknown Source)
	at Page.EqpStatusPageS.SetLocation(EqpStatusPageS.java:438)
	at SitTest.US200058ValidateTrailerAtStatusingLocation.VerifyValidStatusLocation(US200058ValidateTrailerAtStatusingLocation.java:74)
	at java.util.concurrent.FutureTask$Sync.innerRun(Unknown Source)
	at java.util.concurrent.FutureTask.run(Unknown Source)
	at java.util.concurrent.ThreadPoolExecutor.runWorker(Unknown Source)
	at java.util.concurrent.ThreadPoolExecutor$Worker.run(Unknown Source)
	at java.lang.Thread.run(Unknown Source)
... Removed 18 stack frames]]>
    </failure>
  </testcase> <!-- VerifyValidStatusLocation -->
  <testcase name="VerifyValidStatusLocation" time="0.005" classname="SitTest.US200058ValidateTrailerAtStatusingLocation">
    <failure type="org.openqa.selenium.NoSuchWindowException" message="Unable to find element on closed window (WARNING: The server did not provide any stacktrace information)
Command duration or timeout: 4 milliseconds
Build info: version: &amp;apos;2.48.2&amp;apos;, revision: &amp;apos;41bccdd&amp;apos;, time: &amp;apos;2015-10-09 19:59:12&amp;apos;
System info: host: &amp;apos;N700278&amp;apos;, ip: &amp;apos;10.51.235.212&amp;apos;, os.name: &amp;apos;Windows 7&amp;apos;, os.arch: &amp;apos;amd64&amp;apos;, os.version: &amp;apos;6.1&amp;apos;, java.version: &amp;apos;1.7.0_06&amp;apos;
*** Element info: {Using=css selector, value=input[name^=&amp;apos;trailerVM.trailer.locationCode_&amp;apos;]}
Session ID: c02ab5bd-142d-4012-b3a5-5d47e3215037
Driver info: org.openqa.selenium.ie.InternetExplorerDriver
Capabilities [{platform=WINDOWS, javascriptEnabled=true, elementScrollBehavior=0, ignoreZoomSetting=false, enablePersistentHover=true, ie.ensureCleanSession=false, browserName=internet explorer, enableElementCacheCleanup=true, unexpectedAlertBehaviour=dismiss, version=11, pageLoadStrategy=normal, ie.usePerProcessProxy=false, cssSelectorsEnabled=true, ignoreProtectedModeSettings=false, requireWindowFocus=false, initialBrowserUrl=http://localhost:3036/, handlesAlerts=true, ie.forceCreateProcessApi=false, nativeEvents=true, browserAttachTimeout=0, ie.browserCommandLineSwitches=, takesScreenshot=true}]">
      <![CDATA[org.openqa.selenium.NoSuchWindowException: Unable to find element on closed window (WARNING: The server did not provide any stacktrace information)
Command duration or timeout: 4 milliseconds
Build info: version: '2.48.2', revision: '41bccdd', time: '2015-10-09 19:59:12'
System info: host: 'N700278', ip: '10.51.235.212', os.name: 'Windows 7', os.arch: 'amd64', os.version: '6.1', java.version: '1.7.0_06'
*** Element info: {Using=css selector, value=input[name^='trailerVM.trailer.locationCode_']}
Session ID: c02ab5bd-142d-4012-b3a5-5d47e3215037
Driver info: org.openqa.selenium.ie.InternetExplorerDriver
Capabilities [{platform=WINDOWS, javascriptEnabled=true, elementScrollBehavior=0, ignoreZoomSetting=false, enablePersistentHover=true, ie.ensureCleanSession=false, browserName=internet explorer, enableElementCacheCleanup=true, unexpectedAlertBehaviour=dismiss, version=11, pageLoadStrategy=normal, ie.usePerProcessProxy=false, cssSelectorsEnabled=true, ignoreProtectedModeSettings=false, requireWindowFocus=false, initialBrowserUrl=http://localhost:3036/, handlesAlerts=true, ie.forceCreateProcessApi=false, nativeEvents=true, browserAttachTimeout=0, ie.browserCommandLineSwitches=, takesScreenshot=true}]
	at org.openqa.selenium.remote.ErrorHandler.createThrowable(ErrorHandler.java:206)
	at org.openqa.selenium.remote.ErrorHandler.throwIfResponseFailed(ErrorHandler.java:158)
	at org.openqa.selenium.remote.RemoteWebDriver.execute(RemoteWebDriver.java:647)
	at org.openqa.selenium.remote.RemoteWebDriver.findElement(RemoteWebDriver.java:353)
	at org.openqa.selenium.remote.RemoteWebDriver.findElementByCssSelector(RemoteWebDriver.java:482)
	at org.openqa.selenium.By$ByCssSelector.findElement(By.java:430)
	at org.openqa.selenium.remote.RemoteWebDriver.findElement(RemoteWebDriver.java:345)
	at org.openqa.selenium.support.pagefactory.DefaultElementLocator.findElement(DefaultElementLocator.java:69)
	at org.openqa.selenium.support.pagefactory.internal.LocatingElementHandler.invoke(LocatingElementHandler.java:38)
	at $Proxy10.click(Unknown Source)
	at Page.EqpStatusPageS.SetLocation(EqpStatusPageS.java:438)
	at SitTest.US200058ValidateTrailerAtStatusingLocation.VerifyValidStatusLocation(US200058ValidateTrailerAtStatusingLocation.java:74)
	at java.util.concurrent.FutureTask$Sync.innerRun(Unknown Source)
	at java.util.concurrent.FutureTask.run(Unknown Source)
	at java.util.concurrent.ThreadPoolExecutor.runWorker(Unknown Source)
	at java.util.concurrent.ThreadPoolExecutor$Worker.run(Unknown Source)
	at java.lang.Thread.run(Unknown Source)
... Removed 18 stack frames]]>
    </failure>
  </testcase> <!-- VerifyValidStatusLocation -->
  <testcase name="VerifyValidStatusLocation" time="0.004" classname="SitTest.US200058ValidateTrailerAtStatusingLocation">
    <failure type="org.openqa.selenium.NoSuchWindowException" message="Unable to find element on closed window (WARNING: The server did not provide any stacktrace information)
Command duration or timeout: 3 milliseconds
Build info: version: &amp;apos;2.48.2&amp;apos;, revision: &amp;apos;41bccdd&amp;apos;, time: &amp;apos;2015-10-09 19:59:12&amp;apos;
System info: host: &amp;apos;N700278&amp;apos;, ip: &amp;apos;10.51.235.212&amp;apos;, os.name: &amp;apos;Windows 7&amp;apos;, os.arch: &amp;apos;amd64&amp;apos;, os.version: &amp;apos;6.1&amp;apos;, java.version: &amp;apos;1.7.0_06&amp;apos;
*** Element info: {Using=css selector, value=input[name^=&amp;apos;trailerVM.trailer.locationCode_&amp;apos;]}
Session ID: c02ab5bd-142d-4012-b3a5-5d47e3215037
Driver info: org.openqa.selenium.ie.InternetExplorerDriver
Capabilities [{platform=WINDOWS, javascriptEnabled=true, elementScrollBehavior=0, ignoreZoomSetting=false, enablePersistentHover=true, ie.ensureCleanSession=false, browserName=internet explorer, enableElementCacheCleanup=true, unexpectedAlertBehaviour=dismiss, version=11, pageLoadStrategy=normal, ie.usePerProcessProxy=false, cssSelectorsEnabled=true, ignoreProtectedModeSettings=false, requireWindowFocus=false, initialBrowserUrl=http://localhost:3036/, handlesAlerts=true, ie.forceCreateProcessApi=false, nativeEvents=true, browserAttachTimeout=0, ie.browserCommandLineSwitches=, takesScreenshot=true}]">
      <![CDATA[org.openqa.selenium.NoSuchWindowException: Unable to find element on closed window (WARNING: The server did not provide any stacktrace information)
Command duration or timeout: 3 milliseconds
Build info: version: '2.48.2', revision: '41bccdd', time: '2015-10-09 19:59:12'
System info: host: 'N700278', ip: '10.51.235.212', os.name: 'Windows 7', os.arch: 'amd64', os.version: '6.1', java.version: '1.7.0_06'
*** Element info: {Using=css selector, value=input[name^='trailerVM.trailer.locationCode_']}
Session ID: c02ab5bd-142d-4012-b3a5-5d47e3215037
Driver info: org.openqa.selenium.ie.InternetExplorerDriver
Capabilities [{platform=WINDOWS, javascriptEnabled=true, elementScrollBehavior=0, ignoreZoomSetting=false, enablePersistentHover=true, ie.ensureCleanSession=false, browserName=internet explorer, enableElementCacheCleanup=true, unexpectedAlertBehaviour=dismiss, version=11, pageLoadStrategy=normal, ie.usePerProcessProxy=false, cssSelectorsEnabled=true, ignoreProtectedModeSettings=false, requireWindowFocus=false, initialBrowserUrl=http://localhost:3036/, handlesAlerts=true, ie.forceCreateProcessApi=false, nativeEvents=true, browserAttachTimeout=0, ie.browserCommandLineSwitches=, takesScreenshot=true}]
	at org.openqa.selenium.remote.ErrorHandler.createThrowable(ErrorHandler.java:206)
	at org.openqa.selenium.remote.ErrorHandler.throwIfResponseFailed(ErrorHandler.java:158)
	at org.openqa.selenium.remote.RemoteWebDriver.execute(RemoteWebDriver.java:647)
	at org.openqa.selenium.remote.RemoteWebDriver.findElement(RemoteWebDriver.java:353)
	at org.openqa.selenium.remote.RemoteWebDriver.findElementByCssSelector(RemoteWebDriver.java:482)
	at org.openqa.selenium.By$ByCssSelector.findElement(By.java:430)
	at org.openqa.selenium.remote.RemoteWebDriver.findElement(RemoteWebDriver.java:345)
	at org.openqa.selenium.support.pagefactory.DefaultElementLocator.findElement(DefaultElementLocator.java:69)
	at org.openqa.selenium.support.pagefactory.internal.LocatingElementHandler.invoke(LocatingElementHandler.java:38)
	at $Proxy10.click(Unknown Source)
	at Page.EqpStatusPageS.SetLocation(EqpStatusPageS.java:438)
	at SitTest.US200058ValidateTrailerAtStatusingLocation.VerifyValidStatusLocation(US200058ValidateTrailerAtStatusingLocation.java:74)
	at java.util.concurrent.FutureTask$Sync.innerRun(Unknown Source)
	at java.util.concurrent.FutureTask.run(Unknown Source)
	at java.util.concurrent.ThreadPoolExecutor.runWorker(Unknown Source)
	at java.util.concurrent.ThreadPoolExecutor$Worker.run(Unknown Source)
	at java.lang.Thread.run(Unknown Source)
... Removed 18 stack frames]]>
    </failure>
  </testcase> <!-- VerifyValidStatusLocation -->
  <testcase name="VerifyValidStatusLocation" time="0.013" classname="SitTest.US200058ValidateTrailerAtStatusingLocation">
    <failure type="org.openqa.selenium.NoSuchWindowException" message="Unable to find element on closed window (WARNING: The server did not provide any stacktrace information)
Command duration or timeout: 13 milliseconds
Build info: version: &amp;apos;2.48.2&amp;apos;, revision: &amp;apos;41bccdd&amp;apos;, time: &amp;apos;2015-10-09 19:59:12&amp;apos;
System info: host: &amp;apos;N700278&amp;apos;, ip: &amp;apos;10.51.235.212&amp;apos;, os.name: &amp;apos;Windows 7&amp;apos;, os.arch: &amp;apos;amd64&amp;apos;, os.version: &amp;apos;6.1&amp;apos;, java.version: &amp;apos;1.7.0_06&amp;apos;
*** Element info: {Using=css selector, value=input[name^=&amp;apos;trailerVM.trailer.locationCode_&amp;apos;]}
Session ID: c02ab5bd-142d-4012-b3a5-5d47e3215037
Driver info: org.openqa.selenium.ie.InternetExplorerDriver
Capabilities [{platform=WINDOWS, javascriptEnabled=true, elementScrollBehavior=0, ignoreZoomSetting=false, enablePersistentHover=true, ie.ensureCleanSession=false, browserName=internet explorer, enableElementCacheCleanup=true, unexpectedAlertBehaviour=dismiss, version=11, pageLoadStrategy=normal, ie.usePerProcessProxy=false, cssSelectorsEnabled=true, ignoreProtectedModeSettings=false, requireWindowFocus=false, initialBrowserUrl=http://localhost:3036/, handlesAlerts=true, ie.forceCreateProcessApi=false, nativeEvents=true, browserAttachTimeout=0, ie.browserCommandLineSwitches=, takesScreenshot=true}]">
      <![CDATA[org.openqa.selenium.NoSuchWindowException: Unable to find element on closed window (WARNING: The server did not provide any stacktrace information)
Command duration or timeout: 13 milliseconds
Build info: version: '2.48.2', revision: '41bccdd', time: '2015-10-09 19:59:12'
System info: host: 'N700278', ip: '10.51.235.212', os.name: 'Windows 7', os.arch: 'amd64', os.version: '6.1', java.version: '1.7.0_06'
*** Element info: {Using=css selector, value=input[name^='trailerVM.trailer.locationCode_']}
Session ID: c02ab5bd-142d-4012-b3a5-5d47e3215037
Driver info: org.openqa.selenium.ie.InternetExplorerDriver
Capabilities [{platform=WINDOWS, javascriptEnabled=true, elementScrollBehavior=0, ignoreZoomSetting=false, enablePersistentHover=true, ie.ensureCleanSession=false, browserName=internet explorer, enableElementCacheCleanup=true, unexpectedAlertBehaviour=dismiss, version=11, pageLoadStrategy=normal, ie.usePerProcessProxy=false, cssSelectorsEnabled=true, ignoreProtectedModeSettings=false, requireWindowFocus=false, initialBrowserUrl=http://localhost:3036/, handlesAlerts=true, ie.forceCreateProcessApi=false, nativeEvents=true, browserAttachTimeout=0, ie.browserCommandLineSwitches=, takesScreenshot=true}]
	at org.openqa.selenium.remote.ErrorHandler.createThrowable(ErrorHandler.java:206)
	at org.openqa.selenium.remote.ErrorHandler.throwIfResponseFailed(ErrorHandler.java:158)
	at org.openqa.selenium.remote.RemoteWebDriver.execute(RemoteWebDriver.java:647)
	at org.openqa.selenium.remote.RemoteWebDriver.findElement(RemoteWebDriver.java:353)
	at org.openqa.selenium.remote.RemoteWebDriver.findElementByCssSelector(RemoteWebDriver.java:482)
	at org.openqa.selenium.By$ByCssSelector.findElement(By.java:430)
	at org.openqa.selenium.remote.RemoteWebDriver.findElement(RemoteWebDriver.java:345)
	at org.openqa.selenium.support.pagefactory.DefaultElementLocator.findElement(DefaultElementLocator.java:69)
	at org.openqa.selenium.support.pagefactory.internal.LocatingElementHandler.invoke(LocatingElementHandler.java:38)
	at $Proxy10.click(Unknown Source)
	at Page.EqpStatusPageS.SetLocation(EqpStatusPageS.java:438)
	at SitTest.US200058ValidateTrailerAtStatusingLocation.VerifyValidStatusLocation(US200058ValidateTrailerAtStatusingLocation.java:74)
	at java.util.concurrent.FutureTask$Sync.innerRun(Unknown Source)
	at java.util.concurrent.FutureTask.run(Unknown Source)
	at java.util.concurrent.ThreadPoolExecutor.runWorker(Unknown Source)
	at java.util.concurrent.ThreadPoolExecutor$Worker.run(Unknown Source)
	at java.lang.Thread.run(Unknown Source)
... Removed 18 stack frames]]>
    </failure>
  </testcase> <!-- VerifyValidStatusLocation -->
  <testcase name="VerifyInvalidTerminal" time="0.001" classname="SitTest.US200001AndUS200002ValidateTrailerAndUS200041ValidateTerminal">
    <skipped/>
  </testcase> <!-- VerifyInvalidTerminal -->
  <testcase name="VerifyInvalidTerminal" time="0.001" classname="SitTest.US200001AndUS200002ValidateTrailerAndUS200041ValidateTerminal">
    <skipped/>
  </testcase> <!-- VerifyInvalidTerminal -->
  <testcase name="VerifyInvalidTerminal" time="0.001" classname="SitTest.US200001AndUS200002ValidateTrailerAndUS200041ValidateTerminal">
    <skipped/>
  </testcase> <!-- VerifyInvalidTerminal -->
  <testcase name="VerifyInvalidTerminal" time="0.0" classname="SitTest.US200001AndUS200002ValidateTrailerAndUS200041ValidateTerminal">
    <skipped/>
  </testcase> <!-- VerifyInvalidTerminal -->
  <testcase name="VerifyInvalidTerminal" time="0.0" classname="SitTest.US200001AndUS200002ValidateTrailerAndUS200041ValidateTerminal">
    <skipped/>
  </testcase> <!-- VerifyInvalidTerminal -->
  <testcase name="VerifyInvalidTerminal" time="0.0" classname="SitTest.US200001AndUS200002ValidateTrailerAndUS200041ValidateTerminal">
    <skipped/>
  </testcase> <!-- VerifyInvalidTerminal -->
  <testcase name="VerifyInvalidTerminal" time="0.0" classname="SitTest.US200001AndUS200002ValidateTrailerAndUS200041ValidateTerminal">
    <skipped/>
  </testcase> <!-- VerifyInvalidTerminal -->
  <testcase name="VerifyInvalidTerminal" time="0.0" classname="SitTest.US200001AndUS200002ValidateTrailerAndUS200041ValidateTerminal">
    <skipped/>
  </testcase> <!-- VerifyInvalidTerminal -->
  <testcase name="VerifyInvalidTerminal" time="0.0" classname="SitTest.US200001AndUS200002ValidateTrailerAndUS200041ValidateTerminal">
    <skipped/>
  </testcase> <!-- VerifyInvalidTerminal -->
  <testcase name="VerifyInvalidTerminal" time="0.0" classname="SitTest.US200001AndUS200002ValidateTrailerAndUS200041ValidateTerminal">
    <skipped/>
  </testcase> <!-- VerifyInvalidTerminal -->
  <testcase name="VerifyInvalidTerminal" time="0.0" classname="SitTest.US200001AndUS200002ValidateTrailerAndUS200041ValidateTerminal">
    <skipped/>
  </testcase> <!-- VerifyInvalidTerminal -->
  <testcase name="VerifyInvalidTerminal" time="0.001" classname="SitTest.US200001AndUS200002ValidateTrailerAndUS200041ValidateTerminal">
    <skipped/>
  </testcase> <!-- VerifyInvalidTerminal -->
  <testcase name="VerifyInvalidTerminal" time="0.001" classname="SitTest.US200001AndUS200002ValidateTrailerAndUS200041ValidateTerminal">
    <skipped/>
  </testcase> <!-- VerifyInvalidTerminal -->
  <testcase name="VerifyInvalidTerminal" time="0.001" classname="SitTest.US200001AndUS200002ValidateTrailerAndUS200041ValidateTerminal">
    <skipped/>
  </testcase> <!-- VerifyInvalidTerminal -->
  <testcase name="VerifyInvalidTerminal" time="0.001" classname="SitTest.US200001AndUS200002ValidateTrailerAndUS200041ValidateTerminal">
    <skipped/>
  </testcase> <!-- VerifyInvalidTerminal -->
  <testcase name="VerifyInvalidTerminal" time="0.001" classname="SitTest.US200001AndUS200002ValidateTrailerAndUS200041ValidateTerminal">
    <skipped/>
  </testcase> <!-- VerifyInvalidTerminal -->
  <testcase name="VerifyInvalidTerminal" time="0.001" classname="SitTest.US200001AndUS200002ValidateTrailerAndUS200041ValidateTerminal">
    <skipped/>
  </testcase> <!-- VerifyInvalidTerminal -->
  <testcase name="VerifyInvalidTerminal" time="0.001" classname="SitTest.US200001AndUS200002ValidateTrailerAndUS200041ValidateTerminal">
    <skipped/>
  </testcase> <!-- VerifyInvalidTerminal -->
  <testcase name="VerifyInvalidTerminal" time="0.001" classname="SitTest.US200001AndUS200002ValidateTrailerAndUS200041ValidateTerminal">
    <skipped/>
  </testcase> <!-- VerifyInvalidTerminal -->
  <testcase name="VerifyInvalidTerminal" time="0.001" classname="SitTest.US200001AndUS200002ValidateTrailerAndUS200041ValidateTerminal">
    <skipped/>
  </testcase> <!-- VerifyInvalidTerminal -->
  <testcase name="VerifyInvalidTerminal" time="0.001" classname="SitTest.US200001AndUS200002ValidateTrailerAndUS200041ValidateTerminal">
    <skipped/>
  </testcase> <!-- VerifyInvalidTerminal -->
  <testcase name="VerifyInvalidTerminal" time="0.001" classname="SitTest.US200001AndUS200002ValidateTrailerAndUS200041ValidateTerminal">
    <skipped/>
  </testcase> <!-- VerifyInvalidTerminal -->
  <testcase name="VerifyInvalidTerminal" time="0.001" classname="SitTest.US200001AndUS200002ValidateTrailerAndUS200041ValidateTerminal">
    <skipped/>
  </testcase> <!-- VerifyInvalidTerminal -->
  <testcase name="VerifyInvalidTerminal" time="0.001" classname="SitTest.US200001AndUS200002ValidateTrailerAndUS200041ValidateTerminal">
    <skipped/>
  </testcase> <!-- VerifyInvalidTerminal -->
  <testcase name="VerifyInvalidTerminal" time="0.001" classname="SitTest.US200001AndUS200002ValidateTrailerAndUS200041ValidateTerminal">
    <skipped/>
  </testcase> <!-- VerifyInvalidTerminal -->
  <testcase name="VerifyInvalidTerminal" time="0.0" classname="SitTest.US200001AndUS200002ValidateTrailerAndUS200041ValidateTerminal">
    <skipped/>
  </testcase> <!-- VerifyInvalidTerminal -->
  <testcase name="VerifyInvalidTerminal" time="0.0" classname="SitTest.US200001AndUS200002ValidateTrailerAndUS200041ValidateTerminal">
    <skipped/>
  </testcase> <!-- VerifyInvalidTerminal -->
  <testcase name="VerifyInvalidTerminal" time="0.0" classname="SitTest.US200001AndUS200002ValidateTrailerAndUS200041ValidateTerminal">
    <skipped/>
  </testcase> <!-- VerifyInvalidTerminal -->
  <testcase name="VerifyInvalidTerminal" time="0.0" classname="SitTest.US200001AndUS200002ValidateTrailerAndUS200041ValidateTerminal">
    <skipped/>
  </testcase> <!-- VerifyInvalidTerminal -->
  <testcase name="VerifyInvalidTerminal" time="0.0" classname="SitTest.US200001AndUS200002ValidateTrailerAndUS200041ValidateTerminal">
    <skipped/>
  </testcase> <!-- VerifyInvalidTerminal -->
  <testcase name="VerifyInvalidTerminal" time="0.001" classname="SitTest.US200001AndUS200002ValidateTrailerAndUS200041ValidateTerminal">
    <skipped/>
  </testcase> <!-- VerifyInvalidTerminal -->
  <testcase name="VerifyInvalidTerminal" time="0.001" classname="SitTest.US200001AndUS200002ValidateTrailerAndUS200041ValidateTerminal">
    <skipped/>
  </testcase> <!-- VerifyInvalidTerminal -->
  <testcase name="VerifyInvalidTerminal" time="0.0" classname="SitTest.US200001AndUS200002ValidateTrailerAndUS200041ValidateTerminal">
    <skipped/>
  </testcase> <!-- VerifyInvalidTerminal -->
  <testcase name="VerifyInvalidTerminal" time="0.0" classname="SitTest.US200001AndUS200002ValidateTrailerAndUS200041ValidateTerminal">
    <skipped/>
  </testcase> <!-- VerifyInvalidTerminal -->
  <testcase name="VerifyInvalidTerminal" time="0.001" classname="SitTest.US200001AndUS200002ValidateTrailerAndUS200041ValidateTerminal">
    <skipped/>
  </testcase> <!-- VerifyInvalidTerminal -->
  <testcase name="VerifyInvalidTerminal" time="0.001" classname="SitTest.US200001AndUS200002ValidateTrailerAndUS200041ValidateTerminal">
    <skipped/>
  </testcase> <!-- VerifyInvalidTerminal -->
  <testcase name="VerifyInvalidTerminal" time="0.0" classname="SitTest.US200001AndUS200002ValidateTrailerAndUS200041ValidateTerminal">
    <skipped/>
  </testcase> <!-- VerifyInvalidTerminal -->
  <testcase name="VerifyInvalidTerminal" time="0.0" classname="SitTest.US200001AndUS200002ValidateTrailerAndUS200041ValidateTerminal">
    <skipped/>
  </testcase> <!-- VerifyInvalidTerminal -->
  <testcase name="VerifyInvalidTerminal" time="0.001" classname="SitTest.US200001AndUS200002ValidateTrailerAndUS200041ValidateTerminal">
    <skipped/>
  </testcase> <!-- VerifyInvalidTerminal -->
  <testcase name="VerifyInvalidTerminal" time="0.0" classname="SitTest.US200001AndUS200002ValidateTrailerAndUS200041ValidateTerminal">
    <skipped/>
  </testcase> <!-- VerifyInvalidTerminal -->
  <testcase name="VerifyInvalidTerminal" time="0.0" classname="SitTest.US200001AndUS200002ValidateTrailerAndUS200041ValidateTerminal">
    <skipped/>
  </testcase> <!-- VerifyInvalidTerminal -->
  <testcase name="VerifyInvalidTerminal" time="0.001" classname="SitTest.US200001AndUS200002ValidateTrailerAndUS200041ValidateTerminal">
    <skipped/>
  </testcase> <!-- VerifyInvalidTerminal -->
  <testcase name="VerifyInvalidTerminal" time="0.0" classname="SitTest.US200001AndUS200002ValidateTrailerAndUS200041ValidateTerminal">
    <skipped/>
  </testcase> <!-- VerifyInvalidTerminal -->
  <testcase name="VerifyInvalidTerminal" time="0.0" classname="SitTest.US200001AndUS200002ValidateTrailerAndUS200041ValidateTerminal">
    <skipped/>
  </testcase> <!-- VerifyInvalidTerminal -->
  <testcase name="VerifyInvalidTerminal" time="0.0" classname="SitTest.US200001AndUS200002ValidateTrailerAndUS200041ValidateTerminal">
    <skipped/>
  </testcase> <!-- VerifyInvalidTerminal -->
  <testcase name="VerifyInvalidTerminal" time="0.001" classname="SitTest.US200001AndUS200002ValidateTrailerAndUS200041ValidateTerminal">
    <skipped/>
  </testcase> <!-- VerifyInvalidTerminal -->
  <testcase name="VerifyInvalidTerminal" time="0.0" classname="SitTest.US200001AndUS200002ValidateTrailerAndUS200041ValidateTerminal">
    <skipped/>
  </testcase> <!-- VerifyInvalidTerminal -->
  <testcase name="VerifyInvalidTerminal" time="0.0" classname="SitTest.US200001AndUS200002ValidateTrailerAndUS200041ValidateTerminal">
    <skipped/>
  </testcase> <!-- VerifyInvalidTerminal -->
  <testcase name="VerifyInvalidTerminal" time="0.001" classname="SitTest.US200001AndUS200002ValidateTrailerAndUS200041ValidateTerminal">
    <skipped/>
  </testcase> <!-- VerifyInvalidTerminal -->
  <testcase name="VerifyInvalidTerminal" time="0.0" classname="SitTest.US200001AndUS200002ValidateTrailerAndUS200041ValidateTerminal">
    <skipped/>
  </testcase> <!-- VerifyInvalidTerminal -->
  <testcase name="VerifyMaintenanceTrailer" time="0.001" classname="SitTest.US200001AndUS200002ValidateTrailerAndUS200041ValidateTerminal">
    <skipped/>
  </testcase> <!-- VerifyMaintenanceTrailer -->
  <testcase name="VerifyMaintenanceTrailer" time="0.0" classname="SitTest.US200001AndUS200002ValidateTrailerAndUS200041ValidateTerminal">
    <skipped/>
  </testcase> <!-- VerifyMaintenanceTrailer -->
  <testcase name="VerifyMaintenanceTrailer" time="0.0" classname="SitTest.US200001AndUS200002ValidateTrailerAndUS200041ValidateTerminal">
    <skipped/>
  </testcase> <!-- VerifyMaintenanceTrailer -->
  <testcase name="VerifyMaintenanceTrailer" time="0.0" classname="SitTest.US200001AndUS200002ValidateTrailerAndUS200041ValidateTerminal">
    <skipped/>
  </testcase> <!-- VerifyMaintenanceTrailer -->
  <testcase name="VerifyMaintenanceTrailer" time="0.0" classname="SitTest.US200001AndUS200002ValidateTrailerAndUS200041ValidateTerminal">
    <skipped/>
  </testcase> <!-- VerifyMaintenanceTrailer -->
  <testcase name="VerifyMaintenanceTrailer" time="0.001" classname="SitTest.US200001AndUS200002ValidateTrailerAndUS200041ValidateTerminal">
    <skipped/>
  </testcase> <!-- VerifyMaintenanceTrailer -->
  <testcase name="VerifyMaintenanceTrailer" time="0.001" classname="SitTest.US200001AndUS200002ValidateTrailerAndUS200041ValidateTerminal">
    <skipped/>
  </testcase> <!-- VerifyMaintenanceTrailer -->
  <testcase name="VerifyMaintenanceTrailer" time="0.0" classname="SitTest.US200001AndUS200002ValidateTrailerAndUS200041ValidateTerminal">
    <skipped/>
  </testcase> <!-- VerifyMaintenanceTrailer -->
  <testcase name="VerifyMaintenanceTrailer" time="0.0" classname="SitTest.US200001AndUS200002ValidateTrailerAndUS200041ValidateTerminal">
    <skipped/>
  </testcase> <!-- VerifyMaintenanceTrailer -->
  <testcase name="VerifyMaintenanceTrailer" time="0.0" classname="SitTest.US200001AndUS200002ValidateTrailerAndUS200041ValidateTerminal">
    <skipped/>
  </testcase> <!-- VerifyMaintenanceTrailer -->
  <testcase name="VerifyRetiredTrailer" time="0.001" classname="SitTest.US200001AndUS200002ValidateTrailerAndUS200041ValidateTerminal">
    <skipped/>
  </testcase> <!-- VerifyRetiredTrailer -->
  <testcase name="VerifyRetiredTrailer" time="0.001" classname="SitTest.US200001AndUS200002ValidateTrailerAndUS200041ValidateTerminal">
    <skipped/>
  </testcase> <!-- VerifyRetiredTrailer -->
  <testcase name="VerifyRetiredTrailer" time="0.001" classname="SitTest.US200001AndUS200002ValidateTrailerAndUS200041ValidateTerminal">
    <skipped/>
  </testcase> <!-- VerifyRetiredTrailer -->
  <testcase name="VerifyRetiredTrailer" time="0.0" classname="SitTest.US200001AndUS200002ValidateTrailerAndUS200041ValidateTerminal">
    <skipped/>
  </testcase> <!-- VerifyRetiredTrailer -->
  <testcase name="VerifyRetiredTrailer" time="0.001" classname="SitTest.US200001AndUS200002ValidateTrailerAndUS200041ValidateTerminal">
    <skipped/>
  </testcase> <!-- VerifyRetiredTrailer -->
  <testcase name="VerifyRetiredTrailer" time="0.0" classname="SitTest.US200001AndUS200002ValidateTrailerAndUS200041ValidateTerminal">
    <skipped/>
  </testcase> <!-- VerifyRetiredTrailer -->
  <testcase name="VerifyRetiredTrailer" time="0.001" classname="SitTest.US200001AndUS200002ValidateTrailerAndUS200041ValidateTerminal">
    <skipped/>
  </testcase> <!-- VerifyRetiredTrailer -->
  <testcase name="VerifyRetiredTrailer" time="0.001" classname="SitTest.US200001AndUS200002ValidateTrailerAndUS200041ValidateTerminal">
    <skipped/>
  </testcase> <!-- VerifyRetiredTrailer -->
  <testcase name="VerifyRetiredTrailer" time="0.0" classname="SitTest.US200001AndUS200002ValidateTrailerAndUS200041ValidateTerminal">
    <skipped/>
  </testcase> <!-- VerifyRetiredTrailer -->
  <testcase name="VerifyRetiredTrailer" time="0.001" classname="SitTest.US200001AndUS200002ValidateTrailerAndUS200041ValidateTerminal">
    <skipped/>
  </testcase> <!-- VerifyRetiredTrailer -->
  <testcase name="VerifyNotExistTrailer" time="0.001" classname="SitTest.US200001AndUS200002ValidateTrailerAndUS200041ValidateTerminal">
    <skipped/>
  </testcase> <!-- VerifyNotExistTrailer -->
  <testcase name="VerifyNotExistTrailer" time="0.0" classname="SitTest.US200001AndUS200002ValidateTrailerAndUS200041ValidateTerminal">
    <skipped/>
  </testcase> <!-- VerifyNotExistTrailer -->
  <testcase name="VerifyNotExistTrailer" time="0.003" classname="SitTest.US200001AndUS200002ValidateTrailerAndUS200041ValidateTerminal">
    <skipped/>
  </testcase> <!-- VerifyNotExistTrailer -->
  <testcase name="VerifyNotExistTrailer" time="0.012" classname="SitTest.US200001AndUS200002ValidateTrailerAndUS200041ValidateTerminal">
    <skipped/>
  </testcase> <!-- VerifyNotExistTrailer -->
  <testcase name="VerifyNotExistTrailer" time="0.0" classname="SitTest.US200001AndUS200002ValidateTrailerAndUS200041ValidateTerminal">
    <skipped/>
  </testcase> <!-- VerifyNotExistTrailer -->
  <testcase name="VerifyNotExistTrailer" time="0.0" classname="SitTest.US200001AndUS200002ValidateTrailerAndUS200041ValidateTerminal">
    <skipped/>
  </testcase> <!-- VerifyNotExistTrailer -->
</testsuite> <!-- IETest -->
