<html>
<head>
<title>TestNG:  test ldg(failed)(failed)</title>
<link href="../testng.css" rel="stylesheet" type="text/css" />
<link href="../my-testng.css" rel="stylesheet" type="text/css" />

<style type="text/css">
.log { display: none;} 
.stack-trace { display: none;} 
</style>
<script type="text/javascript">
<!--
function flip(e) {
  current = e.style.display;
  if (current == 'block') {
    e.style.display = 'none';
    return 0;
  }
  else {
    e.style.display = 'block';
    return 1;
  }
}

function toggleBox(szDivId, elem, msg1, msg2)
{
  var res = -1;  if (document.getElementById) {
    res = flip(document.getElementById(szDivId));
  }
  else if (document.all) {
    // this is the way old msie versions work
    res = flip(document.all[szDivId]);
  }
  if(elem) {
    if(res == 0) elem.innerHTML = msg1; else elem.innerHTML = msg2;
  }

}

function toggleAllBoxes() {
  if (document.getElementsByTagName) {
    d = document.getElementsByTagName('div');
    for (i = 0; i < d.length; i++) {
      if (d[i].className == 'log') {
        flip(d[i]);
      }
    }
  }
}

// -->
</script>

</head>
<body>
<h2 align='center'>test ldg(failed)(failed)</h2><table border='1' align="center">
<tr>
<td>Tests passed/Failed/Skipped:</td><td>6/3/0</td>
</tr><tr>
<td>Started on:</td><td>Tue Jun 28 21:52:53 UTC 2016</td>
</tr>
<tr><td>Total time:</td><td>413 seconds (413051 ms)</td>
</tr><tr>
<td>Included groups:</td><td>ldg uc </td>
</tr><tr>
<td>Excluded groups:</td><td></td>
</tr>
</table><p/>
<small><i>(Hover the method name to see the test class name)</i></small><p/>
<table width='100%' border='1' class='invocation-failed'>
<tr><td colspan='4' align='center'><b>FAILED TESTS</b></td></tr>
<tr><td><b>Test method</b></td>
<td width="30%"><b>Exception</b></td>
<td width="10%"><b>Time (seconds)</b></td>
<td><b>Instance</b></td>
</tr>
<tr>
<td title='TestCase.LdgScreen.US200075DisplayPROsInOrderWhichTheyEnter.AddMultipleProsInSingleBatch()'><b>AddMultipleProsInSingleBatch</b><br>Test class: TestCase.LdgScreen.US200075DisplayPROsInOrderWhichTheyEnter<br>Parameters: 521, RDWY, 202236</td>
<td><div><pre>java.lang.AssertionError: The following asserts failed:
	eqps Mainframe_User_ID is wrong expected [UYR27B0] but found [MUYR27B0],
	 eqp Mainframe_User_ID is wrong expected [UYR27B0] but found [MUYR27B0]
	at org.testng.asserts.SoftAssert.assertAll(SoftAssert.java:43)
	at TestCase.LdgScreen.US200075DisplayPROsInOrderWhichTheyEnter.AddMultipleProsInSingleBatch(US200075DisplayPROsInOrderWhichTheyEnter.java:124)
	at sun.reflect.NativeMethodAccessorImpl.invoke0(Native Method)
	at sun.reflect.NativeMethodAccessorImpl.invoke(NativeMethodAccessorImpl.java:57)
	at sun.reflect.DelegatingMethodAccessorImpl.invoke(DelegatingMethodAccessorImpl.java:43)
	at java.lang.reflect.Method.invoke(Method.java:601)
	at org.testng.internal.MethodInvocationHelper.invokeMethod(MethodInvocationHelper.java:86)
	at org.testng.internal.Invoker.invokeMethod(Invoker.java:646)
	at org.testng.internal.Invoker.invokeTestMethod(Invoker.java:823)
	at org.testng.internal.Invoker.invokeTestMethods(Invoker.java:1131)
	at org.testng.internal.TestMethodWorker.invokeTestMethods(TestMethodWorker.java:129)
	at org.testng.internal.TestMethodWorker.run(TestMethodWorker.java:112)
	at org.testng.TestRunner.privateRun(TestRunner.java:778)
	at org.testng.TestRunner.run(TestRunner.java:632)
	at org.testng.SuiteRunner.runTest(SuiteRunner.java:366)
	at org.testng.SuiteRunner.runSequentially(SuiteRunner.java:361)
	at org.testng.SuiteRunner.privateRun(SuiteRunner.java:319)
	at org.testng.SuiteRunner.run(SuiteRunner.java:268)
	at org.testng.SuiteRunnerWorker.runSuite(SuiteRunnerWorker.java:52)
	at org.testng.SuiteRunnerWorker.run(SuiteRunnerWorker.java:86)
	at org.testng.TestNG.runSuitesSequentially(TestNG.java:1225)
	at org.testng.TestNG.runSuitesLocally(TestNG.java:1150)
	at org.testng.TestNG.runSuites(TestNG.java:1075)
	at org.testng.TestNG.run(TestNG.java:1047)
	at org.testng.remote.AbstractRemoteTestNG.run(AbstractRemoteTestNG.java:126)
	at org.testng.remote.RemoteTestNG.initAndRun(RemoteTestNG.java:137)
	at org.testng.remote.RemoteTestNG.main(RemoteTestNG.java:58)
</pre></div><a href='#' onClick='toggleBox("stack-trace303601196", this, "Click to show all stack frames", "Click to hide stack frames")'>Click to show all stack frames</a>
<div class='stack-trace' id='stack-trace303601196'><pre>java.lang.AssertionError: The following asserts failed:
	eqps Mainframe_User_ID is wrong expected [UYR27B0] but found [MUYR27B0],
	 eqp Mainframe_User_ID is wrong expected [UYR27B0] but found [MUYR27B0]
	at org.testng.asserts.SoftAssert.assertAll(SoftAssert.java:43)
	at TestCase.LdgScreen.US200075DisplayPROsInOrderWhichTheyEnter.AddMultipleProsInSingleBatch(US200075DisplayPROsInOrderWhichTheyEnter.java:124)
	at sun.reflect.NativeMethodAccessorImpl.invoke0(Native Method)
	at sun.reflect.NativeMethodAccessorImpl.invoke(NativeMethodAccessorImpl.java:57)
	at sun.reflect.DelegatingMethodAccessorImpl.invoke(DelegatingMethodAccessorImpl.java:43)
	at java.lang.reflect.Method.invoke(Method.java:601)
	at org.testng.internal.MethodInvocationHelper.invokeMethod(MethodInvocationHelper.java:86)
	at org.testng.internal.Invoker.invokeMethod(Invoker.java:646)
	at org.testng.internal.Invoker.invokeTestMethod(Invoker.java:823)
	at org.testng.internal.Invoker.invokeTestMethods(Invoker.java:1131)
	at org.testng.internal.TestMethodWorker.invokeTestMethods(TestMethodWorker.java:129)
	at org.testng.internal.TestMethodWorker.run(TestMethodWorker.java:112)
	at org.testng.TestRunner.privateRun(TestRunner.java:778)
	at org.testng.TestRunner.run(TestRunner.java:632)
	at org.testng.SuiteRunner.runTest(SuiteRunner.java:366)
	at org.testng.SuiteRunner.runSequentially(SuiteRunner.java:361)
	at org.testng.SuiteRunner.privateRun(SuiteRunner.java:319)
	at org.testng.SuiteRunner.run(SuiteRunner.java:268)
	at org.testng.SuiteRunnerWorker.runSuite(SuiteRunnerWorker.java:52)
	at org.testng.SuiteRunnerWorker.run(SuiteRunnerWorker.java:86)
	at org.testng.TestNG.runSuitesSequentially(TestNG.java:1225)
	at org.testng.TestNG.runSuitesLocally(TestNG.java:1150)
	at org.testng.TestNG.runSuites(TestNG.java:1075)
	at org.testng.TestNG.run(TestNG.java:1047)
	at org.testng.remote.AbstractRemoteTestNG.run(AbstractRemoteTestNG.java:126)
	at org.testng.remote.RemoteTestNG.initAndRun(RemoteTestNG.java:137)
	at org.testng.remote.RemoteTestNG.main(RemoteTestNG.java:58)
</pre></div></td>
<td>19</td>
<td>TestCase.LdgScreen.US200075DisplayPROsInOrderWhichTheyEnter@65786232</td></tr>
<tr>
<td title='TestCase.LdgScreen.LDGTesting.LDGWithoutProChangeDestination()'><b>LDGWithoutProChangeDestination</b><br>Test class: TestCase.LdgScreen.LDGTesting<br>Test method: trailer in ldg without pro, change destination<br>Parameters: 580, RDWY, 558430, 112, , , , , , 2016-06-23 19:01:49.0</td>
<td><div><pre>java.lang.AssertionError: The following asserts failed:
	eqps Mainframe_User_ID is wrong expected [UYR27B0] but found [null],
	 eqp Mainframe_User_ID is wrong expected [UYR27B0] but found [580]
	at org.testng.asserts.SoftAssert.assertAll(SoftAssert.java:43)
	at TestCase.LdgScreen.LDGTesting.LDGWithoutProChangeDestination(LDGTesting.java:245)
	at sun.reflect.NativeMethodAccessorImpl.invoke0(Native Method)
	at sun.reflect.NativeMethodAccessorImpl.invoke(NativeMethodAccessorImpl.java:57)
	at sun.reflect.DelegatingMethodAccessorImpl.invoke(DelegatingMethodAccessorImpl.java:43)
	at java.lang.reflect.Method.invoke(Method.java:601)
	at org.testng.internal.MethodInvocationHelper.invokeMethod(MethodInvocationHelper.java:86)
	at org.testng.internal.Invoker.invokeMethod(Invoker.java:646)
	at org.testng.internal.Invoker.invokeTestMethod(Invoker.java:823)
	at org.testng.internal.Invoker.invokeTestMethods(Invoker.java:1131)
	at org.testng.internal.TestMethodWorker.invokeTestMethods(TestMethodWorker.java:129)
	at org.testng.internal.TestMethodWorker.run(TestMethodWorker.java:112)
	at org.testng.TestRunner.privateRun(TestRunner.java:778)
	at org.testng.TestRunner.run(TestRunner.java:632)
	at org.testng.SuiteRunner.runTest(SuiteRunner.java:366)
	at org.testng.SuiteRunner.runSequentially(SuiteRunner.java:361)
	at org.testng.SuiteRunner.privateRun(SuiteRunner.java:319)
	at org.testng.SuiteRunner.run(SuiteRunner.java:268)
	at org.testng.SuiteRunnerWorker.runSuite(SuiteRunnerWorker.java:52)
	at org.testng.SuiteRunnerWorker.run(SuiteRunnerWorker.java:86)
	at org.testng.TestNG.runSuitesSequentially(TestNG.java:1225)
	at org.testng.TestNG.runSuitesLocally(TestNG.java:1150)
	at org.testng.TestNG.runSuites(TestNG.java:1075)
	at org.testng.TestNG.run(TestNG.java:1047)
	at org.testng.remote.AbstractRemoteTestNG.run(AbstractRemoteTestNG.java:126)
	at org.testng.remote.RemoteTestNG.initAndRun(RemoteTestNG.java:137)
	at org.testng.remote.RemoteTestNG.main(RemoteTestNG.java:58)
</pre></div><a href='#' onClick='toggleBox("stack-trace277839953", this, "Click to show all stack frames", "Click to hide stack frames")'>Click to show all stack frames</a>
<div class='stack-trace' id='stack-trace277839953'><pre>java.lang.AssertionError: The following asserts failed:
	eqps Mainframe_User_ID is wrong expected [UYR27B0] but found [null],
	 eqp Mainframe_User_ID is wrong expected [UYR27B0] but found [580]
	at org.testng.asserts.SoftAssert.assertAll(SoftAssert.java:43)
	at TestCase.LdgScreen.LDGTesting.LDGWithoutProChangeDestination(LDGTesting.java:245)
	at sun.reflect.NativeMethodAccessorImpl.invoke0(Native Method)
	at sun.reflect.NativeMethodAccessorImpl.invoke(NativeMethodAccessorImpl.java:57)
	at sun.reflect.DelegatingMethodAccessorImpl.invoke(DelegatingMethodAccessorImpl.java:43)
	at java.lang.reflect.Method.invoke(Method.java:601)
	at org.testng.internal.MethodInvocationHelper.invokeMethod(MethodInvocationHelper.java:86)
	at org.testng.internal.Invoker.invokeMethod(Invoker.java:646)
	at org.testng.internal.Invoker.invokeTestMethod(Invoker.java:823)
	at org.testng.internal.Invoker.invokeTestMethods(Invoker.java:1131)
	at org.testng.internal.TestMethodWorker.invokeTestMethods(TestMethodWorker.java:129)
	at org.testng.internal.TestMethodWorker.run(TestMethodWorker.java:112)
	at org.testng.TestRunner.privateRun(TestRunner.java:778)
	at org.testng.TestRunner.run(TestRunner.java:632)
	at org.testng.SuiteRunner.runTest(SuiteRunner.java:366)
	at org.testng.SuiteRunner.runSequentially(SuiteRunner.java:361)
	at org.testng.SuiteRunner.privateRun(SuiteRunner.java:319)
	at org.testng.SuiteRunner.run(SuiteRunner.java:268)
	at org.testng.SuiteRunnerWorker.runSuite(SuiteRunnerWorker.java:52)
	at org.testng.SuiteRunnerWorker.run(SuiteRunnerWorker.java:86)
	at org.testng.TestNG.runSuitesSequentially(TestNG.java:1225)
	at org.testng.TestNG.runSuitesLocally(TestNG.java:1150)
	at org.testng.TestNG.runSuites(TestNG.java:1075)
	at org.testng.TestNG.run(TestNG.java:1047)
	at org.testng.remote.AbstractRemoteTestNG.run(AbstractRemoteTestNG.java:126)
	at org.testng.remote.RemoteTestNG.initAndRun(RemoteTestNG.java:137)
	at org.testng.remote.RemoteTestNG.main(RemoteTestNG.java:58)
</pre></div></td>
<td>12</td>
<td>TestCase.LdgScreen.LDGTesting@215a730d</td></tr>
<tr>
<td title='TestCase.LdgScreen.LDGTesting.NoLdgEmptyTrailerAddNonExistingPro()'><b>NoLdgEmptyTrailerAddNonExistingPro</b><br>Test class: TestCase.LdgScreen.LDGTesting<br>Parameters: 730, RDWY, 559541, ___, , 2016-02-16 19:25:00.0</td>
<td><div><pre>java.lang.AssertionError: The following asserts failed:
	eqps Mainframe_User_ID is wrong expected [UYR27B0] but found [null],
	 eqp Mainframe_User_ID is wrong expected [UYR27B0] but found [730]
	at org.testng.asserts.SoftAssert.assertAll(SoftAssert.java:43)
	at TestCase.LdgScreen.LDGTesting.NoLdgEmptyTrailerAddNonExistingPro(LDGTesting.java:965)
	at sun.reflect.NativeMethodAccessorImpl.invoke0(Native Method)
	at sun.reflect.NativeMethodAccessorImpl.invoke(NativeMethodAccessorImpl.java:57)
	at sun.reflect.DelegatingMethodAccessorImpl.invoke(DelegatingMethodAccessorImpl.java:43)
	at java.lang.reflect.Method.invoke(Method.java:601)
	at org.testng.internal.MethodInvocationHelper.invokeMethod(MethodInvocationHelper.java:86)
	at org.testng.internal.Invoker.invokeMethod(Invoker.java:646)
	at org.testng.internal.Invoker.invokeTestMethod(Invoker.java:823)
	at org.testng.internal.Invoker.invokeTestMethods(Invoker.java:1131)
	at org.testng.internal.TestMethodWorker.invokeTestMethods(TestMethodWorker.java:129)
	at org.testng.internal.TestMethodWorker.run(TestMethodWorker.java:112)
	at org.testng.TestRunner.privateRun(TestRunner.java:778)
	at org.testng.TestRunner.run(TestRunner.java:632)
	at org.testng.SuiteRunner.runTest(SuiteRunner.java:366)
	at org.testng.SuiteRunner.runSequentially(SuiteRunner.java:361)
	at org.testng.SuiteRunner.privateRun(SuiteRunner.java:319)
	at org.testng.SuiteRunner.run(SuiteRunner.java:268)
	at org.testng.SuiteRunnerWorker.runSuite(SuiteRunnerWorker.java:52)
	at org.testng.SuiteRunnerWorker.run(SuiteRunnerWorker.java:86)
	at org.testng.TestNG.runSuitesSequentially(TestNG.java:1225)
	at org.testng.TestNG.runSuitesLocally(TestNG.java:1150)
	at org.testng.TestNG.runSuites(TestNG.java:1075)
	at org.testng.TestNG.run(TestNG.java:1047)
	at org.testng.remote.AbstractRemoteTestNG.run(AbstractRemoteTestNG.java:126)
	at org.testng.remote.RemoteTestNG.initAndRun(RemoteTestNG.java:137)
	at org.testng.remote.RemoteTestNG.main(RemoteTestNG.java:58)
</pre></div><a href='#' onClick='toggleBox("stack-trace40627151", this, "Click to show all stack frames", "Click to hide stack frames")'>Click to show all stack frames</a>
<div class='stack-trace' id='stack-trace40627151'><pre>java.lang.AssertionError: The following asserts failed:
	eqps Mainframe_User_ID is wrong expected [UYR27B0] but found [null],
	 eqp Mainframe_User_ID is wrong expected [UYR27B0] but found [730]
	at org.testng.asserts.SoftAssert.assertAll(SoftAssert.java:43)
	at TestCase.LdgScreen.LDGTesting.NoLdgEmptyTrailerAddNonExistingPro(LDGTesting.java:965)
	at sun.reflect.NativeMethodAccessorImpl.invoke0(Native Method)
	at sun.reflect.NativeMethodAccessorImpl.invoke(NativeMethodAccessorImpl.java:57)
	at sun.reflect.DelegatingMethodAccessorImpl.invoke(DelegatingMethodAccessorImpl.java:43)
	at java.lang.reflect.Method.invoke(Method.java:601)
	at org.testng.internal.MethodInvocationHelper.invokeMethod(MethodInvocationHelper.java:86)
	at org.testng.internal.Invoker.invokeMethod(Invoker.java:646)
	at org.testng.internal.Invoker.invokeTestMethod(Invoker.java:823)
	at org.testng.internal.Invoker.invokeTestMethods(Invoker.java:1131)
	at org.testng.internal.TestMethodWorker.invokeTestMethods(TestMethodWorker.java:129)
	at org.testng.internal.TestMethodWorker.run(TestMethodWorker.java:112)
	at org.testng.TestRunner.privateRun(TestRunner.java:778)
	at org.testng.TestRunner.run(TestRunner.java:632)
	at org.testng.SuiteRunner.runTest(SuiteRunner.java:366)
	at org.testng.SuiteRunner.runSequentially(SuiteRunner.java:361)
	at org.testng.SuiteRunner.privateRun(SuiteRunner.java:319)
	at org.testng.SuiteRunner.run(SuiteRunner.java:268)
	at org.testng.SuiteRunnerWorker.runSuite(SuiteRunnerWorker.java:52)
	at org.testng.SuiteRunnerWorker.run(SuiteRunnerWorker.java:86)
	at org.testng.TestNG.runSuitesSequentially(TestNG.java:1225)
	at org.testng.TestNG.runSuitesLocally(TestNG.java:1150)
	at org.testng.TestNG.runSuites(TestNG.java:1075)
	at org.testng.TestNG.run(TestNG.java:1047)
	at org.testng.remote.AbstractRemoteTestNG.run(AbstractRemoteTestNG.java:126)
	at org.testng.remote.RemoteTestNG.initAndRun(RemoteTestNG.java:137)
	at org.testng.remote.RemoteTestNG.main(RemoteTestNG.java:58)
</pre></div></td>
<td>21</td>
<td>TestCase.LdgScreen.LDGTesting@215a730d</td></tr>
</table><p>
<table width='100%' border='1' class='invocation-passed'>
<tr><td colspan='4' align='center'><b>PASSED TESTS</b></td></tr>
<tr><td><b>Test method</b></td>
<td width="30%"><b>Exception</b></td>
<td width="10%"><b>Time (seconds)</b></td>
<td><b>Instance</b></td>
</tr>
<tr>
<td title='TestCase.LdgScreen.LDGTesting.LDGTrailerWithProChangeDestination()'><b>LDGTrailerWithProChangeDestination</b><br>Test class: TestCase.LdgScreen.LDGTesting<br>Test method: ldg trailer with pro change destination, headload pro, click yes<br>Parameters: 813, RDWY, 124188, 211, 10, 10684, 79, , , 2016-02-17 06:57:00.0</td>
<td></td>
<td>25</td>
<td>TestCase.LdgScreen.LDGTesting@215a730d</td></tr>
<tr>
<td title='TestCase.LdgScreen.US2000119NewSubmitButtonLDG.LdgTrailerWithProChangeDestinationAddPRO()'><b>LdgTrailerWithProChangeDestinationAddPRO</b><br>Test class: TestCase.LdgScreen.US2000119NewSubmitButtonLDG<br>Parameters: 326, RDWY, 128118, 347, 2016-02-17 09:47:00.0</td>
<td></td>
<td>23</td>
<td>TestCase.LdgScreen.US2000119NewSubmitButtonLDG@3f9e9cbc</td></tr>
<tr>
<td title='TestCase.LdgScreen.US200091SmartEnterLDG.LdgTrailerWithoutProChangeDestinationAddPRO()'><b>LdgTrailerWithoutProChangeDestinationAddPRO</b><br>Test class: TestCase.LdgScreen.US200091SmartEnterLDG<br>Parameters: 324, RDWY, 904359, 100, 2016-06-24 17:08:27.0</td>
<td></td>
<td>27</td>
<td>TestCase.LdgScreen.US200091SmartEnterLDG@4276f4a9</td></tr>
<tr>
<td title='TestCase.LdgScreen.US2000119NewSubmitButtonLDG.LdgTrailerWithoutProNoChange()'><b>LdgTrailerWithoutProNoChange</b><br>Test class: TestCase.LdgScreen.US2000119NewSubmitButtonLDG<br>Parameters: 324, RDWY, 530615, 100, 2016-06-24 22:06:38.0</td>
<td></td>
<td>8</td>
<td>TestCase.LdgScreen.US2000119NewSubmitButtonLDG@3f9e9cbc</td></tr>
<tr>
<td title='TestCase.LdgScreen.LDGTesting.SetTrailerToLoadingNoShipments()'><b>SetTrailerToLoadingNoShipments</b><br>Test class: TestCase.LdgScreen.LDGTesting<br>Test method: trailer can transit to ldg but not in ldg without pro<br>Parameters: 180, RDWY, 89608, 2016-02-15 20:35:00.0</td>
<td></td>
<td>33</td>
<td>TestCase.LdgScreen.LDGTesting@215a730d</td></tr>
<tr>
<td title='TestCase.LdgScreen.US607PromptHeadloadOnDestinationChangeLDG.ldgTrailerWithoutProsClickNo()'><b>ldgTrailerWithoutProsClickNo</b><br>Test class: TestCase.LdgScreen.US607PromptHeadloadOnDestinationChangeLDG<br>Parameters: 875, EMHU, 243790, 112, , null, null</td>
<td></td>
<td>32</td>
<td>TestCase.LdgScreen.US607PromptHeadloadOnDestinationChangeLDG@39376b96</td></tr>
</table><p>
</body>
</html>