<!DOCTYPE html PUBLIC "-//W3C//DTD XHTML 1.1//EN" "http://www.w3.org/TR/xhtml11/DTD/xhtml11.dtd">
<html xmlns="http://www.w3.org/1999/xhtml"><head><title>TestNG Report</title><style type="text/css">table {margin-bottom:10px;border-collapse:collapse;empty-cells:show}th,td {border:1px solid #009;padding:.25em .5em}th {vertical-align:bottom}td {vertical-align:top}table a {font-weight:bold}.stripe td {background-color: #E6EBF9}.num {text-align:right}.passedodd td {background-color: #3F3}.passedeven td {background-color: #0A0}.skippedodd td {background-color: #DDD}.skippedeven td {background-color: #CCC}.failedodd td,.attn {background-color: #F33}.failedeven td,.stripe .attn {background-color: #D00}.stacktrace {white-space:pre;font-family:monospace}.totop {font-size:85%;text-align:center;border-bottom:2px solid #000}</style></head><body><table><tr><th>Test</th><th># Passed</th><th># Skipped</th><th># Failed</th><th>Time (ms)</th><th>Included Groups</th><th>Excluded Groups</th></tr><tr><th colspan="7">Default suite</th></tr><tr><td><a href="#t0">Default test</a></td><td class="num">0</td><td class="num">0</td><td class="num attn">8</td><td class="num">258,881</td><td></td><td></td></tr></table><table><thead><tr><th>Class</th><th>Method</th><th>Start</th><th>Time (ms)</th></tr></thead><tbody><tr><th colspan="4">Default suite</th></tr></tbody><tbody id="t0"><tr><th colspan="4">Default test &#8212; failed</th></tr><tr class="failedeven"><td rowspan="8">TestCase.MTYtesting.MTYScreenTesting</td><td><a href="#m0">SetTrailerWithoutProNotFromONHToMty</a></td><td rowspan="1">1471027520712</td><td rowspan="1">7830</td></tr><tr class="failedeven"><td><a href="#m1">SetTrailerWithoutProToMtyFromONH</a></td><td rowspan="1">1471027383052</td><td rowspan="1">8685</td></tr><tr class="failedeven"><td><a href="#m2">SmartEneterSetTrailerWithoutProToMtyFromONH</a></td><td rowspan="1">1471027497778</td><td rowspan="1">7496</td></tr><tr class="failedeven"><td><a href="#m3">SmartEneterSetTrailerWithoutProToMtyNOTFromONH</a></td><td rowspan="1">1471027614156</td><td rowspan="1">125</td></tr><tr class="failedeven"><td><a href="#m4">twoBlOBRAllShortFromONH</a></td><td rowspan="1">1471027412824</td><td rowspan="1">41389</td></tr><tr class="failedeven"><td><a href="#m5">twoBlOBRAllShortNOTFromONH</a></td><td rowspan="1">1471027575062</td><td rowspan="1">25204</td></tr><tr class="failedeven"><td><a href="#m6">twoBlOBRDockFromONH</a></td><td rowspan="1">1471027466858</td><td rowspan="1">17548</td></tr><tr class="failedeven"><td><a href="#m7">twoBlOBRDockNOTFromONH</a></td><td rowspan="1">1471027546324</td><td rowspan="1">15542</td></tr></tbody></table><h2>Default test</h2><h3 id="m0">TestCase.MTYtesting.MTYScreenTesting#SetTrailerWithoutProNotFromONHToMty</h3><table class="result"><tr class="param"><th>Parameter #1</th><th>Parameter #2</th><th>Parameter #3</th><th>Parameter #4</th><th>Parameter #5</th><th>Parameter #6</th><th>Parameter #7</th><th>Parameter #8</th></tr><tr class="param stripe"><td>854</td><td>RDWY</td><td>559908</td><td>854</td><td>90</td><td></td><td></td><td>2016-03-09 02:16:00.0</td></tr><tr><th colspan="8">Exception</th></tr><tr><td colspan="8"><div class="stacktrace">java.lang.AssertionError: The following asserts failed:
	Equipment_Status_Type_CD is wrong expected [MTY] but found [CLTG],
	Source_Create_ID is wrong expected [MTY] but found [TEC250],
	modify_id is wrong expected [UYR27B0] but found [null],
	eqps Mainframe_User_ID is wrong expected [UYR27B0] but found [E854MXS],
	5  Tue Mar 08 14:43:55 UTC 2016  Fri Aug 12 18:45:25 UTC 2016 expected [true] but found [false],
	6  Tue Mar 08 14:43:55 UTC 2016  Fri Aug 12 18:45:25 UTC 2016 expected [true] but found [false],
	equipment_status_ts   Wed Mar 09 02:16:00 UTC 2016  Fri Aug 12 07:36:00 UTC 2016 expected [true] but found [false],
	8  Tue Mar 08 14:43:55 UTC 2016  Fri Aug 12 18:45:25 UTC 2016 expected [true] but found [false],
	 eqp Mainframe_User_ID is wrong expected [UYR27B0] but found [OPSYS]
	at org.testng.asserts.SoftAssert.assertAll(SoftAssert.java:43)
	at TestCase.MTYtesting.MTYScreenTesting.SetTrailerWithoutProNotFromONHToMty(MTYScreenTesting.java:379)
	at sun.reflect.NativeMethodAccessorImpl.invoke0(Native Method)
	at sun.reflect.NativeMethodAccessorImpl.invoke(NativeMethodAccessorImpl.java:57)
	at sun.reflect.DelegatingMethodAccessorImpl.invoke(DelegatingMethodAccessorImpl.java:43)
	at java.lang.reflect.Method.invoke(Method.java:601)
	at org.testng.internal.MethodInvocationHelper.invokeMethod(MethodInvocationHelper.java:86)
	at org.testng.internal.Invoker.invokeMethod(Invoker.java:646)
	at org.testng.internal.Invoker.invokeTestMethod(Invoker.java:823)
	at org.testng.internal.Invoker.invokeTestMethods(Invoker.java:1131)
	at org.testng.internal.TestMethodWorker.invokeTestMethods(TestMethodWorker.java:129)
	at org.testng.internal.TestMethodWorker.run(TestMethodWorker.java:112)
	at org.testng.TestRunner.privateRun(TestRunner.java:778)
	at org.testng.TestRunner.run(TestRunner.java:632)
	at org.testng.SuiteRunner.runTest(SuiteRunner.java:366)
	at org.testng.SuiteRunner.runSequentially(SuiteRunner.java:361)
	at org.testng.SuiteRunner.privateRun(SuiteRunner.java:319)
	at org.testng.SuiteRunner.run(SuiteRunner.java:268)
	at org.testng.SuiteRunnerWorker.runSuite(SuiteRunnerWorker.java:52)
	at org.testng.SuiteRunnerWorker.run(SuiteRunnerWorker.java:86)
	at org.testng.TestNG.runSuitesSequentially(TestNG.java:1225)
	at org.testng.TestNG.runSuitesLocally(TestNG.java:1150)
	at org.testng.TestNG.runSuites(TestNG.java:1075)
	at org.testng.TestNG.run(TestNG.java:1047)
	at org.testng.remote.AbstractRemoteTestNG.run(AbstractRemoteTestNG.java:126)
	at org.testng.remote.RemoteTestNG.initAndRun(RemoteTestNG.java:137)
	at org.testng.remote.RemoteTestNG.main(RemoteTestNG.java:58)
</div></td></tr></table><p class="totop"><a href="#summary">back to summary</a></p><h3 id="m1">TestCase.MTYtesting.MTYScreenTesting#SetTrailerWithoutProToMtyFromONH</h3><table class="result"><tr class="param"><th>Parameter #1</th><th>Parameter #2</th><th>Parameter #3</th><th>Parameter #4</th><th>Parameter #5</th><th>Parameter #6</th><th>Parameter #7</th><th>Parameter #8</th></tr><tr class="param stripe"><td>522</td><td>RDWY</td><td>129914</td><td>522</td><td>95</td><td></td><td></td><td>2016-03-14 10:00:00.0</td></tr><tr><th colspan="8">Exception</th></tr><tr><td colspan="8"><div class="stacktrace">java.lang.AssertionError: The following asserts failed:
	Equipment_Status_Type_CD is wrong expected [MTY] but found [ARV],
	Source_Create_ID is wrong expected [MTY] but found [PCM608],
	modify_id is wrong expected [UYR27B0] but found [null],
	eqps Mainframe_User_ID is wrong expected [UYR27B0] but found [ER37JG],
	5  Mon Mar 14 09:57:58 UTC 2016  Fri Aug 12 18:43:07 UTC 2016 expected [true] but found [false],
	6  Mon Mar 14 09:57:58 UTC 2016  Fri Aug 12 18:43:07 UTC 2016 expected [true] but found [false],
	equipment_status_ts   Mon Mar 14 10:00:00 UTC 2016  Fri Aug 12 07:09:00 UTC 2016 expected [true] but found [false],
	8  Mon Mar 14 09:57:58 UTC 2016  Fri Aug 12 18:43:07 UTC 2016 expected [true] but found [false]
	at org.testng.asserts.SoftAssert.assertAll(SoftAssert.java:43)
	at TestCase.MTYtesting.MTYScreenTesting.SetTrailerWithoutProToMtyFromONH(MTYScreenTesting.java:272)
	at sun.reflect.NativeMethodAccessorImpl.invoke0(Native Method)
	at sun.reflect.NativeMethodAccessorImpl.invoke(NativeMethodAccessorImpl.java:57)
	at sun.reflect.DelegatingMethodAccessorImpl.invoke(DelegatingMethodAccessorImpl.java:43)
	at java.lang.reflect.Method.invoke(Method.java:601)
	at org.testng.internal.MethodInvocationHelper.invokeMethod(MethodInvocationHelper.java:86)
	at org.testng.internal.Invoker.invokeMethod(Invoker.java:646)
	at org.testng.internal.Invoker.invokeTestMethod(Invoker.java:823)
	at org.testng.internal.Invoker.invokeTestMethods(Invoker.java:1131)
	at org.testng.internal.TestMethodWorker.invokeTestMethods(TestMethodWorker.java:129)
	at org.testng.internal.TestMethodWorker.run(TestMethodWorker.java:112)
	at org.testng.TestRunner.privateRun(TestRunner.java:778)
	at org.testng.TestRunner.run(TestRunner.java:632)
	at org.testng.SuiteRunner.runTest(SuiteRunner.java:366)
	at org.testng.SuiteRunner.runSequentially(SuiteRunner.java:361)
	at org.testng.SuiteRunner.privateRun(SuiteRunner.java:319)
	at org.testng.SuiteRunner.run(SuiteRunner.java:268)
	at org.testng.SuiteRunnerWorker.runSuite(SuiteRunnerWorker.java:52)
	at org.testng.SuiteRunnerWorker.run(SuiteRunnerWorker.java:86)
	at org.testng.TestNG.runSuitesSequentially(TestNG.java:1225)
	at org.testng.TestNG.runSuitesLocally(TestNG.java:1150)
	at org.testng.TestNG.runSuites(TestNG.java:1075)
	at org.testng.TestNG.run(TestNG.java:1047)
	at org.testng.remote.AbstractRemoteTestNG.run(AbstractRemoteTestNG.java:126)
	at org.testng.remote.RemoteTestNG.initAndRun(RemoteTestNG.java:137)
	at org.testng.remote.RemoteTestNG.main(RemoteTestNG.java:58)
</div></td></tr></table><p class="totop"><a href="#summary">back to summary</a></p><h3 id="m2">TestCase.MTYtesting.MTYScreenTesting#SmartEneterSetTrailerWithoutProToMtyFromONH</h3><table class="result"><tr class="param"><th>Parameter #1</th><th>Parameter #2</th><th>Parameter #3</th><th>Parameter #4</th><th>Parameter #5</th><th>Parameter #6</th><th>Parameter #7</th><th>Parameter #8</th></tr><tr class="param stripe"><td>152</td><td>RDWY</td><td>281251</td><td>152</td><td>98</td><td></td><td></td><td>2016-03-16 15:53:00.0</td></tr><tr><th colspan="8">Exception</th></tr><tr><td colspan="8"><div class="stacktrace">java.lang.AssertionError: The following asserts failed:
	Equipment_Status_Type_CD is wrong expected [MTY] but found [ARV],
	Source_Create_ID is wrong expected [MTY] but found [PCM608],
	5  Wed Mar 16 15:53:44 UTC 2016  Fri Aug 12 18:45:01 UTC 2016 expected [true] but found [false],
	6  Wed Mar 16 15:53:44 UTC 2016  Fri Aug 12 18:45:01 UTC 2016 expected [true] but found [false],
	equipment_status_ts   Wed Mar 16 15:53:00 UTC 2016  Fri Aug 12 06:45:00 UTC 2016 expected [true] but found [false],
	8  Wed Mar 16 15:53:44 UTC 2016  Fri Aug 12 18:45:01 UTC 2016 expected [true] but found [false]
	at org.testng.asserts.SoftAssert.assertAll(SoftAssert.java:43)
	at TestCase.MTYtesting.MTYScreenTesting.SmartEneterSetTrailerWithoutProToMtyFromONH(MTYScreenTesting.java:311)
	at sun.reflect.NativeMethodAccessorImpl.invoke0(Native Method)
	at sun.reflect.NativeMethodAccessorImpl.invoke(NativeMethodAccessorImpl.java:57)
	at sun.reflect.DelegatingMethodAccessorImpl.invoke(DelegatingMethodAccessorImpl.java:43)
	at java.lang.reflect.Method.invoke(Method.java:601)
	at org.testng.internal.MethodInvocationHelper.invokeMethod(MethodInvocationHelper.java:86)
	at org.testng.internal.Invoker.invokeMethod(Invoker.java:646)
	at org.testng.internal.Invoker.invokeTestMethod(Invoker.java:823)
	at org.testng.internal.Invoker.invokeTestMethods(Invoker.java:1131)
	at org.testng.internal.TestMethodWorker.invokeTestMethods(TestMethodWorker.java:129)
	at org.testng.internal.TestMethodWorker.run(TestMethodWorker.java:112)
	at org.testng.TestRunner.privateRun(TestRunner.java:778)
	at org.testng.TestRunner.run(TestRunner.java:632)
	at org.testng.SuiteRunner.runTest(SuiteRunner.java:366)
	at org.testng.SuiteRunner.runSequentially(SuiteRunner.java:361)
	at org.testng.SuiteRunner.privateRun(SuiteRunner.java:319)
	at org.testng.SuiteRunner.run(SuiteRunner.java:268)
	at org.testng.SuiteRunnerWorker.runSuite(SuiteRunnerWorker.java:52)
	at org.testng.SuiteRunnerWorker.run(SuiteRunnerWorker.java:86)
	at org.testng.TestNG.runSuitesSequentially(TestNG.java:1225)
	at org.testng.TestNG.runSuitesLocally(TestNG.java:1150)
	at org.testng.TestNG.runSuites(TestNG.java:1075)
	at org.testng.TestNG.run(TestNG.java:1047)
	at org.testng.remote.AbstractRemoteTestNG.run(AbstractRemoteTestNG.java:126)
	at org.testng.remote.RemoteTestNG.initAndRun(RemoteTestNG.java:137)
	at org.testng.remote.RemoteTestNG.main(RemoteTestNG.java:58)
</div></td></tr></table><p class="totop"><a href="#summary">back to summary</a></p><h3 id="m3">TestCase.MTYtesting.MTYScreenTesting#SmartEneterSetTrailerWithoutProToMtyNOTFromONH</h3><table class="result"><tr class="param"><th>Parameter #1</th><th>Parameter #2</th><th>Parameter #3</th><th>Parameter #4</th><th>Parameter #5</th><th>Parameter #6</th><th>Parameter #7</th><th>Parameter #8</th></tr><tr class="param stripe"><td>153</td><td>RDWY</td><td>277381</td><td>153</td><td>95</td><td></td><td></td><td>2016-03-17 08:07:00.0</td></tr><tr><th colspan="8">Exception</th></tr><tr><td colspan="8"><div class="stacktrace">org.openqa.selenium.InvalidElementStateException: invalid element state: Element is not currently interactable and may not be manipulated
  (Session info: chrome=52.0.2743.116)
  (Driver info: chromedriver=2.23.409699 (49b0fa931cda1caad0ae15b7d1b68004acd05129),platform=Windows NT 6.1.7601 SP1 x86_64) (WARNING: The server did not provide any stacktrace information)
Command duration or timeout: 27 milliseconds
Build info: version: &apos;2.48.2&apos;, revision: &apos;41bccdd&apos;, time: &apos;2015-10-09 19:59:12&apos;
System info: host: &apos;N700278&apos;, ip: &apos;10.51.202.134&apos;, os.name: &apos;Windows 7&apos;, os.arch: &apos;amd64&apos;, os.version: &apos;6.1&apos;, java.version: &apos;1.7.0_06&apos;
Session ID: 01d0520cd908a1f166e9ba74d0fdf967
Driver info: org.openqa.selenium.chrome.ChromeDriver
Capabilities [{platform=XP, acceptSslCerts=true, javascriptEnabled=true, browserName=chrome, chrome={userDataDir=C:\Users\uyr27b0\AppData\Local\Temp\scoped_dir9332_8768, chromedriverVersion=2.23.409699 (49b0fa931cda1caad0ae15b7d1b68004acd05129)}, networkConnectionEnabled=false, rotatable=false, locationContextEnabled=true, mobileEmulationEnabled=false, version=52.0.2743.116, takesHeapSnapshot=true, databaseEnabled=false, cssSelectorsEnabled=true, handlesAlerts=true, browserConnectionEnabled=false, webStorageEnabled=true, nativeEvents=true, hasTouchScreen=false, applicationCacheEnabled=false, takesScreenshot=true}]
	at sun.reflect.NativeConstructorAccessorImpl.newInstance0(Native Method)
	at sun.reflect.NativeConstructorAccessorImpl.newInstance(NativeConstructorAccessorImpl.java:57)
	at sun.reflect.DelegatingConstructorAccessorImpl.newInstance(DelegatingConstructorAccessorImpl.java:45)
	at java.lang.reflect.Constructor.newInstance(Constructor.java:525)
	at org.openqa.selenium.remote.ErrorHandler.createThrowable(ErrorHandler.java:206)
	at org.openqa.selenium.remote.ErrorHandler.throwIfResponseFailed(ErrorHandler.java:158)
	at org.openqa.selenium.remote.RemoteWebDriver.execute(RemoteWebDriver.java:647)
	at org.openqa.selenium.remote.RemoteWebElement.execute(RemoteWebElement.java:326)
	at org.openqa.selenium.remote.RemoteWebElement.clear(RemoteWebElement.java:139)
	at sun.reflect.GeneratedMethodAccessor5.invoke(Unknown Source)
	at sun.reflect.DelegatingMethodAccessorImpl.invoke(DelegatingMethodAccessorImpl.java:43)
	at java.lang.reflect.Method.invoke(Method.java:601)
	at org.openqa.selenium.support.pagefactory.internal.LocatingElementHandler.invoke(LocatingElementHandler.java:51)
	at $Proxy11.clear(Unknown Source)
	at Page.EqpStatusPageS.SetLocation(EqpStatusPageS.java:475)
	at TestCase.MTYtesting.MTYScreenTesting.SmartEneterSetTrailerWithoutProToMtyNOTFromONH(MTYScreenTesting.java:536)
	at sun.reflect.NativeMethodAccessorImpl.invoke0(Native Method)
	at sun.reflect.NativeMethodAccessorImpl.invoke(NativeMethodAccessorImpl.java:57)
	at sun.reflect.DelegatingMethodAccessorImpl.invoke(DelegatingMethodAccessorImpl.java:43)
	at java.lang.reflect.Method.invoke(Method.java:601)
	at org.testng.internal.MethodInvocationHelper.invokeMethod(MethodInvocationHelper.java:86)
	at org.testng.internal.Invoker.invokeMethod(Invoker.java:646)
	at org.testng.internal.Invoker.invokeTestMethod(Invoker.java:823)
	at org.testng.internal.Invoker.invokeTestMethods(Invoker.java:1131)
	at org.testng.internal.TestMethodWorker.invokeTestMethods(TestMethodWorker.java:129)
	at org.testng.internal.TestMethodWorker.run(TestMethodWorker.java:112)
	at org.testng.TestRunner.privateRun(TestRunner.java:778)
	at org.testng.TestRunner.run(TestRunner.java:632)
	at org.testng.SuiteRunner.runTest(SuiteRunner.java:366)
	at org.testng.SuiteRunner.runSequentially(SuiteRunner.java:361)
	at org.testng.SuiteRunner.privateRun(SuiteRunner.java:319)
	at org.testng.SuiteRunner.run(SuiteRunner.java:268)
	at org.testng.SuiteRunnerWorker.runSuite(SuiteRunnerWorker.java:52)
	at org.testng.SuiteRunnerWorker.run(SuiteRunnerWorker.java:86)
	at org.testng.TestNG.runSuitesSequentially(TestNG.java:1225)
	at org.testng.TestNG.runSuitesLocally(TestNG.java:1150)
	at org.testng.TestNG.runSuites(TestNG.java:1075)
	at org.testng.TestNG.run(TestNG.java:1047)
	at org.testng.remote.AbstractRemoteTestNG.run(AbstractRemoteTestNG.java:126)
	at org.testng.remote.RemoteTestNG.initAndRun(RemoteTestNG.java:137)
	at org.testng.remote.RemoteTestNG.main(RemoteTestNG.java:58)
</div></td></tr></table><p class="totop"><a href="#summary">back to summary</a></p><h3 id="m4">TestCase.MTYtesting.MTYScreenTesting#twoBlOBRAllShortFromONH</h3><table class="result"><tr class="param"><th>Parameter #1</th><th>Parameter #2</th><th>Parameter #3</th><th>Parameter #4</th><th>Parameter #5</th><th>Parameter #6</th><th>Parameter #7</th><th>Parameter #8</th></tr><tr class="param stripe"><td>324</td><td>RDWY</td><td>279402</td><td>653</td><td>98</td><td>13</td><td>13372</td><td>2016-03-17 05:27:00.0</td></tr><tr><th colspan="8">Exception</th></tr><tr><td colspan="8"><div class="stacktrace">java.lang.AssertionError: The following asserts failed:
	Equipment_Status_Type_CD is wrong expected [MTY] but found [ARR],
	Source_Create_ID is wrong expected [MTY] but found [PCM608],
	5  Thu Mar 17 05:27:46 UTC 2016  Fri Aug 12 18:44:09 UTC 2016 expected [true] but found [false],
	6  Thu Mar 17 05:27:46 UTC 2016  Fri Aug 12 18:44:09 UTC 2016 expected [true] but found [false],
	equipment_status_ts   Thu Mar 17 05:27:00 UTC 2016  Fri Aug 12 17:43:00 UTC 2016 expected [true] but found [false],
	8  Thu Mar 17 05:27:46 UTC 2016  Fri Aug 12 18:44:09 UTC 2016 expected [true] but found [false],
	waybill scac is wrong  4969924027 expected [true] but found [false],
	waybill equipment_unit_nb is wrong  4969924027 expected [true] but found [false],
	waybill source_modify_id is wrong  4969924027 expected [LOBR] but found [CAR061],
	waybill table waybill system_modify_ts  Wed Jun 22 15:27:19 UTC 2016  Fri Aug 12 18:44:09 UTC 2016     4969924027 expected [true] but found [false],
	waybill  From_Facility_CD is wrong4969924027 expected [true] but found [false],
	waybill To_Facility_CD is wrong4969924027 expected [324] but found [null],
	waybill  From_Standard_Carrier_Alpha_CD is wrong4969924027 expected [RDWY] but found [null],
	waybill  From_Equipment_Unit_NB is wrong4969924027 expected [279402] but found [null],
	waybill  To_Standard_Carrier_Alpha_CD is wrong4969924027 expected [true] but found [false],
	waybill  To_Equipment_Unit_NB is wrong4969924027 expected [true] but found [false],
	waybill  Waybill_Transaction_Type_NM is wrong4969924027 expected [UNLOADING] but found [LOADING],
	waybill table Waybill_Transaction_End_TS  Wed Mar 16 18:47:00 UTC 2016  Fri Aug 12 18:44:09 UTC 2016     4969924027 expected [true] but found [false],
	waybill scac is wrong  3400238920 expected [true] but found [false],
	waybill equipment_unit_nb is wrong  3400238920 expected [true] but found [false],
	waybill source_modify_id is wrong  3400238920 expected [LOBR] but found [CAR061],
	waybill table waybill system_modify_ts  Wed Jun 22 15:43:21 UTC 2016  Fri Aug 12 18:44:09 UTC 2016     3400238920 expected [true] but found [false],
	waybill  From_Facility_CD is wrong3400238920 expected [true] but found [false],
	waybill To_Facility_CD is wrong3400238920 expected [324] but found [null],
	waybill  From_Standard_Carrier_Alpha_CD is wrong3400238920 expected [RDWY] but found [null],
	waybill  From_Equipment_Unit_NB is wrong3400238920 expected [279402] but found [null],
	waybill  To_Standard_Carrier_Alpha_CD is wrong3400238920 expected [true] but found [false],
	waybill  To_Equipment_Unit_NB is wrong3400238920 expected [true] but found [false],
	waybill  Waybill_Transaction_Type_NM is wrong3400238920 expected [UNLOADING] but found [LOADING],
	waybill table Waybill_Transaction_End_TS  Wed Mar 16 18:48:00 UTC 2016  Fri Aug 12 18:44:09 UTC 2016     3400238920 expected [true] but found [false],
	waybill scac is wrong  4994795212 expected [true] but found [false],
	waybill equipment_unit_nb is wrong  4994795212 expected [true] but found [false],
	waybill source_modify_id is wrong  4994795212 expected [LOBR] but found [CAR061],
	waybill table waybill system_modify_ts  Wed Jun 22 16:10:20 UTC 2016  Fri Aug 12 18:44:09 UTC 2016     4994795212 expected [true] but found [false],
	waybill  From_Facility_CD is wrong4994795212 expected [true] but found [false],
	waybill To_Facility_CD is wrong4994795212 expected [324] but found [null],
	waybill  From_Standard_Carrier_Alpha_CD is wrong4994795212 expected [RDWY] but found [null],
	waybill  From_Equipment_Unit_NB is wrong4994795212 expected [279402] but found [null],
	waybill  To_Standard_Carrier_Alpha_CD is wrong4994795212 expected [true] but found [false],
	waybill  To_Equipment_Unit_NB is wrong4994795212 expected [true] but found [false],
	waybill  Waybill_Transaction_Type_NM is wrong4994795212 expected [UNLOADING] but found [LOADING],
	waybill table Waybill_Transaction_End_TS  Wed Mar 16 18:51:00 UTC 2016  Fri Aug 12 18:44:09 UTC 2016     4994795212 expected [true] but found [false],
	waybill scac is wrong  4823910464 expected [true] but found [false],
	waybill equipment_unit_nb is wrong  4823910464 expected [true] but found [false],
	waybill source_modify_id is wrong  4823910464 expected [LOBR] but found [CAR061],
	waybill table waybill system_modify_ts  Wed Jun 22 15:44:33 UTC 2016  Fri Aug 12 18:44:09 UTC 2016     4823910464 expected [true] but found [false],
	waybill  From_Facility_CD is wrong4823910464 expected [true] but found [false],
	waybill To_Facility_CD is wrong4823910464 expected [324] but found [null],
	waybill  From_Standard_Carrier_Alpha_CD is wrong4823910464 expected [RDWY] but found [null],
	waybill  From_Equipment_Unit_NB is wrong4823910464 expected [279402] but found [null],
	waybill  To_Standard_Carrier_Alpha_CD is wrong4823910464 expected [true] but found [false],
	waybill  To_Equipment_Unit_NB is wrong4823910464 expected [true] but found [false],
	waybill  Waybill_Transaction_Type_NM is wrong4823910464 expected [UNLOADING] but found [LOADING],
	waybill table Waybill_Transaction_End_TS  Wed Mar 16 18:56:00 UTC 2016  Fri Aug 12 18:44:09 UTC 2016     4823910464 expected [true] but found [false],
	waybill scac is wrong  4464736088 expected [true] but found [false],
	waybill equipment_unit_nb is wrong  4464736088 expected [true] but found [false],
	waybill source_modify_id is wrong  4464736088 expected [LOBR] but found [CAR061],
	waybill table waybill system_modify_ts  Wed Jun 22 16:06:48 UTC 2016  Fri Aug 12 18:44:09 UTC 2016     4464736088 expected [true] but found [false],
	waybill  From_Facility_CD is wrong4464736088 expected [true] but found [false],
	waybill To_Facility_CD is wrong4464736088 expected [324] but found [null],
	waybill  From_Standard_Carrier_Alpha_CD is wrong4464736088 expected [RDWY] but found [null],
	waybill  From_Equipment_Unit_NB is wrong4464736088 expected [279402] but found [null],
	waybill  To_Standard_Carrier_Alpha_CD is wrong4464736088 expected [true] but found [false],
	waybill  To_Equipment_Unit_NB is wrong4464736088 expected [true] but found [false],
	waybill  Waybill_Transaction_Type_NM is wrong4464736088 expected [UNLOADING] but found [LOADING],
	waybill table Waybill_Transaction_End_TS  Wed Mar 16 19:14:00 UTC 2016  Fri Aug 12 18:44:09 UTC 2016     4464736088 expected [true] but found [false],
	waybill scac is wrong  4994774817 expected [true] but found [false],
	waybill equipment_unit_nb is wrong  4994774817 expected [true] but found [false],
	waybill source_modify_id is wrong  4994774817 expected [LOBR] but found [CAR061],
	waybill table waybill system_modify_ts  Wed Jun 22 16:07:50 UTC 2016  Fri Aug 12 18:44:09 UTC 2016     4994774817 expected [true] but found [false],
	waybill  From_Facility_CD is wrong4994774817 expected [true] but found [false],
	waybill To_Facility_CD is wrong4994774817 expected [324] but found [null],
	waybill  From_Standard_Carrier_Alpha_CD is wrong4994774817 expected [RDWY] but found [null],
	waybill  From_Equipment_Unit_NB is wrong4994774817 expected [279402] but found [null],
	waybill  To_Standard_Carrier_Alpha_CD is wrong4994774817 expected [true] but found [false],
	waybill  To_Equipment_Unit_NB is wrong4994774817 expected [true] but found [false],
	waybill  Waybill_Transaction_Type_NM is wrong4994774817 expected [UNLOADING] but found [LOADING],
	waybill table Waybill_Transaction_End_TS  Wed Mar 16 19:15:00 UTC 2016  Fri Aug 12 18:44:09 UTC 2016     4994774817 expected [true] but found [false],
	waybill scac is wrong  4998842855 expected [true] but found [false],
	waybill equipment_unit_nb is wrong  4998842855 expected [true] but found [false],
	waybill source_modify_id is wrong  4998842855 expected [LOBR] but found [CAR061],
	waybill table waybill system_modify_ts  Wed Jun 22 15:46:54 UTC 2016  Fri Aug 12 18:44:09 UTC 2016     4998842855 expected [true] but found [false],
	waybill  From_Facility_CD is wrong4998842855 expected [true] but found [false],
	waybill To_Facility_CD is wrong4998842855 expected [324] but found [null],
	waybill  From_Standard_Carrier_Alpha_CD is wrong4998842855 expected [RDWY] but found [null],
	waybill  From_Equipment_Unit_NB is wrong4998842855 expected [279402] but found [null],
	waybill  To_Standard_Carrier_Alpha_CD is wrong4998842855 expected [true] but found [false],
	waybill  To_Equipment_Unit_NB is wrong4998842855 expected [true] but found [false],
	waybill  Waybill_Transaction_Type_NM is wrong4998842855 expected [UNLOADING] but found [LOADING],
	waybill table Waybill_Transaction_End_TS  Wed Mar 16 19:19:00 UTC 2016  Fri Aug 12 18:44:09 UTC 2016     4998842855 expected [true] but found [false],
	waybill scac is wrong  4933594874 expected [true] but found [false],
	waybill equipment_unit_nb is wrong  4933594874 expected [true] but found [false],
	waybill source_modify_id is wrong  4933594874 expected [LOBR] but found [CAR061],
	waybill table waybill system_modify_ts  Wed Jun 22 15:43:40 UTC 2016  Fri Aug 12 18:44:09 UTC 2016     4933594874 expected [true] but found [false],
	waybill  From_Facility_CD is wrong4933594874 expected [true] but found [false],
	waybill To_Facility_CD is wrong4933594874 expected [324] but found [null],
	waybill  From_Standard_Carrier_Alpha_CD is wrong4933594874 expected [RDWY] but found [null],
	waybill  From_Equipment_Unit_NB is wrong4933594874 expected [279402] but found [null],
	waybill  To_Standard_Carrier_Alpha_CD is wrong4933594874 expected [true] but found [false],
	waybill  To_Equipment_Unit_NB is wrong4933594874 expected [true] but found [false],
	waybill  Waybill_Transaction_Type_NM is wrong4933594874 expected [UNLOADING] but found [LOADING],
	waybill table Waybill_Transaction_End_TS  Wed Mar 16 19:20:00 UTC 2016  Fri Aug 12 18:44:09 UTC 2016     4933594874 expected [true] but found [false],
	waybill scac is wrong  4998829976 expected [true] but found [false],
	waybill equipment_unit_nb is wrong  4998829976 expected [true] but found [false],
	waybill source_modify_id is wrong  4998829976 expected [LOBR] but found [CAR061],
	waybill table waybill system_modify_ts  Wed Jun 22 16:10:10 UTC 2016  Fri Aug 12 18:44:09 UTC 2016     4998829976 expected [true] but found [false],
	waybill  From_Facility_CD is wrong4998829976 expected [true] but found [false],
	waybill To_Facility_CD is wrong4998829976 expected [324] but found [null],
	waybill  From_Standard_Carrier_Alpha_CD is wrong4998829976 expected [RDWY] but found [null],
	waybill  From_Equipment_Unit_NB is wrong4998829976 expected [279402] but found [null],
	waybill  To_Standard_Carrier_Alpha_CD is wrong4998829976 expected [true] but found [false],
	waybill  To_Equipment_Unit_NB is wrong4998829976 expected [true] but found [false],
	waybill  Waybill_Transaction_Type_NM is wrong4998829976 expected [UNLOADING] but found [LOADING],
	waybill table Waybill_Transaction_End_TS  Wed Mar 16 19:21:00 UTC 2016  Fri Aug 12 18:44:09 UTC 2016     4998829976 expected [true] but found [false],
	waybill scac is wrong  253674147X expected [true] but found [false],
	waybill equipment_unit_nb is wrong  253674147X expected [true] but found [false],
	waybill source_modify_id is wrong  253674147X expected [LOBR] but found [CAR061],
	waybill table waybill system_modify_ts  Wed Jun 22 15:42:29 UTC 2016  Fri Aug 12 18:44:09 UTC 2016     253674147X expected [true] but found [false],
	waybill  From_Facility_CD is wrong253674147X expected [true] but found [false],
	waybill To_Facility_CD is wrong253674147X expected [324] but found [null],
	waybill  From_Standard_Carrier_Alpha_CD is wrong253674147X expected [RDWY] but found [null],
	waybill  From_Equipment_Unit_NB is wrong253674147X expected [279402] but found [null],
	waybill  To_Standard_Carrier_Alpha_CD is wrong253674147X expected [true] but found [false],
	waybill  To_Equipment_Unit_NB is wrong253674147X expected [true] but found [false],
	waybill  Waybill_Transaction_Type_NM is wrong253674147X expected [UNLOADING] but found [LOADING],
	waybill table Waybill_Transaction_End_TS  Wed Mar 16 19:22:00 UTC 2016  Fri Aug 12 18:44:09 UTC 2016     253674147X expected [true] but found [false],
	waybill scac is wrong  4956664626 expected [true] but found [false],
	waybill equipment_unit_nb is wrong  4956664626 expected [true] but found [false],
	waybill source_modify_id is wrong  4956664626 expected [LOBR] but found [CAR061],
	waybill table waybill system_modify_ts  Wed Jun 22 15:51:02 UTC 2016  Fri Aug 12 18:44:09 UTC 2016     4956664626 expected [true] but found [false],
	waybill  From_Facility_CD is wrong4956664626 expected [true] but found [false],
	waybill To_Facility_CD is wrong4956664626 expected [324] but found [null],
	waybill  From_Standard_Carrier_Alpha_CD is wrong4956664626 expected [RDWY] but found [null],
	waybill  From_Equipment_Unit_NB is wrong4956664626 expected [279402] but found [null],
	waybill  To_Standard_Carrier_Alpha_CD is wrong4956664626 expected [true] but found [false],
	waybill  To_Equipment_Unit_NB is wrong4956664626 expected [true] but found [false],
	waybill  Waybill_Transaction_Type_NM is wrong4956664626 expected [UNLOADING] but found [LOADING],
	waybill table Waybill_Transaction_End_TS  Wed Mar 16 20:02:00 UTC 2016  Fri Aug 12 18:44:09 UTC 2016     4956664626 expected [true] but found [false],
	waybill scac is wrong  4939944826 expected [true] but found [false],
	waybill equipment_unit_nb is wrong  4939944826 expected [true] but found [false],
	waybill source_modify_id is wrong  4939944826 expected [LOBR] but found [CAR061],
	waybill table waybill system_modify_ts  Wed Jun 22 15:54:12 UTC 2016  Fri Aug 12 18:44:09 UTC 2016     4939944826 expected [true] but found [false],
	waybill  From_Facility_CD is wrong4939944826 expected [true] but found [false],
	waybill To_Facility_CD is wrong4939944826 expected [324] but found [null],
	waybill  From_Standard_Carrier_Alpha_CD is wrong4939944826 expected [RDWY] but found [null],
	waybill  From_Equipment_Unit_NB is wrong4939944826 expected [279402] but found [null],
	waybill  To_Standard_Carrier_Alpha_CD is wrong4939944826 expected [true] but found [false],
	waybill  To_Equipment_Unit_NB is wrong4939944826 expected [true] but found [false],
	waybill  Waybill_Transaction_Type_NM is wrong4939944826 expected [UNLOADING] but found [LOADING],
	waybill table Waybill_Transaction_End_TS  Wed Mar 16 21:19:00 UTC 2016  Fri Aug 12 18:44:09 UTC 2016     4939944826 expected [true] but found [false],
	waybill scac is wrong  919071116X expected [true] but found [false],
	waybill equipment_unit_nb is wrong  919071116X expected [true] but found [false],
	waybill source_modify_id is wrong  919071116X expected [LOBR] but found [CAR061],
	waybill table waybill system_modify_ts  Wed Jun 22 15:32:23 UTC 2016  Fri Aug 12 18:44:09 UTC 2016     919071116X expected [true] but found [false],
	waybill  From_Facility_CD is wrong919071116X expected [true] but found [false],
	waybill To_Facility_CD is wrong919071116X expected [324] but found [null],
	waybill  From_Standard_Carrier_Alpha_CD is wrong919071116X expected [RDWY] but found [null],
	waybill  From_Equipment_Unit_NB is wrong919071116X expected [279402] but found [null],
	waybill  To_Standard_Carrier_Alpha_CD is wrong919071116X expected [true] but found [false],
	waybill  To_Equipment_Unit_NB is wrong919071116X expected [true] but found [false],
	waybill  Waybill_Transaction_Type_NM is wrong919071116X expected [UNLOADING] but found [LOADING],
	waybill table Waybill_Transaction_End_TS  Wed Mar 16 23:08:00 UTC 2016  Fri Aug 12 18:44:09 UTC 2016     919071116X expected [true] but found [false]
	at org.testng.asserts.SoftAssert.assertAll(SoftAssert.java:43)
	at TestCase.MTYtesting.MTYScreenTesting.twoBlOBRAllShortFromONH(MTYScreenTesting.java:207)
	at sun.reflect.NativeMethodAccessorImpl.invoke0(Native Method)
	at sun.reflect.NativeMethodAccessorImpl.invoke(NativeMethodAccessorImpl.java:57)
	at sun.reflect.DelegatingMethodAccessorImpl.invoke(DelegatingMethodAccessorImpl.java:43)
	at java.lang.reflect.Method.invoke(Method.java:601)
	at org.testng.internal.MethodInvocationHelper.invokeMethod(MethodInvocationHelper.java:86)
	at org.testng.internal.Invoker.invokeMethod(Invoker.java:646)
	at org.testng.internal.Invoker.invokeTestMethod(Invoker.java:823)
	at org.testng.internal.Invoker.invokeTestMethods(Invoker.java:1131)
	at org.testng.internal.TestMethodWorker.invokeTestMethods(TestMethodWorker.java:129)
	at org.testng.internal.TestMethodWorker.run(TestMethodWorker.java:112)
	at org.testng.TestRunner.privateRun(TestRunner.java:778)
	at org.testng.TestRunner.run(TestRunner.java:632)
	at org.testng.SuiteRunner.runTest(SuiteRunner.java:366)
	at org.testng.SuiteRunner.runSequentially(SuiteRunner.java:361)
	at org.testng.SuiteRunner.privateRun(SuiteRunner.java:319)
	at org.testng.SuiteRunner.run(SuiteRunner.java:268)
	at org.testng.SuiteRunnerWorker.runSuite(SuiteRunnerWorker.java:52)
	at org.testng.SuiteRunnerWorker.run(SuiteRunnerWorker.java:86)
	at org.testng.TestNG.runSuitesSequentially(TestNG.java:1225)
	at org.testng.TestNG.runSuitesLocally(TestNG.java:1150)
	at org.testng.TestNG.runSuites(TestNG.java:1075)
	at org.testng.TestNG.run(TestNG.java:1047)
	at org.testng.remote.AbstractRemoteTestNG.run(AbstractRemoteTestNG.java:126)
	at org.testng.remote.RemoteTestNG.initAndRun(RemoteTestNG.java:137)
	at org.testng.remote.RemoteTestNG.main(RemoteTestNG.java:58)
</div></td></tr></table><p class="totop"><a href="#summary">back to summary</a></p><h3 id="m5">TestCase.MTYtesting.MTYScreenTesting#twoBlOBRAllShortNOTFromONH</h3><table class="result"><tr class="param"><th>Parameter #1</th><th>Parameter #2</th><th>Parameter #3</th><th>Parameter #4</th><th>Parameter #5</th><th>Parameter #6</th><th>Parameter #7</th><th>Parameter #8</th></tr><tr class="param stripe"><td>431</td><td>RDWY</td><td>278218</td><td>521</td><td>90</td><td>11</td><td>16101</td><td>2016-03-17 03:08:00.0</td></tr><tr><th colspan="8">Exception</th></tr><tr><td colspan="8"><div class="stacktrace">org.openqa.selenium.TimeoutException: Timed out after 10 seconds waiting for text (&apos;Set Trailer Status Empty&apos;) to be present in element [[ChromeDriver: chrome on XP (01d0520cd908a1f166e9ba74d0fdf967)] -&gt; xpath: .//*[@id=&apos;mainBody&apos;]/h3]
Build info: version: &apos;2.48.2&apos;, revision: &apos;41bccdd&apos;, time: &apos;2015-10-09 19:59:12&apos;
System info: host: &apos;N700278&apos;, ip: &apos;10.51.202.134&apos;, os.name: &apos;Windows 7&apos;, os.arch: &apos;amd64&apos;, os.version: &apos;6.1&apos;, java.version: &apos;1.7.0_06&apos;
Session ID: 01d0520cd908a1f166e9ba74d0fdf967
Driver info: org.openqa.selenium.chrome.ChromeDriver
Capabilities [{platform=XP, acceptSslCerts=true, javascriptEnabled=true, browserName=chrome, chrome={userDataDir=C:\Users\uyr27b0\AppData\Local\Temp\scoped_dir9332_8768, chromedriverVersion=2.23.409699 (49b0fa931cda1caad0ae15b7d1b68004acd05129)}, networkConnectionEnabled=false, rotatable=false, locationContextEnabled=true, mobileEmulationEnabled=false, version=52.0.2743.116, takesHeapSnapshot=true, databaseEnabled=false, cssSelectorsEnabled=true, handlesAlerts=true, browserConnectionEnabled=false, webStorageEnabled=true, nativeEvents=true, hasTouchScreen=false, applicationCacheEnabled=false, takesScreenshot=true}]
	at org.openqa.selenium.support.ui.WebDriverWait.timeoutException(WebDriverWait.java:80)
	at org.openqa.selenium.support.ui.FluentWait.until(FluentWait.java:261)
	at TestCase.MTYtesting.MTYScreenTesting.twoBlOBRAllShortNOTFromONH(MTYScreenTesting.java:481)
	at sun.reflect.NativeMethodAccessorImpl.invoke0(Native Method)
	at sun.reflect.NativeMethodAccessorImpl.invoke(NativeMethodAccessorImpl.java:57)
	at sun.reflect.DelegatingMethodAccessorImpl.invoke(DelegatingMethodAccessorImpl.java:43)
	at java.lang.reflect.Method.invoke(Method.java:601)
	at org.testng.internal.MethodInvocationHelper.invokeMethod(MethodInvocationHelper.java:86)
	at org.testng.internal.Invoker.invokeMethod(Invoker.java:646)
	at org.testng.internal.Invoker.invokeTestMethod(Invoker.java:823)
	at org.testng.internal.Invoker.invokeTestMethods(Invoker.java:1131)
	at org.testng.internal.TestMethodWorker.invokeTestMethods(TestMethodWorker.java:129)
	at org.testng.internal.TestMethodWorker.run(TestMethodWorker.java:112)
	at org.testng.TestRunner.privateRun(TestRunner.java:778)
	at org.testng.TestRunner.run(TestRunner.java:632)
	at org.testng.SuiteRunner.runTest(SuiteRunner.java:366)
	at org.testng.SuiteRunner.runSequentially(SuiteRunner.java:361)
	at org.testng.SuiteRunner.privateRun(SuiteRunner.java:319)
	at org.testng.SuiteRunner.run(SuiteRunner.java:268)
	at org.testng.SuiteRunnerWorker.runSuite(SuiteRunnerWorker.java:52)
	at org.testng.SuiteRunnerWorker.run(SuiteRunnerWorker.java:86)
	at org.testng.TestNG.runSuitesSequentially(TestNG.java:1225)
	at org.testng.TestNG.runSuitesLocally(TestNG.java:1150)
	at org.testng.TestNG.runSuites(TestNG.java:1075)
	at org.testng.TestNG.run(TestNG.java:1047)
	at org.testng.remote.AbstractRemoteTestNG.run(AbstractRemoteTestNG.java:126)
	at org.testng.remote.RemoteTestNG.initAndRun(RemoteTestNG.java:137)
	at org.testng.remote.RemoteTestNG.main(RemoteTestNG.java:58)
</div></td></tr></table><p class="totop"><a href="#summary">back to summary</a></p><h3 id="m6">TestCase.MTYtesting.MTYScreenTesting#twoBlOBRDockFromONH</h3><table class="result"><tr class="param"><th>Parameter #1</th><th>Parameter #2</th><th>Parameter #3</th><th>Parameter #4</th><th>Parameter #5</th><th>Parameter #6</th><th>Parameter #7</th><th>Parameter #8</th></tr><tr class="param stripe"><td>309</td><td>RDWY</td><td>41421</td><td>309</td><td>90</td><td>5</td><td>3367</td><td>2016-03-17 05:11:00.0</td></tr><tr><th colspan="8">Exception</th></tr><tr><td colspan="8"><div class="stacktrace">java.lang.AssertionError: The following asserts failed:
	Equipment_Status_Type_CD is wrong expected [MTY] but found [ARV],
	Source_Create_ID is wrong expected [MTY] but found [PCM608],
	5  Thu Mar 17 05:13:56 UTC 2016  Fri Aug 12 18:44:36 UTC 2016 expected [true] but found [false],
	6  Thu Mar 17 05:13:56 UTC 2016  Fri Aug 12 18:44:36 UTC 2016 expected [true] but found [false],
	equipment_status_ts   Thu Mar 17 05:11:00 UTC 2016  Fri Aug 12 19:43:00 UTC 2016 expected [true] but found [false],
	8  Thu Mar 17 05:13:56 UTC 2016  Fri Aug 12 18:44:36 UTC 2016 expected [true] but found [false],
	waybill scac is wrong  4956659337 expected [true] but found [false],
	waybill equipment_unit_nb is wrong  4956659337 expected [true] but found [false],
	waybill source_modify_id is wrong  4956659337 expected [LOBR] but found [CAR061],
	waybill table waybill system_modify_ts  Wed Jun 22 16:15:35 UTC 2016  Fri Aug 12 18:44:36 UTC 2016     4956659337 expected [true] but found [false],
	waybill  From_Facility_CD is wrong4956659337 expected [true] but found [false],
	waybill To_Facility_CD is wrong4956659337 expected [309] but found [null],
	waybill  From_Standard_Carrier_Alpha_CD is wrong4956659337 expected [RDWY] but found [null],
	waybill  From_Equipment_Unit_NB is wrong4956659337 expected [41421] but found [null],
	waybill  To_Standard_Carrier_Alpha_CD is wrong4956659337 expected [true] but found [false],
	waybill  To_Equipment_Unit_NB is wrong4956659337 expected [true] but found [false],
	waybill  Waybill_Transaction_Type_NM is wrong4956659337 expected [UNLOADING] but found [LOADING],
	waybill table Waybill_Transaction_End_TS  Wed Mar 16 05:56:00 UTC 2016  Fri Aug 12 18:44:36 UTC 2016     4956659337 expected [true] but found [false],
	waybill scac is wrong  3138397218 expected [true] but found [false],
	waybill equipment_unit_nb is wrong  3138397218 expected [true] but found [false],
	waybill source_modify_id is wrong  3138397218 expected [LOBR] but found [CAR061],
	waybill table waybill system_modify_ts  Wed Jun 22 15:50:30 UTC 2016  Fri Aug 12 18:44:36 UTC 2016     3138397218 expected [true] but found [false],
	waybill  From_Facility_CD is wrong3138397218 expected [true] but found [false],
	waybill To_Facility_CD is wrong3138397218 expected [309] but found [null],
	waybill  From_Standard_Carrier_Alpha_CD is wrong3138397218 expected [RDWY] but found [null],
	waybill  From_Equipment_Unit_NB is wrong3138397218 expected [41421] but found [null],
	waybill  To_Standard_Carrier_Alpha_CD is wrong3138397218 expected [true] but found [false],
	waybill  To_Equipment_Unit_NB is wrong3138397218 expected [true] but found [false],
	waybill  Waybill_Transaction_Type_NM is wrong3138397218 expected [UNLOADING] but found [LOADING],
	waybill table Waybill_Transaction_End_TS  Wed Mar 16 21:37:00 UTC 2016  Fri Aug 12 18:44:36 UTC 2016     3138397218 expected [true] but found [false],
	waybill scac is wrong  4596984387 expected [true] but found [false],
	waybill equipment_unit_nb is wrong  4596984387 expected [true] but found [false],
	waybill source_modify_id is wrong  4596984387 expected [LOBR] but found [CAR061],
	waybill table waybill system_modify_ts  Wed Jun 22 16:02:03 UTC 2016  Fri Aug 12 18:44:36 UTC 2016     4596984387 expected [true] but found [false],
	waybill  From_Facility_CD is wrong4596984387 expected [true] but found [false],
	waybill To_Facility_CD is wrong4596984387 expected [309] but found [null],
	waybill  From_Standard_Carrier_Alpha_CD is wrong4596984387 expected [RDWY] but found [null],
	waybill  From_Equipment_Unit_NB is wrong4596984387 expected [41421] but found [null],
	waybill  To_Standard_Carrier_Alpha_CD is wrong4596984387 expected [true] but found [false],
	waybill  To_Equipment_Unit_NB is wrong4596984387 expected [true] but found [false],
	waybill  Waybill_Transaction_Type_NM is wrong4596984387 expected [UNLOADING] but found [LOADING],
	waybill table Waybill_Transaction_End_TS  Wed Mar 16 21:37:00 UTC 2016  Fri Aug 12 18:44:36 UTC 2016     4596984387 expected [true] but found [false],
	waybill scac is wrong  4596984396 expected [true] but found [false],
	waybill equipment_unit_nb is wrong  4596984396 expected [true] but found [false],
	waybill source_modify_id is wrong  4596984396 expected [LOBR] but found [CAR061],
	waybill table waybill system_modify_ts  Wed Jun 22 16:15:19 UTC 2016  Fri Aug 12 18:44:36 UTC 2016     4596984396 expected [true] but found [false],
	waybill  From_Facility_CD is wrong4596984396 expected [true] but found [false],
	waybill To_Facility_CD is wrong4596984396 expected [309] but found [null],
	waybill  From_Standard_Carrier_Alpha_CD is wrong4596984396 expected [RDWY] but found [null],
	waybill  From_Equipment_Unit_NB is wrong4596984396 expected [41421] but found [null],
	waybill  To_Standard_Carrier_Alpha_CD is wrong4596984396 expected [true] but found [false],
	waybill  To_Equipment_Unit_NB is wrong4596984396 expected [true] but found [false],
	waybill  Waybill_Transaction_Type_NM is wrong4596984396 expected [UNLOADING] but found [LOADING],
	waybill table Waybill_Transaction_End_TS  Wed Mar 16 21:37:00 UTC 2016  Fri Aug 12 18:44:36 UTC 2016     4596984396 expected [true] but found [false],
	waybill scac is wrong  4956773250 expected [true] but found [false],
	waybill equipment_unit_nb is wrong  4956773250 expected [true] but found [false],
	waybill source_modify_id is wrong  4956773250 expected [LOBR] but found [CAR061],
	waybill table waybill system_modify_ts  Wed Jun 22 16:07:51 UTC 2016  Fri Aug 12 18:44:36 UTC 2016     4956773250 expected [true] but found [false],
	waybill  From_Facility_CD is wrong4956773250 expected [true] but found [false],
	waybill To_Facility_CD is wrong4956773250 expected [309] but found [null],
	waybill  From_Standard_Carrier_Alpha_CD is wrong4956773250 expected [RDWY] but found [null],
	waybill  From_Equipment_Unit_NB is wrong4956773250 expected [41421] but found [null],
	waybill  To_Standard_Carrier_Alpha_CD is wrong4956773250 expected [true] but found [false],
	waybill  To_Equipment_Unit_NB is wrong4956773250 expected [true] but found [false],
	waybill  Waybill_Transaction_Type_NM is wrong4956773250 expected [UNLOADING] but found [LOADING],
	waybill table Waybill_Transaction_End_TS  Wed Mar 16 21:37:00 UTC 2016  Fri Aug 12 18:44:36 UTC 2016     4956773250 expected [true] but found [false]
	at org.testng.asserts.SoftAssert.assertAll(SoftAssert.java:43)
	at TestCase.MTYtesting.MTYScreenTesting.twoBlOBRDockFromONH(MTYScreenTesting.java:133)
	at sun.reflect.NativeMethodAccessorImpl.invoke0(Native Method)
	at sun.reflect.NativeMethodAccessorImpl.invoke(NativeMethodAccessorImpl.java:57)
	at sun.reflect.DelegatingMethodAccessorImpl.invoke(DelegatingMethodAccessorImpl.java:43)
	at java.lang.reflect.Method.invoke(Method.java:601)
	at org.testng.internal.MethodInvocationHelper.invokeMethod(MethodInvocationHelper.java:86)
	at org.testng.internal.Invoker.invokeMethod(Invoker.java:646)
	at org.testng.internal.Invoker.invokeTestMethod(Invoker.java:823)
	at org.testng.internal.Invoker.invokeTestMethods(Invoker.java:1131)
	at org.testng.internal.TestMethodWorker.invokeTestMethods(TestMethodWorker.java:129)
	at org.testng.internal.TestMethodWorker.run(TestMethodWorker.java:112)
	at org.testng.TestRunner.privateRun(TestRunner.java:778)
	at org.testng.TestRunner.run(TestRunner.java:632)
	at org.testng.SuiteRunner.runTest(SuiteRunner.java:366)
	at org.testng.SuiteRunner.runSequentially(SuiteRunner.java:361)
	at org.testng.SuiteRunner.privateRun(SuiteRunner.java:319)
	at org.testng.SuiteRunner.run(SuiteRunner.java:268)
	at org.testng.SuiteRunnerWorker.runSuite(SuiteRunnerWorker.java:52)
	at org.testng.SuiteRunnerWorker.run(SuiteRunnerWorker.java:86)
	at org.testng.TestNG.runSuitesSequentially(TestNG.java:1225)
	at org.testng.TestNG.runSuitesLocally(TestNG.java:1150)
	at org.testng.TestNG.runSuites(TestNG.java:1075)
	at org.testng.TestNG.run(TestNG.java:1047)
	at org.testng.remote.AbstractRemoteTestNG.run(AbstractRemoteTestNG.java:126)
	at org.testng.remote.RemoteTestNG.initAndRun(RemoteTestNG.java:137)
	at org.testng.remote.RemoteTestNG.main(RemoteTestNG.java:58)
</div></td></tr></table><p class="totop"><a href="#summary">back to summary</a></p><h3 id="m7">TestCase.MTYtesting.MTYScreenTesting#twoBlOBRDockNOTFromONH</h3><table class="result"><tr class="param"><th>Parameter #1</th><th>Parameter #2</th><th>Parameter #3</th><th>Parameter #4</th><th>Parameter #5</th><th>Parameter #6</th><th>Parameter #7</th><th>Parameter #8</th></tr><tr class="param stripe"><td>324</td><td>RDWY</td><td>291140</td><td>160</td><td>2</td><td>2</td><td>4556</td><td>2016-04-19 18:58:01.0</td></tr><tr><th colspan="8">Exception</th></tr><tr><td colspan="8"><div class="stacktrace">java.lang.AssertionError: The following asserts failed:
	Equipment_Status_Type_CD is wrong expected [MTY] but found [LDG],
	Source_Create_ID is wrong expected [MTY] but found [HRZ105],
	5  Tue Apr 19 18:58:53 UTC 2016  Fri Aug 12 18:45:57 UTC 2016 expected [true] but found [false],
	6  Tue Apr 19 18:58:53 UTC 2016  Fri Aug 12 18:45:57 UTC 2016 expected [true] but found [false],
	equipment_status_ts   Tue Apr 19 18:58:01 UTC 2016  Fri Aug 12 17:39:00 UTC 2016 expected [true] but found [false],
	8  Tue Apr 19 18:58:53 UTC 2016  Fri Aug 12 18:45:57 UTC 2016 expected [true] but found [false],
	waybill scac is wrong  5285437457 expected [true] but found [false],
	waybill equipment_unit_nb is wrong  5285437457 expected [true] but found [false],
	waybill source_modify_id is wrong  5285437457 expected [LOBR] but found [CAR061],
	waybill table waybill system_modify_ts  Wed Jun 22 15:49:46 UTC 2016  Fri Aug 12 18:45:57 UTC 2016     5285437457 expected [true] but found [false],
	waybill  From_Facility_CD is wrong5285437457 expected [true] but found [false],
	waybill To_Facility_CD is wrong5285437457 expected [324] but found [null],
	waybill  From_Standard_Carrier_Alpha_CD is wrong5285437457 expected [RDWY] but found [null],
	waybill  From_Equipment_Unit_NB is wrong5285437457 expected [291140] but found [null],
	waybill  To_Standard_Carrier_Alpha_CD is wrong5285437457 expected [true] but found [false],
	waybill  To_Equipment_Unit_NB is wrong5285437457 expected [true] but found [false],
	waybill  Waybill_Transaction_Type_NM is wrong5285437457 expected [UNLOADING] but found [LOADING],
	waybill table Waybill_Transaction_End_TS  Tue Apr 19 18:58:00 UTC 2016  Fri Aug 12 18:45:57 UTC 2016     5285437457 expected [true] but found [false],
	waybill scac is wrong  5285463343 expected [true] but found [false],
	waybill equipment_unit_nb is wrong  5285463343 expected [true] but found [false],
	waybill source_modify_id is wrong  5285463343 expected [LOBR] but found [CAR061],
	waybill table waybill system_modify_ts  Wed Jun 22 15:48:34 UTC 2016  Fri Aug 12 18:45:57 UTC 2016     5285463343 expected [true] but found [false],
	waybill  From_Facility_CD is wrong5285463343 expected [true] but found [false],
	waybill To_Facility_CD is wrong5285463343 expected [324] but found [null],
	waybill  From_Standard_Carrier_Alpha_CD is wrong5285463343 expected [RDWY] but found [null],
	waybill  From_Equipment_Unit_NB is wrong5285463343 expected [291140] but found [null],
	waybill  To_Standard_Carrier_Alpha_CD is wrong5285463343 expected [true] but found [false],
	waybill  To_Equipment_Unit_NB is wrong5285463343 expected [true] but found [false],
	waybill  Waybill_Transaction_Type_NM is wrong5285463343 expected [UNLOADING] but found [LOADING],
	waybill table Waybill_Transaction_End_TS  Tue Apr 19 18:58:00 UTC 2016  Fri Aug 12 18:45:57 UTC 2016     5285463343 expected [true] but found [false]
	at org.testng.asserts.SoftAssert.assertAll(SoftAssert.java:43)
	at TestCase.MTYtesting.MTYScreenTesting.twoBlOBRDockNOTFromONH(MTYScreenTesting.java:453)
	at sun.reflect.NativeMethodAccessorImpl.invoke0(Native Method)
	at sun.reflect.NativeMethodAccessorImpl.invoke(NativeMethodAccessorImpl.java:57)
	at sun.reflect.DelegatingMethodAccessorImpl.invoke(DelegatingMethodAccessorImpl.java:43)
	at java.lang.reflect.Method.invoke(Method.java:601)
	at org.testng.internal.MethodInvocationHelper.invokeMethod(MethodInvocationHelper.java:86)
	at org.testng.internal.Invoker.invokeMethod(Invoker.java:646)
	at org.testng.internal.Invoker.invokeTestMethod(Invoker.java:823)
	at org.testng.internal.Invoker.invokeTestMethods(Invoker.java:1131)
	at org.testng.internal.TestMethodWorker.invokeTestMethods(TestMethodWorker.java:129)
	at org.testng.internal.TestMethodWorker.run(TestMethodWorker.java:112)
	at org.testng.TestRunner.privateRun(TestRunner.java:778)
	at org.testng.TestRunner.run(TestRunner.java:632)
	at org.testng.SuiteRunner.runTest(SuiteRunner.java:366)
	at org.testng.SuiteRunner.runSequentially(SuiteRunner.java:361)
	at org.testng.SuiteRunner.privateRun(SuiteRunner.java:319)
	at org.testng.SuiteRunner.run(SuiteRunner.java:268)
	at org.testng.SuiteRunnerWorker.runSuite(SuiteRunnerWorker.java:52)
	at org.testng.SuiteRunnerWorker.run(SuiteRunnerWorker.java:86)
	at org.testng.TestNG.runSuitesSequentially(TestNG.java:1225)
	at org.testng.TestNG.runSuitesLocally(TestNG.java:1150)
	at org.testng.TestNG.runSuites(TestNG.java:1075)
	at org.testng.TestNG.run(TestNG.java:1047)
	at org.testng.remote.AbstractRemoteTestNG.run(AbstractRemoteTestNG.java:126)
	at org.testng.remote.RemoteTestNG.initAndRun(RemoteTestNG.java:137)
	at org.testng.remote.RemoteTestNG.main(RemoteTestNG.java:58)
</div></td></tr></table><p class="totop"><a href="#summary">back to summary</a></p></body></html>