<html>
<head>
<title>TestNG:  Test</title>
<link href="../testng.css" rel="stylesheet" type="text/css" />
<link href="../my-testng.css" rel="stylesheet" type="text/css" />

<style type="text/css">
.log { display: none;} 
.stack-trace { display: none;} 
</style>
<script type="text/javascript">
<!--
function flip(e) {
  current = e.style.display;
  if (current == 'block') {
    e.style.display = 'none';
    return 0;
  }
  else {
    e.style.display = 'block';
    return 1;
  }
}

function toggleBox(szDivId, elem, msg1, msg2)
{
  var res = -1;  if (document.getElementById) {
    res = flip(document.getElementById(szDivId));
  }
  else if (document.all) {
    // this is the way old msie versions work
    res = flip(document.all[szDivId]);
  }
  if(elem) {
    if(res == 0) elem.innerHTML = msg1; else elem.innerHTML = msg2;
  }

}

function toggleAllBoxes() {
  if (document.getElementsByTagName) {
    d = document.getElementsByTagName('div');
    for (i = 0; i < d.length; i++) {
      if (d[i].className == 'log') {
        flip(d[i]);
      }
    }
  }
}

// -->
</script>

</head>
<body>
<h2 align='center'>Test</h2><table border='1' align="center">
<tr>
<td>Tests passed/Failed/Skipped:</td><td>51/5/1</td>
</tr><tr>
<td>Started on:</td><td>Thu Aug 18 18:27:54 UTC 2016</td>
</tr>
<tr><td>Total time:</td><td>8126 seconds (8126248 ms)</td>
</tr><tr>
<td>Included groups:</td><td></td>
</tr><tr>
<td>Excluded groups:</td><td></td>
</tr>
</table><p/>
<small><i>(Hover the method name to see the test class name)</i></small><p/>
<table width='100%' border='1' class='invocation-failed'>
<tr><td colspan='4' align='center'><b>FAILED TESTS</b></td></tr>
<tr><td><b>Test method</b></td>
<td width="30%"><b>Exception</b></td>
<td width="10%"><b>Time (seconds)</b></td>
<td><b>Instance</b></td>
</tr>
<tr>
<td title='TestCase.CLtesting.US200004ProNumberDigitCheck.VerifyProDigitCheck()'><b>VerifyProDigitCheck</b><br>Test class: TestCase.CLtesting.US200004ProNumberDigitCheck<br>Parameters: abcdefghij</td>
<td><div><pre>org.openqa.selenium.NoSuchElementException: no such element: Unable to locate element: {&quot;method&quot;:&quot;xpath&quot;,&quot;selector&quot;:&quot;div[0]/div/div[3]/div&quot;}
  (Session info: chrome=52.0.2743.116)
  (Driver info: chromedriver=2.23.409699 (49b0fa931cda1caad0ae15b7d1b68004acd05129),platform=Windows NT 6.1.7601 SP1 x86_64) (WARNING: The server did not provide any stacktrace information)
Command duration or timeout: 23 milliseconds
For documentation on this error, please visit: http://seleniumhq.org/exceptions/no_such_element.html
Build info: version: &apos;2.48.2&apos;, revision: &apos;41bccdd&apos;, time: &apos;2015-10-09 19:59:12&apos;
System info: host: &apos;N700278&apos;, ip: &apos;10.51.235.212&apos;, os.name: &apos;Windows 7&apos;, os.arch: &apos;amd64&apos;, os.version: &apos;6.1&apos;, java.version: &apos;1.7.0_06&apos;
*** Element info: {Using=xpath, value=div[0]/div/div[3]/div}
Session ID: 60f8823f0ae047e355a1d60586c45c7e
Driver info: org.openqa.selenium.chrome.ChromeDriver
Capabilities [{platform=XP, acceptSslCerts=true, javascriptEnabled=true, browserName=chrome, chrome={userDataDir=C:\Users\uyr27b0\AppData\Local\Temp\scoped_dir10364_31775, chromedriverVersion=2.23.409699 (49b0fa931cda1caad0ae15b7d1b68004acd05129)}, networkConnectionEnabled=false, rotatable=false, locationContextEnabled=true, mobileEmulationEnabled=false, version=52.0.2743.116, takesHeapSnapshot=true, databaseEnabled=false, cssSelectorsEnabled=true, handlesAlerts=true, browserConnectionEnabled=false, webStorageEnabled=true, nativeEvents=true, hasTouchScreen=false, applicationCacheEnabled=false, takesScreenshot=true}]
	at sun.reflect.NativeConstructorAccessorImpl.newInstance0(Native Method)
	at sun.reflect.NativeConstructorAccessorImpl.newInstance(NativeConstructorAccessorImpl.java:57)
	at sun.reflect.DelegatingConstructorAccessorImpl.newInstance(DelegatingConstructorAccessorImpl.java:45)
	at java.lang.reflect.Constructor.newInstance(Constructor.java:525)
	at org.openqa.selenium.remote.ErrorHandler.createThrowable(ErrorHandler.java:206)
	at org.openqa.selenium.remote.ErrorHandler.throwIfResponseFailed(ErrorHandler.java:158)
	at org.openqa.selenium.remote.RemoteWebDriver.execute(RemoteWebDriver.java:647)
	at org.openqa.selenium.remote.RemoteWebElement.execute(RemoteWebElement.java:326)
	at org.openqa.selenium.remote.RemoteWebElement.findElement(RemoteWebElement.java:197)
	at org.openqa.selenium.remote.RemoteWebElement.findElementByXPath(RemoteWebElement.java:294)
	at org.openqa.selenium.By$ByXPath.findElement(By.java:361)
	at org.openqa.selenium.remote.RemoteWebElement.findElement(RemoteWebElement.java:193)
	at sun.reflect.GeneratedMethodAccessor1.invoke(Unknown Source)
	at sun.reflect.DelegatingMethodAccessorImpl.invoke(DelegatingMethodAccessorImpl.java:43)
	at java.lang.reflect.Method.invoke(Method.java:601)
	at org.openqa.selenium.support.pagefactory.internal.LocatingElementHandler.invoke(LocatingElementHandler.java:51)
	at $Proxy11.findElement(Unknown Source)
	at TestCase.CLtesting.US200004ProNumberDigitCheck.VerifyProDigitCheck(US200004ProNumberDigitCheck.java:80)
	at sun.reflect.NativeMethodAccessorImpl.invoke0(Native Method)
	at sun.reflect.NativeMethodAccessorImpl.invoke(NativeMethodAccessorImpl.java:57)
	at sun.reflect.DelegatingMethodAccessorImpl.invoke(DelegatingMethodAccessorImpl.java:43)
	at java.lang.reflect.Method.invoke(Method.java:601)
	at org.testng.internal.MethodInvocationHelper.invokeMethod(MethodInvocationHelper.java:86)
	at org.testng.internal.Invoker.invokeMethod(Invoker.java:646)
	at org.testng.internal.Invoker.invokeTestMethod(Invoker.java:823)
	at org.testng.internal.Invoker.invokeTestMethods(Invoker.java:1131)
	at org.testng.internal.TestMethodWorker.invokeTestMethods(TestMethodWorker.java:129)
	at org.testng.internal.TestMethodWorker.run(TestMethodWorker.java:112)
	at org.testng.TestRunner.privateRun(TestRunner.java:778)
	at org.testng.TestRunner.run(TestRunner.java:632)
	at org.testng.SuiteRunner.runTest(SuiteRunner.java:366)
	at org.testng.SuiteRunner.runSequentially(SuiteRunner.java:361)
	at org.testng.SuiteRunner.privateRun(SuiteRunner.java:319)
	at org.testng.SuiteRunner.run(SuiteRunner.java:268)
	at org.testng.SuiteRunnerWorker.runSuite(SuiteRunnerWorker.java:52)
	at org.testng.SuiteRunnerWorker.run(SuiteRunnerWorker.java:86)
	at org.testng.TestNG.runSuitesSequentially(TestNG.java:1225)
	at org.testng.TestNG.runSuitesLocally(TestNG.java:1150)
	at org.testng.TestNG.runSuites(TestNG.java:1075)
	at org.testng.TestNG.run(TestNG.java:1047)
	at org.testng.remote.AbstractRemoteTestNG.run(AbstractRemoteTestNG.java:126)
	at org.testng.remote.RemoteTestNG.initAndRun(RemoteTestNG.java:137)
	at org.testng.remote.RemoteTestNG.main(RemoteTestNG.java:58)
</pre></div><a href='#' onClick='toggleBox("stack-trace1428699591", this, "Click to show all stack frames", "Click to hide stack frames")'>Click to show all stack frames</a>
<div class='stack-trace' id='stack-trace1428699591'><pre>org.openqa.selenium.NoSuchElementException: no such element: Unable to locate element: {&quot;method&quot;:&quot;xpath&quot;,&quot;selector&quot;:&quot;div[0]/div/div[3]/div&quot;}
  (Session info: chrome=52.0.2743.116)
  (Driver info: chromedriver=2.23.409699 (49b0fa931cda1caad0ae15b7d1b68004acd05129),platform=Windows NT 6.1.7601 SP1 x86_64) (WARNING: The server did not provide any stacktrace information)
Command duration or timeout: 23 milliseconds
For documentation on this error, please visit: http://seleniumhq.org/exceptions/no_such_element.html
Build info: version: &apos;2.48.2&apos;, revision: &apos;41bccdd&apos;, time: &apos;2015-10-09 19:59:12&apos;
System info: host: &apos;N700278&apos;, ip: &apos;10.51.235.212&apos;, os.name: &apos;Windows 7&apos;, os.arch: &apos;amd64&apos;, os.version: &apos;6.1&apos;, java.version: &apos;1.7.0_06&apos;
*** Element info: {Using=xpath, value=div[0]/div/div[3]/div}
Session ID: 60f8823f0ae047e355a1d60586c45c7e
Driver info: org.openqa.selenium.chrome.ChromeDriver
Capabilities [{platform=XP, acceptSslCerts=true, javascriptEnabled=true, browserName=chrome, chrome={userDataDir=C:\Users\uyr27b0\AppData\Local\Temp\scoped_dir10364_31775, chromedriverVersion=2.23.409699 (49b0fa931cda1caad0ae15b7d1b68004acd05129)}, networkConnectionEnabled=false, rotatable=false, locationContextEnabled=true, mobileEmulationEnabled=false, version=52.0.2743.116, takesHeapSnapshot=true, databaseEnabled=false, cssSelectorsEnabled=true, handlesAlerts=true, browserConnectionEnabled=false, webStorageEnabled=true, nativeEvents=true, hasTouchScreen=false, applicationCacheEnabled=false, takesScreenshot=true}]
	at sun.reflect.NativeConstructorAccessorImpl.newInstance0(Native Method)
	at sun.reflect.NativeConstructorAccessorImpl.newInstance(NativeConstructorAccessorImpl.java:57)
	at sun.reflect.DelegatingConstructorAccessorImpl.newInstance(DelegatingConstructorAccessorImpl.java:45)
	at java.lang.reflect.Constructor.newInstance(Constructor.java:525)
	at org.openqa.selenium.remote.ErrorHandler.createThrowable(ErrorHandler.java:206)
	at org.openqa.selenium.remote.ErrorHandler.throwIfResponseFailed(ErrorHandler.java:158)
	at org.openqa.selenium.remote.RemoteWebDriver.execute(RemoteWebDriver.java:647)
	at org.openqa.selenium.remote.RemoteWebElement.execute(RemoteWebElement.java:326)
	at org.openqa.selenium.remote.RemoteWebElement.findElement(RemoteWebElement.java:197)
	at org.openqa.selenium.remote.RemoteWebElement.findElementByXPath(RemoteWebElement.java:294)
	at org.openqa.selenium.By$ByXPath.findElement(By.java:361)
	at org.openqa.selenium.remote.RemoteWebElement.findElement(RemoteWebElement.java:193)
	at sun.reflect.GeneratedMethodAccessor1.invoke(Unknown Source)
	at sun.reflect.DelegatingMethodAccessorImpl.invoke(DelegatingMethodAccessorImpl.java:43)
	at java.lang.reflect.Method.invoke(Method.java:601)
	at org.openqa.selenium.support.pagefactory.internal.LocatingElementHandler.invoke(LocatingElementHandler.java:51)
	at $Proxy11.findElement(Unknown Source)
	at TestCase.CLtesting.US200004ProNumberDigitCheck.VerifyProDigitCheck(US200004ProNumberDigitCheck.java:80)
	at sun.reflect.NativeMethodAccessorImpl.invoke0(Native Method)
	at sun.reflect.NativeMethodAccessorImpl.invoke(NativeMethodAccessorImpl.java:57)
	at sun.reflect.DelegatingMethodAccessorImpl.invoke(DelegatingMethodAccessorImpl.java:43)
	at java.lang.reflect.Method.invoke(Method.java:601)
	at org.testng.internal.MethodInvocationHelper.invokeMethod(MethodInvocationHelper.java:86)
	at org.testng.internal.Invoker.invokeMethod(Invoker.java:646)
	at org.testng.internal.Invoker.invokeTestMethod(Invoker.java:823)
	at org.testng.internal.Invoker.invokeTestMethods(Invoker.java:1131)
	at org.testng.internal.TestMethodWorker.invokeTestMethods(TestMethodWorker.java:129)
	at org.testng.internal.TestMethodWorker.run(TestMethodWorker.java:112)
	at org.testng.TestRunner.privateRun(TestRunner.java:778)
	at org.testng.TestRunner.run(TestRunner.java:632)
	at org.testng.SuiteRunner.runTest(SuiteRunner.java:366)
	at org.testng.SuiteRunner.runSequentially(SuiteRunner.java:361)
	at org.testng.SuiteRunner.privateRun(SuiteRunner.java:319)
	at org.testng.SuiteRunner.run(SuiteRunner.java:268)
	at org.testng.SuiteRunnerWorker.runSuite(SuiteRunnerWorker.java:52)
	at org.testng.SuiteRunnerWorker.run(SuiteRunnerWorker.java:86)
	at org.testng.TestNG.runSuitesSequentially(TestNG.java:1225)
	at org.testng.TestNG.runSuitesLocally(TestNG.java:1150)
	at org.testng.TestNG.runSuites(TestNG.java:1075)
	at org.testng.TestNG.run(TestNG.java:1047)
	at org.testng.remote.AbstractRemoteTestNG.run(AbstractRemoteTestNG.java:126)
	at org.testng.remote.RemoteTestNG.initAndRun(RemoteTestNG.java:137)
	at org.testng.remote.RemoteTestNG.main(RemoteTestNG.java:58)
</pre></div></td>
<td>4</td>
<td>TestCase.CLtesting.US200004ProNumberDigitCheck@4d27ea69</td></tr>
<tr>
<td title='TestCase.CLtesting.US200006FoodAndPoisWarning.addBatchFoodToCLWithoutPro()'><b>addBatchFoodToCLWithoutPro</b><br>Test class: TestCase.CLtesting.US200006FoodAndPoisWarning<br>Parameters: 621, RDWY, 820406, 621ROUTE, PEDDLE, , , 2016-02-29 00:00:00.0, 2016-02-26 18:13:52.15</td>
<td><div><pre>org.openqa.selenium.TimeoutException: Timed out after 80 seconds waiting for visibility of [[ChromeDriver: chrome on XP (a2034fa52f0bcb687128213184606434)] -&gt; css selector: div[name^=&apos;trailerVM.trailer.trailerSCACAndNumber_&apos;] input]
Build info: version: &apos;2.48.2&apos;, revision: &apos;41bccdd&apos;, time: &apos;2015-10-09 19:59:12&apos;
System info: host: &apos;N700278&apos;, ip: &apos;10.51.235.212&apos;, os.name: &apos;Windows 7&apos;, os.arch: &apos;amd64&apos;, os.version: &apos;6.1&apos;, java.version: &apos;1.7.0_06&apos;
Session ID: a2034fa52f0bcb687128213184606434
Driver info: org.openqa.selenium.chrome.ChromeDriver
Capabilities [{platform=XP, acceptSslCerts=true, javascriptEnabled=true, browserName=chrome, chrome={userDataDir=C:\Users\uyr27b0\AppData\Local\Temp\scoped_dir10660_10732, chromedriverVersion=2.23.409699 (49b0fa931cda1caad0ae15b7d1b68004acd05129)}, networkConnectionEnabled=false, rotatable=false, locationContextEnabled=true, mobileEmulationEnabled=false, version=52.0.2743.116, takesHeapSnapshot=true, databaseEnabled=false, cssSelectorsEnabled=true, handlesAlerts=true, browserConnectionEnabled=false, webStorageEnabled=true, nativeEvents=true, hasTouchScreen=false, applicationCacheEnabled=false, takesScreenshot=true}]
	at org.openqa.selenium.support.ui.WebDriverWait.timeoutException(WebDriverWait.java:80)
	at org.openqa.selenium.support.ui.FluentWait.until(FluentWait.java:261)
	at TestCase.CLtesting.US200006FoodAndPoisWarning.addBatchFoodToCLWithoutPro(US200006FoodAndPoisWarning.java:228)
	at sun.reflect.NativeMethodAccessorImpl.invoke0(Native Method)
	at sun.reflect.NativeMethodAccessorImpl.invoke(NativeMethodAccessorImpl.java:57)
	at sun.reflect.DelegatingMethodAccessorImpl.invoke(DelegatingMethodAccessorImpl.java:43)
	at java.lang.reflect.Method.invoke(Method.java:601)
	at org.testng.internal.MethodInvocationHelper.invokeMethod(MethodInvocationHelper.java:86)
	at org.testng.internal.Invoker.invokeMethod(Invoker.java:646)
	at org.testng.internal.Invoker.invokeTestMethod(Invoker.java:823)
	at org.testng.internal.Invoker.invokeTestMethods(Invoker.java:1131)
	at org.testng.internal.TestMethodWorker.invokeTestMethods(TestMethodWorker.java:129)
	at org.testng.internal.TestMethodWorker.run(TestMethodWorker.java:112)
	at org.testng.TestRunner.privateRun(TestRunner.java:778)
	at org.testng.TestRunner.run(TestRunner.java:632)
	at org.testng.SuiteRunner.runTest(SuiteRunner.java:366)
	at org.testng.SuiteRunner.runSequentially(SuiteRunner.java:361)
	at org.testng.SuiteRunner.privateRun(SuiteRunner.java:319)
	at org.testng.SuiteRunner.run(SuiteRunner.java:268)
	at org.testng.SuiteRunnerWorker.runSuite(SuiteRunnerWorker.java:52)
	at org.testng.SuiteRunnerWorker.run(SuiteRunnerWorker.java:86)
	at org.testng.TestNG.runSuitesSequentially(TestNG.java:1225)
	at org.testng.TestNG.runSuitesLocally(TestNG.java:1150)
	at org.testng.TestNG.runSuites(TestNG.java:1075)
	at org.testng.TestNG.run(TestNG.java:1047)
	at org.testng.remote.AbstractRemoteTestNG.run(AbstractRemoteTestNG.java:126)
	at org.testng.remote.RemoteTestNG.initAndRun(RemoteTestNG.java:137)
	at org.testng.remote.RemoteTestNG.main(RemoteTestNG.java:58)
</pre></div><a href='#' onClick='toggleBox("stack-trace136924273", this, "Click to show all stack frames", "Click to hide stack frames")'>Click to show all stack frames</a>
<div class='stack-trace' id='stack-trace136924273'><pre>org.openqa.selenium.TimeoutException: Timed out after 80 seconds waiting for visibility of [[ChromeDriver: chrome on XP (a2034fa52f0bcb687128213184606434)] -&gt; css selector: div[name^=&apos;trailerVM.trailer.trailerSCACAndNumber_&apos;] input]
Build info: version: &apos;2.48.2&apos;, revision: &apos;41bccdd&apos;, time: &apos;2015-10-09 19:59:12&apos;
System info: host: &apos;N700278&apos;, ip: &apos;10.51.235.212&apos;, os.name: &apos;Windows 7&apos;, os.arch: &apos;amd64&apos;, os.version: &apos;6.1&apos;, java.version: &apos;1.7.0_06&apos;
Session ID: a2034fa52f0bcb687128213184606434
Driver info: org.openqa.selenium.chrome.ChromeDriver
Capabilities [{platform=XP, acceptSslCerts=true, javascriptEnabled=true, browserName=chrome, chrome={userDataDir=C:\Users\uyr27b0\AppData\Local\Temp\scoped_dir10660_10732, chromedriverVersion=2.23.409699 (49b0fa931cda1caad0ae15b7d1b68004acd05129)}, networkConnectionEnabled=false, rotatable=false, locationContextEnabled=true, mobileEmulationEnabled=false, version=52.0.2743.116, takesHeapSnapshot=true, databaseEnabled=false, cssSelectorsEnabled=true, handlesAlerts=true, browserConnectionEnabled=false, webStorageEnabled=true, nativeEvents=true, hasTouchScreen=false, applicationCacheEnabled=false, takesScreenshot=true}]
	at org.openqa.selenium.support.ui.WebDriverWait.timeoutException(WebDriverWait.java:80)
	at org.openqa.selenium.support.ui.FluentWait.until(FluentWait.java:261)
	at TestCase.CLtesting.US200006FoodAndPoisWarning.addBatchFoodToCLWithoutPro(US200006FoodAndPoisWarning.java:228)
	at sun.reflect.NativeMethodAccessorImpl.invoke0(Native Method)
	at sun.reflect.NativeMethodAccessorImpl.invoke(NativeMethodAccessorImpl.java:57)
	at sun.reflect.DelegatingMethodAccessorImpl.invoke(DelegatingMethodAccessorImpl.java:43)
	at java.lang.reflect.Method.invoke(Method.java:601)
	at org.testng.internal.MethodInvocationHelper.invokeMethod(MethodInvocationHelper.java:86)
	at org.testng.internal.Invoker.invokeMethod(Invoker.java:646)
	at org.testng.internal.Invoker.invokeTestMethod(Invoker.java:823)
	at org.testng.internal.Invoker.invokeTestMethods(Invoker.java:1131)
	at org.testng.internal.TestMethodWorker.invokeTestMethods(TestMethodWorker.java:129)
	at org.testng.internal.TestMethodWorker.run(TestMethodWorker.java:112)
	at org.testng.TestRunner.privateRun(TestRunner.java:778)
	at org.testng.TestRunner.run(TestRunner.java:632)
	at org.testng.SuiteRunner.runTest(SuiteRunner.java:366)
	at org.testng.SuiteRunner.runSequentially(SuiteRunner.java:361)
	at org.testng.SuiteRunner.privateRun(SuiteRunner.java:319)
	at org.testng.SuiteRunner.run(SuiteRunner.java:268)
	at org.testng.SuiteRunnerWorker.runSuite(SuiteRunnerWorker.java:52)
	at org.testng.SuiteRunnerWorker.run(SuiteRunnerWorker.java:86)
	at org.testng.TestNG.runSuitesSequentially(TestNG.java:1225)
	at org.testng.TestNG.runSuitesLocally(TestNG.java:1150)
	at org.testng.TestNG.runSuites(TestNG.java:1075)
	at org.testng.TestNG.run(TestNG.java:1047)
	at org.testng.remote.AbstractRemoteTestNG.run(AbstractRemoteTestNG.java:126)
	at org.testng.remote.RemoteTestNG.initAndRun(RemoteTestNG.java:137)
	at org.testng.remote.RemoteTestNG.main(RemoteTestNG.java:58)
</pre></div></td>
<td>90</td>
<td>TestCase.CLtesting.US200006FoodAndPoisWarning@63afe611</td></tr>
<tr>
<td title='TestCase.CLtesting.US200006FoodAndPoisWarning.addBatchPoisToCLWithoutPro()'><b>addBatchPoisToCLWithoutPro</b><br>Test class: TestCase.CLtesting.US200006FoodAndPoisWarning<br>Parameters: 899, RDWY, 127027, SZJJ, TRAP, , , 2016-08-19 00:00:00.0, 2016-08-17 17:45:04.0</td>
<td><div><pre>org.openqa.selenium.TimeoutException: Timed out after 80 seconds waiting for visibility of [[ChromeDriver: chrome on XP (a2034fa52f0bcb687128213184606434)] -&gt; css selector: div[name^=&apos;trailerVM.trailer.trailerSCACAndNumber_&apos;] input]
Build info: version: &apos;2.48.2&apos;, revision: &apos;41bccdd&apos;, time: &apos;2015-10-09 19:59:12&apos;
System info: host: &apos;N700278&apos;, ip: &apos;10.51.235.212&apos;, os.name: &apos;Windows 7&apos;, os.arch: &apos;amd64&apos;, os.version: &apos;6.1&apos;, java.version: &apos;1.7.0_06&apos;
Session ID: a2034fa52f0bcb687128213184606434
Driver info: org.openqa.selenium.chrome.ChromeDriver
Capabilities [{platform=XP, acceptSslCerts=true, javascriptEnabled=true, browserName=chrome, chrome={userDataDir=C:\Users\uyr27b0\AppData\Local\Temp\scoped_dir10660_10732, chromedriverVersion=2.23.409699 (49b0fa931cda1caad0ae15b7d1b68004acd05129)}, networkConnectionEnabled=false, rotatable=false, locationContextEnabled=true, mobileEmulationEnabled=false, version=52.0.2743.116, takesHeapSnapshot=true, databaseEnabled=false, cssSelectorsEnabled=true, handlesAlerts=true, browserConnectionEnabled=false, webStorageEnabled=true, nativeEvents=true, hasTouchScreen=false, applicationCacheEnabled=false, takesScreenshot=true}]
	at org.openqa.selenium.support.ui.WebDriverWait.timeoutException(WebDriverWait.java:80)
	at org.openqa.selenium.support.ui.FluentWait.until(FluentWait.java:261)
	at TestCase.CLtesting.US200006FoodAndPoisWarning.addBatchPoisToCLWithoutPro(US200006FoodAndPoisWarning.java:301)
	at sun.reflect.NativeMethodAccessorImpl.invoke0(Native Method)
	at sun.reflect.NativeMethodAccessorImpl.invoke(NativeMethodAccessorImpl.java:57)
	at sun.reflect.DelegatingMethodAccessorImpl.invoke(DelegatingMethodAccessorImpl.java:43)
	at java.lang.reflect.Method.invoke(Method.java:601)
	at org.testng.internal.MethodInvocationHelper.invokeMethod(MethodInvocationHelper.java:86)
	at org.testng.internal.Invoker.invokeMethod(Invoker.java:646)
	at org.testng.internal.Invoker.invokeTestMethod(Invoker.java:823)
	at org.testng.internal.Invoker.invokeTestMethods(Invoker.java:1131)
	at org.testng.internal.TestMethodWorker.invokeTestMethods(TestMethodWorker.java:129)
	at org.testng.internal.TestMethodWorker.run(TestMethodWorker.java:112)
	at org.testng.TestRunner.privateRun(TestRunner.java:778)
	at org.testng.TestRunner.run(TestRunner.java:632)
	at org.testng.SuiteRunner.runTest(SuiteRunner.java:366)
	at org.testng.SuiteRunner.runSequentially(SuiteRunner.java:361)
	at org.testng.SuiteRunner.privateRun(SuiteRunner.java:319)
	at org.testng.SuiteRunner.run(SuiteRunner.java:268)
	at org.testng.SuiteRunnerWorker.runSuite(SuiteRunnerWorker.java:52)
	at org.testng.SuiteRunnerWorker.run(SuiteRunnerWorker.java:86)
	at org.testng.TestNG.runSuitesSequentially(TestNG.java:1225)
	at org.testng.TestNG.runSuitesLocally(TestNG.java:1150)
	at org.testng.TestNG.runSuites(TestNG.java:1075)
	at org.testng.TestNG.run(TestNG.java:1047)
	at org.testng.remote.AbstractRemoteTestNG.run(AbstractRemoteTestNG.java:126)
	at org.testng.remote.RemoteTestNG.initAndRun(RemoteTestNG.java:137)
	at org.testng.remote.RemoteTestNG.main(RemoteTestNG.java:58)
</pre></div><a href='#' onClick='toggleBox("stack-trace2105459376", this, "Click to show all stack frames", "Click to hide stack frames")'>Click to show all stack frames</a>
<div class='stack-trace' id='stack-trace2105459376'><pre>org.openqa.selenium.TimeoutException: Timed out after 80 seconds waiting for visibility of [[ChromeDriver: chrome on XP (a2034fa52f0bcb687128213184606434)] -&gt; css selector: div[name^=&apos;trailerVM.trailer.trailerSCACAndNumber_&apos;] input]
Build info: version: &apos;2.48.2&apos;, revision: &apos;41bccdd&apos;, time: &apos;2015-10-09 19:59:12&apos;
System info: host: &apos;N700278&apos;, ip: &apos;10.51.235.212&apos;, os.name: &apos;Windows 7&apos;, os.arch: &apos;amd64&apos;, os.version: &apos;6.1&apos;, java.version: &apos;1.7.0_06&apos;
Session ID: a2034fa52f0bcb687128213184606434
Driver info: org.openqa.selenium.chrome.ChromeDriver
Capabilities [{platform=XP, acceptSslCerts=true, javascriptEnabled=true, browserName=chrome, chrome={userDataDir=C:\Users\uyr27b0\AppData\Local\Temp\scoped_dir10660_10732, chromedriverVersion=2.23.409699 (49b0fa931cda1caad0ae15b7d1b68004acd05129)}, networkConnectionEnabled=false, rotatable=false, locationContextEnabled=true, mobileEmulationEnabled=false, version=52.0.2743.116, takesHeapSnapshot=true, databaseEnabled=false, cssSelectorsEnabled=true, handlesAlerts=true, browserConnectionEnabled=false, webStorageEnabled=true, nativeEvents=true, hasTouchScreen=false, applicationCacheEnabled=false, takesScreenshot=true}]
	at org.openqa.selenium.support.ui.WebDriverWait.timeoutException(WebDriverWait.java:80)
	at org.openqa.selenium.support.ui.FluentWait.until(FluentWait.java:261)
	at TestCase.CLtesting.US200006FoodAndPoisWarning.addBatchPoisToCLWithoutPro(US200006FoodAndPoisWarning.java:301)
	at sun.reflect.NativeMethodAccessorImpl.invoke0(Native Method)
	at sun.reflect.NativeMethodAccessorImpl.invoke(NativeMethodAccessorImpl.java:57)
	at sun.reflect.DelegatingMethodAccessorImpl.invoke(DelegatingMethodAccessorImpl.java:43)
	at java.lang.reflect.Method.invoke(Method.java:601)
	at org.testng.internal.MethodInvocationHelper.invokeMethod(MethodInvocationHelper.java:86)
	at org.testng.internal.Invoker.invokeMethod(Invoker.java:646)
	at org.testng.internal.Invoker.invokeTestMethod(Invoker.java:823)
	at org.testng.internal.Invoker.invokeTestMethods(Invoker.java:1131)
	at org.testng.internal.TestMethodWorker.invokeTestMethods(TestMethodWorker.java:129)
	at org.testng.internal.TestMethodWorker.run(TestMethodWorker.java:112)
	at org.testng.TestRunner.privateRun(TestRunner.java:778)
	at org.testng.TestRunner.run(TestRunner.java:632)
	at org.testng.SuiteRunner.runTest(SuiteRunner.java:366)
	at org.testng.SuiteRunner.runSequentially(SuiteRunner.java:361)
	at org.testng.SuiteRunner.privateRun(SuiteRunner.java:319)
	at org.testng.SuiteRunner.run(SuiteRunner.java:268)
	at org.testng.SuiteRunnerWorker.runSuite(SuiteRunnerWorker.java:52)
	at org.testng.SuiteRunnerWorker.run(SuiteRunnerWorker.java:86)
	at org.testng.TestNG.runSuitesSequentially(TestNG.java:1225)
	at org.testng.TestNG.runSuitesLocally(TestNG.java:1150)
	at org.testng.TestNG.runSuites(TestNG.java:1075)
	at org.testng.TestNG.run(TestNG.java:1047)
	at org.testng.remote.AbstractRemoteTestNG.run(AbstractRemoteTestNG.java:126)
	at org.testng.remote.RemoteTestNG.initAndRun(RemoteTestNG.java:137)
	at org.testng.remote.RemoteTestNG.main(RemoteTestNG.java:58)
</pre></div></td>
<td>89</td>
<td>TestCase.CLtesting.US200006FoodAndPoisWarning@63afe611</td></tr>
<tr>
<td title='TestCase.CLtesting.US200006FoodAndPoisWarning.addSingleFoodToCLWithoutPro()'><b>addSingleFoodToCLWithoutPro</b><br>Test class: TestCase.CLtesting.US200006FoodAndPoisWarning<br>Parameters: 126, C126, 3651, G4EVR, TRAP, , , 2016-08-17 00:00:00.0, 2016-08-15 17:52:17.0</td>
<td><div><pre>org.openqa.selenium.TimeoutException: Timed out after 80 seconds waiting for visibility of [[ChromeDriver: chrome on XP (a2034fa52f0bcb687128213184606434)] -&gt; css selector: div[name^=&apos;trailerVM.trailer.trailerSCACAndNumber_&apos;] input]
Build info: version: &apos;2.48.2&apos;, revision: &apos;41bccdd&apos;, time: &apos;2015-10-09 19:59:12&apos;
System info: host: &apos;N700278&apos;, ip: &apos;10.51.235.212&apos;, os.name: &apos;Windows 7&apos;, os.arch: &apos;amd64&apos;, os.version: &apos;6.1&apos;, java.version: &apos;1.7.0_06&apos;
Session ID: a2034fa52f0bcb687128213184606434
Driver info: org.openqa.selenium.chrome.ChromeDriver
Capabilities [{platform=XP, acceptSslCerts=true, javascriptEnabled=true, browserName=chrome, chrome={userDataDir=C:\Users\uyr27b0\AppData\Local\Temp\scoped_dir10660_10732, chromedriverVersion=2.23.409699 (49b0fa931cda1caad0ae15b7d1b68004acd05129)}, networkConnectionEnabled=false, rotatable=false, locationContextEnabled=true, mobileEmulationEnabled=false, version=52.0.2743.116, takesHeapSnapshot=true, databaseEnabled=false, cssSelectorsEnabled=true, handlesAlerts=true, browserConnectionEnabled=false, webStorageEnabled=true, nativeEvents=true, hasTouchScreen=false, applicationCacheEnabled=false, takesScreenshot=true}]
	at org.openqa.selenium.support.ui.WebDriverWait.timeoutException(WebDriverWait.java:80)
	at org.openqa.selenium.support.ui.FluentWait.until(FluentWait.java:261)
	at TestCase.CLtesting.US200006FoodAndPoisWarning.addSingleFoodToCLWithoutPro(US200006FoodAndPoisWarning.java:86)
	at sun.reflect.NativeMethodAccessorImpl.invoke0(Native Method)
	at sun.reflect.NativeMethodAccessorImpl.invoke(NativeMethodAccessorImpl.java:57)
	at sun.reflect.DelegatingMethodAccessorImpl.invoke(DelegatingMethodAccessorImpl.java:43)
	at java.lang.reflect.Method.invoke(Method.java:601)
	at org.testng.internal.MethodInvocationHelper.invokeMethod(MethodInvocationHelper.java:86)
	at org.testng.internal.Invoker.invokeMethod(Invoker.java:646)
	at org.testng.internal.Invoker.invokeTestMethod(Invoker.java:823)
	at org.testng.internal.Invoker.invokeTestMethods(Invoker.java:1131)
	at org.testng.internal.TestMethodWorker.invokeTestMethods(TestMethodWorker.java:129)
	at org.testng.internal.TestMethodWorker.run(TestMethodWorker.java:112)
	at org.testng.TestRunner.privateRun(TestRunner.java:778)
	at org.testng.TestRunner.run(TestRunner.java:632)
	at org.testng.SuiteRunner.runTest(SuiteRunner.java:366)
	at org.testng.SuiteRunner.runSequentially(SuiteRunner.java:361)
	at org.testng.SuiteRunner.privateRun(SuiteRunner.java:319)
	at org.testng.SuiteRunner.run(SuiteRunner.java:268)
	at org.testng.SuiteRunnerWorker.runSuite(SuiteRunnerWorker.java:52)
	at org.testng.SuiteRunnerWorker.run(SuiteRunnerWorker.java:86)
	at org.testng.TestNG.runSuitesSequentially(TestNG.java:1225)
	at org.testng.TestNG.runSuitesLocally(TestNG.java:1150)
	at org.testng.TestNG.runSuites(TestNG.java:1075)
	at org.testng.TestNG.run(TestNG.java:1047)
	at org.testng.remote.AbstractRemoteTestNG.run(AbstractRemoteTestNG.java:126)
	at org.testng.remote.RemoteTestNG.initAndRun(RemoteTestNG.java:137)
	at org.testng.remote.RemoteTestNG.main(RemoteTestNG.java:58)
</pre></div><a href='#' onClick='toggleBox("stack-trace1792220822", this, "Click to show all stack frames", "Click to hide stack frames")'>Click to show all stack frames</a>
<div class='stack-trace' id='stack-trace1792220822'><pre>org.openqa.selenium.TimeoutException: Timed out after 80 seconds waiting for visibility of [[ChromeDriver: chrome on XP (a2034fa52f0bcb687128213184606434)] -&gt; css selector: div[name^=&apos;trailerVM.trailer.trailerSCACAndNumber_&apos;] input]
Build info: version: &apos;2.48.2&apos;, revision: &apos;41bccdd&apos;, time: &apos;2015-10-09 19:59:12&apos;
System info: host: &apos;N700278&apos;, ip: &apos;10.51.235.212&apos;, os.name: &apos;Windows 7&apos;, os.arch: &apos;amd64&apos;, os.version: &apos;6.1&apos;, java.version: &apos;1.7.0_06&apos;
Session ID: a2034fa52f0bcb687128213184606434
Driver info: org.openqa.selenium.chrome.ChromeDriver
Capabilities [{platform=XP, acceptSslCerts=true, javascriptEnabled=true, browserName=chrome, chrome={userDataDir=C:\Users\uyr27b0\AppData\Local\Temp\scoped_dir10660_10732, chromedriverVersion=2.23.409699 (49b0fa931cda1caad0ae15b7d1b68004acd05129)}, networkConnectionEnabled=false, rotatable=false, locationContextEnabled=true, mobileEmulationEnabled=false, version=52.0.2743.116, takesHeapSnapshot=true, databaseEnabled=false, cssSelectorsEnabled=true, handlesAlerts=true, browserConnectionEnabled=false, webStorageEnabled=true, nativeEvents=true, hasTouchScreen=false, applicationCacheEnabled=false, takesScreenshot=true}]
	at org.openqa.selenium.support.ui.WebDriverWait.timeoutException(WebDriverWait.java:80)
	at org.openqa.selenium.support.ui.FluentWait.until(FluentWait.java:261)
	at TestCase.CLtesting.US200006FoodAndPoisWarning.addSingleFoodToCLWithoutPro(US200006FoodAndPoisWarning.java:86)
	at sun.reflect.NativeMethodAccessorImpl.invoke0(Native Method)
	at sun.reflect.NativeMethodAccessorImpl.invoke(NativeMethodAccessorImpl.java:57)
	at sun.reflect.DelegatingMethodAccessorImpl.invoke(DelegatingMethodAccessorImpl.java:43)
	at java.lang.reflect.Method.invoke(Method.java:601)
	at org.testng.internal.MethodInvocationHelper.invokeMethod(MethodInvocationHelper.java:86)
	at org.testng.internal.Invoker.invokeMethod(Invoker.java:646)
	at org.testng.internal.Invoker.invokeTestMethod(Invoker.java:823)
	at org.testng.internal.Invoker.invokeTestMethods(Invoker.java:1131)
	at org.testng.internal.TestMethodWorker.invokeTestMethods(TestMethodWorker.java:129)
	at org.testng.internal.TestMethodWorker.run(TestMethodWorker.java:112)
	at org.testng.TestRunner.privateRun(TestRunner.java:778)
	at org.testng.TestRunner.run(TestRunner.java:632)
	at org.testng.SuiteRunner.runTest(SuiteRunner.java:366)
	at org.testng.SuiteRunner.runSequentially(SuiteRunner.java:361)
	at org.testng.SuiteRunner.privateRun(SuiteRunner.java:319)
	at org.testng.SuiteRunner.run(SuiteRunner.java:268)
	at org.testng.SuiteRunnerWorker.runSuite(SuiteRunnerWorker.java:52)
	at org.testng.SuiteRunnerWorker.run(SuiteRunnerWorker.java:86)
	at org.testng.TestNG.runSuitesSequentially(TestNG.java:1225)
	at org.testng.TestNG.runSuitesLocally(TestNG.java:1150)
	at org.testng.TestNG.runSuites(TestNG.java:1075)
	at org.testng.TestNG.run(TestNG.java:1047)
	at org.testng.remote.AbstractRemoteTestNG.run(AbstractRemoteTestNG.java:126)
	at org.testng.remote.RemoteTestNG.initAndRun(RemoteTestNG.java:137)
	at org.testng.remote.RemoteTestNG.main(RemoteTestNG.java:58)
</pre></div></td>
<td>91</td>
<td>TestCase.CLtesting.US200006FoodAndPoisWarning@63afe611</td></tr>
<tr>
<td title='TestCase.CLtesting.US200006FoodAndPoisWarning.addSinglePoisToCLWithoutPro()'><b>addSinglePoisToCLWithoutPro</b><br>Test class: TestCase.CLtesting.US200006FoodAndPoisWarning<br>Parameters: 394, RDWY, 310616, KX, TRAP, , , 2016-08-19 00:00:00.0, 2016-08-17 15:12:47.0</td>
<td><div><pre>org.openqa.selenium.TimeoutException: Timed out after 80 seconds waiting for visibility of [[ChromeDriver: chrome on XP (a2034fa52f0bcb687128213184606434)] -&gt; css selector: div[name^=&apos;trailerVM.trailer.trailerSCACAndNumber_&apos;] input]
Build info: version: &apos;2.48.2&apos;, revision: &apos;41bccdd&apos;, time: &apos;2015-10-09 19:59:12&apos;
System info: host: &apos;N700278&apos;, ip: &apos;10.51.235.212&apos;, os.name: &apos;Windows 7&apos;, os.arch: &apos;amd64&apos;, os.version: &apos;6.1&apos;, java.version: &apos;1.7.0_06&apos;
Session ID: a2034fa52f0bcb687128213184606434
Driver info: org.openqa.selenium.chrome.ChromeDriver
Capabilities [{platform=XP, acceptSslCerts=true, javascriptEnabled=true, browserName=chrome, chrome={userDataDir=C:\Users\uyr27b0\AppData\Local\Temp\scoped_dir10660_10732, chromedriverVersion=2.23.409699 (49b0fa931cda1caad0ae15b7d1b68004acd05129)}, networkConnectionEnabled=false, rotatable=false, locationContextEnabled=true, mobileEmulationEnabled=false, version=52.0.2743.116, takesHeapSnapshot=true, databaseEnabled=false, cssSelectorsEnabled=true, handlesAlerts=true, browserConnectionEnabled=false, webStorageEnabled=true, nativeEvents=true, hasTouchScreen=false, applicationCacheEnabled=false, takesScreenshot=true}]
	at org.openqa.selenium.support.ui.WebDriverWait.timeoutException(WebDriverWait.java:80)
	at org.openqa.selenium.support.ui.FluentWait.until(FluentWait.java:261)
	at TestCase.CLtesting.US200006FoodAndPoisWarning.addSinglePoisToCLWithoutPro(US200006FoodAndPoisWarning.java:155)
	at sun.reflect.NativeMethodAccessorImpl.invoke0(Native Method)
	at sun.reflect.NativeMethodAccessorImpl.invoke(NativeMethodAccessorImpl.java:57)
	at sun.reflect.DelegatingMethodAccessorImpl.invoke(DelegatingMethodAccessorImpl.java:43)
	at java.lang.reflect.Method.invoke(Method.java:601)
	at org.testng.internal.MethodInvocationHelper.invokeMethod(MethodInvocationHelper.java:86)
	at org.testng.internal.Invoker.invokeMethod(Invoker.java:646)
	at org.testng.internal.Invoker.invokeTestMethod(Invoker.java:823)
	at org.testng.internal.Invoker.invokeTestMethods(Invoker.java:1131)
	at org.testng.internal.TestMethodWorker.invokeTestMethods(TestMethodWorker.java:129)
	at org.testng.internal.TestMethodWorker.run(TestMethodWorker.java:112)
	at org.testng.TestRunner.privateRun(TestRunner.java:778)
	at org.testng.TestRunner.run(TestRunner.java:632)
	at org.testng.SuiteRunner.runTest(SuiteRunner.java:366)
	at org.testng.SuiteRunner.runSequentially(SuiteRunner.java:361)
	at org.testng.SuiteRunner.privateRun(SuiteRunner.java:319)
	at org.testng.SuiteRunner.run(SuiteRunner.java:268)
	at org.testng.SuiteRunnerWorker.runSuite(SuiteRunnerWorker.java:52)
	at org.testng.SuiteRunnerWorker.run(SuiteRunnerWorker.java:86)
	at org.testng.TestNG.runSuitesSequentially(TestNG.java:1225)
	at org.testng.TestNG.runSuitesLocally(TestNG.java:1150)
	at org.testng.TestNG.runSuites(TestNG.java:1075)
	at org.testng.TestNG.run(TestNG.java:1047)
	at org.testng.remote.AbstractRemoteTestNG.run(AbstractRemoteTestNG.java:126)
	at org.testng.remote.RemoteTestNG.initAndRun(RemoteTestNG.java:137)
	at org.testng.remote.RemoteTestNG.main(RemoteTestNG.java:58)
</pre></div><a href='#' onClick='toggleBox("stack-trace1011101703", this, "Click to show all stack frames", "Click to hide stack frames")'>Click to show all stack frames</a>
<div class='stack-trace' id='stack-trace1011101703'><pre>org.openqa.selenium.TimeoutException: Timed out after 80 seconds waiting for visibility of [[ChromeDriver: chrome on XP (a2034fa52f0bcb687128213184606434)] -&gt; css selector: div[name^=&apos;trailerVM.trailer.trailerSCACAndNumber_&apos;] input]
Build info: version: &apos;2.48.2&apos;, revision: &apos;41bccdd&apos;, time: &apos;2015-10-09 19:59:12&apos;
System info: host: &apos;N700278&apos;, ip: &apos;10.51.235.212&apos;, os.name: &apos;Windows 7&apos;, os.arch: &apos;amd64&apos;, os.version: &apos;6.1&apos;, java.version: &apos;1.7.0_06&apos;
Session ID: a2034fa52f0bcb687128213184606434
Driver info: org.openqa.selenium.chrome.ChromeDriver
Capabilities [{platform=XP, acceptSslCerts=true, javascriptEnabled=true, browserName=chrome, chrome={userDataDir=C:\Users\uyr27b0\AppData\Local\Temp\scoped_dir10660_10732, chromedriverVersion=2.23.409699 (49b0fa931cda1caad0ae15b7d1b68004acd05129)}, networkConnectionEnabled=false, rotatable=false, locationContextEnabled=true, mobileEmulationEnabled=false, version=52.0.2743.116, takesHeapSnapshot=true, databaseEnabled=false, cssSelectorsEnabled=true, handlesAlerts=true, browserConnectionEnabled=false, webStorageEnabled=true, nativeEvents=true, hasTouchScreen=false, applicationCacheEnabled=false, takesScreenshot=true}]
	at org.openqa.selenium.support.ui.WebDriverWait.timeoutException(WebDriverWait.java:80)
	at org.openqa.selenium.support.ui.FluentWait.until(FluentWait.java:261)
	at TestCase.CLtesting.US200006FoodAndPoisWarning.addSinglePoisToCLWithoutPro(US200006FoodAndPoisWarning.java:155)
	at sun.reflect.NativeMethodAccessorImpl.invoke0(Native Method)
	at sun.reflect.NativeMethodAccessorImpl.invoke(NativeMethodAccessorImpl.java:57)
	at sun.reflect.DelegatingMethodAccessorImpl.invoke(DelegatingMethodAccessorImpl.java:43)
	at java.lang.reflect.Method.invoke(Method.java:601)
	at org.testng.internal.MethodInvocationHelper.invokeMethod(MethodInvocationHelper.java:86)
	at org.testng.internal.Invoker.invokeMethod(Invoker.java:646)
	at org.testng.internal.Invoker.invokeTestMethod(Invoker.java:823)
	at org.testng.internal.Invoker.invokeTestMethods(Invoker.java:1131)
	at org.testng.internal.TestMethodWorker.invokeTestMethods(TestMethodWorker.java:129)
	at org.testng.internal.TestMethodWorker.run(TestMethodWorker.java:112)
	at org.testng.TestRunner.privateRun(TestRunner.java:778)
	at org.testng.TestRunner.run(TestRunner.java:632)
	at org.testng.SuiteRunner.runTest(SuiteRunner.java:366)
	at org.testng.SuiteRunner.runSequentially(SuiteRunner.java:361)
	at org.testng.SuiteRunner.privateRun(SuiteRunner.java:319)
	at org.testng.SuiteRunner.run(SuiteRunner.java:268)
	at org.testng.SuiteRunnerWorker.runSuite(SuiteRunnerWorker.java:52)
	at org.testng.SuiteRunnerWorker.run(SuiteRunnerWorker.java:86)
	at org.testng.TestNG.runSuitesSequentially(TestNG.java:1225)
	at org.testng.TestNG.runSuitesLocally(TestNG.java:1150)
	at org.testng.TestNG.runSuites(TestNG.java:1075)
	at org.testng.TestNG.run(TestNG.java:1047)
	at org.testng.remote.AbstractRemoteTestNG.run(AbstractRemoteTestNG.java:126)
	at org.testng.remote.RemoteTestNG.initAndRun(RemoteTestNG.java:137)
	at org.testng.remote.RemoteTestNG.main(RemoteTestNG.java:58)
</pre></div></td>
<td>87</td>
<td>TestCase.CLtesting.US200006FoodAndPoisWarning@63afe611</td></tr>
</table><p>
<table width='100%' border='1' class='invocation-passed'>
<tr><td colspan='4' align='center'><b>PASSED TESTS</b></td></tr>
<tr><td><b>Test method</b></td>
<td width="30%"><b>Exception</b></td>
<td width="10%"><b>Time (seconds)</b></td>
<td><b>Instance</b></td>
</tr>
<tr>
<td title='TestCase.CLtesting.US439PreventProFromLoadingAlert.EnterTrailerInCLStatusNoProAtCan()'><b>EnterTrailerInCLStatusNoProAtCan</b><br>Test class: TestCase.CLtesting.US439PreventProFromLoadingAlert<br>Parameters: 899, RDWY, 127027, CKJA6TNJ, TRAP, , , 2016-08-20 00:00:00.0, 2016-08-18 17:34:54.0</td>
<td></td>
<td>4</td>
<td>TestCase.CLtesting.US439PreventProFromLoadingAlert@31299938</td></tr>
<tr>
<td title='TestCase.CLtesting.US200004ProNumberDigitCheck.EnterTrailerInCLWithoutPro()'><b>EnterTrailerInCLWithoutPro</b><br>Test class: TestCase.CLtesting.US200004ProNumberDigitCheck<br>Parameters: 313, RDWY, 32169, ROUTE1, PEDDLE, , , 2016-03-08 00:00:00.0, 2016-03-08 18:55:26.0</td>
<td></td>
<td>4</td>
<td>TestCase.CLtesting.US200004ProNumberDigitCheck@4d27ea69</td></tr>
<tr>
<td title='TestCase.CLtesting.US439PreventProFromLoadingAlert.EnterTrailerInCLWithoutPro()'><b>EnterTrailerInCLWithoutPro</b><br>Test class: TestCase.CLtesting.US439PreventProFromLoadingAlert<br>Parameters: 909, RDWY, 115769, N, TRAP, , , 2016-08-19 00:00:00.0, 2016-08-17 14:54:40.0</td>
<td></td>
<td>5</td>
<td>TestCase.CLtesting.US439PreventProFromLoadingAlert@31299938</td></tr>
<tr>
<td title='TestCase.CLtesting.US439PreventProFromLoadingAlert.VerifyAlreadyDeliveredValidation()'><b>VerifyAlreadyDeliveredValidation</b><br>Test class: TestCase.CLtesting.US439PreventProFromLoadingAlert<br>Parameters: 4537689972</td>
<td></td>
<td>4</td>
<td>TestCase.CLtesting.US439PreventProFromLoadingAlert@31299938</td></tr>
<tr>
<td title='TestCase.CLtesting.US439PreventProFromLoadingAlert.VerifyAlreadyDeliveredValidation()'><b>VerifyAlreadyDeliveredValidation</b><br>Test class: TestCase.CLtesting.US439PreventProFromLoadingAlert<br>Parameters: 4990002750</td>
<td></td>
<td>4</td>
<td>TestCase.CLtesting.US439PreventProFromLoadingAlert@31299938</td></tr>
<tr>
<td title='TestCase.CLtesting.US439PreventProFromLoadingAlert.VerifyAlreadyDeliveredValidation()'><b>VerifyAlreadyDeliveredValidation</b><br>Test class: TestCase.CLtesting.US439PreventProFromLoadingAlert<br>Parameters: 4972302392</td>
<td></td>
<td>4</td>
<td>TestCase.CLtesting.US439PreventProFromLoadingAlert@31299938</td></tr>
<tr>
<td title='TestCase.CLtesting.US200006FoodAndPoisWarning.VerifyBatchProForFoodTrailer()'><b>VerifyBatchProForFoodTrailer</b><br>Test class: TestCase.CLtesting.US200006FoodAndPoisWarning<br>Parameters: 847, RDWY, 842844</td>
<td></td>
<td>13</td>
<td>TestCase.CLtesting.US200006FoodAndPoisWarning@63afe611</td></tr>
<tr>
<td title='TestCase.CLtesting.US200006FoodAndPoisWarning.VerifyBatchProForPoisonTrailer()'><b>VerifyBatchProForPoisonTrailer</b><br>Test class: TestCase.CLtesting.US200006FoodAndPoisWarning<br>Parameters: 108, RDWY, 123029</td>
<td></td>
<td>14</td>
<td>TestCase.CLtesting.US200006FoodAndPoisWarning@63afe611</td></tr>
<tr>
<td title='TestCase.CLtesting.US439PreventProFromLoadingAlert.VerifyInbondProToCAN()'><b>VerifyInbondProToCAN</b><br>Test class: TestCase.CLtesting.US439PreventProFromLoadingAlert<br>Parameters: 4975806891</td>
<td></td>
<td>6</td>
<td>TestCase.CLtesting.US439PreventProFromLoadingAlert@31299938</td></tr>
<tr>
<td title='TestCase.CLtesting.US439PreventProFromLoadingAlert.VerifyInbondProToCAN()'><b>VerifyInbondProToCAN</b><br>Test class: TestCase.CLtesting.US439PreventProFromLoadingAlert<br>Parameters: 4598344490</td>
<td></td>
<td>4</td>
<td>TestCase.CLtesting.US439PreventProFromLoadingAlert@31299938</td></tr>
<tr>
<td title='TestCase.CLtesting.US439PreventProFromLoadingAlert.VerifyInbondProToCAN()'><b>VerifyInbondProToCAN</b><br>Test class: TestCase.CLtesting.US439PreventProFromLoadingAlert<br>Parameters: 4967191434</td>
<td></td>
<td>4</td>
<td>TestCase.CLtesting.US439PreventProFromLoadingAlert@31299938</td></tr>
<tr>
<td title='TestCase.CLtesting.US439PreventProFromLoadingAlert.VerifyInbondProToUS()'><b>VerifyInbondProToUS</b><br>Test class: TestCase.CLtesting.US439PreventProFromLoadingAlert<br>Parameters: 489073921X</td>
<td></td>
<td>4</td>
<td>TestCase.CLtesting.US439PreventProFromLoadingAlert@31299938</td></tr>
<tr>
<td title='TestCase.CLtesting.US439PreventProFromLoadingAlert.VerifyInbondProToUS()'><b>VerifyInbondProToUS</b><br>Test class: TestCase.CLtesting.US439PreventProFromLoadingAlert<br>Parameters: 5617270268</td>
<td></td>
<td>4</td>
<td>TestCase.CLtesting.US439PreventProFromLoadingAlert@31299938</td></tr>
<tr>
<td title='TestCase.CLtesting.US439PreventProFromLoadingAlert.VerifyInbondProToUS()'><b>VerifyInbondProToUS</b><br>Test class: TestCase.CLtesting.US439PreventProFromLoadingAlert<br>Parameters: 9793792636</td>
<td></td>
<td>4</td>
<td>TestCase.CLtesting.US439PreventProFromLoadingAlert@31299938</td></tr>
<tr>
<td title='TestCase.CLtesting.US439PreventProFromLoadingAlert.VerifyMRValidation()'><b>VerifyMRValidation</b><br>Test class: TestCase.CLtesting.US439PreventProFromLoadingAlert<br>Parameters: 4541084308</td>
<td></td>
<td>6</td>
<td>TestCase.CLtesting.US439PreventProFromLoadingAlert@31299938</td></tr>
<tr>
<td title='TestCase.CLtesting.US439PreventProFromLoadingAlert.VerifyMRValidation()'><b>VerifyMRValidation</b><br>Test class: TestCase.CLtesting.US439PreventProFromLoadingAlert<br>Parameters: 446877889X</td>
<td></td>
<td>4</td>
<td>TestCase.CLtesting.US439PreventProFromLoadingAlert@31299938</td></tr>
<tr>
<td title='TestCase.CLtesting.US439PreventProFromLoadingAlert.VerifyMRValidation()'><b>VerifyMRValidation</b><br>Test class: TestCase.CLtesting.US439PreventProFromLoadingAlert<br>Parameters: 4890366365</td>
<td></td>
<td>4</td>
<td>TestCase.CLtesting.US439PreventProFromLoadingAlert@31299938</td></tr>
<tr>
<td title='TestCase.CLtesting.US439PreventProFromLoadingAlert.VerifyMasterRevenueValidationCLWithoutPro()'><b>VerifyMasterRevenueValidationCLWithoutPro</b><br>Test class: TestCase.CLtesting.US439PreventProFromLoadingAlert<br>Parameters: X12, RDWY, 129090, QYDRD91, TRAP, , , 2016-08-19 00:00:00.0, 2016-08-17 15:03:49.0</td>
<td></td>
<td>55</td>
<td>TestCase.CLtesting.US439PreventProFromLoadingAlert@31299938</td></tr>
<tr>
<td title='TestCase.CLtesting.US200004ProNumberDigitCheck.VerifyProDigitCheck()'><b>VerifyProDigitCheck</b><br>Test class: TestCase.CLtesting.US200004ProNumberDigitCheck<br>Parameters: 1234567890</td>
<td></td>
<td>1</td>
<td>TestCase.CLtesting.US200004ProNumberDigitCheck@4d27ea69</td></tr>
<tr>
<td title='TestCase.CLtesting.US200004ProNumberDigitCheck.VerifyProDigitCheck()'><b>VerifyProDigitCheck</b><br>Test class: TestCase.CLtesting.US200004ProNumberDigitCheck<br>Parameters: 123456789x</td>
<td></td>
<td>0</td>
<td>TestCase.CLtesting.US200004ProNumberDigitCheck@4d27ea69</td></tr>
<tr>
<td title='TestCase.CLtesting.US200004ProNumberDigitCheck.VerifyProDigitCheck()'><b>VerifyProDigitCheck</b><br>Test class: TestCase.CLtesting.US200004ProNumberDigitCheck<br>Parameters: 1234567898</td>
<td></td>
<td>0</td>
<td>TestCase.CLtesting.US200004ProNumberDigitCheck@4d27ea69</td></tr>
<tr>
<td title='TestCase.CLtesting.US200004ProNumberDigitCheck.VerifyProDigitCheck()'><b>VerifyProDigitCheck</b><br>Test class: TestCase.CLtesting.US200004ProNumberDigitCheck<br>Parameters: 41ab450828</td>
<td></td>
<td>1</td>
<td>TestCase.CLtesting.US200004ProNumberDigitCheck@4d27ea69</td></tr>
<tr>
<td title='TestCase.CLtesting.US200004ProNumberDigitCheck.VerifyProDigitCheck()'><b>VerifyProDigitCheck</b><br>Test class: TestCase.CLtesting.US200004ProNumberDigitCheck<br>Parameters: 275504175Y</td>
<td></td>
<td>1</td>
<td>TestCase.CLtesting.US200004ProNumberDigitCheck@4d27ea69</td></tr>
<tr>
<td title='TestCase.CLtesting.US200004ProNumberDigitCheck.VerifyProDigitCheck()'><b>VerifyProDigitCheck</b><br>Test class: TestCase.CLtesting.US200004ProNumberDigitCheck<br>Parameters: 41780%1@70</td>
<td></td>
<td>0</td>
<td>TestCase.CLtesting.US200004ProNumberDigitCheck@4d27ea69</td></tr>
<tr>
<td title='TestCase.CLtesting.US200004ProNumberDigitCheck.VerifyProDigitCheck()'><b>VerifyProDigitCheck</b><br>Test class: TestCase.CLtesting.US200004ProNumberDigitCheck<br>Parameters: 2534970186</td>
<td></td>
<td>1</td>
<td>TestCase.CLtesting.US200004ProNumberDigitCheck@4d27ea69</td></tr>
<tr>
<td title='TestCase.CLtesting.US200004ProNumberDigitCheck.VerifyProDigitCheck()'><b>VerifyProDigitCheck</b><br>Test class: TestCase.CLtesting.US200004ProNumberDigitCheck<br>Parameters: 417146642X</td>
<td></td>
<td>0</td>
<td>TestCase.CLtesting.US200004ProNumberDigitCheck@4d27ea69</td></tr>
<tr>
<td title='TestCase.CLtesting.US200004ProNumberDigitCheck.VerifyProDigitCheck()'><b>VerifyProDigitCheck</b><br>Test class: TestCase.CLtesting.US200004ProNumberDigitCheck<br>Parameters: 2759135536</td>
<td></td>
<td>0</td>
<td>TestCase.CLtesting.US200004ProNumberDigitCheck@4d27ea69</td></tr>
<tr>
<td title='TestCase.CLtesting.US200004ProNumberDigitCheck.VerifyProDigitCheck()'><b>VerifyProDigitCheck</b><br>Test class: TestCase.CLtesting.US200004ProNumberDigitCheck<br>Parameters: 4178051671</td>
<td></td>
<td>0</td>
<td>TestCase.CLtesting.US200004ProNumberDigitCheck@4d27ea69</td></tr>
<tr>
<td title='TestCase.CLtesting.US200004ProNumberDigitCheck.VerifyProDigitCheck()'><b>VerifyProDigitCheck</b><br>Test class: TestCase.CLtesting.US200004ProNumberDigitCheck<br>Parameters: 4831667.18</td>
<td></td>
<td>0</td>
<td>TestCase.CLtesting.US200004ProNumberDigitCheck@4d27ea69</td></tr>
<tr>
<td title='TestCase.CLtesting.US200004ProNumberDigitCheck.VerifyProDigitCheck()'><b>VerifyProDigitCheck</b><br>Test class: TestCase.CLtesting.US200004ProNumberDigitCheck<br>Parameters: 4534307179</td>
<td></td>
<td>0</td>
<td>TestCase.CLtesting.US200004ProNumberDigitCheck@4d27ea69</td></tr>
<tr>
<td title='TestCase.CLtesting.US200004ProNumberDigitCheck.VerifyProDigitCheck()'><b>VerifyProDigitCheck</b><br>Test class: TestCase.CLtesting.US200004ProNumberDigitCheck<br>Parameters: 5994370457</td>
<td></td>
<td>0</td>
<td>TestCase.CLtesting.US200004ProNumberDigitCheck@4d27ea69</td></tr>
<tr>
<td title='TestCase.CLtesting.US200004ProNumberDigitCheck.VerifyProDigitCheck()'><b>VerifyProDigitCheck</b><br>Test class: TestCase.CLtesting.US200004ProNumberDigitCheck<br>Parameters: 4464557219</td>
<td></td>
<td>0</td>
<td>TestCase.CLtesting.US200004ProNumberDigitCheck@4d27ea69</td></tr>
<tr>
<td title='TestCase.CLtesting.US200004ProNumberDigitCheck.VerifyProDigitCheck()'><b>VerifyProDigitCheck</b><br>Test class: TestCase.CLtesting.US200004ProNumberDigitCheck<br>Parameters: 2155482712</td>
<td></td>
<td>0</td>
<td>TestCase.CLtesting.US200004ProNumberDigitCheck@4d27ea69</td></tr>
<tr>
<td title='TestCase.CLtesting.US200004ProNumberDigitCheck.VerifyProDigitCheck()'><b>VerifyProDigitCheck</b><br>Test class: TestCase.CLtesting.US200004ProNumberDigitCheck<br>Parameters: 2759129304</td>
<td></td>
<td>0</td>
<td>TestCase.CLtesting.US200004ProNumberDigitCheck@4d27ea69</td></tr>
<tr>
<td title='TestCase.CLtesting.US200004ProNumberDigitCheck.VerifyProDigitCheck()'><b>VerifyProDigitCheck</b><br>Test class: TestCase.CLtesting.US200004ProNumberDigitCheck<br>Parameters: 417146642X</td>
<td></td>
<td>0</td>
<td>TestCase.CLtesting.US200004ProNumberDigitCheck@4d27ea69</td></tr>
<tr>
<td title='TestCase.CLtesting.US200004ProNumberDigitCheck.VerifyProDigitCheck()'><b>VerifyProDigitCheck</b><br>Test class: TestCase.CLtesting.US200004ProNumberDigitCheck<br>Parameters: 453430717X</td>
<td></td>
<td>1</td>
<td>TestCase.CLtesting.US200004ProNumberDigitCheck@4d27ea69</td></tr>
<tr>
<td title='TestCase.CLtesting.US200004ProNumberDigitCheck.VerifyProDigitCheck()'><b>VerifyProDigitCheck</b><br>Test class: TestCase.CLtesting.US200004ProNumberDigitCheck<br>Parameters: 534616309X</td>
<td></td>
<td>0</td>
<td>TestCase.CLtesting.US200004ProNumberDigitCheck@4d27ea69</td></tr>
<tr>
<td title='TestCase.CLtesting.US200004ProNumberDigitCheck.VerifyProDigitCheck()'><b>VerifyProDigitCheck</b><br>Test class: TestCase.CLtesting.US200004ProNumberDigitCheck<br>Parameters: 058026401X</td>
<td></td>
<td>0</td>
<td>TestCase.CLtesting.US200004ProNumberDigitCheck@4d27ea69</td></tr>
<tr>
<td title='TestCase.CLtesting.US200004ProNumberDigitCheck.VerifyProDigitCheck()'><b>VerifyProDigitCheck</b><br>Test class: TestCase.CLtesting.US200004ProNumberDigitCheck<br>Parameters: 215548263X</td>
<td></td>
<td>0</td>
<td>TestCase.CLtesting.US200004ProNumberDigitCheck@4d27ea69</td></tr>
<tr>
<td title='TestCase.CLtesting.US200004ProNumberDigitCheck.VerifyProDigitCheck()'><b>VerifyProDigitCheck</b><br>Test class: TestCase.CLtesting.US200004ProNumberDigitCheck<br>Parameters: 275746846X</td>
<td></td>
<td>0</td>
<td>TestCase.CLtesting.US200004ProNumberDigitCheck@4d27ea69</td></tr>
<tr>
<td title='TestCase.CLtesting.US200004ProNumberDigitCheck.VerifyProDigitCheck()'><b>VerifyProDigitCheck</b><br>Test class: TestCase.CLtesting.US200004ProNumberDigitCheck<br>Parameters: 087513756X</td>
<td></td>
<td>1</td>
<td>TestCase.CLtesting.US200004ProNumberDigitCheck@4d27ea69</td></tr>
<tr>
<td title='TestCase.CLtesting.US200004ProNumberDigitCheck.VerifyProDigitCheck()'><b>VerifyProDigitCheck</b><br>Test class: TestCase.CLtesting.US200004ProNumberDigitCheck<br>Parameters: 275909943X</td>
<td></td>
<td>0</td>
<td>TestCase.CLtesting.US200004ProNumberDigitCheck@4d27ea69</td></tr>
<tr>
<td title='TestCase.CLtesting.US200004ProNumberDigitCheck.VerifyProDigitCheck()'><b>VerifyProDigitCheck</b><br>Test class: TestCase.CLtesting.US200004ProNumberDigitCheck<br>Parameters: 41ab450828</td>
<td></td>
<td>1</td>
<td>TestCase.CLtesting.US200004ProNumberDigitCheck@4d27ea69</td></tr>
<tr>
<td title='TestCase.CLtesting.US439PreventProFromLoadingAlert.VerifySUValidation()'><b>VerifySUValidation</b><br>Test class: TestCase.CLtesting.US439PreventProFromLoadingAlert<br>Parameters: 4963233084</td>
<td></td>
<td>4</td>
<td>TestCase.CLtesting.US439PreventProFromLoadingAlert@31299938</td></tr>
<tr>
<td title='TestCase.CLtesting.US439PreventProFromLoadingAlert.VerifySUValidation()'><b>VerifySUValidation</b><br>Test class: TestCase.CLtesting.US439PreventProFromLoadingAlert<br>Parameters: 9112449343</td>
<td></td>
<td>4</td>
<td>TestCase.CLtesting.US439PreventProFromLoadingAlert@31299938</td></tr>
<tr>
<td title='TestCase.CLtesting.US439PreventProFromLoadingAlert.VerifySUValidation()'><b>VerifySUValidation</b><br>Test class: TestCase.CLtesting.US439PreventProFromLoadingAlert<br>Parameters: 4536255453</td>
<td></td>
<td>4</td>
<td>TestCase.CLtesting.US439PreventProFromLoadingAlert@31299938</td></tr>
<tr>
<td title='TestCase.CLtesting.US200006FoodAndPoisWarning.VerifySinglePoisProForFoodTrailer()'><b>VerifySinglePoisProForFoodTrailer</b><br>Test class: TestCase.CLtesting.US200006FoodAndPoisWarning<br>Parameters: 896, RDWY, 310672</td>
<td></td>
<td>8</td>
<td>TestCase.CLtesting.US200006FoodAndPoisWarning@63afe611</td></tr>
<tr>
<td title='TestCase.CLtesting.US200006FoodAndPoisWarning.VerifySingleProForPoisonTrailer()'><b>VerifySingleProForPoisonTrailer</b><br>Test class: TestCase.CLtesting.US200006FoodAndPoisWarning<br>Parameters: 309, RDWY, 132547</td>
<td></td>
<td>9</td>
<td>TestCase.CLtesting.US200006FoodAndPoisWarning@63afe611</td></tr>
<tr>
<td title='TestCase.CLtesting.US439PreventProFromLoadingAlert.VerifyVOValidation()'><b>VerifyVOValidation</b><br>Test class: TestCase.CLtesting.US439PreventProFromLoadingAlert<br>Parameters: 4497177455</td>
<td></td>
<td>4</td>
<td>TestCase.CLtesting.US439PreventProFromLoadingAlert@31299938</td></tr>
<tr>
<td title='TestCase.CLtesting.US439PreventProFromLoadingAlert.VerifyVOValidation()'><b>VerifyVOValidation</b><br>Test class: TestCase.CLtesting.US439PreventProFromLoadingAlert<br>Parameters: 482500028X</td>
<td></td>
<td>4</td>
<td>TestCase.CLtesting.US439PreventProFromLoadingAlert@31299938</td></tr>
<tr>
<td title='TestCase.CLtesting.US439PreventProFromLoadingAlert.VerifyVOValidation()'><b>VerifyVOValidation</b><br>Test class: TestCase.CLtesting.US439PreventProFromLoadingAlert<br>Parameters: 4284264031</td>
<td></td>
<td>4</td>
<td>TestCase.CLtesting.US439PreventProFromLoadingAlert@31299938</td></tr>
</table><p>
<table width='100%' border='1' class='invocation-skipped'>
<tr><td colspan='4' align='center'><b>SKIPPED TESTS</b></td></tr>
<tr><td><b>Test method</b></td>
<td width="30%"><b>Exception</b></td>
<td width="10%"><b>Time (seconds)</b></td>
<td><b>Instance</b></td>
</tr>
<tr>
<td title='TestCase.CLtesting.US458CheckShipmentAlreadyLoadedOnTrailer.CheckShipmentAlreadyLoadedOnCLHasPro()'><b>CheckShipmentAlreadyLoadedOnCLHasPro</b><br>Test class: TestCase.CLtesting.US458CheckShipmentAlreadyLoadedOnTrailer</td>
<td><div><pre>java.lang.RuntimeException: com.microsoft.sqlserver.jdbc.SQLServerException: Connection reset
	at org.testng.internal.MethodInvocationHelper.invokeDataProvider(MethodInvocationHelper.java:163)
	at org.testng.internal.Parameters.handleParameters(Parameters.java:430)
	at org.testng.internal.Invoker.handleParameters(Invoker.java:1243)
	at org.testng.internal.Invoker.createParameters(Invoker.java:992)
	at org.testng.internal.Invoker.invokeTestMethods(Invoker.java:1082)
	at org.testng.internal.TestMethodWorker.invokeTestMethods(TestMethodWorker.java:129)
	at org.testng.internal.TestMethodWorker.run(TestMethodWorker.java:112)
	at org.testng.TestRunner.privateRun(TestRunner.java:778)
	at org.testng.TestRunner.run(TestRunner.java:632)
	at org.testng.SuiteRunner.runTest(SuiteRunner.java:366)
	at org.testng.SuiteRunner.runSequentially(SuiteRunner.java:361)
	at org.testng.SuiteRunner.privateRun(SuiteRunner.java:319)
	at org.testng.SuiteRunner.run(SuiteRunner.java:268)
	at org.testng.SuiteRunnerWorker.runSuite(SuiteRunnerWorker.java:52)
	at org.testng.SuiteRunnerWorker.run(SuiteRunnerWorker.java:86)
	at org.testng.TestNG.runSuitesSequentially(TestNG.java:1225)
	at org.testng.TestNG.runSuitesLocally(TestNG.java:1150)
	at org.testng.TestNG.runSuites(TestNG.java:1075)
	at org.testng.TestNG.run(TestNG.java:1047)
	at org.testng.remote.AbstractRemoteTestNG.run(AbstractRemoteTestNG.java:126)
	at org.testng.remote.RemoteTestNG.initAndRun(RemoteTestNG.java:137)
	at org.testng.remote.RemoteTestNG.main(RemoteTestNG.java:58)
Caused by: com.microsoft.sqlserver.jdbc.SQLServerException: Connection reset
	at com.microsoft.sqlserver.jdbc.SQLServerConnection.terminate(SQLServerConnection.java:1668)
	at com.microsoft.sqlserver.jdbc.SQLServerConnection.terminate(SQLServerConnection.java:1655)
	at com.microsoft.sqlserver.jdbc.TDSChannel.read(IOBuffer.java:1789)
	at com.microsoft.sqlserver.jdbc.TDSReader.readPacket(IOBuffer.java:4838)
	at com.microsoft.sqlserver.jdbc.TDSCommand.startResponse(IOBuffer.java:6150)
	at com.microsoft.sqlserver.jdbc.SQLServerStatement.doExecuteStatement(SQLServerStatement.java:797)
	at com.microsoft.sqlserver.jdbc.SQLServerStatement$StmtExecCmd.doExecute(SQLServerStatement.java:696)
	at com.microsoft.sqlserver.jdbc.TDSCommand.execute(IOBuffer.java:5696)
	at com.microsoft.sqlserver.jdbc.SQLServerConnection.executeCommand(SQLServerConnection.java:1716)
	at com.microsoft.sqlserver.jdbc.SQLServerStatement.executeCommand(SQLServerStatement.java:180)
	at com.microsoft.sqlserver.jdbc.SQLServerStatement.executeStatement(SQLServerStatement.java:155)
	at com.microsoft.sqlserver.jdbc.SQLServerStatement.executeQuery(SQLServerStatement.java:623)
	at TestCase.CLtesting.DataForCLScreenTesting.CreateData(DataForCLScreenTesting.java:43)
	at sun.reflect.NativeMethodAccessorImpl.invoke0(Native Method)
	at sun.reflect.NativeMethodAccessorImpl.invoke(NativeMethodAccessorImpl.java:57)
	at sun.reflect.DelegatingMethodAccessorImpl.invoke(DelegatingMethodAccessorImpl.java:43)
	at java.lang.reflect.Method.invoke(Method.java:601)
	at org.testng.internal.MethodInvocationHelper.invokeMethod(MethodInvocationHelper.java:86)
	at org.testng.internal.MethodInvocationHelper.invokeDataProvider(MethodInvocationHelper.java:155)
	... 21 more
</pre></div><a href='#' onClick='toggleBox("stack-trace2109169429", this, "Click to show all stack frames", "Click to hide stack frames")'>Click to show all stack frames</a>
<div class='stack-trace' id='stack-trace2109169429'><pre>java.lang.RuntimeException: com.microsoft.sqlserver.jdbc.SQLServerException: Connection reset
	at org.testng.internal.MethodInvocationHelper.invokeDataProvider(MethodInvocationHelper.java:163)
	at org.testng.internal.Parameters.handleParameters(Parameters.java:430)
	at org.testng.internal.Invoker.handleParameters(Invoker.java:1243)
	at org.testng.internal.Invoker.createParameters(Invoker.java:992)
	at org.testng.internal.Invoker.invokeTestMethods(Invoker.java:1082)
	at org.testng.internal.TestMethodWorker.invokeTestMethods(TestMethodWorker.java:129)
	at org.testng.internal.TestMethodWorker.run(TestMethodWorker.java:112)
	at org.testng.TestRunner.privateRun(TestRunner.java:778)
	at org.testng.TestRunner.run(TestRunner.java:632)
	at org.testng.SuiteRunner.runTest(SuiteRunner.java:366)
	at org.testng.SuiteRunner.runSequentially(SuiteRunner.java:361)
	at org.testng.SuiteRunner.privateRun(SuiteRunner.java:319)
	at org.testng.SuiteRunner.run(SuiteRunner.java:268)
	at org.testng.SuiteRunnerWorker.runSuite(SuiteRunnerWorker.java:52)
	at org.testng.SuiteRunnerWorker.run(SuiteRunnerWorker.java:86)
	at org.testng.TestNG.runSuitesSequentially(TestNG.java:1225)
	at org.testng.TestNG.runSuitesLocally(TestNG.java:1150)
	at org.testng.TestNG.runSuites(TestNG.java:1075)
	at org.testng.TestNG.run(TestNG.java:1047)
	at org.testng.remote.AbstractRemoteTestNG.run(AbstractRemoteTestNG.java:126)
	at org.testng.remote.RemoteTestNG.initAndRun(RemoteTestNG.java:137)
	at org.testng.remote.RemoteTestNG.main(RemoteTestNG.java:58)
Caused by: com.microsoft.sqlserver.jdbc.SQLServerException: Connection reset
	at com.microsoft.sqlserver.jdbc.SQLServerConnection.terminate(SQLServerConnection.java:1668)
	at com.microsoft.sqlserver.jdbc.SQLServerConnection.terminate(SQLServerConnection.java:1655)
	at com.microsoft.sqlserver.jdbc.TDSChannel.read(IOBuffer.java:1789)
	at com.microsoft.sqlserver.jdbc.TDSReader.readPacket(IOBuffer.java:4838)
	at com.microsoft.sqlserver.jdbc.TDSCommand.startResponse(IOBuffer.java:6150)
	at com.microsoft.sqlserver.jdbc.SQLServerStatement.doExecuteStatement(SQLServerStatement.java:797)
	at com.microsoft.sqlserver.jdbc.SQLServerStatement$StmtExecCmd.doExecute(SQLServerStatement.java:696)
	at com.microsoft.sqlserver.jdbc.TDSCommand.execute(IOBuffer.java:5696)
	at com.microsoft.sqlserver.jdbc.SQLServerConnection.executeCommand(SQLServerConnection.java:1716)
	at com.microsoft.sqlserver.jdbc.SQLServerStatement.executeCommand(SQLServerStatement.java:180)
	at com.microsoft.sqlserver.jdbc.SQLServerStatement.executeStatement(SQLServerStatement.java:155)
	at com.microsoft.sqlserver.jdbc.SQLServerStatement.executeQuery(SQLServerStatement.java:623)
	at TestCase.CLtesting.DataForCLScreenTesting.CreateData(DataForCLScreenTesting.java:43)
	at sun.reflect.NativeMethodAccessorImpl.invoke0(Native Method)
	at sun.reflect.NativeMethodAccessorImpl.invoke(NativeMethodAccessorImpl.java:57)
	at sun.reflect.DelegatingMethodAccessorImpl.invoke(DelegatingMethodAccessorImpl.java:43)
	at java.lang.reflect.Method.invoke(Method.java:601)
	at org.testng.internal.MethodInvocationHelper.invokeMethod(MethodInvocationHelper.java:86)
	at org.testng.internal.MethodInvocationHelper.invokeDataProvider(MethodInvocationHelper.java:155)
	... 21 more
</pre></div></td>
<td>0</td>
<td>TestCase.CLtesting.US458CheckShipmentAlreadyLoadedOnTrailer@4b623f3e</td></tr>
</table><p>
</body>
</html>