<?xml version="1.0" encoding="UTF-8"?>
<!-- Generated by org.testng.reporters.JUnitXMLReporter -->
<testsuite hostname="N700278" name="VerifyLdgScreen" tests="33" failures="1" timestamp="8 Jan 2016 19:35:39 GMT" time="293.477" errors="0">
  <testcase name="VerifyProDigitCheck" time="0.528" classname="Demo.ProNumberDigitCheck"/>
  <testcase name="VerifyProDigitCheck" time="0.321" classname="Demo.ProNumberDigitCheck"/>
  <testcase name="VerifyProDigitCheck" time="0.313" classname="Demo.ProNumberDigitCheck"/>
  <testcase name="VerifyProDigitCheck" time="0.301" classname="Demo.ProNumberDigitCheck"/>
  <testcase name="VerifyProDigitCheck" time="0.431" classname="Demo.ProNumberDigitCheck"/>
  <testcase name="VerifyProDigitCheck" time="0.344" classname="Demo.ProNumberDigitCheck"/>
  <testcase name="VerifyProDigitCheck" time="0.255" classname="Demo.ProNumberDigitCheck"/>
  <testcase name="VerifyProDigitCheck" time="0.281" classname="Demo.ProNumberDigitCheck"/>
  <testcase name="VerifyProDigitCheck" time="0.288" classname="Demo.ProNumberDigitCheck"/>
  <testcase name="VerifyProDigitCheck" time="0.381" classname="Demo.ProNumberDigitCheck"/>
  <testcase name="VerifyProDigitCheck" time="5.536" classname="Demo.ProNumberDigitCheck">
    <failure type="org.openqa.selenium.TimeoutException" message="Timed out after 5 seconds waiting for text (&amp;apos;ABCDEFGHIJ&amp;apos;) to be present in element [[ChromeDriver: chrome on XP (722af2f264dfcf239f4eecd805620ec8)] -&amp;gt; xpath: .//div[@config=&amp;apos;addProsVM.addProsGrid.config&amp;apos;]/div/div[3]/div[2]/div]
Build info: version: &amp;apos;2.47.1&amp;apos;, revision: &amp;apos;411b314&amp;apos;, time: &amp;apos;2015-07-30 03:03:16&amp;apos;
System info: host: &amp;apos;N700278&amp;apos;, ip: &amp;apos;10.51.235.212&amp;apos;, os.name: &amp;apos;Windows 7&amp;apos;, os.arch: &amp;apos;amd64&amp;apos;, os.version: &amp;apos;6.1&amp;apos;, java.version: &amp;apos;1.7.0_06&amp;apos;
Session ID: 722af2f264dfcf239f4eecd805620ec8
Driver info: org.openqa.selenium.chrome.ChromeDriver
Capabilities [{platform=XP, acceptSslCerts=true, javascriptEnabled=true, browserName=chrome, chrome={userDataDir=C:\Users\uyr27b0\AppData\Local\Temp\scoped_dir89408_7477}, rotatable=false, locationContextEnabled=true, mobileEmulationEnabled=false, version=47.0.2526.106, takesHeapSnapshot=true, cssSelectorsEnabled=true, databaseEnabled=false, handlesAlerts=true, browserConnectionEnabled=false, webStorageEnabled=true, nativeEvents=true, hasTouchScreen=false, applicationCacheEnabled=false, takesScreenshot=true}]">
      <![CDATA[org.openqa.selenium.TimeoutException: Timed out after 5 seconds waiting for text ('ABCDEFGHIJ') to be present in element [[ChromeDriver: chrome on XP (722af2f264dfcf239f4eecd805620ec8)] -> xpath: .//div[@config='addProsVM.addProsGrid.config']/div/div[3]/div[2]/div]
Build info: version: '2.47.1', revision: '411b314', time: '2015-07-30 03:03:16'
System info: host: 'N700278', ip: '10.51.235.212', os.name: 'Windows 7', os.arch: 'amd64', os.version: '6.1', java.version: '1.7.0_06'
Session ID: 722af2f264dfcf239f4eecd805620ec8
Driver info: org.openqa.selenium.chrome.ChromeDriver
Capabilities [{platform=XP, acceptSslCerts=true, javascriptEnabled=true, browserName=chrome, chrome={userDataDir=C:\Users\uyr27b0\AppData\Local\Temp\scoped_dir89408_7477}, rotatable=false, locationContextEnabled=true, mobileEmulationEnabled=false, version=47.0.2526.106, takesHeapSnapshot=true, cssSelectorsEnabled=true, databaseEnabled=false, handlesAlerts=true, browserConnectionEnabled=false, webStorageEnabled=true, nativeEvents=true, hasTouchScreen=false, applicationCacheEnabled=false, takesScreenshot=true}]
	at org.openqa.selenium.support.ui.WebDriverWait.timeoutException(WebDriverWait.java:80)
	at org.openqa.selenium.support.ui.FluentWait.until(FluentWait.java:229)
	at Demo.ProNumberDigitCheck.VerifyProDigitCheck(ProNumberDigitCheck.java:56)
	at java.util.concurrent.ThreadPoolExecutor.runWorker(Unknown Source)
	at java.util.concurrent.ThreadPoolExecutor$Worker.run(Unknown Source)
	at java.lang.Thread.run(Unknown Source)
... Removed 10 stack frames]]>
    </failure>
  </testcase> <!-- VerifyProDigitCheck -->
  <testcase name="VerifyProDigitCheck" time="0.364" classname="Demo.ProNumberDigitCheck"/>
  <testcase name="VerifyProDigitCheck" time="0.546" classname="Demo.ProNumberDigitCheck"/>
  <testcase name="VerifyProDigitCheck" time="0.417" classname="Demo.ProNumberDigitCheck"/>
  <testcase name="VerifyProDigitCheck" time="1.149" classname="Demo.ProNumberDigitCheck"/>
  <testcase name="VerifyProDigitCheck" time="0.858" classname="Demo.ProNumberDigitCheck"/>
  <testcase name="VerifyProDigitCheck" time="0.4" classname="Demo.ProNumberDigitCheck"/>
  <testcase name="VerifyProDigitCheck" time="0.331" classname="Demo.ProNumberDigitCheck"/>
  <testcase name="VerifyProDigitCheck" time="0.373" classname="Demo.ProNumberDigitCheck"/>
  <testcase name="VerifyProDigitCheck" time="0.271" classname="Demo.ProNumberDigitCheck"/>
  <testcase name="VerifyProDigitCheck" time="0.339" classname="Demo.ProNumberDigitCheck"/>
  <testcase name="VerifyProDigitCheck" time="0.36" classname="Demo.ProNumberDigitCheck"/>
  <testcase name="VerifyProDigitCheck" time="0.383" classname="Demo.ProNumberDigitCheck"/>
  <testcase name="VerifyProDigitCheck" time="0.643" classname="Demo.ProNumberDigitCheck"/>
  <testcase name="VerifyProDigitCheck" time="0.818" classname="Demo.ProNumberDigitCheck"/>
  <testcase name="VerifyProDigitCheck" time="0.73" classname="Demo.ProNumberDigitCheck"/>
  <testcase name="VerifySingleProForFoodTrailer" time="14.728" classname="Demo.ProNumberDigitCheck"/>
  <testcase name="addSingleFoodToTrailerWithoutPro" time="105.954" classname="Demo.VerifyLdgScreen"/>
  <testcase name="VerifySingleProForFoodTrailer" time="107.935" classname="Demo.ProNumberDigitCheck"/>
  <testcase name="addSingleFoodToTrailerWithoutPro" time="73.89" classname="Demo.VerifyLdgScreen"/>
  <testcase name="VerifySingleProForFoodTrailer" time="46.363" classname="Demo.ProNumberDigitCheck"/>
  <testcase name="VerifyBatchProForFoodTrailer" time="28.952" classname="Demo.VerifyLdgScreen"/>
  <testcase name="VerifyBatchProForFoodTrailer" time="30.007" classname="Demo.VerifyLdgScreen"/>
</testsuite> <!-- VerifyLdgScreen -->
