<html>
<head>
<title>TestNG:  Default test(failed)</title>
<link href="../testng.css" rel="stylesheet" type="text/css" />
<link href="../my-testng.css" rel="stylesheet" type="text/css" />

<style type="text/css">
.log { display: none;} 
.stack-trace { display: none;} 
</style>
<script type="text/javascript">
<!--
function flip(e) {
  current = e.style.display;
  if (current == 'block') {
    e.style.display = 'none';
    return 0;
  }
  else {
    e.style.display = 'block';
    return 1;
  }
}

function toggleBox(szDivId, elem, msg1, msg2)
{
  var res = -1;  if (document.getElementById) {
    res = flip(document.getElementById(szDivId));
  }
  else if (document.all) {
    // this is the way old msie versions work
    res = flip(document.all[szDivId]);
  }
  if(elem) {
    if(res == 0) elem.innerHTML = msg1; else elem.innerHTML = msg2;
  }

}

function toggleAllBoxes() {
  if (document.getElementsByTagName) {
    d = document.getElementsByTagName('div');
    for (i = 0; i < d.length; i++) {
      if (d[i].className == 'log') {
        flip(d[i]);
      }
    }
  }
}

// -->
</script>

</head>
<body>
<h2 align='center'>Default test(failed)</h2><table border='1' align="center">
<tr>
<td>Tests passed/Failed/Skipped:</td><td>0/10/0</td>
</tr><tr>
<td>Started on:</td><td>Fri Aug 12 15:26:07 UTC 2016</td>
</tr>
<tr><td>Total time:</td><td>437 seconds (437913 ms)</td>
</tr><tr>
<td>Included groups:</td><td></td>
</tr><tr>
<td>Excluded groups:</td><td></td>
</tr>
</table><p/>
<small><i>(Hover the method name to see the test class name)</i></small><p/>
<table width='100%' border='1' class='invocation-failed'>
<tr><td colspan='4' align='center'><b>FAILED TESTS</b></td></tr>
<tr><td><b>Test method</b></td>
<td width="30%"><b>Exception</b></td>
<td width="10%"><b>Time (seconds)</b></td>
<td><b>Instance</b></td>
</tr>
<tr>
<td title='TestCase.CLtesting.CLScreenTesting.CLHasProAddProQuickClose()'><b>CLHasProAddProQuickClose</b><br>Test class: TestCase.CLtesting.CLScreenTesting<br>Test method:  in cl has pro add pro quick close<br>Parameters: 875, RDWY, 390244, , PEDDLE, 16, 15217, 2016-02-17 00:00:00.0, 2016-02-17 09:01:00.0</td>
<td><div><pre>org.openqa.selenium.TimeoutException: Timed out after 50 seconds waiting for text (&apos;Trailer 390244 updated to Quick Close - CLTG&apos;) to be present in element [[ChromeDriver: chrome on XP (a57899883b8e28313daa6c204c2c4373)] -&gt; xpath: html/body/div[1]/div]
Build info: version: &apos;2.48.2&apos;, revision: &apos;41bccdd&apos;, time: &apos;2015-10-09 19:59:12&apos;
System info: host: &apos;N700278&apos;, ip: &apos;10.51.235.212&apos;, os.name: &apos;Windows 7&apos;, os.arch: &apos;amd64&apos;, os.version: &apos;6.1&apos;, java.version: &apos;1.7.0_06&apos;
Session ID: a57899883b8e28313daa6c204c2c4373
Driver info: org.openqa.selenium.chrome.ChromeDriver
Capabilities [{platform=XP, acceptSslCerts=true, javascriptEnabled=true, browserName=chrome, chrome={userDataDir=C:\Users\uyr27b0\AppData\Local\Temp\scoped_dir3632_3907, chromedriverVersion=2.23.409699 (49b0fa931cda1caad0ae15b7d1b68004acd05129)}, networkConnectionEnabled=false, rotatable=false, locationContextEnabled=true, mobileEmulationEnabled=false, version=52.0.2743.116, takesHeapSnapshot=true, databaseEnabled=false, cssSelectorsEnabled=true, handlesAlerts=true, browserConnectionEnabled=false, webStorageEnabled=true, nativeEvents=true, hasTouchScreen=false, applicationCacheEnabled=false, takesScreenshot=true}]
	at org.openqa.selenium.support.ui.WebDriverWait.timeoutException(WebDriverWait.java:80)
	at org.openqa.selenium.support.ui.FluentWait.until(FluentWait.java:261)
	at TestCase.CLtesting.CLScreenTesting.CLHasProAddProQuickClose(CLScreenTesting.java:1165)
... Removed 25 stack frames</pre></div><a href='#' onClick='toggleBox("stack-trace657240013", this, "Click to show all stack frames", "Click to hide stack frames")'>Click to show all stack frames</a>
<div class='stack-trace' id='stack-trace657240013'><pre>org.openqa.selenium.TimeoutException: Timed out after 50 seconds waiting for text (&apos;Trailer 390244 updated to Quick Close - CLTG&apos;) to be present in element [[ChromeDriver: chrome on XP (a57899883b8e28313daa6c204c2c4373)] -&gt; xpath: html/body/div[1]/div]
Build info: version: &apos;2.48.2&apos;, revision: &apos;41bccdd&apos;, time: &apos;2015-10-09 19:59:12&apos;
System info: host: &apos;N700278&apos;, ip: &apos;10.51.235.212&apos;, os.name: &apos;Windows 7&apos;, os.arch: &apos;amd64&apos;, os.version: &apos;6.1&apos;, java.version: &apos;1.7.0_06&apos;
Session ID: a57899883b8e28313daa6c204c2c4373
Driver info: org.openqa.selenium.chrome.ChromeDriver
Capabilities [{platform=XP, acceptSslCerts=true, javascriptEnabled=true, browserName=chrome, chrome={userDataDir=C:\Users\uyr27b0\AppData\Local\Temp\scoped_dir3632_3907, chromedriverVersion=2.23.409699 (49b0fa931cda1caad0ae15b7d1b68004acd05129)}, networkConnectionEnabled=false, rotatable=false, locationContextEnabled=true, mobileEmulationEnabled=false, version=52.0.2743.116, takesHeapSnapshot=true, databaseEnabled=false, cssSelectorsEnabled=true, handlesAlerts=true, browserConnectionEnabled=false, webStorageEnabled=true, nativeEvents=true, hasTouchScreen=false, applicationCacheEnabled=false, takesScreenshot=true}]
	at org.openqa.selenium.support.ui.WebDriverWait.timeoutException(WebDriverWait.java:80)
	at org.openqa.selenium.support.ui.FluentWait.until(FluentWait.java:261)
	at TestCase.CLtesting.CLScreenTesting.CLHasProAddProQuickClose(CLScreenTesting.java:1165)
	at sun.reflect.NativeMethodAccessorImpl.invoke0(Native Method)
	at sun.reflect.NativeMethodAccessorImpl.invoke(NativeMethodAccessorImpl.java:57)
	at sun.reflect.DelegatingMethodAccessorImpl.invoke(DelegatingMethodAccessorImpl.java:43)
	at java.lang.reflect.Method.invoke(Method.java:601)
	at org.testng.internal.MethodInvocationHelper.invokeMethod(MethodInvocationHelper.java:86)
	at org.testng.internal.Invoker.invokeMethod(Invoker.java:646)
	at org.testng.internal.Invoker.invokeTestMethod(Invoker.java:823)
	at org.testng.internal.Invoker.invokeTestMethods(Invoker.java:1131)
	at org.testng.internal.TestMethodWorker.invokeTestMethods(TestMethodWorker.java:129)
	at org.testng.internal.TestMethodWorker.run(TestMethodWorker.java:112)
	at org.testng.TestRunner.privateRun(TestRunner.java:778)
	at org.testng.TestRunner.run(TestRunner.java:632)
	at org.testng.SuiteRunner.runTest(SuiteRunner.java:366)
	at org.testng.SuiteRunner.runSequentially(SuiteRunner.java:361)
	at org.testng.SuiteRunner.privateRun(SuiteRunner.java:319)
	at org.testng.SuiteRunner.run(SuiteRunner.java:268)
	at org.testng.SuiteRunnerWorker.runSuite(SuiteRunnerWorker.java:52)
	at org.testng.SuiteRunnerWorker.run(SuiteRunnerWorker.java:86)
	at org.testng.TestNG.runSuitesSequentially(TestNG.java:1225)
	at org.testng.TestNG.runSuitesLocally(TestNG.java:1150)
	at org.testng.TestNG.runSuites(TestNG.java:1075)
	at org.testng.TestNG.run(TestNG.java:1047)
	at org.testng.remote.AbstractRemoteTestNG.run(AbstractRemoteTestNG.java:126)
	at org.testng.remote.RemoteTestNG.initAndRun(RemoteTestNG.java:137)
	at org.testng.remote.RemoteTestNG.main(RemoteTestNG.java:58)
</pre></div></td>
<td>65</td>
<td>TestCase.CLtesting.CLScreenTesting@2767237</td></tr>
<tr>
<td title='TestCase.CLtesting.CLScreenTesting.CLHasProQuickClose()'><b>CLHasProQuickClose</b><br>Test class: TestCase.CLtesting.CLScreenTesting<br>Test method:  in cl has pro quick close<br>Parameters: 621, RDWY, 820416, , PEDDLE, 3, 1367, 2016-02-17 00:00:00.0, 2016-02-17 10:17:00.0</td>
<td><div><pre>java.lang.AssertionError: The following asserts failed:
	CL screen prepopulate time is wrong  expected [Wed Feb 17 04:17:00 UTC 2016] but found [Fri Aug 12 10:31:00 UTC 2016]
	at TestCase.CLtesting.CLScreenTesting.CLHasProQuickClose(CLScreenTesting.java:1104)
... Removed 26 stack frames</pre></div><a href='#' onClick='toggleBox("stack-trace50788040", this, "Click to show all stack frames", "Click to hide stack frames")'>Click to show all stack frames</a>
<div class='stack-trace' id='stack-trace50788040'><pre>java.lang.AssertionError: The following asserts failed:
	CL screen prepopulate time is wrong  expected [Wed Feb 17 04:17:00 UTC 2016] but found [Fri Aug 12 10:31:00 UTC 2016]
	at org.testng.asserts.SoftAssert.assertAll(SoftAssert.java:43)
	at TestCase.CLtesting.CLScreenTesting.CLHasProQuickClose(CLScreenTesting.java:1104)
	at sun.reflect.NativeMethodAccessorImpl.invoke0(Native Method)
	at sun.reflect.NativeMethodAccessorImpl.invoke(NativeMethodAccessorImpl.java:57)
	at sun.reflect.DelegatingMethodAccessorImpl.invoke(DelegatingMethodAccessorImpl.java:43)
	at java.lang.reflect.Method.invoke(Method.java:601)
	at org.testng.internal.MethodInvocationHelper.invokeMethod(MethodInvocationHelper.java:86)
	at org.testng.internal.Invoker.invokeMethod(Invoker.java:646)
	at org.testng.internal.Invoker.invokeTestMethod(Invoker.java:823)
	at org.testng.internal.Invoker.invokeTestMethods(Invoker.java:1131)
	at org.testng.internal.TestMethodWorker.invokeTestMethods(TestMethodWorker.java:129)
	at org.testng.internal.TestMethodWorker.run(TestMethodWorker.java:112)
	at org.testng.TestRunner.privateRun(TestRunner.java:778)
	at org.testng.TestRunner.run(TestRunner.java:632)
	at org.testng.SuiteRunner.runTest(SuiteRunner.java:366)
	at org.testng.SuiteRunner.runSequentially(SuiteRunner.java:361)
	at org.testng.SuiteRunner.privateRun(SuiteRunner.java:319)
	at org.testng.SuiteRunner.run(SuiteRunner.java:268)
	at org.testng.SuiteRunnerWorker.runSuite(SuiteRunnerWorker.java:52)
	at org.testng.SuiteRunnerWorker.run(SuiteRunnerWorker.java:86)
	at org.testng.TestNG.runSuitesSequentially(TestNG.java:1225)
	at org.testng.TestNG.runSuitesLocally(TestNG.java:1150)
	at org.testng.TestNG.runSuites(TestNG.java:1075)
	at org.testng.TestNG.run(TestNG.java:1047)
	at org.testng.remote.AbstractRemoteTestNG.run(AbstractRemoteTestNG.java:126)
	at org.testng.remote.RemoteTestNG.initAndRun(RemoteTestNG.java:137)
	at org.testng.remote.RemoteTestNG.main(RemoteTestNG.java:58)
</pre></div></td>
<td>13</td>
<td>TestCase.CLtesting.CLScreenTesting@2767237</td></tr>
<tr>
<td title='TestCase.CLtesting.CLScreenTesting.CLHasProSetToCL()'><b>CLHasProSetToCL</b><br>Test class: TestCase.CLtesting.CLScreenTesting<br>Test method: trailer in cl status With pro set to cl<br>Parameters: 347, RDWY, 842220, , PEDDLE, 1, 2818, 2016-02-15 00:00:00.0, 2016-02-14 12:45:00.0</td>
<td><div><pre>java.lang.AssertionError: The following asserts failed:
	CL screen prepopulate time is wrong  expected [Sun Feb 14 06:45:00 UTC 2016] but found [Fri Aug 12 10:27:00 UTC 2016],
	9190691058 waybill SCAC is wrong expected [RDWY] but found [null],
	9190691058 waybill trailernb is wrong expected [842220] but found [null],
	9190691058 waybill  toSCAC is wrong expected [RDWY] but found [null],
	9190691058 waybill from terminal is wrong expected [347] but found [null],
	9190691058 waybill totrailernb is wrong expected [842220] but found [null],
	9190691058 waybill TRANSACTION TYPE is wrong expected [LOADING] but found [UNLOADING],
	9190691058 waybill table System_Modify_TS Thu Jul 21 23:11:08 UTC 2016  Fri Aug 12 15:27:49 UTC 2016 expected [true] but found [false],
	9190691058 waybill table Waybill_Transaction_End_TS Thu Jul 21 23:11:08 UTC 2016  Fri Aug 12 15:27:49 UTC 2016 expected [true] but found [false],
	4895146754 waybill SCAC is wrong expected [RDWY] but found [null],
	4895146754 waybill trailernb is wrong expected [842220] but found [null],
	4895146754 waybill  toSCAC is wrong expected [RDWY] but found [null],
	4895146754 waybill from terminal is wrong expected [347] but found [null],
	4895146754 waybill totrailernb is wrong expected [842220] but found [null],
	4895146754 waybill TRANSACTION TYPE is wrong expected [LOADING] but found [UNLOADING],
	4895146754 waybill table System_Modify_TS Thu Jul 21 23:06:39 UTC 2016  Fri Aug 12 15:27:49 UTC 2016 expected [true] but found [false],
	4895146754 waybill table Waybill_Transaction_End_TS Thu Jul 21 23:06:39 UTC 2016  Fri Aug 12 15:27:49 UTC 2016 expected [true] but found [false],
	4585661361 waybill SCAC is wrong expected [RDWY] but found [null],
	4585661361 waybill trailernb is wrong expected [842220] but found [null],
	4585661361 waybill  toSCAC is wrong expected [RDWY] but found [null],
	4585661361 waybill from terminal is wrong expected [347] but found [null],
	4585661361 waybill totrailernb is wrong expected [842220] but found [null],
	4585661361 waybill TRANSACTION TYPE is wrong expected [LOADING] but found [UNLOADING],
	4585661361 waybill table System_Modify_TS Thu Jul 21 23:07:53 UTC 2016  Fri Aug 12 15:27:49 UTC 2016 expected [true] but found [false],
	4585661361 waybill table Waybill_Transaction_End_TS Thu Jul 21 23:07:53 UTC 2016  Fri Aug 12 15:27:49 UTC 2016 expected [true] but found [false]
	at TestCase.CLtesting.CLScreenTesting.CLHasProSetToCL(CLScreenTesting.java:432)
... Removed 26 stack frames</pre></div><a href='#' onClick='toggleBox("stack-trace1853624099", this, "Click to show all stack frames", "Click to hide stack frames")'>Click to show all stack frames</a>
<div class='stack-trace' id='stack-trace1853624099'><pre>java.lang.AssertionError: The following asserts failed:
	CL screen prepopulate time is wrong  expected [Sun Feb 14 06:45:00 UTC 2016] but found [Fri Aug 12 10:27:00 UTC 2016],
	9190691058 waybill SCAC is wrong expected [RDWY] but found [null],
	9190691058 waybill trailernb is wrong expected [842220] but found [null],
	9190691058 waybill  toSCAC is wrong expected [RDWY] but found [null],
	9190691058 waybill from terminal is wrong expected [347] but found [null],
	9190691058 waybill totrailernb is wrong expected [842220] but found [null],
	9190691058 waybill TRANSACTION TYPE is wrong expected [LOADING] but found [UNLOADING],
	9190691058 waybill table System_Modify_TS Thu Jul 21 23:11:08 UTC 2016  Fri Aug 12 15:27:49 UTC 2016 expected [true] but found [false],
	9190691058 waybill table Waybill_Transaction_End_TS Thu Jul 21 23:11:08 UTC 2016  Fri Aug 12 15:27:49 UTC 2016 expected [true] but found [false],
	4895146754 waybill SCAC is wrong expected [RDWY] but found [null],
	4895146754 waybill trailernb is wrong expected [842220] but found [null],
	4895146754 waybill  toSCAC is wrong expected [RDWY] but found [null],
	4895146754 waybill from terminal is wrong expected [347] but found [null],
	4895146754 waybill totrailernb is wrong expected [842220] but found [null],
	4895146754 waybill TRANSACTION TYPE is wrong expected [LOADING] but found [UNLOADING],
	4895146754 waybill table System_Modify_TS Thu Jul 21 23:06:39 UTC 2016  Fri Aug 12 15:27:49 UTC 2016 expected [true] but found [false],
	4895146754 waybill table Waybill_Transaction_End_TS Thu Jul 21 23:06:39 UTC 2016  Fri Aug 12 15:27:49 UTC 2016 expected [true] but found [false],
	4585661361 waybill SCAC is wrong expected [RDWY] but found [null],
	4585661361 waybill trailernb is wrong expected [842220] but found [null],
	4585661361 waybill  toSCAC is wrong expected [RDWY] but found [null],
	4585661361 waybill from terminal is wrong expected [347] but found [null],
	4585661361 waybill totrailernb is wrong expected [842220] but found [null],
	4585661361 waybill TRANSACTION TYPE is wrong expected [LOADING] but found [UNLOADING],
	4585661361 waybill table System_Modify_TS Thu Jul 21 23:07:53 UTC 2016  Fri Aug 12 15:27:49 UTC 2016 expected [true] but found [false],
	4585661361 waybill table Waybill_Transaction_End_TS Thu Jul 21 23:07:53 UTC 2016  Fri Aug 12 15:27:49 UTC 2016 expected [true] but found [false]
	at org.testng.asserts.SoftAssert.assertAll(SoftAssert.java:43)
	at TestCase.CLtesting.CLScreenTesting.CLHasProSetToCL(CLScreenTesting.java:432)
	at sun.reflect.NativeMethodAccessorImpl.invoke0(Native Method)
	at sun.reflect.NativeMethodAccessorImpl.invoke(NativeMethodAccessorImpl.java:57)
	at sun.reflect.DelegatingMethodAccessorImpl.invoke(DelegatingMethodAccessorImpl.java:43)
	at java.lang.reflect.Method.invoke(Method.java:601)
	at org.testng.internal.MethodInvocationHelper.invokeMethod(MethodInvocationHelper.java:86)
	at org.testng.internal.Invoker.invokeMethod(Invoker.java:646)
	at org.testng.internal.Invoker.invokeTestMethod(Invoker.java:823)
	at org.testng.internal.Invoker.invokeTestMethods(Invoker.java:1131)
	at org.testng.internal.TestMethodWorker.invokeTestMethods(TestMethodWorker.java:129)
	at org.testng.internal.TestMethodWorker.run(TestMethodWorker.java:112)
	at org.testng.TestRunner.privateRun(TestRunner.java:778)
	at org.testng.TestRunner.run(TestRunner.java:632)
	at org.testng.SuiteRunner.runTest(SuiteRunner.java:366)
	at org.testng.SuiteRunner.runSequentially(SuiteRunner.java:361)
	at org.testng.SuiteRunner.privateRun(SuiteRunner.java:319)
	at org.testng.SuiteRunner.run(SuiteRunner.java:268)
	at org.testng.SuiteRunnerWorker.runSuite(SuiteRunnerWorker.java:52)
	at org.testng.SuiteRunnerWorker.run(SuiteRunnerWorker.java:86)
	at org.testng.TestNG.runSuitesSequentially(TestNG.java:1225)
	at org.testng.TestNG.runSuitesLocally(TestNG.java:1150)
	at org.testng.TestNG.runSuites(TestNG.java:1075)
	at org.testng.TestNG.run(TestNG.java:1047)
	at org.testng.remote.AbstractRemoteTestNG.run(AbstractRemoteTestNG.java:126)
	at org.testng.remote.RemoteTestNG.initAndRun(RemoteTestNG.java:137)
	at org.testng.remote.RemoteTestNG.main(RemoteTestNG.java:58)
</pre></div></td>
<td>15</td>
<td>TestCase.CLtesting.CLScreenTesting@2767237</td></tr>
<tr>
<td title='TestCase.CLtesting.CLScreenTesting.CLWithoutProAddProQuickClose()'><b>CLWithoutProAddProQuickClose</b><br>Test class: TestCase.CLtesting.CLScreenTesting<br>Test method:  in cl no pro add pro quick close<br>Parameters: 847, RDWY, 251573, , PEDDLE, , , 2015-12-16 00:00:00.0, 2015-12-16 23:47:00.0</td>
<td><div><pre>org.openqa.selenium.TimeoutException: Timed out after 50 seconds waiting for text (&apos;Trailer 251573 updated to Quick Close - CLTG&apos;) to be present in element [[ChromeDriver: chrome on XP (a57899883b8e28313daa6c204c2c4373)] -&gt; xpath: html/body/div[1]/div]
Build info: version: &apos;2.48.2&apos;, revision: &apos;41bccdd&apos;, time: &apos;2015-10-09 19:59:12&apos;
System info: host: &apos;N700278&apos;, ip: &apos;10.51.235.212&apos;, os.name: &apos;Windows 7&apos;, os.arch: &apos;amd64&apos;, os.version: &apos;6.1&apos;, java.version: &apos;1.7.0_06&apos;
Session ID: a57899883b8e28313daa6c204c2c4373
Driver info: org.openqa.selenium.chrome.ChromeDriver
Capabilities [{platform=XP, acceptSslCerts=true, javascriptEnabled=true, browserName=chrome, chrome={userDataDir=C:\Users\uyr27b0\AppData\Local\Temp\scoped_dir3632_3907, chromedriverVersion=2.23.409699 (49b0fa931cda1caad0ae15b7d1b68004acd05129)}, networkConnectionEnabled=false, rotatable=false, locationContextEnabled=true, mobileEmulationEnabled=false, version=52.0.2743.116, takesHeapSnapshot=true, databaseEnabled=false, cssSelectorsEnabled=true, handlesAlerts=true, browserConnectionEnabled=false, webStorageEnabled=true, nativeEvents=true, hasTouchScreen=false, applicationCacheEnabled=false, takesScreenshot=true}]
	at org.openqa.selenium.support.ui.WebDriverWait.timeoutException(WebDriverWait.java:80)
	at org.openqa.selenium.support.ui.FluentWait.until(FluentWait.java:261)
	at TestCase.CLtesting.CLScreenTesting.CLWithoutProAddProQuickClose(CLScreenTesting.java:988)
... Removed 25 stack frames</pre></div><a href='#' onClick='toggleBox("stack-trace1218947517", this, "Click to show all stack frames", "Click to hide stack frames")'>Click to show all stack frames</a>
<div class='stack-trace' id='stack-trace1218947517'><pre>org.openqa.selenium.TimeoutException: Timed out after 50 seconds waiting for text (&apos;Trailer 251573 updated to Quick Close - CLTG&apos;) to be present in element [[ChromeDriver: chrome on XP (a57899883b8e28313daa6c204c2c4373)] -&gt; xpath: html/body/div[1]/div]
Build info: version: &apos;2.48.2&apos;, revision: &apos;41bccdd&apos;, time: &apos;2015-10-09 19:59:12&apos;
System info: host: &apos;N700278&apos;, ip: &apos;10.51.235.212&apos;, os.name: &apos;Windows 7&apos;, os.arch: &apos;amd64&apos;, os.version: &apos;6.1&apos;, java.version: &apos;1.7.0_06&apos;
Session ID: a57899883b8e28313daa6c204c2c4373
Driver info: org.openqa.selenium.chrome.ChromeDriver
Capabilities [{platform=XP, acceptSslCerts=true, javascriptEnabled=true, browserName=chrome, chrome={userDataDir=C:\Users\uyr27b0\AppData\Local\Temp\scoped_dir3632_3907, chromedriverVersion=2.23.409699 (49b0fa931cda1caad0ae15b7d1b68004acd05129)}, networkConnectionEnabled=false, rotatable=false, locationContextEnabled=true, mobileEmulationEnabled=false, version=52.0.2743.116, takesHeapSnapshot=true, databaseEnabled=false, cssSelectorsEnabled=true, handlesAlerts=true, browserConnectionEnabled=false, webStorageEnabled=true, nativeEvents=true, hasTouchScreen=false, applicationCacheEnabled=false, takesScreenshot=true}]
	at org.openqa.selenium.support.ui.WebDriverWait.timeoutException(WebDriverWait.java:80)
	at org.openqa.selenium.support.ui.FluentWait.until(FluentWait.java:261)
	at TestCase.CLtesting.CLScreenTesting.CLWithoutProAddProQuickClose(CLScreenTesting.java:988)
	at sun.reflect.NativeMethodAccessorImpl.invoke0(Native Method)
	at sun.reflect.NativeMethodAccessorImpl.invoke(NativeMethodAccessorImpl.java:57)
	at sun.reflect.DelegatingMethodAccessorImpl.invoke(DelegatingMethodAccessorImpl.java:43)
	at java.lang.reflect.Method.invoke(Method.java:601)
	at org.testng.internal.MethodInvocationHelper.invokeMethod(MethodInvocationHelper.java:86)
	at org.testng.internal.Invoker.invokeMethod(Invoker.java:646)
	at org.testng.internal.Invoker.invokeTestMethod(Invoker.java:823)
	at org.testng.internal.Invoker.invokeTestMethods(Invoker.java:1131)
	at org.testng.internal.TestMethodWorker.invokeTestMethods(TestMethodWorker.java:129)
	at org.testng.internal.TestMethodWorker.run(TestMethodWorker.java:112)
	at org.testng.TestRunner.privateRun(TestRunner.java:778)
	at org.testng.TestRunner.run(TestRunner.java:632)
	at org.testng.SuiteRunner.runTest(SuiteRunner.java:366)
	at org.testng.SuiteRunner.runSequentially(SuiteRunner.java:361)
	at org.testng.SuiteRunner.privateRun(SuiteRunner.java:319)
	at org.testng.SuiteRunner.run(SuiteRunner.java:268)
	at org.testng.SuiteRunnerWorker.runSuite(SuiteRunnerWorker.java:52)
	at org.testng.SuiteRunnerWorker.run(SuiteRunnerWorker.java:86)
	at org.testng.TestNG.runSuitesSequentially(TestNG.java:1225)
	at org.testng.TestNG.runSuitesLocally(TestNG.java:1150)
	at org.testng.TestNG.runSuites(TestNG.java:1075)
	at org.testng.TestNG.run(TestNG.java:1047)
	at org.testng.remote.AbstractRemoteTestNG.run(AbstractRemoteTestNG.java:126)
	at org.testng.remote.RemoteTestNG.initAndRun(RemoteTestNG.java:137)
	at org.testng.remote.RemoteTestNG.main(RemoteTestNG.java:58)
</pre></div></td>
<td>59</td>
<td>TestCase.CLtesting.CLScreenTesting@2767237</td></tr>
<tr>
<td title='TestCase.CLtesting.CLScreenTesting.ToCLNoProAddPro()'><b>ToCLNoProAddPro</b><br>Test class: TestCase.CLtesting.CLScreenTesting<br>Test method: trailer not in cl status no pro add pro<br>Parameters: 627, RDWY, 116850, , PEDDLE, , , null, 2016-02-04 16:17:00.0</td>
<td><div><pre>java.lang.AssertionError: The following asserts failed:
	4966884204 waybill SCAC is wrong expected [RDWY] but found [null],
	4966884204 waybill trailernb is wrong expected [116850] but found [null],
	4966884204 waybill  toSCAC is wrong expected [RDWY] but found [null],
	4966884204 waybill from terminal is wrong expected [627] but found [null],
	4966884204 waybill totrailernb is wrong expected [116850] but found [null],
	4966884204 waybill TRANSACTION TYPE is wrong expected [LOADING] but found [UNLOADING],
	4966884204 waybill table System_Modify_TS Thu Jul 21 23:08:48 UTC 2016  Fri Aug 12 15:26:41 UTC 2016 expected [true] but found [false],
	4966884204 waybill table Waybill_Transaction_End_TS Thu Jul 21 23:08:48 UTC 2016  Fri Aug 12 15:26:41 UTC 2016 expected [true] but found [false],
	1710342055 waybill SCAC is wrong expected [RDWY] but found [null],
	1710342055 waybill trailernb is wrong expected [116850] but found [null],
	1710342055 waybill  toSCAC is wrong expected [RDWY] but found [null],
	1710342055 waybill from terminal is wrong expected [627] but found [null],
	1710342055 waybill totrailernb is wrong expected [116850] but found [null],
	1710342055 waybill TRANSACTION TYPE is wrong expected [LOADING] but found [UNLOADING],
	1710342055 waybill table System_Modify_TS Thu Jul 21 22:09:02 UTC 2016  Fri Aug 12 15:26:41 UTC 2016 expected [true] but found [false],
	1710342055 waybill table Waybill_Transaction_End_TS Thu Jul 21 22:09:02 UTC 2016  Fri Aug 12 15:26:41 UTC 2016 expected [true] but found [false],
	4898042367 waybill SCAC is wrong expected [RDWY] but found [null],
	4898042367 waybill trailernb is wrong expected [116850] but found [null],
	4898042367 waybill  toSCAC is wrong expected [RDWY] but found [null],
	4898042367 waybill from terminal is wrong expected [627] but found [null],
	4898042367 waybill totrailernb is wrong expected [116850] but found [null],
	4898042367 waybill TRANSACTION TYPE is wrong expected [LOADING] but found [UNLOADING],
	4898042367 waybill table System_Modify_TS Thu Jul 21 22:10:19 UTC 2016  Fri Aug 12 15:26:41 UTC 2016 expected [true] but found [false],
	4898042367 waybill table Waybill_Transaction_End_TS Thu Jul 21 22:10:19 UTC 2016  Fri Aug 12 15:26:41 UTC 2016 expected [true] but found [false]
	at TestCase.CLtesting.CLScreenTesting.ToCLNoProAddPro(CLScreenTesting.java:228)
... Removed 26 stack frames</pre></div><a href='#' onClick='toggleBox("stack-trace1045763420", this, "Click to show all stack frames", "Click to hide stack frames")'>Click to show all stack frames</a>
<div class='stack-trace' id='stack-trace1045763420'><pre>java.lang.AssertionError: The following asserts failed:
	4966884204 waybill SCAC is wrong expected [RDWY] but found [null],
	4966884204 waybill trailernb is wrong expected [116850] but found [null],
	4966884204 waybill  toSCAC is wrong expected [RDWY] but found [null],
	4966884204 waybill from terminal is wrong expected [627] but found [null],
	4966884204 waybill totrailernb is wrong expected [116850] but found [null],
	4966884204 waybill TRANSACTION TYPE is wrong expected [LOADING] but found [UNLOADING],
	4966884204 waybill table System_Modify_TS Thu Jul 21 23:08:48 UTC 2016  Fri Aug 12 15:26:41 UTC 2016 expected [true] but found [false],
	4966884204 waybill table Waybill_Transaction_End_TS Thu Jul 21 23:08:48 UTC 2016  Fri Aug 12 15:26:41 UTC 2016 expected [true] but found [false],
	1710342055 waybill SCAC is wrong expected [RDWY] but found [null],
	1710342055 waybill trailernb is wrong expected [116850] but found [null],
	1710342055 waybill  toSCAC is wrong expected [RDWY] but found [null],
	1710342055 waybill from terminal is wrong expected [627] but found [null],
	1710342055 waybill totrailernb is wrong expected [116850] but found [null],
	1710342055 waybill TRANSACTION TYPE is wrong expected [LOADING] but found [UNLOADING],
	1710342055 waybill table System_Modify_TS Thu Jul 21 22:09:02 UTC 2016  Fri Aug 12 15:26:41 UTC 2016 expected [true] but found [false],
	1710342055 waybill table Waybill_Transaction_End_TS Thu Jul 21 22:09:02 UTC 2016  Fri Aug 12 15:26:41 UTC 2016 expected [true] but found [false],
	4898042367 waybill SCAC is wrong expected [RDWY] but found [null],
	4898042367 waybill trailernb is wrong expected [116850] but found [null],
	4898042367 waybill  toSCAC is wrong expected [RDWY] but found [null],
	4898042367 waybill from terminal is wrong expected [627] but found [null],
	4898042367 waybill totrailernb is wrong expected [116850] but found [null],
	4898042367 waybill TRANSACTION TYPE is wrong expected [LOADING] but found [UNLOADING],
	4898042367 waybill table System_Modify_TS Thu Jul 21 22:10:19 UTC 2016  Fri Aug 12 15:26:41 UTC 2016 expected [true] but found [false],
	4898042367 waybill table Waybill_Transaction_End_TS Thu Jul 21 22:10:19 UTC 2016  Fri Aug 12 15:26:41 UTC 2016 expected [true] but found [false]
	at org.testng.asserts.SoftAssert.assertAll(SoftAssert.java:43)
	at TestCase.CLtesting.CLScreenTesting.ToCLNoProAddPro(CLScreenTesting.java:228)
	at sun.reflect.NativeMethodAccessorImpl.invoke0(Native Method)
	at sun.reflect.NativeMethodAccessorImpl.invoke(NativeMethodAccessorImpl.java:57)
	at sun.reflect.DelegatingMethodAccessorImpl.invoke(DelegatingMethodAccessorImpl.java:43)
	at java.lang.reflect.Method.invoke(Method.java:601)
	at org.testng.internal.MethodInvocationHelper.invokeMethod(MethodInvocationHelper.java:86)
	at org.testng.internal.Invoker.invokeMethod(Invoker.java:646)
	at org.testng.internal.Invoker.invokeTestMethod(Invoker.java:823)
	at org.testng.internal.Invoker.invokeTestMethods(Invoker.java:1131)
	at org.testng.internal.TestMethodWorker.invokeTestMethods(TestMethodWorker.java:129)
	at org.testng.internal.TestMethodWorker.run(TestMethodWorker.java:112)
	at org.testng.TestRunner.privateRun(TestRunner.java:778)
	at org.testng.TestRunner.run(TestRunner.java:632)
	at org.testng.SuiteRunner.runTest(SuiteRunner.java:366)
	at org.testng.SuiteRunner.runSequentially(SuiteRunner.java:361)
	at org.testng.SuiteRunner.privateRun(SuiteRunner.java:319)
	at org.testng.SuiteRunner.run(SuiteRunner.java:268)
	at org.testng.SuiteRunnerWorker.runSuite(SuiteRunnerWorker.java:52)
	at org.testng.SuiteRunnerWorker.run(SuiteRunnerWorker.java:86)
	at org.testng.TestNG.runSuitesSequentially(TestNG.java:1225)
	at org.testng.TestNG.runSuitesLocally(TestNG.java:1150)
	at org.testng.TestNG.runSuites(TestNG.java:1075)
	at org.testng.TestNG.run(TestNG.java:1047)
	at org.testng.remote.AbstractRemoteTestNG.run(AbstractRemoteTestNG.java:126)
	at org.testng.remote.RemoteTestNG.initAndRun(RemoteTestNG.java:137)
	at org.testng.remote.RemoteTestNG.main(RemoteTestNG.java:58)
</pre></div></td>
<td>14</td>
<td>TestCase.CLtesting.CLScreenTesting@2767237</td></tr>
<tr>
<td title='TestCase.CLtesting.CLScreenTesting.ToCLNoProAddProQuickClose()'><b>ToCLNoProAddProQuickClose</b><br>Test class: TestCase.CLtesting.CLScreenTesting<br>Test method: not in cl no pro add pro quick close<br>Parameters: 248, HMES, 536325, , PEDDLE, , , null, 2012-07-30 03:00:00.0</td>
<td><div><pre>org.openqa.selenium.TimeoutException: Timed out after 50 seconds waiting for text (&apos;Trailer HMES 536325 updated to Quick Close - CLTG&apos;) to be present in element [[ChromeDriver: chrome on XP (a57899883b8e28313daa6c204c2c4373)] -&gt; xpath: html/body/div[1]/div]
Build info: version: &apos;2.48.2&apos;, revision: &apos;41bccdd&apos;, time: &apos;2015-10-09 19:59:12&apos;
System info: host: &apos;N700278&apos;, ip: &apos;10.51.235.212&apos;, os.name: &apos;Windows 7&apos;, os.arch: &apos;amd64&apos;, os.version: &apos;6.1&apos;, java.version: &apos;1.7.0_06&apos;
Session ID: a57899883b8e28313daa6c204c2c4373
Driver info: org.openqa.selenium.chrome.ChromeDriver
Capabilities [{platform=XP, acceptSslCerts=true, javascriptEnabled=true, browserName=chrome, chrome={userDataDir=C:\Users\uyr27b0\AppData\Local\Temp\scoped_dir3632_3907, chromedriverVersion=2.23.409699 (49b0fa931cda1caad0ae15b7d1b68004acd05129)}, networkConnectionEnabled=false, rotatable=false, locationContextEnabled=true, mobileEmulationEnabled=false, version=52.0.2743.116, takesHeapSnapshot=true, databaseEnabled=false, cssSelectorsEnabled=true, handlesAlerts=true, browserConnectionEnabled=false, webStorageEnabled=true, nativeEvents=true, hasTouchScreen=false, applicationCacheEnabled=false, takesScreenshot=true}]
	at org.openqa.selenium.support.ui.WebDriverWait.timeoutException(WebDriverWait.java:80)
	at org.openqa.selenium.support.ui.FluentWait.until(FluentWait.java:261)
	at TestCase.CLtesting.CLScreenTesting.ToCLNoProAddProQuickClose(CLScreenTesting.java:886)
... Removed 25 stack frames</pre></div><a href='#' onClick='toggleBox("stack-trace1198996195", this, "Click to show all stack frames", "Click to hide stack frames")'>Click to show all stack frames</a>
<div class='stack-trace' id='stack-trace1198996195'><pre>org.openqa.selenium.TimeoutException: Timed out after 50 seconds waiting for text (&apos;Trailer HMES 536325 updated to Quick Close - CLTG&apos;) to be present in element [[ChromeDriver: chrome on XP (a57899883b8e28313daa6c204c2c4373)] -&gt; xpath: html/body/div[1]/div]
Build info: version: &apos;2.48.2&apos;, revision: &apos;41bccdd&apos;, time: &apos;2015-10-09 19:59:12&apos;
System info: host: &apos;N700278&apos;, ip: &apos;10.51.235.212&apos;, os.name: &apos;Windows 7&apos;, os.arch: &apos;amd64&apos;, os.version: &apos;6.1&apos;, java.version: &apos;1.7.0_06&apos;
Session ID: a57899883b8e28313daa6c204c2c4373
Driver info: org.openqa.selenium.chrome.ChromeDriver
Capabilities [{platform=XP, acceptSslCerts=true, javascriptEnabled=true, browserName=chrome, chrome={userDataDir=C:\Users\uyr27b0\AppData\Local\Temp\scoped_dir3632_3907, chromedriverVersion=2.23.409699 (49b0fa931cda1caad0ae15b7d1b68004acd05129)}, networkConnectionEnabled=false, rotatable=false, locationContextEnabled=true, mobileEmulationEnabled=false, version=52.0.2743.116, takesHeapSnapshot=true, databaseEnabled=false, cssSelectorsEnabled=true, handlesAlerts=true, browserConnectionEnabled=false, webStorageEnabled=true, nativeEvents=true, hasTouchScreen=false, applicationCacheEnabled=false, takesScreenshot=true}]
	at org.openqa.selenium.support.ui.WebDriverWait.timeoutException(WebDriverWait.java:80)
	at org.openqa.selenium.support.ui.FluentWait.until(FluentWait.java:261)
	at TestCase.CLtesting.CLScreenTesting.ToCLNoProAddProQuickClose(CLScreenTesting.java:886)
	at sun.reflect.NativeMethodAccessorImpl.invoke0(Native Method)
	at sun.reflect.NativeMethodAccessorImpl.invoke(NativeMethodAccessorImpl.java:57)
	at sun.reflect.DelegatingMethodAccessorImpl.invoke(DelegatingMethodAccessorImpl.java:43)
	at java.lang.reflect.Method.invoke(Method.java:601)
	at org.testng.internal.MethodInvocationHelper.invokeMethod(MethodInvocationHelper.java:86)
	at org.testng.internal.Invoker.invokeMethod(Invoker.java:646)
	at org.testng.internal.Invoker.invokeTestMethod(Invoker.java:823)
	at org.testng.internal.Invoker.invokeTestMethods(Invoker.java:1131)
	at org.testng.internal.TestMethodWorker.invokeTestMethods(TestMethodWorker.java:129)
	at org.testng.internal.TestMethodWorker.run(TestMethodWorker.java:112)
	at org.testng.TestRunner.privateRun(TestRunner.java:778)
	at org.testng.TestRunner.run(TestRunner.java:632)
	at org.testng.SuiteRunner.runTest(SuiteRunner.java:366)
	at org.testng.SuiteRunner.runSequentially(SuiteRunner.java:361)
	at org.testng.SuiteRunner.privateRun(SuiteRunner.java:319)
	at org.testng.SuiteRunner.run(SuiteRunner.java:268)
	at org.testng.SuiteRunnerWorker.runSuite(SuiteRunnerWorker.java:52)
	at org.testng.SuiteRunnerWorker.run(SuiteRunnerWorker.java:86)
	at org.testng.TestNG.runSuitesSequentially(TestNG.java:1225)
	at org.testng.TestNG.runSuitesLocally(TestNG.java:1150)
	at org.testng.TestNG.runSuites(TestNG.java:1075)
	at org.testng.TestNG.run(TestNG.java:1047)
	at org.testng.remote.AbstractRemoteTestNG.run(AbstractRemoteTestNG.java:126)
	at org.testng.remote.RemoteTestNG.initAndRun(RemoteTestNG.java:137)
	at org.testng.remote.RemoteTestNG.main(RemoteTestNG.java:58)
</pre></div></td>
<td>59</td>
<td>TestCase.CLtesting.CLScreenTesting@2767237</td></tr>
<tr>
<td title='TestCase.CLtesting.CLScreenTesting.ToCLNoProAddProWithType()'><b>ToCLNoProAddProWithType</b><br>Test class: TestCase.CLtesting.CLScreenTesting<br>Test method: trailer not in cl status no pro add food or pois pro<br>Parameters: 422, RDWY, 89156, , PEDDLE, , , null, 2016-02-16 22:24:00.0</td>
<td><div><pre>java.lang.AssertionError: The following asserts failed:
	4969725587 waybill trailernb is wrong expected [89156] but found [531155],
	4969725587 waybill from terminal is wrong expected [422] but found [402],
	4969725587 waybill totrailernb is wrong expected [89156] but found [531155],
	4969725587 waybill table System_Modify_TS Thu Jul 21 23:08:43 UTC 2016  Fri Aug 12 15:27:11 UTC 2016 expected [true] but found [false],
	4969725587 waybill table Waybill_Transaction_End_TS Thu Jul 21 23:08:43 UTC 2016  Fri Aug 12 15:27:11 UTC 2016 expected [true] but found [false],
	4890042388 waybill trailernb is wrong expected [89156] but found [291133],
	4890042388 waybill from terminal is wrong expected [422] but found [830],
	4890042388 waybill totrailernb is wrong expected [89156] but found [291133],
	4890042388 waybill table System_Modify_TS Thu Jul 21 23:13:07 UTC 2016  Fri Aug 12 15:27:11 UTC 2016 expected [true] but found [false],
	4890042388 waybill table Waybill_Transaction_End_TS Thu Jul 21 23:13:07 UTC 2016  Fri Aug 12 15:27:11 UTC 2016 expected [true] but found [false],
	3755926663 waybill SCAC is wrong expected [RDWY] but found [AGLR],
	3755926663 waybill trailernb is wrong expected [89156] but found [700018],
	3755926663 waybill  toSCAC is wrong expected [RDWY] but found [AGLR],
	3755926663 waybill from terminal is wrong expected [422] but found [700],
	3755926663 waybill totrailernb is wrong expected [89156] but found [700018],
	3755926663 waybill table System_Modify_TS Thu Jul 21 23:06:08 UTC 2016  Fri Aug 12 15:27:11 UTC 2016 expected [true] but found [false],
	3755926663 waybill table Waybill_Transaction_End_TS Thu Jul 21 23:06:08 UTC 2016  Fri Aug 12 15:27:11 UTC 2016 expected [true] but found [false]
	at TestCase.CLtesting.CLScreenTesting.ToCLNoProAddProWithType(CLScreenTesting.java:330)
... Removed 26 stack frames</pre></div><a href='#' onClick='toggleBox("stack-trace324521258", this, "Click to show all stack frames", "Click to hide stack frames")'>Click to show all stack frames</a>
<div class='stack-trace' id='stack-trace324521258'><pre>java.lang.AssertionError: The following asserts failed:
	4969725587 waybill trailernb is wrong expected [89156] but found [531155],
	4969725587 waybill from terminal is wrong expected [422] but found [402],
	4969725587 waybill totrailernb is wrong expected [89156] but found [531155],
	4969725587 waybill table System_Modify_TS Thu Jul 21 23:08:43 UTC 2016  Fri Aug 12 15:27:11 UTC 2016 expected [true] but found [false],
	4969725587 waybill table Waybill_Transaction_End_TS Thu Jul 21 23:08:43 UTC 2016  Fri Aug 12 15:27:11 UTC 2016 expected [true] but found [false],
	4890042388 waybill trailernb is wrong expected [89156] but found [291133],
	4890042388 waybill from terminal is wrong expected [422] but found [830],
	4890042388 waybill totrailernb is wrong expected [89156] but found [291133],
	4890042388 waybill table System_Modify_TS Thu Jul 21 23:13:07 UTC 2016  Fri Aug 12 15:27:11 UTC 2016 expected [true] but found [false],
	4890042388 waybill table Waybill_Transaction_End_TS Thu Jul 21 23:13:07 UTC 2016  Fri Aug 12 15:27:11 UTC 2016 expected [true] but found [false],
	3755926663 waybill SCAC is wrong expected [RDWY] but found [AGLR],
	3755926663 waybill trailernb is wrong expected [89156] but found [700018],
	3755926663 waybill  toSCAC is wrong expected [RDWY] but found [AGLR],
	3755926663 waybill from terminal is wrong expected [422] but found [700],
	3755926663 waybill totrailernb is wrong expected [89156] but found [700018],
	3755926663 waybill table System_Modify_TS Thu Jul 21 23:06:08 UTC 2016  Fri Aug 12 15:27:11 UTC 2016 expected [true] but found [false],
	3755926663 waybill table Waybill_Transaction_End_TS Thu Jul 21 23:06:08 UTC 2016  Fri Aug 12 15:27:11 UTC 2016 expected [true] but found [false]
	at org.testng.asserts.SoftAssert.assertAll(SoftAssert.java:43)
	at TestCase.CLtesting.CLScreenTesting.ToCLNoProAddProWithType(CLScreenTesting.java:330)
	at sun.reflect.NativeMethodAccessorImpl.invoke0(Native Method)
	at sun.reflect.NativeMethodAccessorImpl.invoke(NativeMethodAccessorImpl.java:57)
	at sun.reflect.DelegatingMethodAccessorImpl.invoke(DelegatingMethodAccessorImpl.java:43)
	at java.lang.reflect.Method.invoke(Method.java:601)
	at org.testng.internal.MethodInvocationHelper.invokeMethod(MethodInvocationHelper.java:86)
	at org.testng.internal.Invoker.invokeMethod(Invoker.java:646)
	at org.testng.internal.Invoker.invokeTestMethod(Invoker.java:823)
	at org.testng.internal.Invoker.invokeTestMethods(Invoker.java:1131)
	at org.testng.internal.TestMethodWorker.invokeTestMethods(TestMethodWorker.java:129)
	at org.testng.internal.TestMethodWorker.run(TestMethodWorker.java:112)
	at org.testng.TestRunner.privateRun(TestRunner.java:778)
	at org.testng.TestRunner.run(TestRunner.java:632)
	at org.testng.SuiteRunner.runTest(SuiteRunner.java:366)
	at org.testng.SuiteRunner.runSequentially(SuiteRunner.java:361)
	at org.testng.SuiteRunner.privateRun(SuiteRunner.java:319)
	at org.testng.SuiteRunner.run(SuiteRunner.java:268)
	at org.testng.SuiteRunnerWorker.runSuite(SuiteRunnerWorker.java:52)
	at org.testng.SuiteRunnerWorker.run(SuiteRunnerWorker.java:86)
	at org.testng.TestNG.runSuitesSequentially(TestNG.java:1225)
	at org.testng.TestNG.runSuitesLocally(TestNG.java:1150)
	at org.testng.TestNG.runSuites(TestNG.java:1075)
	at org.testng.TestNG.run(TestNG.java:1047)
	at org.testng.remote.AbstractRemoteTestNG.run(AbstractRemoteTestNG.java:126)
	at org.testng.remote.RemoteTestNG.initAndRun(RemoteTestNG.java:137)
	at org.testng.remote.RemoteTestNG.main(RemoteTestNG.java:58)
</pre></div></td>
<td>13</td>
<td>TestCase.CLtesting.CLScreenTesting@2767237</td></tr>
<tr>
<td title='TestCase.CLtesting.CLScreenTesting.ToCLWithProAllShort()'><b>ToCLWithProAllShort</b><br>Test class: TestCase.CLtesting.CLScreenTesting<br>Test method: trailer in status to cl has pro, 3b lobr, all short </td>
<td><div><pre>org.testng.internal.reflect.MethodMatcherException: 
Data provider mismatch
Method: ToCLWithProAllShort([Parameter{index=0, type=java.lang.String, declaredAnnotations=[]}, Parameter{index=1, type=java.lang.String, declaredAnnotations=[]}, Parameter{index=2, type=java.lang.String, declaredAnnotations=[]}, Parameter{index=3, type=java.lang.String, declaredAnnotations=[]}, Parameter{index=4, type=java.lang.String, declaredAnnotations=[]}, Parameter{index=5, type=java.lang.String, declaredAnnotations=[]}, Parameter{index=6, type=java.lang.String, declaredAnnotations=[]}, Parameter{index=7, type=java.util.Date, declaredAnnotations=[]}])
Arguments: [(java.lang.String)153,(java.lang.String)RDWY,(java.lang.String)123753,(java.lang.String),(java.lang.String)PEDDLE,(java.lang.String)1,(java.lang.String)806,(java.sql.Timestamp)2016-03-17 00:00:00.0,(java.sql.Timestamp)2016-03-17 16:15:56.43]
... Removed 20 stack frames</pre></div><a href='#' onClick='toggleBox("stack-trace171835972", this, "Click to show all stack frames", "Click to hide stack frames")'>Click to show all stack frames</a>
<div class='stack-trace' id='stack-trace171835972'><pre>org.testng.internal.reflect.MethodMatcherException: 
Data provider mismatch
Method: ToCLWithProAllShort([Parameter{index=0, type=java.lang.String, declaredAnnotations=[]}, Parameter{index=1, type=java.lang.String, declaredAnnotations=[]}, Parameter{index=2, type=java.lang.String, declaredAnnotations=[]}, Parameter{index=3, type=java.lang.String, declaredAnnotations=[]}, Parameter{index=4, type=java.lang.String, declaredAnnotations=[]}, Parameter{index=5, type=java.lang.String, declaredAnnotations=[]}, Parameter{index=6, type=java.lang.String, declaredAnnotations=[]}, Parameter{index=7, type=java.util.Date, declaredAnnotations=[]}])
Arguments: [(java.lang.String)153,(java.lang.String)RDWY,(java.lang.String)123753,(java.lang.String),(java.lang.String)PEDDLE,(java.lang.String)1,(java.lang.String)806,(java.sql.Timestamp)2016-03-17 00:00:00.0,(java.sql.Timestamp)2016-03-17 16:15:56.43]
	at org.testng.internal.reflect.DataProviderMethodMatcher.getConformingArguments(DataProviderMethodMatcher.java:52)
	at org.testng.internal.Invoker.injectParameters(Invoker.java:1228)
	at org.testng.internal.Invoker.invokeTestMethods(Invoker.java:1125)
	at org.testng.internal.TestMethodWorker.invokeTestMethods(TestMethodWorker.java:129)
	at org.testng.internal.TestMethodWorker.run(TestMethodWorker.java:112)
	at org.testng.TestRunner.privateRun(TestRunner.java:778)
	at org.testng.TestRunner.run(TestRunner.java:632)
	at org.testng.SuiteRunner.runTest(SuiteRunner.java:366)
	at org.testng.SuiteRunner.runSequentially(SuiteRunner.java:361)
	at org.testng.SuiteRunner.privateRun(SuiteRunner.java:319)
	at org.testng.SuiteRunner.run(SuiteRunner.java:268)
	at org.testng.SuiteRunnerWorker.runSuite(SuiteRunnerWorker.java:52)
	at org.testng.SuiteRunnerWorker.run(SuiteRunnerWorker.java:86)
	at org.testng.TestNG.runSuitesSequentially(TestNG.java:1225)
	at org.testng.TestNG.runSuitesLocally(TestNG.java:1150)
	at org.testng.TestNG.runSuites(TestNG.java:1075)
	at org.testng.TestNG.run(TestNG.java:1047)
	at org.testng.remote.AbstractRemoteTestNG.run(AbstractRemoteTestNG.java:126)
	at org.testng.remote.RemoteTestNG.initAndRun(RemoteTestNG.java:137)
	at org.testng.remote.RemoteTestNG.main(RemoteTestNG.java:58)
</pre></div></td>
<td>16</td>
<td>TestCase.CLtesting.CLScreenTesting@2767237</td></tr>
<tr>
<td title='TestCase.CLtesting.CLScreenTesting.ToCLWithProDock()'><b>ToCLWithProDock</b><br>Test class: TestCase.CLtesting.CLScreenTesting<br>Test method: trailer in status to cl has pro, 3b lobr, dock </td>
<td><div><pre>org.testng.internal.reflect.MethodMatcherException: 
Data provider mismatch
Method: ToCLWithProDock([Parameter{index=0, type=java.lang.String, declaredAnnotations=[]}, Parameter{index=1, type=java.lang.String, declaredAnnotations=[]}, Parameter{index=2, type=java.lang.String, declaredAnnotations=[]}, Parameter{index=3, type=java.lang.String, declaredAnnotations=[]}, Parameter{index=4, type=java.lang.String, declaredAnnotations=[]}, Parameter{index=5, type=java.lang.String, declaredAnnotations=[]}, Parameter{index=6, type=java.lang.String, declaredAnnotations=[]}, Parameter{index=7, type=java.util.Date, declaredAnnotations=[]}])
Arguments: [(java.lang.String)205,(java.lang.String)RDWY,(java.lang.String)133148,(java.lang.String),(java.lang.String)PEDDLE,(java.lang.String)3,(java.lang.String)19466,null,(java.sql.Timestamp)2016-02-17 02:30:00.0]
... Removed 20 stack frames</pre></div><a href='#' onClick='toggleBox("stack-trace737397858", this, "Click to show all stack frames", "Click to hide stack frames")'>Click to show all stack frames</a>
<div class='stack-trace' id='stack-trace737397858'><pre>org.testng.internal.reflect.MethodMatcherException: 
Data provider mismatch
Method: ToCLWithProDock([Parameter{index=0, type=java.lang.String, declaredAnnotations=[]}, Parameter{index=1, type=java.lang.String, declaredAnnotations=[]}, Parameter{index=2, type=java.lang.String, declaredAnnotations=[]}, Parameter{index=3, type=java.lang.String, declaredAnnotations=[]}, Parameter{index=4, type=java.lang.String, declaredAnnotations=[]}, Parameter{index=5, type=java.lang.String, declaredAnnotations=[]}, Parameter{index=6, type=java.lang.String, declaredAnnotations=[]}, Parameter{index=7, type=java.util.Date, declaredAnnotations=[]}])
Arguments: [(java.lang.String)205,(java.lang.String)RDWY,(java.lang.String)133148,(java.lang.String),(java.lang.String)PEDDLE,(java.lang.String)3,(java.lang.String)19466,null,(java.sql.Timestamp)2016-02-17 02:30:00.0]
	at org.testng.internal.reflect.DataProviderMethodMatcher.getConformingArguments(DataProviderMethodMatcher.java:52)
	at org.testng.internal.Invoker.injectParameters(Invoker.java:1228)
	at org.testng.internal.Invoker.invokeTestMethods(Invoker.java:1125)
	at org.testng.internal.TestMethodWorker.invokeTestMethods(TestMethodWorker.java:129)
	at org.testng.internal.TestMethodWorker.run(TestMethodWorker.java:112)
	at org.testng.TestRunner.privateRun(TestRunner.java:778)
	at org.testng.TestRunner.run(TestRunner.java:632)
	at org.testng.SuiteRunner.runTest(SuiteRunner.java:366)
	at org.testng.SuiteRunner.runSequentially(SuiteRunner.java:361)
	at org.testng.SuiteRunner.privateRun(SuiteRunner.java:319)
	at org.testng.SuiteRunner.run(SuiteRunner.java:268)
	at org.testng.SuiteRunnerWorker.runSuite(SuiteRunnerWorker.java:52)
	at org.testng.SuiteRunnerWorker.run(SuiteRunnerWorker.java:86)
	at org.testng.TestNG.runSuitesSequentially(TestNG.java:1225)
	at org.testng.TestNG.runSuitesLocally(TestNG.java:1150)
	at org.testng.TestNG.runSuites(TestNG.java:1075)
	at org.testng.TestNG.run(TestNG.java:1047)
	at org.testng.remote.AbstractRemoteTestNG.run(AbstractRemoteTestNG.java:126)
	at org.testng.remote.RemoteTestNG.initAndRun(RemoteTestNG.java:137)
	at org.testng.remote.RemoteTestNG.main(RemoteTestNG.java:58)
</pre></div></td>
<td>17</td>
<td>TestCase.CLtesting.CLScreenTesting@2767237</td></tr>
<tr>
<td title='TestCase.CLtesting.CLScreenTesting.ToCLWithProLeaveOn()'><b>ToCLWithProLeaveOn</b><br>Test class: TestCase.CLtesting.CLScreenTesting<br>Test method: trailer in status to cl has pro, 3b lobr, leave on </td>
<td><div><pre>org.testng.internal.reflect.MethodMatcherException: 
Data provider mismatch
Method: ToCLWithProLeaveOn([Parameter{index=0, type=java.lang.String, declaredAnnotations=[]}, Parameter{index=1, type=java.lang.String, declaredAnnotations=[]}, Parameter{index=2, type=java.lang.String, declaredAnnotations=[]}, Parameter{index=3, type=java.lang.String, declaredAnnotations=[]}, Parameter{index=4, type=java.lang.String, declaredAnnotations=[]}, Parameter{index=5, type=java.lang.String, declaredAnnotations=[]}, Parameter{index=6, type=java.lang.String, declaredAnnotations=[]}, Parameter{index=7, type=java.util.Date, declaredAnnotations=[]}])
Arguments: [(java.lang.String)402,(java.lang.String)RDWY,(java.lang.String)279135,(java.lang.String),(java.lang.String)PEDDLE,(java.lang.String)4,(java.lang.String)4323,null,(java.sql.Timestamp)2016-04-12 21:44:43.0]
... Removed 20 stack frames</pre></div><a href='#' onClick='toggleBox("stack-trace1165728903", this, "Click to show all stack frames", "Click to hide stack frames")'>Click to show all stack frames</a>
<div class='stack-trace' id='stack-trace1165728903'><pre>org.testng.internal.reflect.MethodMatcherException: 
Data provider mismatch
Method: ToCLWithProLeaveOn([Parameter{index=0, type=java.lang.String, declaredAnnotations=[]}, Parameter{index=1, type=java.lang.String, declaredAnnotations=[]}, Parameter{index=2, type=java.lang.String, declaredAnnotations=[]}, Parameter{index=3, type=java.lang.String, declaredAnnotations=[]}, Parameter{index=4, type=java.lang.String, declaredAnnotations=[]}, Parameter{index=5, type=java.lang.String, declaredAnnotations=[]}, Parameter{index=6, type=java.lang.String, declaredAnnotations=[]}, Parameter{index=7, type=java.util.Date, declaredAnnotations=[]}])
Arguments: [(java.lang.String)402,(java.lang.String)RDWY,(java.lang.String)279135,(java.lang.String),(java.lang.String)PEDDLE,(java.lang.String)4,(java.lang.String)4323,null,(java.sql.Timestamp)2016-04-12 21:44:43.0]
	at org.testng.internal.reflect.DataProviderMethodMatcher.getConformingArguments(DataProviderMethodMatcher.java:52)
	at org.testng.internal.Invoker.injectParameters(Invoker.java:1228)
	at org.testng.internal.Invoker.invokeTestMethods(Invoker.java:1125)
	at org.testng.internal.TestMethodWorker.invokeTestMethods(TestMethodWorker.java:129)
	at org.testng.internal.TestMethodWorker.run(TestMethodWorker.java:112)
	at org.testng.TestRunner.privateRun(TestRunner.java:778)
	at org.testng.TestRunner.run(TestRunner.java:632)
	at org.testng.SuiteRunner.runTest(SuiteRunner.java:366)
	at org.testng.SuiteRunner.runSequentially(SuiteRunner.java:361)
	at org.testng.SuiteRunner.privateRun(SuiteRunner.java:319)
	at org.testng.SuiteRunner.run(SuiteRunner.java:268)
	at org.testng.SuiteRunnerWorker.runSuite(SuiteRunnerWorker.java:52)
	at org.testng.SuiteRunnerWorker.run(SuiteRunnerWorker.java:86)
	at org.testng.TestNG.runSuitesSequentially(TestNG.java:1225)
	at org.testng.TestNG.runSuitesLocally(TestNG.java:1150)
	at org.testng.TestNG.runSuites(TestNG.java:1075)
	at org.testng.TestNG.run(TestNG.java:1047)
	at org.testng.remote.AbstractRemoteTestNG.run(AbstractRemoteTestNG.java:126)
	at org.testng.remote.RemoteTestNG.initAndRun(RemoteTestNG.java:137)
	at org.testng.remote.RemoteTestNG.main(RemoteTestNG.java:58)
</pre></div></td>
<td>19</td>
<td>TestCase.CLtesting.CLScreenTesting@2767237</td></tr>
</table><p>
</body>
</html>