<?xml version="1.0" encoding="UTF-8"?>
<!-- Generated by org.testng.reporters.JUnitReportReporter -->
<testsuite hostname="N700278" name="LdgScreen.US200004ProNumberDigitCheck" tests="27" failures="0" timestamp="16 Jun 2016 06:54:56 GMT" time="58.637" errors="1">
  <testcase name="VerifyProDigitCheck" time="0.807" classname="LdgScreen.US200004ProNumberDigitCheck"/>
  <testcase name="VerifyProDigitCheck" time="0.779" classname="LdgScreen.US200004ProNumberDigitCheck"/>
  <testcase name="VerifyProDigitCheck" time="0.903" classname="LdgScreen.US200004ProNumberDigitCheck"/>
  <testcase name="VerifyProDigitCheck" time="4.008" classname="LdgScreen.US200004ProNumberDigitCheck"/>
  <testcase name="VerifyProDigitCheck" time="0.853" classname="LdgScreen.US200004ProNumberDigitCheck"/>
  <testcase name="VerifyProDigitCheck" time="0.877" classname="LdgScreen.US200004ProNumberDigitCheck"/>
  <testcase name="VerifyProDigitCheck" time="0.806" classname="LdgScreen.US200004ProNumberDigitCheck"/>
  <testcase name="VerifyProDigitCheck" time="0.894" classname="LdgScreen.US200004ProNumberDigitCheck"/>
  <testcase name="VerifyProDigitCheck" time="0.751" classname="LdgScreen.US200004ProNumberDigitCheck"/>
  <testcase name="EnterTrailerInLdgNoShipments" time="12.698" classname="LdgScreen.US200004ProNumberDigitCheck"/>
  <testcase name="VerifyProDigitCheck" time="1.954" classname="LdgScreen.US200004ProNumberDigitCheck"/>
  <testcase name="VerifyProDigitCheck" time="0.778" classname="LdgScreen.US200004ProNumberDigitCheck"/>
  <testcase name="VerifyProDigitCheck" time="3.876" classname="LdgScreen.US200004ProNumberDigitCheck"/>
  <testcase name="VerifyProDigitCheck" time="0.774" classname="LdgScreen.US200004ProNumberDigitCheck"/>
  <testcase name="VerifyProDigitCheck" time="3.658" classname="LdgScreen.US200004ProNumberDigitCheck"/>
  <testcase name="VerifyProDigitCheck" time="4.024" classname="LdgScreen.US200004ProNumberDigitCheck"/>
  <testcase name="VerifyProDigitCheck" time="5.364" classname="LdgScreen.US200004ProNumberDigitCheck">
    <error type="org.openqa.selenium.TimeoutException" message="Timed out after 5 seconds waiting for text (&#039;ABC-DEFGHI-J&#039;) to be present in element [[ChromeDriver: chrome on XP (5aeee8fbd5c2e816b3617d47c5a6aad0)] -&gt; xpath: .//div[@config=&#039;addProsVM.addProsGrid.config&#039;]/div/div/div[3]/div[2]/div]
Build info: version: &#039;2.48.2&#039;, revision: &#039;41bccdd&#039;, time: &#039;2015-10-09 19:59:12&#039;
System info: host: &#039;N700278&#039;, ip: &#039;10.51.1.50&#039;, os.name: &#039;Windows 7&#039;, os.arch: &#039;amd64&#039;, os.version: &#039;6.1&#039;, java.version: &#039;1.7.0_06&#039;
Session ID: 5aeee8fbd5c2e816b3617d47c5a6aad0
Driver info: org.openqa.selenium.chrome.ChromeDriver
Capabilities [{platform=XP, acceptSslCerts=true, javascriptEnabled=true, browserName=chrome, chrome={userDataDir=C:\Users\uyr27b0\AppData\Local\Temp\scoped_dir12272_6960}, rotatable=false, locationContextEnabled=true, mobileEmulationEnabled=false, version=51.0.2704.84, takesHeapSnapshot=true, cssSelectorsEnabled=true, databaseEnabled=false, handlesAlerts=true, browserConnectionEnabled=false, webStorageEnabled=true, nativeEvents=true, hasTouchScreen=false, applicationCacheEnabled=false, takesScreenshot=true}]">
      <![CDATA[org.openqa.selenium.TimeoutException: Timed out after 5 seconds waiting for text ('ABC-DEFGHI-J') to be present in element [[ChromeDriver: chrome on XP (5aeee8fbd5c2e816b3617d47c5a6aad0)] -> xpath: .//div[@config='addProsVM.addProsGrid.config']/div/div/div[3]/div[2]/div]
Build info: version: '2.48.2', revision: '41bccdd', time: '2015-10-09 19:59:12'
System info: host: 'N700278', ip: '10.51.1.50', os.name: 'Windows 7', os.arch: 'amd64', os.version: '6.1', java.version: '1.7.0_06'
Session ID: 5aeee8fbd5c2e816b3617d47c5a6aad0
Driver info: org.openqa.selenium.chrome.ChromeDriver
Capabilities [{platform=XP, acceptSslCerts=true, javascriptEnabled=true, browserName=chrome, chrome={userDataDir=C:\Users\uyr27b0\AppData\Local\Temp\scoped_dir12272_6960}, rotatable=false, locationContextEnabled=true, mobileEmulationEnabled=false, version=51.0.2704.84, takesHeapSnapshot=true, cssSelectorsEnabled=true, databaseEnabled=false, handlesAlerts=true, browserConnectionEnabled=false, webStorageEnabled=true, nativeEvents=true, hasTouchScreen=false, applicationCacheEnabled=false, takesScreenshot=true}]
	at org.openqa.selenium.support.ui.WebDriverWait.timeoutException(WebDriverWait.java:80)
	at org.openqa.selenium.support.ui.FluentWait.until(FluentWait.java:261)
	at LdgScreen.US200004ProNumberDigitCheck.VerifyProDigitCheck(US200004ProNumberDigitCheck.java:69)
	at sun.reflect.NativeMethodAccessorImpl.invoke0(Native Method)
	at sun.reflect.NativeMethodAccessorImpl.invoke(NativeMethodAccessorImpl.java:57)
	at sun.reflect.DelegatingMethodAccessorImpl.invoke(DelegatingMethodAccessorImpl.java:43)
	at java.lang.reflect.Method.invoke(Method.java:601)
	at org.testng.internal.MethodInvocationHelper.invokeMethod(MethodInvocationHelper.java:86)
	at org.testng.internal.Invoker.invokeMethod(Invoker.java:646)
	at org.testng.internal.Invoker.invokeTestMethod(Invoker.java:823)
	at org.testng.internal.Invoker.invokeTestMethods(Invoker.java:1131)
	at org.testng.internal.TestMethodWorker.invokeTestMethods(TestMethodWorker.java:129)
	at org.testng.internal.TestMethodWorker.run(TestMethodWorker.java:112)
	at org.testng.TestRunner.privateRun(TestRunner.java:778)
	at org.testng.TestRunner.run(TestRunner.java:632)
	at org.testng.SuiteRunner.runTest(SuiteRunner.java:366)
	at org.testng.SuiteRunner.runSequentially(SuiteRunner.java:361)
	at org.testng.SuiteRunner.privateRun(SuiteRunner.java:319)
	at org.testng.SuiteRunner.run(SuiteRunner.java:268)
	at org.testng.SuiteRunnerWorker.runSuite(SuiteRunnerWorker.java:52)
	at org.testng.SuiteRunnerWorker.run(SuiteRunnerWorker.java:86)
	at org.testng.TestNG.runSuitesSequentially(TestNG.java:1225)
	at org.testng.TestNG.runSuitesLocally(TestNG.java:1150)
	at org.testng.TestNG.runSuites(TestNG.java:1075)
	at org.testng.TestNG.run(TestNG.java:1047)
	at org.testng.remote.AbstractRemoteTestNG.run(AbstractRemoteTestNG.java:126)
	at org.testng.remote.RemoteTestNG.initAndRun(RemoteTestNG.java:137)
	at org.testng.remote.RemoteTestNG.main(RemoteTestNG.java:58)
]]>
    </error>
  </testcase> <!-- VerifyProDigitCheck -->
  <testcase name="VerifyProDigitCheck" time="0.749" classname="LdgScreen.US200004ProNumberDigitCheck"/>
  <testcase name="VerifyProDigitCheck" time="3.711" classname="LdgScreen.US200004ProNumberDigitCheck"/>
  <testcase name="VerifyProDigitCheck" time="0.753" classname="LdgScreen.US200004ProNumberDigitCheck"/>
  <testcase name="VerifyProDigitCheck" time="5.058" classname="LdgScreen.US200004ProNumberDigitCheck"/>
  <testcase name="VerifyProDigitCheck" time="0.733" classname="LdgScreen.US200004ProNumberDigitCheck"/>
  <testcase name="VerifyProDigitCheck" time="0.763" classname="LdgScreen.US200004ProNumberDigitCheck"/>
  <testcase name="VerifyProDigitCheck" time="0.762" classname="LdgScreen.US200004ProNumberDigitCheck"/>
  <testcase name="VerifyProDigitCheck" time="0.734" classname="LdgScreen.US200004ProNumberDigitCheck"/>
  <testcase name="VerifyProDigitCheck" time="0.772" classname="LdgScreen.US200004ProNumberDigitCheck"/>
  <testcase name="VerifyProDigitCheck" time="0.798" classname="LdgScreen.US200004ProNumberDigitCheck"/>
</testsuite> <!-- LdgScreen.US200004ProNumberDigitCheck -->
