<?xml version="1.0" encoding="UTF-8"?>
<!-- Generated by org.testng.reporters.JUnitReportReporter -->
<testsuite hostname="N700278" name="Test.US200068AndUS445ValidateDestinationFacilityValid" tests="40" failures="0" timestamp="30 Sep 2015 16:27:38 GMT" time="21.087" errors="1">
  <testcase name="VerifyInvalidDestination" time="0.122" classname="Test.US200068AndUS445ValidateDestinationFacilityValid"/>
  <testcase name="VerifyInvalidDestination" time="0.123" classname="Test.US200068AndUS445ValidateDestinationFacilityValid"/>
  <testcase name="VerifyInvalidDestination" time="0.668" classname="Test.US200068AndUS445ValidateDestinationFacilityValid"/>
  <testcase name="VerifyInvalidDestination" time="0.653" classname="Test.US200068AndUS445ValidateDestinationFacilityValid"/>
  <testcase name="VerifyInvalidDestination" time="0.118" classname="Test.US200068AndUS445ValidateDestinationFacilityValid"/>
  <testcase name="VerifyInvalidDestination" time="0.154" classname="Test.US200068AndUS445ValidateDestinationFacilityValid"/>
  <testcase name="VerifyValidDestination" time="0.093" classname="Test.US200068AndUS445ValidateDestinationFacilityValid"/>
  <testcase name="VerifyValidDestination" time="0.091" classname="Test.US200068AndUS445ValidateDestinationFacilityValid"/>
  <testcase name="VerifyValidDestination" time="0.104" classname="Test.US200068AndUS445ValidateDestinationFacilityValid"/>
  <testcase name="VerifyValidDestination" time="0.096" classname="Test.US200068AndUS445ValidateDestinationFacilityValid"/>
  <testcase name="VerifyValidDestination" time="0.104" classname="Test.US200068AndUS445ValidateDestinationFacilityValid"/>
  <testcase name="VerifyValidDestination" time="0.092" classname="Test.US200068AndUS445ValidateDestinationFacilityValid"/>
  <testcase name="VerifyInvalidDestination" time="0.110" classname="Test.US200068AndUS445ValidateDestinationFacilityValid"/>
  <testcase name="VerifyInvalidDestination" time="0.127" classname="Test.US200068AndUS445ValidateDestinationFacilityValid"/>
  <testcase name="VerifyValidDestination" time="0.099" classname="Test.US200068AndUS445ValidateDestinationFacilityValid"/>
  <testcase name="VerifyInvalidDestination" time="0.115" classname="Test.US200068AndUS445ValidateDestinationFacilityValid"/>
  <testcase name="VerifyInvalidDestination" time="0.111" classname="Test.US200068AndUS445ValidateDestinationFacilityValid"/>
  <testcase name="VerifyValidDestination" time="0.100" classname="Test.US200068AndUS445ValidateDestinationFacilityValid"/>
  <testcase name="VerifyInvalidDestination" time="0.107" classname="Test.US200068AndUS445ValidateDestinationFacilityValid"/>
  <testcase name="VerifyValidDestination" time="0.093" classname="Test.US200068AndUS445ValidateDestinationFacilityValid"/>
  <testcase name="VerifyValidDestination" time="2.680" classname="Test.US200068AndUS445ValidateDestinationFacilityValid"/>
  <testcase name="VerifyValidDestination" time="0.093" classname="Test.US200068AndUS445ValidateDestinationFacilityValid"/>
  <testcase name="VerifyInvalidDestination" time="0.135" classname="Test.US200068AndUS445ValidateDestinationFacilityValid"/>
  <testcase name="VerifyValidDestination" time="0.092" classname="Test.US200068AndUS445ValidateDestinationFacilityValid"/>
  <testcase name="VerifyValidDestination" time="1.789" classname="Test.US200068AndUS445ValidateDestinationFacilityValid"/>
  <testcase name="VerifyValidDestination" time="0.123" classname="Test.US200068AndUS445ValidateDestinationFacilityValid"/>
  <testcase name="VerifyInvalidDestination" time="0.121" classname="Test.US200068AndUS445ValidateDestinationFacilityValid"/>
  <testcase name="VerifyInvalidDestination" time="10.089" classname="Test.US200068AndUS445ValidateDestinationFacilityValid">
    <error type="org.openqa.selenium.TimeoutException" message="Timed out after 10 seconds waiting for text (&#039;That facility is either closed or the facility number does not exist. Please enter another destination facility.&#039;) to be present in element Proxy element for: org.openqa.selenium.support.pagefactory.DefaultElementLocator@119cb1a8
Build info: version: &#039;2.47.1&#039;, revision: &#039;411b314&#039;, time: &#039;2015-07-30 03:03:16&#039;
System info: host: &#039;N700278&#039;, ip: &#039;10.51.235.212&#039;, os.name: &#039;Windows 7&#039;, os.arch: &#039;amd64&#039;, os.version: &#039;6.1&#039;, java.version: &#039;1.7.0_06&#039;
Session ID: c79d38b551f21f9bbffb0d71e137506e
Driver info: org.openqa.selenium.chrome.ChromeDriver
Capabilities [{platform=XP, acceptSslCerts=true, javascriptEnabled=true, browserName=chrome, chrome={userDataDir=C:\Users\uyr27b0\AppData\Local\Temp\scoped_dir9188_13804}, rotatable=false, locationContextEnabled=true, mobileEmulationEnabled=false, version=45.0.2454.101, takesHeapSnapshot=true, cssSelectorsEnabled=true, databaseEnabled=false, handlesAlerts=true, browserConnectionEnabled=false, webStorageEnabled=true, nativeEvents=true, hasTouchScreen=false, applicationCacheEnabled=false, takesScreenshot=true}]">
      <![CDATA[org.openqa.selenium.TimeoutException: Timed out after 10 seconds waiting for text ('That facility is either closed or the facility number does not exist. Please enter another destination facility.') to be present in element Proxy element for: org.openqa.selenium.support.pagefactory.DefaultElementLocator@119cb1a8
Build info: version: '2.47.1', revision: '411b314', time: '2015-07-30 03:03:16'
System info: host: 'N700278', ip: '10.51.235.212', os.name: 'Windows 7', os.arch: 'amd64', os.version: '6.1', java.version: '1.7.0_06'
Session ID: c79d38b551f21f9bbffb0d71e137506e
Driver info: org.openqa.selenium.chrome.ChromeDriver
Capabilities [{platform=XP, acceptSslCerts=true, javascriptEnabled=true, browserName=chrome, chrome={userDataDir=C:\Users\uyr27b0\AppData\Local\Temp\scoped_dir9188_13804}, rotatable=false, locationContextEnabled=true, mobileEmulationEnabled=false, version=45.0.2454.101, takesHeapSnapshot=true, cssSelectorsEnabled=true, databaseEnabled=false, handlesAlerts=true, browserConnectionEnabled=false, webStorageEnabled=true, nativeEvents=true, hasTouchScreen=false, applicationCacheEnabled=false, takesScreenshot=true}]
	at org.openqa.selenium.support.ui.WebDriverWait.timeoutException(WebDriverWait.java:80)
	at org.openqa.selenium.support.ui.FluentWait.until(FluentWait.java:229)
	at Test.US200068AndUS445ValidateDestinationFacilityValid.VerifyInvalidDestination(US200068AndUS445ValidateDestinationFacilityValid.java:45)
	at sun.reflect.NativeMethodAccessorImpl.invoke0(Native Method)
	at sun.reflect.NativeMethodAccessorImpl.invoke(Unknown Source)
	at sun.reflect.DelegatingMethodAccessorImpl.invoke(Unknown Source)
	at java.lang.reflect.Method.invoke(Unknown Source)
	at org.testng.internal.MethodInvocationHelper.invokeMethod(MethodInvocationHelper.java:85)
	at org.testng.internal.Invoker.invokeMethod(Invoker.java:639)
	at org.testng.internal.Invoker.invokeTestMethod(Invoker.java:816)
	at org.testng.internal.Invoker.invokeTestMethods(Invoker.java:1124)
	at org.testng.internal.TestMethodWorker.invokeTestMethods(TestMethodWorker.java:124)
	at org.testng.internal.TestMethodWorker.run(TestMethodWorker.java:108)
	at org.testng.TestRunner.privateRun(TestRunner.java:773)
	at org.testng.TestRunner.run(TestRunner.java:623)
	at org.testng.SuiteRunner.runTest(SuiteRunner.java:359)
	at org.testng.SuiteRunner.runSequentially(SuiteRunner.java:354)
	at org.testng.SuiteRunner.privateRun(SuiteRunner.java:312)
	at org.testng.SuiteRunner.run(SuiteRunner.java:261)
	at org.testng.SuiteRunnerWorker.runSuite(SuiteRunnerWorker.java:52)
	at org.testng.SuiteRunnerWorker.run(SuiteRunnerWorker.java:86)
	at org.testng.TestNG.runSuitesSequentially(TestNG.java:1185)
	at org.testng.TestNG.runSuitesLocally(TestNG.java:1110)
	at org.testng.TestNG.run(TestNG.java:1018)
	at org.testng.remote.RemoteTestNG.run(RemoteTestNG.java:112)
	at org.testng.remote.RemoteTestNG.initAndRun(RemoteTestNG.java:205)
	at org.testng.remote.RemoteTestNG.main(RemoteTestNG.java:176)
Caused by: org.openqa.selenium.NoSuchElementException: no such element: Unable to locate element: {"method":"css selector","selector":".growl-item.alert.ng-scope.alert-error.alert-danger.icon[id^='notification_']"}
  (Session info: chrome=45.0.2454.101)
  (Driver info: chromedriver=2.19.346078 (6f1f0cde889532d48ce8242342d0b84f94b114a1),platform=Windows NT 6.1 SP1 x86_64) (WARNING: The server did not provide any stacktrace information)
Command duration or timeout: 18 milliseconds
For documentation on this error, please visit: http://seleniumhq.org/exceptions/no_such_element.html
Build info: version: '2.47.1', revision: '411b314', time: '2015-07-30 03:03:16'
System info: host: 'N700278', ip: '10.51.235.212', os.name: 'Windows 7', os.arch: 'amd64', os.version: '6.1', java.version: '1.7.0_06'
*** Element info: {Using=css selector, value=.growl-item.alert.ng-scope.alert-error.alert-danger.icon[id^='notification_']}
Session ID: c79d38b551f21f9bbffb0d71e137506e
Driver info: org.openqa.selenium.chrome.ChromeDriver
Capabilities [{platform=XP, acceptSslCerts=true, javascriptEnabled=true, browserName=chrome, chrome={userDataDir=C:\Users\uyr27b0\AppData\Local\Temp\scoped_dir9188_13804}, rotatable=false, locationContextEnabled=true, mobileEmulationEnabled=false, version=45.0.2454.101, takesHeapSnapshot=true, cssSelectorsEnabled=true, databaseEnabled=false, handlesAlerts=true, browserConnectionEnabled=false, webStorageEnabled=true, nativeEvents=true, hasTouchScreen=false, applicationCacheEnabled=false, takesScreenshot=true}]
	at sun.reflect.GeneratedConstructorAccessor14.newInstance(Unknown Source)
	at sun.reflect.DelegatingConstructorAccessorImpl.newInstance(Unknown Source)
	at java.lang.reflect.Constructor.newInstance(Unknown Source)
	at org.openqa.selenium.remote.ErrorHandler.createThrowable(ErrorHandler.java:206)
	at org.openqa.selenium.remote.ErrorHandler.throwIfResponseFailed(ErrorHandler.java:158)
	at org.openqa.selenium.remote.RemoteWebDriver.execute(RemoteWebDriver.java:595)
	at org.openqa.selenium.remote.RemoteWebDriver.findElement(RemoteWebDriver.java:348)
	at org.openqa.selenium.remote.RemoteWebDriver.findElementByCssSelector(RemoteWebDriver.java:437)
	at org.openqa.selenium.By$ByCssSelector.findElement(By.java:427)
	at org.openqa.selenium.remote.RemoteWebDriver.findElement(RemoteWebDriver.java:340)
	at org.openqa.selenium.support.pagefactory.DefaultElementLocator.findElement(DefaultElementLocator.java:69)
	at org.openqa.selenium.support.pagefactory.internal.LocatingElementHandler.invoke(LocatingElementHandler.java:38)
	at $Proxy8.getText(Unknown Source)
	at org.openqa.selenium.support.ui.ExpectedConditions$12.apply(ExpectedConditions.java:342)
	at org.openqa.selenium.support.ui.ExpectedConditions$12.apply(ExpectedConditions.java:1)
	at org.openqa.selenium.support.ui.FluentWait.until(FluentWait.java:209)
	... 25 more
]]>
    </error>
  </testcase> <!-- VerifyInvalidDestination -->
  <testcase name="VerifyValidDestination" time="0.097" classname="Test.US200068AndUS445ValidateDestinationFacilityValid"/>
  <testcase name="VerifyInvalidDestination" time="0.096" classname="Test.US200068AndUS445ValidateDestinationFacilityValid"/>
  <testcase name="VerifyValidDestination" time="0.093" classname="Test.US200068AndUS445ValidateDestinationFacilityValid"/>
  <testcase name="VerifyValidDestination" time="1.560" classname="Test.US200068AndUS445ValidateDestinationFacilityValid"/>
  <testcase name="VerifyValidDestination" time="0.091" classname="Test.US200068AndUS445ValidateDestinationFacilityValid"/>
  <testcase name="VerifyInvalidDestination" time="0.130" classname="Test.US200068AndUS445ValidateDestinationFacilityValid"/>
  <testcase name="VerifyValidDestination" time="0.102" classname="Test.US200068AndUS445ValidateDestinationFacilityValid"/>
  <testcase name="VerifyInvalidDestination" time="0.106" classname="Test.US200068AndUS445ValidateDestinationFacilityValid"/>
  <testcase name="VerifyInvalidDestination" time="0.114" classname="Test.US200068AndUS445ValidateDestinationFacilityValid"/>
  <testcase name="VerifyInvalidDestination" time="0.098" classname="Test.US200068AndUS445ValidateDestinationFacilityValid"/>
  <testcase name="VerifyValidDestination" time="0.085" classname="Test.US200068AndUS445ValidateDestinationFacilityValid"/>
  <testcase name="VerifyInvalidDestination" time="0.113" classname="Test.US200068AndUS445ValidateDestinationFacilityValid"/>
</testsuite> <!-- Test.US200068AndUS445ValidateDestinationFacilityValid -->
