<?xml version="1.0" encoding="UTF-8"?>
<!-- Generated by org.testng.reporters.JUnitReportReporter -->
<testsuite hostname="N700278" name="SitTest.US2000141AlertUserIfMidusFailsForAnyReason" tests="20" failures="0" timestamp="3 Jun 2016 19:46:43 GMT" time="309.995" errors="1">
  <testcase name="LdgTrailerWithProAddPro" time="9.555" classname="SitTest.US2000141AlertUserIfMidusFailsForAnyReason"/>
  <testcase name="LdgTrailerWithProAddPro" time="9.597" classname="SitTest.US2000141AlertUserIfMidusFailsForAnyReason"/>
  <testcase name="TrailerWithoutPROAddPRO" time="13.990" classname="SitTest.US2000141AlertUserIfMidusFailsForAnyReason"/>
  <testcase name="TrailerWithoutPROAddPRO" time="12.965" classname="SitTest.US2000141AlertUserIfMidusFailsForAnyReason"/>
  <testcase name="TrailerWithoutPROAddPRO" time="12.799" classname="SitTest.US2000141AlertUserIfMidusFailsForAnyReason"/>
  <testcase name="TrailerWithoutPROAddPRO" time="12.462" classname="SitTest.US2000141AlertUserIfMidusFailsForAnyReason"/>
  <testcase name="TrailerWithoutPROAddPRO" time="14.107" classname="SitTest.US2000141AlertUserIfMidusFailsForAnyReason"/>
  <testcase name="LdgTrailerWithProAddPro" time="10.078" classname="SitTest.US2000141AlertUserIfMidusFailsForAnyReason"/>
  <testcase name="LdgTrailerWithProAddPro" time="9.338" classname="SitTest.US2000141AlertUserIfMidusFailsForAnyReason"/>
  <testcase name="LdgTrailerWithProAddPro" time="10.949" classname="SitTest.US2000141AlertUserIfMidusFailsForAnyReason"/>
  <testcase name="LdgTrailerWithProAddPro" time="9.968" classname="SitTest.US2000141AlertUserIfMidusFailsForAnyReason"/>
  <testcase name="LdgTrailerWithProAddPro" time="86.195" classname="SitTest.US2000141AlertUserIfMidusFailsForAnyReason">
    <error type="org.openqa.selenium.TimeoutException" message="Timed out after 80 seconds waiting for text (&#039;Update failed. Please open a ticket with the trailer, terminal and user ID for the EST app.&#039;) to be present in element [[ChromeDriver: chrome on XP (3f2b058ec4e8afe97d5592034670676c)] -&gt; xpath: html/body/div[1]/div]
Build info: version: &#039;2.48.2&#039;, revision: &#039;41bccdd&#039;, time: &#039;2015-10-09 19:59:12&#039;
System info: host: &#039;N700278&#039;, ip: &#039;10.51.235.212&#039;, os.name: &#039;Windows 7&#039;, os.arch: &#039;amd64&#039;, os.version: &#039;6.1&#039;, java.version: &#039;1.7.0_06&#039;
Session ID: 3f2b058ec4e8afe97d5592034670676c
Driver info: org.openqa.selenium.chrome.ChromeDriver
Capabilities [{platform=XP, acceptSslCerts=true, javascriptEnabled=true, browserName=chrome, chrome={userDataDir=C:\Users\uyr27b0\AppData\Local\Temp\scoped_dir32856_27872}, rotatable=false, locationContextEnabled=true, mobileEmulationEnabled=false, version=51.0.2704.79, takesHeapSnapshot=true, cssSelectorsEnabled=true, databaseEnabled=false, handlesAlerts=true, browserConnectionEnabled=false, webStorageEnabled=true, nativeEvents=true, hasTouchScreen=false, applicationCacheEnabled=false, takesScreenshot=true}]">
      <![CDATA[org.openqa.selenium.TimeoutException: Timed out after 80 seconds waiting for text ('Update failed. Please open a ticket with the trailer, terminal and user ID for the EST app.') to be present in element [[ChromeDriver: chrome on XP (3f2b058ec4e8afe97d5592034670676c)] -> xpath: html/body/div[1]/div]
Build info: version: '2.48.2', revision: '41bccdd', time: '2015-10-09 19:59:12'
System info: host: 'N700278', ip: '10.51.235.212', os.name: 'Windows 7', os.arch: 'amd64', os.version: '6.1', java.version: '1.7.0_06'
Session ID: 3f2b058ec4e8afe97d5592034670676c
Driver info: org.openqa.selenium.chrome.ChromeDriver
Capabilities [{platform=XP, acceptSslCerts=true, javascriptEnabled=true, browserName=chrome, chrome={userDataDir=C:\Users\uyr27b0\AppData\Local\Temp\scoped_dir32856_27872}, rotatable=false, locationContextEnabled=true, mobileEmulationEnabled=false, version=51.0.2704.79, takesHeapSnapshot=true, cssSelectorsEnabled=true, databaseEnabled=false, handlesAlerts=true, browserConnectionEnabled=false, webStorageEnabled=true, nativeEvents=true, hasTouchScreen=false, applicationCacheEnabled=false, takesScreenshot=true}]
	at org.openqa.selenium.support.ui.WebDriverWait.timeoutException(WebDriverWait.java:80)
	at org.openqa.selenium.support.ui.FluentWait.until(FluentWait.java:261)
	at SitTest.US2000141AlertUserIfMidusFailsForAnyReason.LdgTrailerWithProAddPro(US2000141AlertUserIfMidusFailsForAnyReason.java:120)
	at sun.reflect.NativeMethodAccessorImpl.invoke0(Native Method)
	at sun.reflect.NativeMethodAccessorImpl.invoke(NativeMethodAccessorImpl.java:57)
	at sun.reflect.DelegatingMethodAccessorImpl.invoke(DelegatingMethodAccessorImpl.java:43)
	at java.lang.reflect.Method.invoke(Method.java:601)
	at org.testng.internal.MethodInvocationHelper.invokeMethod(MethodInvocationHelper.java:86)
	at org.testng.internal.Invoker.invokeMethod(Invoker.java:646)
	at org.testng.internal.Invoker.invokeTestMethod(Invoker.java:823)
	at org.testng.internal.Invoker.invokeTestMethods(Invoker.java:1131)
	at org.testng.internal.TestMethodWorker.invokeTestMethods(TestMethodWorker.java:129)
	at org.testng.internal.TestMethodWorker.run(TestMethodWorker.java:112)
	at org.testng.TestRunner.privateRun(TestRunner.java:778)
	at org.testng.TestRunner.run(TestRunner.java:632)
	at org.testng.SuiteRunner.runTest(SuiteRunner.java:366)
	at org.testng.SuiteRunner.runSequentially(SuiteRunner.java:361)
	at org.testng.SuiteRunner.privateRun(SuiteRunner.java:319)
	at org.testng.SuiteRunner.run(SuiteRunner.java:268)
	at org.testng.SuiteRunnerWorker.runSuite(SuiteRunnerWorker.java:52)
	at org.testng.SuiteRunnerWorker.run(SuiteRunnerWorker.java:86)
	at org.testng.TestNG.runSuitesSequentially(TestNG.java:1225)
	at org.testng.TestNG.runSuitesLocally(TestNG.java:1150)
	at org.testng.TestNG.runSuites(TestNG.java:1075)
	at org.testng.TestNG.run(TestNG.java:1047)
	at org.testng.remote.AbstractRemoteTestNG.run(AbstractRemoteTestNG.java:126)
	at org.testng.remote.RemoteTestNG.initAndRun(RemoteTestNG.java:137)
	at org.testng.remote.RemoteTestNG.main(RemoteTestNG.java:58)
]]>
    </error>
  </testcase> <!-- LdgTrailerWithProAddPro -->
  <testcase name="TrailerWithoutPROAddPRO" time="12.787" classname="SitTest.US2000141AlertUserIfMidusFailsForAnyReason"/>
  <testcase name="LdgTrailerWithProAddPro" time="9.808" classname="SitTest.US2000141AlertUserIfMidusFailsForAnyReason"/>
  <testcase name="LdgTrailerWithProAddPro" time="10.161" classname="SitTest.US2000141AlertUserIfMidusFailsForAnyReason"/>
  <testcase name="LdgTrailerWithProAddPro" time="9.824" classname="SitTest.US2000141AlertUserIfMidusFailsForAnyReason"/>
  <testcase name="TrailerWithoutPROAddPRO" time="14.432" classname="SitTest.US2000141AlertUserIfMidusFailsForAnyReason"/>
  <testcase name="TrailerWithoutPROAddPRO" time="14.854" classname="SitTest.US2000141AlertUserIfMidusFailsForAnyReason"/>
  <testcase name="TrailerWithoutPROAddPRO" time="12.578" classname="SitTest.US2000141AlertUserIfMidusFailsForAnyReason"/>
  <testcase name="TrailerWithoutPROAddPRO" time="13.548" classname="SitTest.US2000141AlertUserIfMidusFailsForAnyReason"/>
</testsuite> <!-- SitTest.US2000141AlertUserIfMidusFailsForAnyReason -->
