<?xml version="1.0" encoding="UTF-8"?>
<!-- Generated by org.testng.reporters.JUnitReportReporter -->
<testsuite hostname="N700278" name="LdgScreen.US2000119NewSubmitButtonLDG" tests="11" failures="0" timestamp="16 Jun 2016 08:02:14 GMT" time="304.903" errors="1">
  <testcase name="TrailerWithPROAddPRO" time="23.959" classname="LdgScreen.US2000119NewSubmitButtonLDG"/>
  <testcase name="LdgTrailerWithProAddPro" time="18.044" classname="LdgScreen.US2000119NewSubmitButtonLDG"/>
  <testcase name="TrailerWithoutPRONoAdding" time="12.168" classname="LdgScreen.US2000119NewSubmitButtonLDG"/>
  <testcase name="TrailerWithPROAddPRO" time="24.361" classname="LdgScreen.US2000119NewSubmitButtonLDG"/>
  <testcase name="TrailerWithoutPROAddPRO" time="24.968" classname="LdgScreen.US2000119NewSubmitButtonLDG"/>
  <testcase name="TrailerWithPROAddPRO" time="25.028" classname="LdgScreen.US2000119NewSubmitButtonLDG"/>
  <testcase name="LdgTrailerWithoutProNoChange" time="8.669" classname="LdgScreen.US2000119NewSubmitButtonLDG"/>
  <testcase name="LdgTrailerWithProChangeDestinationAddPRO" time="25.575" classname="LdgScreen.US2000119NewSubmitButtonLDG"/>
  <testcase name="TrailerWithPROAddPRO" time="29.189" classname="LdgScreen.US2000119NewSubmitButtonLDG"/>
  <testcase name="TrailerWithPROAddPRO" time="24.333" classname="LdgScreen.US2000119NewSubmitButtonLDG"/>
  <testcase name="LdgTrailerWithoutProChangeDestinationAddPRO" time="88.609" classname="LdgScreen.US2000119NewSubmitButtonLDG">
    <error type="org.openqa.selenium.TimeoutException" message="Timed out after 80 seconds waiting for visibility of [[ChromeDriver: chrome on XP (7c14df5d5e68a0996043a83ff31b5567)] -&gt; css selector: div[name^=&#039;trailerVM.trailer.trailerSCACAndNumber_&#039;] input]
Build info: version: &#039;2.48.2&#039;, revision: &#039;41bccdd&#039;, time: &#039;2015-10-09 19:59:12&#039;
System info: host: &#039;N700278&#039;, ip: &#039;10.51.1.50&#039;, os.name: &#039;Windows 7&#039;, os.arch: &#039;amd64&#039;, os.version: &#039;6.1&#039;, java.version: &#039;1.7.0_06&#039;
Session ID: 7c14df5d5e68a0996043a83ff31b5567
Driver info: org.openqa.selenium.chrome.ChromeDriver
Capabilities [{platform=XP, acceptSslCerts=true, javascriptEnabled=true, browserName=chrome, chrome={userDataDir=C:\Users\uyr27b0\AppData\Local\Temp\scoped_dir11412_30607}, rotatable=false, locationContextEnabled=true, mobileEmulationEnabled=false, version=51.0.2704.84, takesHeapSnapshot=true, cssSelectorsEnabled=true, databaseEnabled=false, handlesAlerts=true, browserConnectionEnabled=false, webStorageEnabled=true, nativeEvents=true, hasTouchScreen=false, applicationCacheEnabled=false, takesScreenshot=true}]">
      <![CDATA[org.openqa.selenium.TimeoutException: Timed out after 80 seconds waiting for visibility of [[ChromeDriver: chrome on XP (7c14df5d5e68a0996043a83ff31b5567)] -> css selector: div[name^='trailerVM.trailer.trailerSCACAndNumber_'] input]
Build info: version: '2.48.2', revision: '41bccdd', time: '2015-10-09 19:59:12'
System info: host: 'N700278', ip: '10.51.1.50', os.name: 'Windows 7', os.arch: 'amd64', os.version: '6.1', java.version: '1.7.0_06'
Session ID: 7c14df5d5e68a0996043a83ff31b5567
Driver info: org.openqa.selenium.chrome.ChromeDriver
Capabilities [{platform=XP, acceptSslCerts=true, javascriptEnabled=true, browserName=chrome, chrome={userDataDir=C:\Users\uyr27b0\AppData\Local\Temp\scoped_dir11412_30607}, rotatable=false, locationContextEnabled=true, mobileEmulationEnabled=false, version=51.0.2704.84, takesHeapSnapshot=true, cssSelectorsEnabled=true, databaseEnabled=false, handlesAlerts=true, browserConnectionEnabled=false, webStorageEnabled=true, nativeEvents=true, hasTouchScreen=false, applicationCacheEnabled=false, takesScreenshot=true}]
	at org.openqa.selenium.support.ui.WebDriverWait.timeoutException(WebDriverWait.java:80)
	at org.openqa.selenium.support.ui.FluentWait.until(FluentWait.java:261)
	at LdgScreen.US2000119NewSubmitButtonLDG.LdgTrailerWithoutProChangeDestinationAddPRO(US2000119NewSubmitButtonLDG.java:378)
	at sun.reflect.NativeMethodAccessorImpl.invoke0(Native Method)
	at sun.reflect.NativeMethodAccessorImpl.invoke(NativeMethodAccessorImpl.java:57)
	at sun.reflect.DelegatingMethodAccessorImpl.invoke(DelegatingMethodAccessorImpl.java:43)
	at java.lang.reflect.Method.invoke(Method.java:601)
	at org.testng.internal.MethodInvocationHelper.invokeMethod(MethodInvocationHelper.java:86)
	at org.testng.internal.Invoker.invokeMethod(Invoker.java:646)
	at org.testng.internal.Invoker.invokeTestMethod(Invoker.java:823)
	at org.testng.internal.Invoker.invokeTestMethods(Invoker.java:1131)
	at org.testng.internal.TestMethodWorker.invokeTestMethods(TestMethodWorker.java:129)
	at org.testng.internal.TestMethodWorker.run(TestMethodWorker.java:112)
	at org.testng.TestRunner.privateRun(TestRunner.java:778)
	at org.testng.TestRunner.run(TestRunner.java:632)
	at org.testng.SuiteRunner.runTest(SuiteRunner.java:366)
	at org.testng.SuiteRunner.runSequentially(SuiteRunner.java:361)
	at org.testng.SuiteRunner.privateRun(SuiteRunner.java:319)
	at org.testng.SuiteRunner.run(SuiteRunner.java:268)
	at org.testng.SuiteRunnerWorker.runSuite(SuiteRunnerWorker.java:52)
	at org.testng.SuiteRunnerWorker.run(SuiteRunnerWorker.java:86)
	at org.testng.TestNG.runSuitesSequentially(TestNG.java:1225)
	at org.testng.TestNG.runSuitesLocally(TestNG.java:1150)
	at org.testng.TestNG.runSuites(TestNG.java:1075)
	at org.testng.TestNG.run(TestNG.java:1047)
	at org.testng.remote.AbstractRemoteTestNG.run(AbstractRemoteTestNG.java:126)
	at org.testng.remote.RemoteTestNG.initAndRun(RemoteTestNG.java:137)
	at org.testng.remote.RemoteTestNG.main(RemoteTestNG.java:58)
]]>
    </error>
  </testcase> <!-- LdgTrailerWithoutProChangeDestinationAddPRO -->
</testsuite> <!-- LdgScreen.US2000119NewSubmitButtonLDG -->
