<?xml version="1.0" encoding="UTF-8"?>
<!-- Generated by org.testng.reporters.JUnitReportReporter -->
<testsuite hostname="N700278" name="Test.US200041ValidateTerminal" tests="64" failures="0" timestamp="21 Sep 2015 10:03:40 GMT" time="38.817" errors="1">
  <testcase name="VerifyRetiredTrailer" time="0.099" classname="Test.US200041ValidateTerminal"/>
  <testcase name="VerifyRetiredTrailer" time="0.098" classname="Test.US200041ValidateTerminal"/>
  <testcase name="VerifyNotExistTrailer" time="0.107" classname="Test.US200041ValidateTerminal"/>
  <testcase name="VerifyRetiredTrailer" time="0.101" classname="Test.US200041ValidateTerminal"/>
  <testcase name="VerifyMaintenanceTrailer" time="5.305" classname="Test.US200041ValidateTerminal"/>
  <testcase name="VerifyMaintenanceTrailer" time="0.694" classname="Test.US200041ValidateTerminal"/>
  <testcase name="VerifyMaintenanceTrailer" time="4.916" classname="Test.US200041ValidateTerminal"/>
  <testcase name="VerifyMaintenanceTrailer" time="0.687" classname="Test.US200041ValidateTerminal"/>
  <testcase name="VerifyMaintenanceTrailer" time="0.689" classname="Test.US200041ValidateTerminal"/>
  <testcase name="VerifyRetiredTrailer" time="0.104" classname="Test.US200041ValidateTerminal"/>
  <testcase name="VerifyMaintenanceTrailer" time="0.695" classname="Test.US200041ValidateTerminal"/>
  <testcase name="VerifyMaintenanceTrailer" time="0.691" classname="Test.US200041ValidateTerminal"/>
  <testcase name="VerifyRetiredTrailer" time="0.115" classname="Test.US200041ValidateTerminal"/>
  <testcase name="VerifyRetiredTrailer" time="0.105" classname="Test.US200041ValidateTerminal"/>
  <testcase name="VerifyMaintenanceTrailer" time="0.689" classname="Test.US200041ValidateTerminal"/>
  <testcase name="VerifyMaintenanceTrailer" time="0.711" classname="Test.US200041ValidateTerminal"/>
  <testcase name="VerifyRetiredTrailer" time="0.101" classname="Test.US200041ValidateTerminal"/>
  <testcase name="VerifyRetiredTrailer" time="0.092" classname="Test.US200041ValidateTerminal"/>
  <testcase name="VerifyMaintenanceTrailer" time="0.702" classname="Test.US200041ValidateTerminal"/>
  <testcase name="VerifyMaintenanceTrailer" time="0.694" classname="Test.US200041ValidateTerminal"/>
  <testcase name="VerifyNotExistTrailer" time="0.646" classname="Test.US200041ValidateTerminal"/>
  <testcase name="VerifyRetiredTrailer" time="0.128" classname="Test.US200041ValidateTerminal"/>
  <testcase name="VerifyRetiredTrailer" time="0.100" classname="Test.US200041ValidateTerminal"/>
  <testcase name="VerifyRetiredTrailer" time="0.096" classname="Test.US200041ValidateTerminal"/>
  <testcase name="VerifyRetiredTrailer" time="0.098" classname="Test.US200041ValidateTerminal"/>
  <testcase name="VerifyRetiredTrailer" time="0.097" classname="Test.US200041ValidateTerminal"/>
  <testcase name="VerifyMaintenanceTrailer" time="0.700" classname="Test.US200041ValidateTerminal"/>
  <testcase name="VerifyRetiredTrailer" time="0.097" classname="Test.US200041ValidateTerminal"/>
  <testcase name="VerifyNotExistTrailer" time="2.281" classname="Test.US200041ValidateTerminal">
    <error type="org.openqa.selenium.TimeoutException" message="Timed out after 2 seconds waiting for text (&#039;The trailer number you have entered is not in the database. Please enter another trailer number.&#039;) to be present in element [[ChromeDriver: chrome on XP (94aa6d9b1dad76525b681d330885173f)] -&gt; css selector: .alert.alert-danger[type=&#039;danger&#039;]]
Build info: version: &#039;2.47.1&#039;, revision: &#039;411b314&#039;, time: &#039;2015-07-30 03:03:16&#039;
System info: host: &#039;N700278&#039;, ip: &#039;10.51.0.224&#039;, os.name: &#039;Windows 7&#039;, os.arch: &#039;amd64&#039;, os.version: &#039;6.1&#039;, java.version: &#039;1.7.0_06&#039;
Session ID: 94aa6d9b1dad76525b681d330885173f
Driver info: org.openqa.selenium.chrome.ChromeDriver
Capabilities [{platform=XP, acceptSslCerts=true, javascriptEnabled=true, browserName=chrome, chrome={userDataDir=C:\Users\uyr27b0\AppData\Local\Temp\scoped_dir9976_24916}, rotatable=false, locationContextEnabled=true, mobileEmulationEnabled=false, version=45.0.2454.93, takesHeapSnapshot=true, cssSelectorsEnabled=true, databaseEnabled=false, handlesAlerts=true, browserConnectionEnabled=false, webStorageEnabled=true, nativeEvents=true, hasTouchScreen=false, applicationCacheEnabled=false, takesScreenshot=true}]">
      <![CDATA[org.openqa.selenium.TimeoutException: Timed out after 2 seconds waiting for text ('The trailer number you have entered is not in the database. Please enter another trailer number.') to be present in element [[ChromeDriver: chrome on XP (94aa6d9b1dad76525b681d330885173f)] -> css selector: .alert.alert-danger[type='danger']]
Build info: version: '2.47.1', revision: '411b314', time: '2015-07-30 03:03:16'
System info: host: 'N700278', ip: '10.51.0.224', os.name: 'Windows 7', os.arch: 'amd64', os.version: '6.1', java.version: '1.7.0_06'
Session ID: 94aa6d9b1dad76525b681d330885173f
Driver info: org.openqa.selenium.chrome.ChromeDriver
Capabilities [{platform=XP, acceptSslCerts=true, javascriptEnabled=true, browserName=chrome, chrome={userDataDir=C:\Users\uyr27b0\AppData\Local\Temp\scoped_dir9976_24916}, rotatable=false, locationContextEnabled=true, mobileEmulationEnabled=false, version=45.0.2454.93, takesHeapSnapshot=true, cssSelectorsEnabled=true, databaseEnabled=false, handlesAlerts=true, browserConnectionEnabled=false, webStorageEnabled=true, nativeEvents=true, hasTouchScreen=false, applicationCacheEnabled=false, takesScreenshot=true}]
	at org.openqa.selenium.support.ui.WebDriverWait.timeoutException(WebDriverWait.java:80)
	at org.openqa.selenium.support.ui.FluentWait.until(FluentWait.java:229)
	at Test.US200041ValidateTerminal.VerifyNotExistTrailer(US200041ValidateTerminal.java:71)
	at sun.reflect.NativeMethodAccessorImpl.invoke0(Native Method)
	at sun.reflect.NativeMethodAccessorImpl.invoke(Unknown Source)
	at sun.reflect.DelegatingMethodAccessorImpl.invoke(Unknown Source)
	at java.lang.reflect.Method.invoke(Unknown Source)
	at org.testng.internal.MethodInvocationHelper.invokeMethod(MethodInvocationHelper.java:85)
	at org.testng.internal.Invoker.invokeMethod(Invoker.java:639)
	at org.testng.internal.Invoker.invokeTestMethod(Invoker.java:816)
	at org.testng.internal.Invoker.invokeTestMethods(Invoker.java:1124)
	at org.testng.internal.TestMethodWorker.invokeTestMethods(TestMethodWorker.java:124)
	at org.testng.internal.TestMethodWorker.run(TestMethodWorker.java:108)
	at org.testng.TestRunner.privateRun(TestRunner.java:773)
	at org.testng.TestRunner.run(TestRunner.java:623)
	at org.testng.SuiteRunner.runTest(SuiteRunner.java:359)
	at org.testng.SuiteRunner.runSequentially(SuiteRunner.java:354)
	at org.testng.SuiteRunner.privateRun(SuiteRunner.java:312)
	at org.testng.SuiteRunner.run(SuiteRunner.java:261)
	at org.testng.SuiteRunnerWorker.runSuite(SuiteRunnerWorker.java:52)
	at org.testng.SuiteRunnerWorker.run(SuiteRunnerWorker.java:86)
	at org.testng.TestNG.runSuitesSequentially(TestNG.java:1185)
	at org.testng.TestNG.runSuitesLocally(TestNG.java:1110)
	at org.testng.TestNG.run(TestNG.java:1018)
	at org.testng.remote.RemoteTestNG.run(RemoteTestNG.java:112)
	at org.testng.remote.RemoteTestNG.initAndRun(RemoteTestNG.java:205)
	at org.testng.remote.RemoteTestNG.main(RemoteTestNG.java:176)
]]>
    </error>
  </testcase> <!-- VerifyNotExistTrailer -->
  <testcase name="VerifyRetiredTrailer" time="0.098" classname="Test.US200041ValidateTerminal"/>
  <testcase name="VerifyMaintenanceTrailer" time="0.681" classname="Test.US200041ValidateTerminal"/>
  <testcase name="VerifyMaintenanceTrailer" time="0.698" classname="Test.US200041ValidateTerminal"/>
  <testcase name="VerifyRetiredTrailer" time="0.103" classname="Test.US200041ValidateTerminal"/>
  <testcase name="VerifyRetiredTrailer" time="0.105" classname="Test.US200041ValidateTerminal"/>
  <testcase name="VerifyMaintenanceTrailer" time="0.692" classname="Test.US200041ValidateTerminal"/>
  <testcase name="VerifyRetiredTrailer" time="0.094" classname="Test.US200041ValidateTerminal"/>
  <testcase name="VerifyRetiredTrailer" time="0.102" classname="Test.US200041ValidateTerminal"/>
  <testcase name="VerifyRetiredTrailer" time="0.108" classname="Test.US200041ValidateTerminal"/>
  <testcase name="VerifyMaintenanceTrailer" time="3.075" classname="Test.US200041ValidateTerminal"/>
  <testcase name="VerifyRetiredTrailer" time="0.098" classname="Test.US200041ValidateTerminal"/>
  <testcase name="VerifyMaintenanceTrailer" time="0.687" classname="Test.US200041ValidateTerminal"/>
  <testcase name="VerifyRetiredTrailer" time="0.100" classname="Test.US200041ValidateTerminal"/>
  <testcase name="VerifyMaintenanceTrailer" time="0.681" classname="Test.US200041ValidateTerminal"/>
  <testcase name="VerifyMaintenanceTrailer" time="0.692" classname="Test.US200041ValidateTerminal"/>
  <testcase name="VerifyMaintenanceTrailer" time="0.691" classname="Test.US200041ValidateTerminal"/>
  <testcase name="VerifyRetiredTrailer" time="0.099" classname="Test.US200041ValidateTerminal"/>
  <testcase name="VerifyMaintenanceTrailer" time="0.721" classname="Test.US200041ValidateTerminal"/>
  <testcase name="VerifyRetiredTrailer" time="0.675" classname="Test.US200041ValidateTerminal"/>
  <testcase name="VerifyRetiredTrailer" time="0.101" classname="Test.US200041ValidateTerminal"/>
  <testcase name="VerifyMaintenanceTrailer" time="0.683" classname="Test.US200041ValidateTerminal"/>
  <testcase name="VerifyMaintenanceTrailer" time="0.689" classname="Test.US200041ValidateTerminal"/>
  <testcase name="VerifyRetiredTrailer" time="0.097" classname="Test.US200041ValidateTerminal"/>
  <testcase name="VerifyMaintenanceTrailer" time="0.692" classname="Test.US200041ValidateTerminal"/>
  <testcase name="VerifyMaintenanceTrailer" time="0.725" classname="Test.US200041ValidateTerminal"/>
  <testcase name="VerifyRetiredTrailer" time="0.097" classname="Test.US200041ValidateTerminal"/>
  <testcase name="VerifyNotExistTrailer" time="0.106" classname="Test.US200041ValidateTerminal"/>
  <testcase name="VerifyMaintenanceTrailer" time="0.697" classname="Test.US200041ValidateTerminal"/>
  <testcase name="VerifyMaintenanceTrailer" time="0.685" classname="Test.US200041ValidateTerminal"/>
  <testcase name="VerifyRetiredTrailer" time="0.096" classname="Test.US200041ValidateTerminal"/>
  <testcase name="VerifyRetiredTrailer" time="0.099" classname="Test.US200041ValidateTerminal"/>
  <testcase name="VerifyMaintenanceTrailer" time="0.721" classname="Test.US200041ValidateTerminal"/>
  <testcase name="VerifyMaintenanceTrailer" time="0.703" classname="Test.US200041ValidateTerminal"/>
  <testcase name="VerifyRetiredTrailer" time="0.100" classname="Test.US200041ValidateTerminal"/>
  <testcase name="VerifyMaintenanceTrailer" time="0.688" classname="Test.US200041ValidateTerminal"/>
</testsuite> <!-- Test.US200041ValidateTerminal -->
