<?xml version="1.0" encoding="UTF-8"?>
<!-- Generated by org.testng.reporters.JUnitReportReporter -->
<testsuite hostname="N700278" name="TestCase.CLtesting.US200004ProNumberDigitCheck" tests="27" failures="0" timestamp="16 Aug 2016 21:06:21 GMT" time="31.570" errors="1">
  <testcase name="VerifyProDigitCheck" time="0.863" classname="TestCase.CLtesting.US200004ProNumberDigitCheck"/>
  <testcase name="VerifyProDigitCheck" time="1.063" classname="TestCase.CLtesting.US200004ProNumberDigitCheck"/>
  <testcase name="EnterTrailerInCLWithoutPro" time="3.874" classname="TestCase.CLtesting.US200004ProNumberDigitCheck"/>
  <testcase name="VerifyProDigitCheck" time="0.809" classname="TestCase.CLtesting.US200004ProNumberDigitCheck"/>
  <testcase name="VerifyProDigitCheck" time="0.934" classname="TestCase.CLtesting.US200004ProNumberDigitCheck"/>
  <testcase name="VerifyProDigitCheck" time="0.924" classname="TestCase.CLtesting.US200004ProNumberDigitCheck"/>
  <testcase name="VerifyProDigitCheck" time="0.863" classname="TestCase.CLtesting.US200004ProNumberDigitCheck"/>
  <testcase name="VerifyProDigitCheck" time="0.880" classname="TestCase.CLtesting.US200004ProNumberDigitCheck"/>
  <testcase name="VerifyProDigitCheck" time="0.860" classname="TestCase.CLtesting.US200004ProNumberDigitCheck"/>
  <testcase name="VerifyProDigitCheck" time="0.887" classname="TestCase.CLtesting.US200004ProNumberDigitCheck"/>
  <testcase name="VerifyProDigitCheck" time="3.995" classname="TestCase.CLtesting.US200004ProNumberDigitCheck">
    <error type="org.openqa.selenium.NoSuchElementException" message="no such element: Unable to locate element: {&quot;method&quot;:&quot;xpath&quot;,&quot;selector&quot;:&quot;div[0]/div/div[3]/div&quot;}
  (Session info: chrome=52.0.2743.116)
  (Driver info: chromedriver=2.23.409699 (49b0fa931cda1caad0ae15b7d1b68004acd05129),platform=Windows NT 6.1.7601 SP1 x86_64) (WARNING: The server did not provide any stacktrace information)
Command duration or timeout: 21 milliseconds
For documentation on this error, please visit: http://seleniumhq.org/exceptions/no_such_element.html
Build info: version: &#039;2.48.2&#039;, revision: &#039;41bccdd&#039;, time: &#039;2015-10-09 19:59:12&#039;
System info: host: &#039;N700278&#039;, ip: &#039;10.51.235.212&#039;, os.name: &#039;Windows 7&#039;, os.arch: &#039;amd64&#039;, os.version: &#039;6.1&#039;, java.version: &#039;1.7.0_06&#039;
*** Element info: {Using=xpath, value=div[0]/div/div[3]/div}
Session ID: 53ef2ee43bcefb7d4e688af8f8409e58
Driver info: org.openqa.selenium.chrome.ChromeDriver
Capabilities [{platform=XP, acceptSslCerts=true, javascriptEnabled=true, browserName=chrome, chrome={userDataDir=C:\Users\uyr27b0\AppData\Local\Temp\scoped_dir6648_21411, chromedriverVersion=2.23.409699 (49b0fa931cda1caad0ae15b7d1b68004acd05129)}, networkConnectionEnabled=false, rotatable=false, locationContextEnabled=true, mobileEmulationEnabled=false, version=52.0.2743.116, takesHeapSnapshot=true, databaseEnabled=false, cssSelectorsEnabled=true, handlesAlerts=true, browserConnectionEnabled=false, webStorageEnabled=true, nativeEvents=true, hasTouchScreen=false, applicationCacheEnabled=false, takesScreenshot=true}]">
      <![CDATA[org.openqa.selenium.NoSuchElementException: no such element: Unable to locate element: {"method":"xpath","selector":"div[0]/div/div[3]/div"}
  (Session info: chrome=52.0.2743.116)
  (Driver info: chromedriver=2.23.409699 (49b0fa931cda1caad0ae15b7d1b68004acd05129),platform=Windows NT 6.1.7601 SP1 x86_64) (WARNING: The server did not provide any stacktrace information)
Command duration or timeout: 21 milliseconds
For documentation on this error, please visit: http://seleniumhq.org/exceptions/no_such_element.html
Build info: version: '2.48.2', revision: '41bccdd', time: '2015-10-09 19:59:12'
System info: host: 'N700278', ip: '10.51.235.212', os.name: 'Windows 7', os.arch: 'amd64', os.version: '6.1', java.version: '1.7.0_06'
*** Element info: {Using=xpath, value=div[0]/div/div[3]/div}
Session ID: 53ef2ee43bcefb7d4e688af8f8409e58
Driver info: org.openqa.selenium.chrome.ChromeDriver
Capabilities [{platform=XP, acceptSslCerts=true, javascriptEnabled=true, browserName=chrome, chrome={userDataDir=C:\Users\uyr27b0\AppData\Local\Temp\scoped_dir6648_21411, chromedriverVersion=2.23.409699 (49b0fa931cda1caad0ae15b7d1b68004acd05129)}, networkConnectionEnabled=false, rotatable=false, locationContextEnabled=true, mobileEmulationEnabled=false, version=52.0.2743.116, takesHeapSnapshot=true, databaseEnabled=false, cssSelectorsEnabled=true, handlesAlerts=true, browserConnectionEnabled=false, webStorageEnabled=true, nativeEvents=true, hasTouchScreen=false, applicationCacheEnabled=false, takesScreenshot=true}]
	at sun.reflect.NativeConstructorAccessorImpl.newInstance0(Native Method)
	at sun.reflect.NativeConstructorAccessorImpl.newInstance(NativeConstructorAccessorImpl.java:57)
	at sun.reflect.DelegatingConstructorAccessorImpl.newInstance(DelegatingConstructorAccessorImpl.java:45)
	at java.lang.reflect.Constructor.newInstance(Constructor.java:525)
	at org.openqa.selenium.remote.ErrorHandler.createThrowable(ErrorHandler.java:206)
	at org.openqa.selenium.remote.ErrorHandler.throwIfResponseFailed(ErrorHandler.java:158)
	at org.openqa.selenium.remote.RemoteWebDriver.execute(RemoteWebDriver.java:647)
	at org.openqa.selenium.remote.RemoteWebElement.execute(RemoteWebElement.java:326)
	at org.openqa.selenium.remote.RemoteWebElement.findElement(RemoteWebElement.java:197)
	at org.openqa.selenium.remote.RemoteWebElement.findElementByXPath(RemoteWebElement.java:294)
	at org.openqa.selenium.By$ByXPath.findElement(By.java:361)
	at org.openqa.selenium.remote.RemoteWebElement.findElement(RemoteWebElement.java:193)
	at sun.reflect.GeneratedMethodAccessor1.invoke(Unknown Source)
	at sun.reflect.DelegatingMethodAccessorImpl.invoke(DelegatingMethodAccessorImpl.java:43)
	at java.lang.reflect.Method.invoke(Method.java:601)
	at org.openqa.selenium.support.pagefactory.internal.LocatingElementHandler.invoke(LocatingElementHandler.java:51)
	at $Proxy11.findElement(Unknown Source)
	at TestCase.CLtesting.US200004ProNumberDigitCheck.VerifyProDigitCheck(US200004ProNumberDigitCheck.java:79)
	at sun.reflect.NativeMethodAccessorImpl.invoke0(Native Method)
	at sun.reflect.NativeMethodAccessorImpl.invoke(NativeMethodAccessorImpl.java:57)
	at sun.reflect.DelegatingMethodAccessorImpl.invoke(DelegatingMethodAccessorImpl.java:43)
	at java.lang.reflect.Method.invoke(Method.java:601)
	at org.testng.internal.MethodInvocationHelper.invokeMethod(MethodInvocationHelper.java:86)
	at org.testng.internal.Invoker.invokeMethod(Invoker.java:646)
	at org.testng.internal.Invoker.invokeTestMethod(Invoker.java:823)
	at org.testng.internal.Invoker.invokeTestMethods(Invoker.java:1131)
	at org.testng.internal.TestMethodWorker.invokeTestMethods(TestMethodWorker.java:129)
	at org.testng.internal.TestMethodWorker.run(TestMethodWorker.java:112)
	at org.testng.TestRunner.privateRun(TestRunner.java:778)
	at org.testng.TestRunner.run(TestRunner.java:632)
	at org.testng.SuiteRunner.runTest(SuiteRunner.java:366)
	at org.testng.SuiteRunner.runSequentially(SuiteRunner.java:361)
	at org.testng.SuiteRunner.privateRun(SuiteRunner.java:319)
	at org.testng.SuiteRunner.run(SuiteRunner.java:268)
	at org.testng.SuiteRunnerWorker.runSuite(SuiteRunnerWorker.java:52)
	at org.testng.SuiteRunnerWorker.run(SuiteRunnerWorker.java:86)
	at org.testng.TestNG.runSuitesSequentially(TestNG.java:1225)
	at org.testng.TestNG.runSuitesLocally(TestNG.java:1150)
	at org.testng.TestNG.runSuites(TestNG.java:1075)
	at org.testng.TestNG.run(TestNG.java:1047)
	at org.testng.remote.AbstractRemoteTestNG.run(AbstractRemoteTestNG.java:126)
	at org.testng.remote.RemoteTestNG.initAndRun(RemoteTestNG.java:137)
	at org.testng.remote.RemoteTestNG.main(RemoteTestNG.java:58)
]]>
    </error>
  </testcase> <!-- VerifyProDigitCheck -->
  <testcase name="VerifyProDigitCheck" time="0.930" classname="TestCase.CLtesting.US200004ProNumberDigitCheck"/>
  <testcase name="VerifyProDigitCheck" time="0.918" classname="TestCase.CLtesting.US200004ProNumberDigitCheck"/>
  <testcase name="VerifyProDigitCheck" time="0.871" classname="TestCase.CLtesting.US200004ProNumberDigitCheck"/>
  <testcase name="VerifyProDigitCheck" time="0.956" classname="TestCase.CLtesting.US200004ProNumberDigitCheck"/>
  <testcase name="VerifyProDigitCheck" time="1.447" classname="TestCase.CLtesting.US200004ProNumberDigitCheck"/>
  <testcase name="VerifyProDigitCheck" time="1.383" classname="TestCase.CLtesting.US200004ProNumberDigitCheck"/>
  <testcase name="VerifyProDigitCheck" time="1.159" classname="TestCase.CLtesting.US200004ProNumberDigitCheck"/>
  <testcase name="VerifyProDigitCheck" time="0.837" classname="TestCase.CLtesting.US200004ProNumberDigitCheck"/>
  <testcase name="VerifyProDigitCheck" time="0.882" classname="TestCase.CLtesting.US200004ProNumberDigitCheck"/>
  <testcase name="VerifyProDigitCheck" time="0.826" classname="TestCase.CLtesting.US200004ProNumberDigitCheck"/>
  <testcase name="VerifyProDigitCheck" time="0.883" classname="TestCase.CLtesting.US200004ProNumberDigitCheck"/>
  <testcase name="VerifyProDigitCheck" time="0.939" classname="TestCase.CLtesting.US200004ProNumberDigitCheck"/>
  <testcase name="VerifyProDigitCheck" time="0.939" classname="TestCase.CLtesting.US200004ProNumberDigitCheck"/>
  <testcase name="VerifyProDigitCheck" time="0.873" classname="TestCase.CLtesting.US200004ProNumberDigitCheck"/>
  <testcase name="VerifyProDigitCheck" time="0.904" classname="TestCase.CLtesting.US200004ProNumberDigitCheck"/>
  <testcase name="VerifyProDigitCheck" time="0.871" classname="TestCase.CLtesting.US200004ProNumberDigitCheck"/>
</testsuite> <!-- TestCase.CLtesting.US200004ProNumberDigitCheck -->
