<?xml version="1.0" encoding="UTF-8"?>
<!-- Generated by org.testng.reporters.JUnitReportReporter -->
<testsuite hostname="N700278" name="SitTest.US461PrepopValuesLoadingTrailerAndUS465SummarizeBillsWeightUS457ShowLoadedShipmentOnGrid" tests="5" failures="5" timestamp="7 Mar 2016 16:24:08 GMT" time="57.500" errors="0">
  <testcase name="PrepopValuesLoadingTrailerAndSummarizeBillsWeight" time="28.342" classname="SitTest.US461PrepopValuesLoadingTrailerAndUS465SummarizeBillsWeightUS457ShowLoadedShipmentOnGrid">
    <failure type="java.lang.AssertionError" message="The following asserts failed:
	Sets differ: expected [[4322511181, 432, 268, 144], [4469888717, 432, 258, 660], [4469888735, 432, 268, 665], [4625688284, 462, 268, 1308], [4890399273, @, 432, 289, 662], [497040085X, 422, 205, 2694], [4970400878, 422, 205, 915], [4970400887, 422, 256, 369], [4970400914, 422, 104, 629], [4970400923, 422, 205, 2235], [4970400941, 422, 104, 2946], [4970400950, 422, 104, 629], [497040096X, 422, 205, 2711], [4993842621, 421, 256, 3200]] but got [[4322511181, 432, 268, 144, N], [4469888717, 432, 258, 660, N], [4469888735, 432, 268, 665, N], [4625688284, 462, 268, 1308, N], [4890399273, @, 432, 289, 662, N], [497040085X, 422, 205, 2694, N], [4970400878, 422, 205, 915, N], [4970400887, 422, 256, 369, N], [4970400914, 422, 104, 629, N], [4970400923, 422, 205, 2235, N], [4970400941, 422, 104, 2946, N], [4970400950, 422, 104, 629, N], [497040096X, 422, 205, 2711, N], [4993842621, 421, 256, 3200, N]]">
      <![CDATA[java.lang.AssertionError: The following asserts failed:
	Sets differ: expected [[4322511181, 432, 268, 144], [4469888717, 432, 258, 660], [4469888735, 432, 268, 665], [4625688284, 462, 268, 1308], [4890399273, @, 432, 289, 662], [497040085X, 422, 205, 2694], [4970400878, 422, 205, 915], [4970400887, 422, 256, 369], [4970400914, 422, 104, 629], [4970400923, 422, 205, 2235], [4970400941, 422, 104, 2946], [4970400950, 422, 104, 629], [497040096X, 422, 205, 2711], [4993842621, 421, 256, 3200]] but got [[4322511181, 432, 268, 144, N], [4469888717, 432, 258, 660, N], [4469888735, 432, 268, 665, N], [4625688284, 462, 268, 1308, N], [4890399273, @, 432, 289, 662, N], [497040085X, 422, 205, 2694, N], [4970400878, 422, 205, 915, N], [4970400887, 422, 256, 369, N], [4970400914, 422, 104, 629, N], [4970400923, 422, 205, 2235, N], [4970400941, 422, 104, 2946, N], [4970400950, 422, 104, 629, N], [497040096X, 422, 205, 2711, N], [4993842621, 421, 256, 3200, N]]
	at org.testng.asserts.SoftAssert.assertAll(SoftAssert.java:48)
	at SitTest.US461PrepopValuesLoadingTrailerAndUS465SummarizeBillsWeightUS457ShowLoadedShipmentOnGrid.PrepopValuesLoadingTrailerAndSummarizeBillsWeight(US461PrepopValuesLoadingTrailerAndUS465SummarizeBillsWeightUS457ShowLoadedShipmentOnGrid.java:113)
	at sun.reflect.NativeMethodAccessorImpl.invoke0(Native Method)
	at sun.reflect.NativeMethodAccessorImpl.invoke(Unknown Source)
	at sun.reflect.DelegatingMethodAccessorImpl.invoke(Unknown Source)
	at java.lang.reflect.Method.invoke(Unknown Source)
	at org.testng.internal.MethodInvocationHelper.invokeMethod(MethodInvocationHelper.java:85)
	at org.testng.internal.Invoker.invokeMethod(Invoker.java:639)
	at org.testng.internal.Invoker.invokeTestMethod(Invoker.java:816)
	at org.testng.internal.Invoker.invokeTestMethods(Invoker.java:1124)
	at org.testng.internal.TestMethodWorker.invokeTestMethods(TestMethodWorker.java:124)
	at org.testng.internal.TestMethodWorker.run(TestMethodWorker.java:108)
	at org.testng.TestRunner.privateRun(TestRunner.java:773)
	at org.testng.TestRunner.run(TestRunner.java:623)
	at org.testng.SuiteRunner.runTest(SuiteRunner.java:359)
	at org.testng.SuiteRunner.runSequentially(SuiteRunner.java:354)
	at org.testng.SuiteRunner.privateRun(SuiteRunner.java:312)
	at org.testng.SuiteRunner.run(SuiteRunner.java:261)
	at org.testng.SuiteRunnerWorker.runSuite(SuiteRunnerWorker.java:52)
	at org.testng.SuiteRunnerWorker.run(SuiteRunnerWorker.java:86)
	at org.testng.TestNG.runSuitesSequentially(TestNG.java:1185)
	at org.testng.TestNG.runSuitesLocally(TestNG.java:1110)
	at org.testng.TestNG.run(TestNG.java:1018)
	at org.testng.remote.RemoteTestNG.run(RemoteTestNG.java:112)
	at org.testng.remote.RemoteTestNG.initAndRun(RemoteTestNG.java:205)
	at org.testng.remote.RemoteTestNG.main(RemoteTestNG.java:176)
]]>
    </failure>
  </testcase> <!-- PrepopValuesLoadingTrailerAndSummarizeBillsWeight -->
  <testcase name="PrepopValuesLoadingTrailerAndSummarizeBillsWeight" time="10.356" classname="SitTest.US461PrepopValuesLoadingTrailerAndUS465SummarizeBillsWeightUS457ShowLoadedShipmentOnGrid">
    <failure type="java.lang.AssertionError" message="The following asserts failed:
	Sets differ: expected [[1084982780, 158, 521, 216], [2139689112, 213, 521, 4368], [4335645842, 433, 521, 485], [446299135X, 312, 551, 1955], [4545527693, 433, 521, 42], [4822656583, 422, 551, 152], [4895563939, 198, 521, 478], [4930391326, 261, 521, 331], [4930406313, 261, 521, 249], [4939539045, 644, 521, 297], [4956294925, 857, 556, 260], [496156223X, 158, 556, 7826], [4970109542, 246, 521, 510], [4970144697, 246, 521, 503], [4993864769, 432, 521, 930], [7617786846, 261, 521, 1050]] but got [[1084982780, 158, 521, 216, N], [2139689112, 213, 521, 4368, N], [4335645842, 433, 521, 485, N], [446299135X, 312, 551, 1955, N], [4545527693, 433, 521, 42, N], [4822656583, 422, 551, 152, N], [4895563939, 198, 521, 478, N], [4930391326, 261, 521, 331, N], [4930406313, 261, 521, 249, N], [4939539045, 644, 521, 297, N], [4956294925, 857, 556, 260, N], [496156223X, 158, 556, 7826, N], [4970109542, 246, 521, 510, N], [4970144697, 246, 521, 503, N], [4993864769, 432, 521, 930, N], [7617786846, 261, 521, 1050, N]]">
      <![CDATA[java.lang.AssertionError: The following asserts failed:
	Sets differ: expected [[1084982780, 158, 521, 216], [2139689112, 213, 521, 4368], [4335645842, 433, 521, 485], [446299135X, 312, 551, 1955], [4545527693, 433, 521, 42], [4822656583, 422, 551, 152], [4895563939, 198, 521, 478], [4930391326, 261, 521, 331], [4930406313, 261, 521, 249], [4939539045, 644, 521, 297], [4956294925, 857, 556, 260], [496156223X, 158, 556, 7826], [4970109542, 246, 521, 510], [4970144697, 246, 521, 503], [4993864769, 432, 521, 930], [7617786846, 261, 521, 1050]] but got [[1084982780, 158, 521, 216, N], [2139689112, 213, 521, 4368, N], [4335645842, 433, 521, 485, N], [446299135X, 312, 551, 1955, N], [4545527693, 433, 521, 42, N], [4822656583, 422, 551, 152, N], [4895563939, 198, 521, 478, N], [4930391326, 261, 521, 331, N], [4930406313, 261, 521, 249, N], [4939539045, 644, 521, 297, N], [4956294925, 857, 556, 260, N], [496156223X, 158, 556, 7826, N], [4970109542, 246, 521, 510, N], [4970144697, 246, 521, 503, N], [4993864769, 432, 521, 930, N], [7617786846, 261, 521, 1050, N]]
	at org.testng.asserts.SoftAssert.assertAll(SoftAssert.java:48)
	at SitTest.US461PrepopValuesLoadingTrailerAndUS465SummarizeBillsWeightUS457ShowLoadedShipmentOnGrid.PrepopValuesLoadingTrailerAndSummarizeBillsWeight(US461PrepopValuesLoadingTrailerAndUS465SummarizeBillsWeightUS457ShowLoadedShipmentOnGrid.java:113)
	at sun.reflect.NativeMethodAccessorImpl.invoke0(Native Method)
	at sun.reflect.NativeMethodAccessorImpl.invoke(Unknown Source)
	at sun.reflect.DelegatingMethodAccessorImpl.invoke(Unknown Source)
	at java.lang.reflect.Method.invoke(Unknown Source)
	at org.testng.internal.MethodInvocationHelper.invokeMethod(MethodInvocationHelper.java:85)
	at org.testng.internal.Invoker.invokeMethod(Invoker.java:639)
	at org.testng.internal.Invoker.invokeTestMethod(Invoker.java:816)
	at org.testng.internal.Invoker.invokeTestMethods(Invoker.java:1124)
	at org.testng.internal.TestMethodWorker.invokeTestMethods(TestMethodWorker.java:124)
	at org.testng.internal.TestMethodWorker.run(TestMethodWorker.java:108)
	at org.testng.TestRunner.privateRun(TestRunner.java:773)
	at org.testng.TestRunner.run(TestRunner.java:623)
	at org.testng.SuiteRunner.runTest(SuiteRunner.java:359)
	at org.testng.SuiteRunner.runSequentially(SuiteRunner.java:354)
	at org.testng.SuiteRunner.privateRun(SuiteRunner.java:312)
	at org.testng.SuiteRunner.run(SuiteRunner.java:261)
	at org.testng.SuiteRunnerWorker.runSuite(SuiteRunnerWorker.java:52)
	at org.testng.SuiteRunnerWorker.run(SuiteRunnerWorker.java:86)
	at org.testng.TestNG.runSuitesSequentially(TestNG.java:1185)
	at org.testng.TestNG.runSuitesLocally(TestNG.java:1110)
	at org.testng.TestNG.run(TestNG.java:1018)
	at org.testng.remote.RemoteTestNG.run(RemoteTestNG.java:112)
	at org.testng.remote.RemoteTestNG.initAndRun(RemoteTestNG.java:205)
	at org.testng.remote.RemoteTestNG.main(RemoteTestNG.java:176)
]]>
    </failure>
  </testcase> <!-- PrepopValuesLoadingTrailerAndSummarizeBillsWeight -->
  <testcase name="PrepopValuesLoadingTrailerAndSummarizeBillsWeight" time="4.593" classname="SitTest.US461PrepopValuesLoadingTrailerAndUS465SummarizeBillsWeightUS457ShowLoadedShipmentOnGrid">
    <failure type="java.lang.AssertionError" message="The following asserts failed:
	Sets differ: expected [[5902220451, 590, 135, 4784]] but got [[5902220451, 590, 135, 4784, N]]">
      <![CDATA[java.lang.AssertionError: The following asserts failed:
	Sets differ: expected [[5902220451, 590, 135, 4784]] but got [[5902220451, 590, 135, 4784, N]]
	at org.testng.asserts.SoftAssert.assertAll(SoftAssert.java:48)
	at SitTest.US461PrepopValuesLoadingTrailerAndUS465SummarizeBillsWeightUS457ShowLoadedShipmentOnGrid.PrepopValuesLoadingTrailerAndSummarizeBillsWeight(US461PrepopValuesLoadingTrailerAndUS465SummarizeBillsWeightUS457ShowLoadedShipmentOnGrid.java:113)
	at sun.reflect.NativeMethodAccessorImpl.invoke0(Native Method)
	at sun.reflect.NativeMethodAccessorImpl.invoke(Unknown Source)
	at sun.reflect.DelegatingMethodAccessorImpl.invoke(Unknown Source)
	at java.lang.reflect.Method.invoke(Unknown Source)
	at org.testng.internal.MethodInvocationHelper.invokeMethod(MethodInvocationHelper.java:85)
	at org.testng.internal.Invoker.invokeMethod(Invoker.java:639)
	at org.testng.internal.Invoker.invokeTestMethod(Invoker.java:816)
	at org.testng.internal.Invoker.invokeTestMethods(Invoker.java:1124)
	at org.testng.internal.TestMethodWorker.invokeTestMethods(TestMethodWorker.java:124)
	at org.testng.internal.TestMethodWorker.run(TestMethodWorker.java:108)
	at org.testng.TestRunner.privateRun(TestRunner.java:773)
	at org.testng.TestRunner.run(TestRunner.java:623)
	at org.testng.SuiteRunner.runTest(SuiteRunner.java:359)
	at org.testng.SuiteRunner.runSequentially(SuiteRunner.java:354)
	at org.testng.SuiteRunner.privateRun(SuiteRunner.java:312)
	at org.testng.SuiteRunner.run(SuiteRunner.java:261)
	at org.testng.SuiteRunnerWorker.runSuite(SuiteRunnerWorker.java:52)
	at org.testng.SuiteRunnerWorker.run(SuiteRunnerWorker.java:86)
	at org.testng.TestNG.runSuitesSequentially(TestNG.java:1185)
	at org.testng.TestNG.runSuitesLocally(TestNG.java:1110)
	at org.testng.TestNG.run(TestNG.java:1018)
	at org.testng.remote.RemoteTestNG.run(RemoteTestNG.java:112)
	at org.testng.remote.RemoteTestNG.initAndRun(RemoteTestNG.java:205)
	at org.testng.remote.RemoteTestNG.main(RemoteTestNG.java:176)
]]>
    </failure>
  </testcase> <!-- PrepopValuesLoadingTrailerAndSummarizeBillsWeight -->
  <testcase name="PrepopValuesLoadingTrailerAndSummarizeBillsWeight" time="8.035" classname="SitTest.US461PrepopValuesLoadingTrailerAndUS465SummarizeBillsWeightUS457ShowLoadedShipmentOnGrid">
    <failure type="java.lang.AssertionError" message="The following asserts failed:
	Sets differ: expected [[2538940360, %, 730, 875, 1103], [4822633061, 422, 875, 292], [4823000892, 422, 875, 765], [4824474764, 682, 868, 2164], [4939813165, 740, 875, 350], [4957576746, 682, 875, 2415], [4970409925, 422, 868, 250], [4971072381, 740, 875, 1300], [4975721367, 422, 875, 144], [4993898914, 422, 895, 667]] but got [[2538940360, %, 730, 875, 1103, N], [4822633061, 422, 875, 292, N], [4823000892, 422, 875, 765, N], [4824474764, 682, 868, 2164, N], [4939813165, 740, 875, 350, N], [4957576746, 682, 875, 2415, N], [4970409925, 422, 868, 250, N], [4971072381, 740, 875, 1300, N], [4975721367, 422, 875, 144, N], [4993898914, 422, 895, 667, N]]">
      <![CDATA[java.lang.AssertionError: The following asserts failed:
	Sets differ: expected [[2538940360, %, 730, 875, 1103], [4822633061, 422, 875, 292], [4823000892, 422, 875, 765], [4824474764, 682, 868, 2164], [4939813165, 740, 875, 350], [4957576746, 682, 875, 2415], [4970409925, 422, 868, 250], [4971072381, 740, 875, 1300], [4975721367, 422, 875, 144], [4993898914, 422, 895, 667]] but got [[2538940360, %, 730, 875, 1103, N], [4822633061, 422, 875, 292, N], [4823000892, 422, 875, 765, N], [4824474764, 682, 868, 2164, N], [4939813165, 740, 875, 350, N], [4957576746, 682, 875, 2415, N], [4970409925, 422, 868, 250, N], [4971072381, 740, 875, 1300, N], [4975721367, 422, 875, 144, N], [4993898914, 422, 895, 667, N]]
	at org.testng.asserts.SoftAssert.assertAll(SoftAssert.java:48)
	at SitTest.US461PrepopValuesLoadingTrailerAndUS465SummarizeBillsWeightUS457ShowLoadedShipmentOnGrid.PrepopValuesLoadingTrailerAndSummarizeBillsWeight(US461PrepopValuesLoadingTrailerAndUS465SummarizeBillsWeightUS457ShowLoadedShipmentOnGrid.java:113)
	at sun.reflect.NativeMethodAccessorImpl.invoke0(Native Method)
	at sun.reflect.NativeMethodAccessorImpl.invoke(Unknown Source)
	at sun.reflect.DelegatingMethodAccessorImpl.invoke(Unknown Source)
	at java.lang.reflect.Method.invoke(Unknown Source)
	at org.testng.internal.MethodInvocationHelper.invokeMethod(MethodInvocationHelper.java:85)
	at org.testng.internal.Invoker.invokeMethod(Invoker.java:639)
	at org.testng.internal.Invoker.invokeTestMethod(Invoker.java:816)
	at org.testng.internal.Invoker.invokeTestMethods(Invoker.java:1124)
	at org.testng.internal.TestMethodWorker.invokeTestMethods(TestMethodWorker.java:124)
	at org.testng.internal.TestMethodWorker.run(TestMethodWorker.java:108)
	at org.testng.TestRunner.privateRun(TestRunner.java:773)
	at org.testng.TestRunner.run(TestRunner.java:623)
	at org.testng.SuiteRunner.runTest(SuiteRunner.java:359)
	at org.testng.SuiteRunner.runSequentially(SuiteRunner.java:354)
	at org.testng.SuiteRunner.privateRun(SuiteRunner.java:312)
	at org.testng.SuiteRunner.run(SuiteRunner.java:261)
	at org.testng.SuiteRunnerWorker.runSuite(SuiteRunnerWorker.java:52)
	at org.testng.SuiteRunnerWorker.run(SuiteRunnerWorker.java:86)
	at org.testng.TestNG.runSuitesSequentially(TestNG.java:1185)
	at org.testng.TestNG.runSuitesLocally(TestNG.java:1110)
	at org.testng.TestNG.run(TestNG.java:1018)
	at org.testng.remote.RemoteTestNG.run(RemoteTestNG.java:112)
	at org.testng.remote.RemoteTestNG.initAndRun(RemoteTestNG.java:205)
	at org.testng.remote.RemoteTestNG.main(RemoteTestNG.java:176)
]]>
    </failure>
  </testcase> <!-- PrepopValuesLoadingTrailerAndSummarizeBillsWeight -->
  <testcase name="PrepopValuesLoadingTrailerAndSummarizeBillsWeight" time="6.174" classname="SitTest.US461PrepopValuesLoadingTrailerAndUS465SummarizeBillsWeightUS457ShowLoadedShipmentOnGrid">
    <failure type="java.lang.AssertionError" message="The following asserts failed:
	Sets differ: expected [[4544528435, %, 783, 881, 2800], [4821513472, 830, 626, 830], [4821755555, 830, 626, 241], [4934457696, %, 830, 865, 284], [8300433236, 830, 565, 194]] but got [[4544528435, %, 783, 881, 2800, N], [4821513472, 830, 626, 830, N], [4821755555, 830, 626, 241, N], [4934457696, %, 830, 865, 284, N], [8300433236, 830, 565, 194, N]]">
      <![CDATA[java.lang.AssertionError: The following asserts failed:
	Sets differ: expected [[4544528435, %, 783, 881, 2800], [4821513472, 830, 626, 830], [4821755555, 830, 626, 241], [4934457696, %, 830, 865, 284], [8300433236, 830, 565, 194]] but got [[4544528435, %, 783, 881, 2800, N], [4821513472, 830, 626, 830, N], [4821755555, 830, 626, 241, N], [4934457696, %, 830, 865, 284, N], [8300433236, 830, 565, 194, N]]
	at org.testng.asserts.SoftAssert.assertAll(SoftAssert.java:48)
	at SitTest.US461PrepopValuesLoadingTrailerAndUS465SummarizeBillsWeightUS457ShowLoadedShipmentOnGrid.PrepopValuesLoadingTrailerAndSummarizeBillsWeight(US461PrepopValuesLoadingTrailerAndUS465SummarizeBillsWeightUS457ShowLoadedShipmentOnGrid.java:113)
	at sun.reflect.NativeMethodAccessorImpl.invoke0(Native Method)
	at sun.reflect.NativeMethodAccessorImpl.invoke(Unknown Source)
	at sun.reflect.DelegatingMethodAccessorImpl.invoke(Unknown Source)
	at java.lang.reflect.Method.invoke(Unknown Source)
	at org.testng.internal.MethodInvocationHelper.invokeMethod(MethodInvocationHelper.java:85)
	at org.testng.internal.Invoker.invokeMethod(Invoker.java:639)
	at org.testng.internal.Invoker.invokeTestMethod(Invoker.java:816)
	at org.testng.internal.Invoker.invokeTestMethods(Invoker.java:1124)
	at org.testng.internal.TestMethodWorker.invokeTestMethods(TestMethodWorker.java:124)
	at org.testng.internal.TestMethodWorker.run(TestMethodWorker.java:108)
	at org.testng.TestRunner.privateRun(TestRunner.java:773)
	at org.testng.TestRunner.run(TestRunner.java:623)
	at org.testng.SuiteRunner.runTest(SuiteRunner.java:359)
	at org.testng.SuiteRunner.runSequentially(SuiteRunner.java:354)
	at org.testng.SuiteRunner.privateRun(SuiteRunner.java:312)
	at org.testng.SuiteRunner.run(SuiteRunner.java:261)
	at org.testng.SuiteRunnerWorker.runSuite(SuiteRunnerWorker.java:52)
	at org.testng.SuiteRunnerWorker.run(SuiteRunnerWorker.java:86)
	at org.testng.TestNG.runSuitesSequentially(TestNG.java:1185)
	at org.testng.TestNG.runSuitesLocally(TestNG.java:1110)
	at org.testng.TestNG.run(TestNG.java:1018)
	at org.testng.remote.RemoteTestNG.run(RemoteTestNG.java:112)
	at org.testng.remote.RemoteTestNG.initAndRun(RemoteTestNG.java:205)
	at org.testng.remote.RemoteTestNG.main(RemoteTestNG.java:176)
]]>
    </failure>
  </testcase> <!-- PrepopValuesLoadingTrailerAndSummarizeBillsWeight -->
</testsuite> <!-- SitTest.US461PrepopValuesLoadingTrailerAndUS465SummarizeBillsWeightUS457ShowLoadedShipmentOnGrid -->
