<?xml version="1.0" encoding="UTF-8"?>
<!-- Generated by org.testng.reporters.JUnitReportReporter -->
<testsuite hostname="N700278" name="TestCase.LdgScreen.US200004ProNumberDigitCheck" tests="27" failures="0" timestamp="8 Aug 2016 19:29:07 GMT" time="17.393" errors="1">
  <testcase name="VerifyProDigitCheck" time="0.354" classname="TestCase.LdgScreen.US200004ProNumberDigitCheck"/>
  <testcase name="VerifyProDigitCheck" time="0.309" classname="TestCase.LdgScreen.US200004ProNumberDigitCheck"/>
  <testcase name="VerifyProDigitCheck" time="0.341" classname="TestCase.LdgScreen.US200004ProNumberDigitCheck"/>
  <testcase name="VerifyProDigitCheck" time="0.470" classname="TestCase.LdgScreen.US200004ProNumberDigitCheck"/>
  <testcase name="VerifyProDigitCheck" time="0.243" classname="TestCase.LdgScreen.US200004ProNumberDigitCheck"/>
  <testcase name="VerifyProDigitCheck" time="0.356" classname="TestCase.LdgScreen.US200004ProNumberDigitCheck"/>
  <testcase name="VerifyProDigitCheck" time="0.362" classname="TestCase.LdgScreen.US200004ProNumberDigitCheck"/>
  <testcase name="VerifyProDigitCheck" time="0.244" classname="TestCase.LdgScreen.US200004ProNumberDigitCheck"/>
  <testcase name="VerifyProDigitCheck" time="0.382" classname="TestCase.LdgScreen.US200004ProNumberDigitCheck"/>
  <testcase name="VerifyProDigitCheck" time="0.259" classname="TestCase.LdgScreen.US200004ProNumberDigitCheck"/>
  <testcase name="VerifyProDigitCheck" time="0.736" classname="TestCase.LdgScreen.US200004ProNumberDigitCheck"/>
  <testcase name="VerifyProDigitCheck" time="0.331" classname="TestCase.LdgScreen.US200004ProNumberDigitCheck"/>
  <testcase name="VerifyProDigitCheck" time="0.239" classname="TestCase.LdgScreen.US200004ProNumberDigitCheck"/>
  <testcase name="VerifyProDigitCheck" time="0.229" classname="TestCase.LdgScreen.US200004ProNumberDigitCheck"/>
  <testcase name="VerifyProDigitCheck" time="0.314" classname="TestCase.LdgScreen.US200004ProNumberDigitCheck"/>
  <testcase name="VerifyProDigitCheck" time="0.322" classname="TestCase.LdgScreen.US200004ProNumberDigitCheck"/>
  <testcase name="VerifyProDigitCheck" time="5.431" classname="TestCase.LdgScreen.US200004ProNumberDigitCheck">
    <error type="org.openqa.selenium.TimeoutException" message="Timed out after 5 seconds waiting for text (&#039;ABC-DEFGHI-J&#039;) to be present in element [[ChromeDriver: chrome on XP (f0980309e3e4d23b5b6b530575396495)] -&gt; xpath: .//div[@config=&#039;addProsVM.addProsGrid.config&#039;]/div/div/div[3]/div[2]/div]
Build info: version: &#039;2.48.2&#039;, revision: &#039;41bccdd&#039;, time: &#039;2015-10-09 19:59:12&#039;
System info: host: &#039;N700278&#039;, ip: &#039;10.51.235.212&#039;, os.name: &#039;Windows 7&#039;, os.arch: &#039;amd64&#039;, os.version: &#039;6.1&#039;, java.version: &#039;1.7.0_06&#039;
Session ID: f0980309e3e4d23b5b6b530575396495
Driver info: org.openqa.selenium.chrome.ChromeDriver
Capabilities [{platform=XP, acceptSslCerts=true, javascriptEnabled=true, browserName=chrome, chrome={userDataDir=C:\Users\uyr27b0\AppData\Local\Temp\scoped_dir14868_28857, chromedriverVersion=2.23.409699 (49b0fa931cda1caad0ae15b7d1b68004acd05129)}, networkConnectionEnabled=false, rotatable=false, locationContextEnabled=true, mobileEmulationEnabled=false, version=52.0.2743.116, takesHeapSnapshot=true, databaseEnabled=false, cssSelectorsEnabled=true, handlesAlerts=true, browserConnectionEnabled=false, webStorageEnabled=true, nativeEvents=true, hasTouchScreen=false, applicationCacheEnabled=false, takesScreenshot=true}]">
      <![CDATA[org.openqa.selenium.TimeoutException: Timed out after 5 seconds waiting for text ('ABC-DEFGHI-J') to be present in element [[ChromeDriver: chrome on XP (f0980309e3e4d23b5b6b530575396495)] -> xpath: .//div[@config='addProsVM.addProsGrid.config']/div/div/div[3]/div[2]/div]
Build info: version: '2.48.2', revision: '41bccdd', time: '2015-10-09 19:59:12'
System info: host: 'N700278', ip: '10.51.235.212', os.name: 'Windows 7', os.arch: 'amd64', os.version: '6.1', java.version: '1.7.0_06'
Session ID: f0980309e3e4d23b5b6b530575396495
Driver info: org.openqa.selenium.chrome.ChromeDriver
Capabilities [{platform=XP, acceptSslCerts=true, javascriptEnabled=true, browserName=chrome, chrome={userDataDir=C:\Users\uyr27b0\AppData\Local\Temp\scoped_dir14868_28857, chromedriverVersion=2.23.409699 (49b0fa931cda1caad0ae15b7d1b68004acd05129)}, networkConnectionEnabled=false, rotatable=false, locationContextEnabled=true, mobileEmulationEnabled=false, version=52.0.2743.116, takesHeapSnapshot=true, databaseEnabled=false, cssSelectorsEnabled=true, handlesAlerts=true, browserConnectionEnabled=false, webStorageEnabled=true, nativeEvents=true, hasTouchScreen=false, applicationCacheEnabled=false, takesScreenshot=true}]
	at org.openqa.selenium.support.ui.WebDriverWait.timeoutException(WebDriverWait.java:80)
	at org.openqa.selenium.support.ui.FluentWait.until(FluentWait.java:261)
	at TestCase.LdgScreen.US200004ProNumberDigitCheck.VerifyProDigitCheck(US200004ProNumberDigitCheck.java:72)
	at sun.reflect.NativeMethodAccessorImpl.invoke0(Native Method)
	at sun.reflect.NativeMethodAccessorImpl.invoke(NativeMethodAccessorImpl.java:57)
	at sun.reflect.DelegatingMethodAccessorImpl.invoke(DelegatingMethodAccessorImpl.java:43)
	at java.lang.reflect.Method.invoke(Method.java:601)
	at org.testng.internal.MethodInvocationHelper.invokeMethod(MethodInvocationHelper.java:86)
	at org.testng.internal.Invoker.invokeMethod(Invoker.java:646)
	at org.testng.internal.Invoker.invokeTestMethod(Invoker.java:823)
	at org.testng.internal.Invoker.invokeTestMethods(Invoker.java:1131)
	at org.testng.internal.TestMethodWorker.invokeTestMethods(TestMethodWorker.java:129)
	at org.testng.internal.TestMethodWorker.run(TestMethodWorker.java:112)
	at org.testng.TestRunner.privateRun(TestRunner.java:778)
	at org.testng.TestRunner.run(TestRunner.java:632)
	at org.testng.SuiteRunner.runTest(SuiteRunner.java:366)
	at org.testng.SuiteRunner.runSequentially(SuiteRunner.java:361)
	at org.testng.SuiteRunner.privateRun(SuiteRunner.java:319)
	at org.testng.SuiteRunner.run(SuiteRunner.java:268)
	at org.testng.SuiteRunnerWorker.runSuite(SuiteRunnerWorker.java:52)
	at org.testng.SuiteRunnerWorker.run(SuiteRunnerWorker.java:86)
	at org.testng.TestNG.runSuitesSequentially(TestNG.java:1225)
	at org.testng.TestNG.runSuitesLocally(TestNG.java:1150)
	at org.testng.TestNG.runSuites(TestNG.java:1075)
	at org.testng.TestNG.run(TestNG.java:1047)
	at org.testng.remote.AbstractRemoteTestNG.run(AbstractRemoteTestNG.java:126)
	at org.testng.remote.RemoteTestNG.initAndRun(RemoteTestNG.java:137)
	at org.testng.remote.RemoteTestNG.main(RemoteTestNG.java:58)
]]>
    </error>
  </testcase> <!-- VerifyProDigitCheck -->
  <testcase name="EnterTrailerInLdgNoShipments" time="3.836" classname="TestCase.LdgScreen.US200004ProNumberDigitCheck"/>
  <testcase name="VerifyProDigitCheck" time="0.295" classname="TestCase.LdgScreen.US200004ProNumberDigitCheck"/>
  <testcase name="VerifyProDigitCheck" time="0.249" classname="TestCase.LdgScreen.US200004ProNumberDigitCheck"/>
  <testcase name="VerifyProDigitCheck" time="0.331" classname="TestCase.LdgScreen.US200004ProNumberDigitCheck"/>
  <testcase name="VerifyProDigitCheck" time="0.425" classname="TestCase.LdgScreen.US200004ProNumberDigitCheck"/>
  <testcase name="VerifyProDigitCheck" time="0.302" classname="TestCase.LdgScreen.US200004ProNumberDigitCheck"/>
  <testcase name="VerifyProDigitCheck" time="0.236" classname="TestCase.LdgScreen.US200004ProNumberDigitCheck"/>
  <testcase name="VerifyProDigitCheck" time="0.251" classname="TestCase.LdgScreen.US200004ProNumberDigitCheck"/>
  <testcase name="VerifyProDigitCheck" time="0.251" classname="TestCase.LdgScreen.US200004ProNumberDigitCheck"/>
  <testcase name="VerifyProDigitCheck" time="0.295" classname="TestCase.LdgScreen.US200004ProNumberDigitCheck"/>
</testsuite> <!-- TestCase.LdgScreen.US200004ProNumberDigitCheck -->
