<?xml version="1.0" encoding="UTF-8"?>
<!-- Generated by org.testng.reporters.JUnitReportReporter -->
<testsuite hostname="N700278" name="CPUtesting.US100002InquiryScreen" tests="10" failures="3" timestamp="6 Apr 2016 20:56:13 GMT" time="650.839" errors="5">
  <testcase name="DisplayProGrid" time="297.753" classname="CPUtesting.US100002InquiryScreen">
    <failure type="java.lang.AssertionError" message="The following asserts failed:
	ARV 123170	ARV 123170: Lists differ at element [5]: [493-666639-5, 808, 644, 1, 335, 02/22, S, 644, N] != [493-666639-5, 808, 644, 1, 335, 02/22, S,, 644, N] expected [[493-666639-5, 808, 644, 1, 335, 02/22, S, 644, N]] but found [[493-666639-5, 808, 644, 1, 335, 02/22, S,, 644, N]], 
	ENR 125426	ENR 125426: Lists differ at element [4]: [496-207776-3, 847, 402, 1, 1, 02/18, S, 402, N] != [496-207776-3, 847, 402, 1, 1, 02/18, S,, 402, N] expected [[496-207776-3, 847, 402, 1, 1, 02/18, S, 402, N]] but found [[496-207776-3, 847, 402, 1, 1, 02/18, S,, 402, N]], 
	ENR 126297	ENR 126297: Lists differ at element [0]: [428-250412-3, 218, 580, 7, 1590, 02/18, S, H, 580, N] != [428-250412-3, 218, 580, 7, 1590, 02/18, S, H,, 580, N] expected [[428-250412-3, 218, 580, 7, 1590, 02/18, S, H, 580, N]] but found [[428-250412-3, 218, 580, 7, 1590, 02/18, S, H,, 580, N]], 
	ENR 128405	ENR 128405: Lists differ at element [4]: [458-529700-5, 847, 580, 2, 1640, 02/18, S, @, 580, N] != [458-529700-5, 847, 580, 2, 1640, 02/18, S,, @, 580, N] expected [[458-529700-5, 847, 580, 2, 1640, 02/18, S, @, 580, N]] but found [[458-529700-5, 847, 580, 2, 1640, 02/18, S,, @, 580, N]], 
	ENR 132144	ENR 132144: Lists differ at element [9]: [051-052593-9, 515, 414, 1, 320, 02/17, S, 402, N] != [051-052593-9, 515, 414, 1, 320, 02/17, S,, 402, N] expected [[051-052593-9, 515, 414, 1, 320, 02/17, S, 402, N]] but found [[051-052593-9, 515, 414, 1, 320, 02/17, S,, 402, N]], 
	ENR 277859	ENR 277859: Lists differ at element [7]: [497-285590-3, 465, 580, 1, 565, 02/17, E, %, 580, N] != [497-285590-3, 465, 580, 1, 565, 02/17, E,, %, 580, N] expected [[497-285590-3, 465, 580, 1, 565, 02/17, E, %, 580, N]] but found [[497-285590-3, 465, 580, 1, 565, 02/17, E,, %, 580, N]], 
	LDD 279038	LDD 279038: Lists differ at element [12]: [428-195990-8, 580, 878, 1, 1360, 02/22, S, 511, N] != [428-195990-8, 580, 878, 1, 1360, 02/22, S,, 511, N] expected [[428-195990-8, 580, 878, 1, 1360, 02/22, S, 511, N]] but found [[428-195990-8, 580, 878, 1, 1360, 02/22, S,, 511, N]], 
	LDG 128788	LDG 128788: Lists differ at element [0]: [417-518045-0, 112, 580, 10, 6295, 02/10, H, 511, Y] != [417-518045-0, 112, 580, 10, 6295, 02/10, H,, 511, Y] expected [[417-518045-0, 112, 580, 10, 6295, 02/10, H, 511, Y]] but found [[417-518045-0, 112, 580, 10, 6295, 02/10, H,, 511, Y]], 
	OFD 558304	OFD 558304: Lists differ at element [0]: [058-027163-7, 580, 580, 1, 250, 01/29, E, 580, N] != [058-027163-7, 580, 580, 1, 250, 01/29, E,, 580, N] expected [[058-027163-7, 580, 580, 1, 250, 01/29, E, 580, N]] but found [[058-027163-7, 580, 580, 1, 250, 01/29, E,, 580, N]]">
      <![CDATA[java.lang.AssertionError: The following asserts failed:
	ARV 123170	ARV 123170: Lists differ at element [5]: [493-666639-5, 808, 644, 1, 335, 02/22, S, 644, N] != [493-666639-5, 808, 644, 1, 335, 02/22, S,, 644, N] expected [[493-666639-5, 808, 644, 1, 335, 02/22, S, 644, N]] but found [[493-666639-5, 808, 644, 1, 335, 02/22, S,, 644, N]], 
	ENR 125426	ENR 125426: Lists differ at element [4]: [496-207776-3, 847, 402, 1, 1, 02/18, S, 402, N] != [496-207776-3, 847, 402, 1, 1, 02/18, S,, 402, N] expected [[496-207776-3, 847, 402, 1, 1, 02/18, S, 402, N]] but found [[496-207776-3, 847, 402, 1, 1, 02/18, S,, 402, N]], 
	ENR 126297	ENR 126297: Lists differ at element [0]: [428-250412-3, 218, 580, 7, 1590, 02/18, S, H, 580, N] != [428-250412-3, 218, 580, 7, 1590, 02/18, S, H,, 580, N] expected [[428-250412-3, 218, 580, 7, 1590, 02/18, S, H, 580, N]] but found [[428-250412-3, 218, 580, 7, 1590, 02/18, S, H,, 580, N]], 
	ENR 128405	ENR 128405: Lists differ at element [4]: [458-529700-5, 847, 580, 2, 1640, 02/18, S, @, 580, N] != [458-529700-5, 847, 580, 2, 1640, 02/18, S,, @, 580, N] expected [[458-529700-5, 847, 580, 2, 1640, 02/18, S, @, 580, N]] but found [[458-529700-5, 847, 580, 2, 1640, 02/18, S,, @, 580, N]], 
	ENR 132144	ENR 132144: Lists differ at element [9]: [051-052593-9, 515, 414, 1, 320, 02/17, S, 402, N] != [051-052593-9, 515, 414, 1, 320, 02/17, S,, 402, N] expected [[051-052593-9, 515, 414, 1, 320, 02/17, S, 402, N]] but found [[051-052593-9, 515, 414, 1, 320, 02/17, S,, 402, N]], 
	ENR 277859	ENR 277859: Lists differ at element [7]: [497-285590-3, 465, 580, 1, 565, 02/17, E, %, 580, N] != [497-285590-3, 465, 580, 1, 565, 02/17, E,, %, 580, N] expected [[497-285590-3, 465, 580, 1, 565, 02/17, E, %, 580, N]] but found [[497-285590-3, 465, 580, 1, 565, 02/17, E,, %, 580, N]], 
	LDD 279038	LDD 279038: Lists differ at element [12]: [428-195990-8, 580, 878, 1, 1360, 02/22, S, 511, N] != [428-195990-8, 580, 878, 1, 1360, 02/22, S,, 511, N] expected [[428-195990-8, 580, 878, 1, 1360, 02/22, S, 511, N]] but found [[428-195990-8, 580, 878, 1, 1360, 02/22, S,, 511, N]], 
	LDG 128788	LDG 128788: Lists differ at element [0]: [417-518045-0, 112, 580, 10, 6295, 02/10, H, 511, Y] != [417-518045-0, 112, 580, 10, 6295, 02/10, H,, 511, Y] expected [[417-518045-0, 112, 580, 10, 6295, 02/10, H, 511, Y]] but found [[417-518045-0, 112, 580, 10, 6295, 02/10, H,, 511, Y]], 
	OFD 558304	OFD 558304: Lists differ at element [0]: [058-027163-7, 580, 580, 1, 250, 01/29, E, 580, N] != [058-027163-7, 580, 580, 1, 250, 01/29, E,, 580, N] expected [[058-027163-7, 580, 580, 1, 250, 01/29, E, 580, N]] but found [[058-027163-7, 580, 580, 1, 250, 01/29, E,, 580, N]]
	at org.testng.asserts.SoftAssert.assertAll(SoftAssert.java:48)
	at CPUtesting.US100002InquiryScreen.DisplayProGrid(US100002InquiryScreen.java:209)
	at sun.reflect.NativeMethodAccessorImpl.invoke0(Native Method)
	at sun.reflect.NativeMethodAccessorImpl.invoke(Unknown Source)
	at sun.reflect.DelegatingMethodAccessorImpl.invoke(Unknown Source)
	at java.lang.reflect.Method.invoke(Unknown Source)
	at org.testng.internal.MethodInvocationHelper.invokeMethod(MethodInvocationHelper.java:85)
	at org.testng.internal.Invoker.invokeMethod(Invoker.java:639)
	at org.testng.internal.Invoker.invokeTestMethod(Invoker.java:816)
	at org.testng.internal.Invoker.invokeTestMethods(Invoker.java:1124)
	at org.testng.internal.TestMethodWorker.invokeTestMethods(TestMethodWorker.java:124)
	at org.testng.internal.TestMethodWorker.run(TestMethodWorker.java:108)
	at org.testng.TestRunner.privateRun(TestRunner.java:773)
	at org.testng.TestRunner.run(TestRunner.java:623)
	at org.testng.SuiteRunner.runTest(SuiteRunner.java:359)
	at org.testng.SuiteRunner.runSequentially(SuiteRunner.java:354)
	at org.testng.SuiteRunner.privateRun(SuiteRunner.java:312)
	at org.testng.SuiteRunner.run(SuiteRunner.java:261)
	at org.testng.SuiteRunnerWorker.runSuite(SuiteRunnerWorker.java:52)
	at org.testng.SuiteRunnerWorker.run(SuiteRunnerWorker.java:86)
	at org.testng.TestNG.runSuitesSequentially(TestNG.java:1185)
	at org.testng.TestNG.runSuitesLocally(TestNG.java:1110)
	at org.testng.TestNG.run(TestNG.java:1018)
	at org.testng.remote.RemoteTestNG.run(RemoteTestNG.java:112)
	at org.testng.remote.RemoteTestNG.initAndRun(RemoteTestNG.java:205)
	at org.testng.remote.RemoteTestNG.main(RemoteTestNG.java:176)
]]>
    </failure>
  </testcase> <!-- DisplayProGrid -->
  <testcase name="DisplayProGrid" time="21.605" classname="CPUtesting.US100002InquiryScreen"/>
  <testcase name="DisplayProGrid" time="20.655" classname="CPUtesting.US100002InquiryScreen">
    <error type="org.openqa.selenium.WebDriverException" message="chrome not reachable
  (Session info: chrome=49.0.2623.110)
  (Driver info: chromedriver=2.19.346078 (6f1f0cde889532d48ce8242342d0b84f94b114a1),platform=Windows NT 6.1 SP1 x86_64) (WARNING: The server did not provide any stacktrace information)
Command duration or timeout: 2.01 seconds
Build info: version: &#039;2.48.2&#039;, revision: &#039;41bccdd&#039;, time: &#039;2015-10-09 19:59:12&#039;
System info: host: &#039;N700278&#039;, ip: &#039;10.51.235.212&#039;, os.name: &#039;Windows 7&#039;, os.arch: &#039;amd64&#039;, os.version: &#039;6.1&#039;, java.version: &#039;1.7.0_06&#039;
*** Element info: {Using=css selector, value=input[name^=&#039;trailerInquiryVM.terminalNumber_&#039;]}
Session ID: ec28f354d9d764c9bfbeae9a04013c99
Driver info: org.openqa.selenium.chrome.ChromeDriver
Capabilities [{platform=XP, acceptSslCerts=true, javascriptEnabled=true, browserName=chrome, chrome={userDataDir=C:\Users\uyr27b0\AppData\Local\Temp\scoped_dir205468_1762}, rotatable=false, locationContextEnabled=true, mobileEmulationEnabled=false, version=49.0.2623.110, takesHeapSnapshot=true, cssSelectorsEnabled=true, databaseEnabled=false, handlesAlerts=true, browserConnectionEnabled=false, webStorageEnabled=true, nativeEvents=true, hasTouchScreen=false, applicationCacheEnabled=false, takesScreenshot=true}]">
      <![CDATA[org.openqa.selenium.WebDriverException: chrome not reachable
  (Session info: chrome=49.0.2623.110)
  (Driver info: chromedriver=2.19.346078 (6f1f0cde889532d48ce8242342d0b84f94b114a1),platform=Windows NT 6.1 SP1 x86_64) (WARNING: The server did not provide any stacktrace information)
Command duration or timeout: 2.01 seconds
Build info: version: '2.48.2', revision: '41bccdd', time: '2015-10-09 19:59:12'
System info: host: 'N700278', ip: '10.51.235.212', os.name: 'Windows 7', os.arch: 'amd64', os.version: '6.1', java.version: '1.7.0_06'
*** Element info: {Using=css selector, value=input[name^='trailerInquiryVM.terminalNumber_']}
Session ID: ec28f354d9d764c9bfbeae9a04013c99
Driver info: org.openqa.selenium.chrome.ChromeDriver
Capabilities [{platform=XP, acceptSslCerts=true, javascriptEnabled=true, browserName=chrome, chrome={userDataDir=C:\Users\uyr27b0\AppData\Local\Temp\scoped_dir205468_1762}, rotatable=false, locationContextEnabled=true, mobileEmulationEnabled=false, version=49.0.2623.110, takesHeapSnapshot=true, cssSelectorsEnabled=true, databaseEnabled=false, handlesAlerts=true, browserConnectionEnabled=false, webStorageEnabled=true, nativeEvents=true, hasTouchScreen=false, applicationCacheEnabled=false, takesScreenshot=true}]
	at sun.reflect.NativeConstructorAccessorImpl.newInstance0(Native Method)
	at sun.reflect.NativeConstructorAccessorImpl.newInstance(Unknown Source)
	at sun.reflect.DelegatingConstructorAccessorImpl.newInstance(Unknown Source)
	at java.lang.reflect.Constructor.newInstance(Unknown Source)
	at org.openqa.selenium.remote.ErrorHandler.createThrowable(ErrorHandler.java:206)
	at org.openqa.selenium.remote.ErrorHandler.throwIfResponseFailed(ErrorHandler.java:158)
	at org.openqa.selenium.remote.RemoteWebDriver.execute(RemoteWebDriver.java:647)
	at org.openqa.selenium.remote.RemoteWebDriver.findElement(RemoteWebDriver.java:353)
	at org.openqa.selenium.remote.RemoteWebDriver.findElementByCssSelector(RemoteWebDriver.java:482)
	at org.openqa.selenium.By$ByCssSelector.findElement(By.java:430)
	at org.openqa.selenium.remote.RemoteWebDriver.findElement(RemoteWebDriver.java:345)
	at org.openqa.selenium.support.pagefactory.DefaultElementLocator.findElement(DefaultElementLocator.java:69)
	at org.openqa.selenium.support.pagefactory.internal.LocatingElementHandler.invoke(LocatingElementHandler.java:38)
	at $Proxy9.clear(Unknown Source)
	at CPUtesting.US100002InquiryScreen.DisplayProGrid(US100002InquiryScreen.java:134)
	at sun.reflect.NativeMethodAccessorImpl.invoke0(Native Method)
	at sun.reflect.NativeMethodAccessorImpl.invoke(Unknown Source)
	at sun.reflect.DelegatingMethodAccessorImpl.invoke(Unknown Source)
	at java.lang.reflect.Method.invoke(Unknown Source)
	at org.testng.internal.MethodInvocationHelper.invokeMethod(MethodInvocationHelper.java:85)
	at org.testng.internal.Invoker.invokeMethod(Invoker.java:639)
	at org.testng.internal.Invoker.invokeTestMethod(Invoker.java:816)
	at org.testng.internal.Invoker.invokeTestMethods(Invoker.java:1124)
	at org.testng.internal.TestMethodWorker.invokeTestMethods(TestMethodWorker.java:124)
	at org.testng.internal.TestMethodWorker.run(TestMethodWorker.java:108)
	at org.testng.TestRunner.privateRun(TestRunner.java:773)
	at org.testng.TestRunner.run(TestRunner.java:623)
	at org.testng.SuiteRunner.runTest(SuiteRunner.java:359)
	at org.testng.SuiteRunner.runSequentially(SuiteRunner.java:354)
	at org.testng.SuiteRunner.privateRun(SuiteRunner.java:312)
	at org.testng.SuiteRunner.run(SuiteRunner.java:261)
	at org.testng.SuiteRunnerWorker.runSuite(SuiteRunnerWorker.java:52)
	at org.testng.SuiteRunnerWorker.run(SuiteRunnerWorker.java:86)
	at org.testng.TestNG.runSuitesSequentially(TestNG.java:1185)
	at org.testng.TestNG.runSuitesLocally(TestNG.java:1110)
	at org.testng.TestNG.run(TestNG.java:1018)
	at org.testng.remote.RemoteTestNG.run(RemoteTestNG.java:112)
	at org.testng.remote.RemoteTestNG.initAndRun(RemoteTestNG.java:205)
	at org.testng.remote.RemoteTestNG.main(RemoteTestNG.java:176)
]]>
    </error>
  </testcase> <!-- DisplayProGrid -->
  <testcase name="DisplayProGrid" time="19.407" classname="CPUtesting.US100002InquiryScreen">
    <error type="org.openqa.selenium.WebDriverException" message="chrome not reachable
  (Session info: chrome=49.0.2623.110)
  (Driver info: chromedriver=2.19.346078 (6f1f0cde889532d48ce8242342d0b84f94b114a1),platform=Windows NT 6.1 SP1 x86_64) (WARNING: The server did not provide any stacktrace information)
Command duration or timeout: 2.01 seconds
Build info: version: &#039;2.48.2&#039;, revision: &#039;41bccdd&#039;, time: &#039;2015-10-09 19:59:12&#039;
System info: host: &#039;N700278&#039;, ip: &#039;10.51.235.212&#039;, os.name: &#039;Windows 7&#039;, os.arch: &#039;amd64&#039;, os.version: &#039;6.1&#039;, java.version: &#039;1.7.0_06&#039;
*** Element info: {Using=css selector, value=input[name^=&#039;trailerInquiryVM.terminalNumber_&#039;]}
Session ID: ec28f354d9d764c9bfbeae9a04013c99
Driver info: org.openqa.selenium.chrome.ChromeDriver
Capabilities [{platform=XP, acceptSslCerts=true, javascriptEnabled=true, browserName=chrome, chrome={userDataDir=C:\Users\uyr27b0\AppData\Local\Temp\scoped_dir205468_1762}, rotatable=false, locationContextEnabled=true, mobileEmulationEnabled=false, version=49.0.2623.110, takesHeapSnapshot=true, cssSelectorsEnabled=true, databaseEnabled=false, handlesAlerts=true, browserConnectionEnabled=false, webStorageEnabled=true, nativeEvents=true, hasTouchScreen=false, applicationCacheEnabled=false, takesScreenshot=true}]">
      <![CDATA[org.openqa.selenium.WebDriverException: chrome not reachable
  (Session info: chrome=49.0.2623.110)
  (Driver info: chromedriver=2.19.346078 (6f1f0cde889532d48ce8242342d0b84f94b114a1),platform=Windows NT 6.1 SP1 x86_64) (WARNING: The server did not provide any stacktrace information)
Command duration or timeout: 2.01 seconds
Build info: version: '2.48.2', revision: '41bccdd', time: '2015-10-09 19:59:12'
System info: host: 'N700278', ip: '10.51.235.212', os.name: 'Windows 7', os.arch: 'amd64', os.version: '6.1', java.version: '1.7.0_06'
*** Element info: {Using=css selector, value=input[name^='trailerInquiryVM.terminalNumber_']}
Session ID: ec28f354d9d764c9bfbeae9a04013c99
Driver info: org.openqa.selenium.chrome.ChromeDriver
Capabilities [{platform=XP, acceptSslCerts=true, javascriptEnabled=true, browserName=chrome, chrome={userDataDir=C:\Users\uyr27b0\AppData\Local\Temp\scoped_dir205468_1762}, rotatable=false, locationContextEnabled=true, mobileEmulationEnabled=false, version=49.0.2623.110, takesHeapSnapshot=true, cssSelectorsEnabled=true, databaseEnabled=false, handlesAlerts=true, browserConnectionEnabled=false, webStorageEnabled=true, nativeEvents=true, hasTouchScreen=false, applicationCacheEnabled=false, takesScreenshot=true}]
	at sun.reflect.NativeConstructorAccessorImpl.newInstance0(Native Method)
	at sun.reflect.NativeConstructorAccessorImpl.newInstance(Unknown Source)
	at sun.reflect.DelegatingConstructorAccessorImpl.newInstance(Unknown Source)
	at java.lang.reflect.Constructor.newInstance(Unknown Source)
	at org.openqa.selenium.remote.ErrorHandler.createThrowable(ErrorHandler.java:206)
	at org.openqa.selenium.remote.ErrorHandler.throwIfResponseFailed(ErrorHandler.java:158)
	at org.openqa.selenium.remote.RemoteWebDriver.execute(RemoteWebDriver.java:647)
	at org.openqa.selenium.remote.RemoteWebDriver.findElement(RemoteWebDriver.java:353)
	at org.openqa.selenium.remote.RemoteWebDriver.findElementByCssSelector(RemoteWebDriver.java:482)
	at org.openqa.selenium.By$ByCssSelector.findElement(By.java:430)
	at org.openqa.selenium.remote.RemoteWebDriver.findElement(RemoteWebDriver.java:345)
	at org.openqa.selenium.support.pagefactory.DefaultElementLocator.findElement(DefaultElementLocator.java:69)
	at org.openqa.selenium.support.pagefactory.internal.LocatingElementHandler.invoke(LocatingElementHandler.java:38)
	at $Proxy9.clear(Unknown Source)
	at CPUtesting.US100002InquiryScreen.DisplayProGrid(US100002InquiryScreen.java:134)
	at sun.reflect.NativeMethodAccessorImpl.invoke0(Native Method)
	at sun.reflect.NativeMethodAccessorImpl.invoke(Unknown Source)
	at sun.reflect.DelegatingMethodAccessorImpl.invoke(Unknown Source)
	at java.lang.reflect.Method.invoke(Unknown Source)
	at org.testng.internal.MethodInvocationHelper.invokeMethod(MethodInvocationHelper.java:85)
	at org.testng.internal.Invoker.invokeMethod(Invoker.java:639)
	at org.testng.internal.Invoker.invokeTestMethod(Invoker.java:816)
	at org.testng.internal.Invoker.invokeTestMethods(Invoker.java:1124)
	at org.testng.internal.TestMethodWorker.invokeTestMethods(TestMethodWorker.java:124)
	at org.testng.internal.TestMethodWorker.run(TestMethodWorker.java:108)
	at org.testng.TestRunner.privateRun(TestRunner.java:773)
	at org.testng.TestRunner.run(TestRunner.java:623)
	at org.testng.SuiteRunner.runTest(SuiteRunner.java:359)
	at org.testng.SuiteRunner.runSequentially(SuiteRunner.java:354)
	at org.testng.SuiteRunner.privateRun(SuiteRunner.java:312)
	at org.testng.SuiteRunner.run(SuiteRunner.java:261)
	at org.testng.SuiteRunnerWorker.runSuite(SuiteRunnerWorker.java:52)
	at org.testng.SuiteRunnerWorker.run(SuiteRunnerWorker.java:86)
	at org.testng.TestNG.runSuitesSequentially(TestNG.java:1185)
	at org.testng.TestNG.runSuitesLocally(TestNG.java:1110)
	at org.testng.TestNG.run(TestNG.java:1018)
	at org.testng.remote.RemoteTestNG.run(RemoteTestNG.java:112)
	at org.testng.remote.RemoteTestNG.initAndRun(RemoteTestNG.java:205)
	at org.testng.remote.RemoteTestNG.main(RemoteTestNG.java:176)
]]>
    </error>
  </testcase> <!-- DisplayProGrid -->
  <testcase name="DisplayProGrid" time="103.848" classname="CPUtesting.US100002InquiryScreen">
    <failure type="java.lang.AssertionError" message="The following asserts failed:
	ARV 130600	ARV 130600: Lists differ at element [11]: [493-946484-0, 679, 740, 3, 659, 02/19, H, 740, N] != [493-946484-0, 679, 740, 3, 659, 02/19, H,, 740, N] expected [[493-946484-0, 679, 740, 3, 659, 02/19, H, 740, N]] but found [[493-946484-0, 679, 740, 3, 659, 02/19, H,, 740, N]], 
	ARV 200694	ARV 200694: Lists differ at element [7]: [493-946451-0, 679, 757, 2, 1204, 02/19, H, 757, N] != [493-946451-0, 679, 757, 2, 1204, 02/19, H,, 757, N] expected [[493-946451-0, 679, 757, 2, 1204, 02/19, H, 757, N]] but found [[493-946451-0, 679, 757, 2, 1204, 02/19, H,, 757, N]], 
	ARV 904030	ARV 904030: Lists differ at element [2]: [496-902353-X, 819, 740, 3, 1250, 02/19, S, 740, N] != [496-902353-X, 819, 740, 3, 1250, 02/19, S,, 740, N] expected [[496-902353-X, 819, 740, 3, 1250, 02/19, S, 740, N]] but found [[496-902353-X, 819, 740, 3, 1250, 02/19, S,, 740, N]]">
      <![CDATA[java.lang.AssertionError: The following asserts failed:
	ARV 130600	ARV 130600: Lists differ at element [11]: [493-946484-0, 679, 740, 3, 659, 02/19, H, 740, N] != [493-946484-0, 679, 740, 3, 659, 02/19, H,, 740, N] expected [[493-946484-0, 679, 740, 3, 659, 02/19, H, 740, N]] but found [[493-946484-0, 679, 740, 3, 659, 02/19, H,, 740, N]], 
	ARV 200694	ARV 200694: Lists differ at element [7]: [493-946451-0, 679, 757, 2, 1204, 02/19, H, 757, N] != [493-946451-0, 679, 757, 2, 1204, 02/19, H,, 757, N] expected [[493-946451-0, 679, 757, 2, 1204, 02/19, H, 757, N]] but found [[493-946451-0, 679, 757, 2, 1204, 02/19, H,, 757, N]], 
	ARV 904030	ARV 904030: Lists differ at element [2]: [496-902353-X, 819, 740, 3, 1250, 02/19, S, 740, N] != [496-902353-X, 819, 740, 3, 1250, 02/19, S,, 740, N] expected [[496-902353-X, 819, 740, 3, 1250, 02/19, S, 740, N]] but found [[496-902353-X, 819, 740, 3, 1250, 02/19, S,, 740, N]]
	at org.testng.asserts.SoftAssert.assertAll(SoftAssert.java:48)
	at CPUtesting.US100002InquiryScreen.DisplayProGrid(US100002InquiryScreen.java:209)
	at sun.reflect.NativeMethodAccessorImpl.invoke0(Native Method)
	at sun.reflect.NativeMethodAccessorImpl.invoke(Unknown Source)
	at sun.reflect.DelegatingMethodAccessorImpl.invoke(Unknown Source)
	at java.lang.reflect.Method.invoke(Unknown Source)
	at org.testng.internal.MethodInvocationHelper.invokeMethod(MethodInvocationHelper.java:85)
	at org.testng.internal.Invoker.invokeMethod(Invoker.java:639)
	at org.testng.internal.Invoker.invokeTestMethod(Invoker.java:816)
	at org.testng.internal.Invoker.invokeTestMethods(Invoker.java:1124)
	at org.testng.internal.TestMethodWorker.invokeTestMethods(TestMethodWorker.java:124)
	at org.testng.internal.TestMethodWorker.run(TestMethodWorker.java:108)
	at org.testng.TestRunner.privateRun(TestRunner.java:773)
	at org.testng.TestRunner.run(TestRunner.java:623)
	at org.testng.SuiteRunner.runTest(SuiteRunner.java:359)
	at org.testng.SuiteRunner.runSequentially(SuiteRunner.java:354)
	at org.testng.SuiteRunner.privateRun(SuiteRunner.java:312)
	at org.testng.SuiteRunner.run(SuiteRunner.java:261)
	at org.testng.SuiteRunnerWorker.runSuite(SuiteRunnerWorker.java:52)
	at org.testng.SuiteRunnerWorker.run(SuiteRunnerWorker.java:86)
	at org.testng.TestNG.runSuitesSequentially(TestNG.java:1185)
	at org.testng.TestNG.runSuitesLocally(TestNG.java:1110)
	at org.testng.TestNG.run(TestNG.java:1018)
	at org.testng.remote.RemoteTestNG.run(RemoteTestNG.java:112)
	at org.testng.remote.RemoteTestNG.initAndRun(RemoteTestNG.java:205)
	at org.testng.remote.RemoteTestNG.main(RemoteTestNG.java:176)
]]>
    </failure>
  </testcase> <!-- DisplayProGrid -->
  <testcase name="DisplayProGrid" time="21.776" classname="CPUtesting.US100002InquiryScreen"/>
  <testcase name="DisplayProGrid" time="19.111" classname="CPUtesting.US100002InquiryScreen">
    <error type="org.openqa.selenium.WebDriverException" message="chrome not reachable
  (Session info: chrome=49.0.2623.110)
  (Driver info: chromedriver=2.19.346078 (6f1f0cde889532d48ce8242342d0b84f94b114a1),platform=Windows NT 6.1 SP1 x86_64) (WARNING: The server did not provide any stacktrace information)
Command duration or timeout: 2.01 seconds
Build info: version: &#039;2.48.2&#039;, revision: &#039;41bccdd&#039;, time: &#039;2015-10-09 19:59:12&#039;
System info: host: &#039;N700278&#039;, ip: &#039;10.51.235.212&#039;, os.name: &#039;Windows 7&#039;, os.arch: &#039;amd64&#039;, os.version: &#039;6.1&#039;, java.version: &#039;1.7.0_06&#039;
*** Element info: {Using=css selector, value=input[name^=&#039;trailerInquiryVM.terminalNumber_&#039;]}
Session ID: ec28f354d9d764c9bfbeae9a04013c99
Driver info: org.openqa.selenium.chrome.ChromeDriver
Capabilities [{platform=XP, acceptSslCerts=true, javascriptEnabled=true, browserName=chrome, chrome={userDataDir=C:\Users\uyr27b0\AppData\Local\Temp\scoped_dir205468_1762}, rotatable=false, locationContextEnabled=true, mobileEmulationEnabled=false, version=49.0.2623.110, takesHeapSnapshot=true, cssSelectorsEnabled=true, databaseEnabled=false, handlesAlerts=true, browserConnectionEnabled=false, webStorageEnabled=true, nativeEvents=true, hasTouchScreen=false, applicationCacheEnabled=false, takesScreenshot=true}]">
      <![CDATA[org.openqa.selenium.WebDriverException: chrome not reachable
  (Session info: chrome=49.0.2623.110)
  (Driver info: chromedriver=2.19.346078 (6f1f0cde889532d48ce8242342d0b84f94b114a1),platform=Windows NT 6.1 SP1 x86_64) (WARNING: The server did not provide any stacktrace information)
Command duration or timeout: 2.01 seconds
Build info: version: '2.48.2', revision: '41bccdd', time: '2015-10-09 19:59:12'
System info: host: 'N700278', ip: '10.51.235.212', os.name: 'Windows 7', os.arch: 'amd64', os.version: '6.1', java.version: '1.7.0_06'
*** Element info: {Using=css selector, value=input[name^='trailerInquiryVM.terminalNumber_']}
Session ID: ec28f354d9d764c9bfbeae9a04013c99
Driver info: org.openqa.selenium.chrome.ChromeDriver
Capabilities [{platform=XP, acceptSslCerts=true, javascriptEnabled=true, browserName=chrome, chrome={userDataDir=C:\Users\uyr27b0\AppData\Local\Temp\scoped_dir205468_1762}, rotatable=false, locationContextEnabled=true, mobileEmulationEnabled=false, version=49.0.2623.110, takesHeapSnapshot=true, cssSelectorsEnabled=true, databaseEnabled=false, handlesAlerts=true, browserConnectionEnabled=false, webStorageEnabled=true, nativeEvents=true, hasTouchScreen=false, applicationCacheEnabled=false, takesScreenshot=true}]
	at sun.reflect.NativeConstructorAccessorImpl.newInstance0(Native Method)
	at sun.reflect.NativeConstructorAccessorImpl.newInstance(Unknown Source)
	at sun.reflect.DelegatingConstructorAccessorImpl.newInstance(Unknown Source)
	at java.lang.reflect.Constructor.newInstance(Unknown Source)
	at org.openqa.selenium.remote.ErrorHandler.createThrowable(ErrorHandler.java:206)
	at org.openqa.selenium.remote.ErrorHandler.throwIfResponseFailed(ErrorHandler.java:158)
	at org.openqa.selenium.remote.RemoteWebDriver.execute(RemoteWebDriver.java:647)
	at org.openqa.selenium.remote.RemoteWebDriver.findElement(RemoteWebDriver.java:353)
	at org.openqa.selenium.remote.RemoteWebDriver.findElementByCssSelector(RemoteWebDriver.java:482)
	at org.openqa.selenium.By$ByCssSelector.findElement(By.java:430)
	at org.openqa.selenium.remote.RemoteWebDriver.findElement(RemoteWebDriver.java:345)
	at org.openqa.selenium.support.pagefactory.DefaultElementLocator.findElement(DefaultElementLocator.java:69)
	at org.openqa.selenium.support.pagefactory.internal.LocatingElementHandler.invoke(LocatingElementHandler.java:38)
	at $Proxy9.clear(Unknown Source)
	at CPUtesting.US100002InquiryScreen.DisplayProGrid(US100002InquiryScreen.java:134)
	at sun.reflect.NativeMethodAccessorImpl.invoke0(Native Method)
	at sun.reflect.NativeMethodAccessorImpl.invoke(Unknown Source)
	at sun.reflect.DelegatingMethodAccessorImpl.invoke(Unknown Source)
	at java.lang.reflect.Method.invoke(Unknown Source)
	at org.testng.internal.MethodInvocationHelper.invokeMethod(MethodInvocationHelper.java:85)
	at org.testng.internal.Invoker.invokeMethod(Invoker.java:639)
	at org.testng.internal.Invoker.invokeTestMethod(Invoker.java:816)
	at org.testng.internal.Invoker.invokeTestMethods(Invoker.java:1124)
	at org.testng.internal.TestMethodWorker.invokeTestMethods(TestMethodWorker.java:124)
	at org.testng.internal.TestMethodWorker.run(TestMethodWorker.java:108)
	at org.testng.TestRunner.privateRun(TestRunner.java:773)
	at org.testng.TestRunner.run(TestRunner.java:623)
	at org.testng.SuiteRunner.runTest(SuiteRunner.java:359)
	at org.testng.SuiteRunner.runSequentially(SuiteRunner.java:354)
	at org.testng.SuiteRunner.privateRun(SuiteRunner.java:312)
	at org.testng.SuiteRunner.run(SuiteRunner.java:261)
	at org.testng.SuiteRunnerWorker.runSuite(SuiteRunnerWorker.java:52)
	at org.testng.SuiteRunnerWorker.run(SuiteRunnerWorker.java:86)
	at org.testng.TestNG.runSuitesSequentially(TestNG.java:1185)
	at org.testng.TestNG.runSuitesLocally(TestNG.java:1110)
	at org.testng.TestNG.run(TestNG.java:1018)
	at org.testng.remote.RemoteTestNG.run(RemoteTestNG.java:112)
	at org.testng.remote.RemoteTestNG.initAndRun(RemoteTestNG.java:205)
	at org.testng.remote.RemoteTestNG.main(RemoteTestNG.java:176)
]]>
    </error>
  </testcase> <!-- DisplayProGrid -->
  <testcase name="DisplayProGrid" time="107.232" classname="CPUtesting.US100002InquiryScreen">
    <failure type="java.lang.AssertionError" message="The following asserts failed:
	CL 431181	CL 431181: Lists differ at element [3]: [495-236533-0, 135, 250, 3, 1182, 02/11, H, @, 250, N] != [495-236533-0, 135, 250, 3, 1182, 02/11, H,, @, 250, N] expected [[495-236533-0, 135, 250, 3, 1182, 02/11, H, @, 250, N]] but found [[495-236533-0, 135, 250, 3, 1182, 02/11, H,, @, 250, N]]">
      <![CDATA[java.lang.AssertionError: The following asserts failed:
	CL 431181	CL 431181: Lists differ at element [3]: [495-236533-0, 135, 250, 3, 1182, 02/11, H, @, 250, N] != [495-236533-0, 135, 250, 3, 1182, 02/11, H,, @, 250, N] expected [[495-236533-0, 135, 250, 3, 1182, 02/11, H, @, 250, N]] but found [[495-236533-0, 135, 250, 3, 1182, 02/11, H,, @, 250, N]]
	at org.testng.asserts.SoftAssert.assertAll(SoftAssert.java:48)
	at CPUtesting.US100002InquiryScreen.DisplayProGrid(US100002InquiryScreen.java:209)
	at sun.reflect.NativeMethodAccessorImpl.invoke0(Native Method)
	at sun.reflect.NativeMethodAccessorImpl.invoke(Unknown Source)
	at sun.reflect.DelegatingMethodAccessorImpl.invoke(Unknown Source)
	at java.lang.reflect.Method.invoke(Unknown Source)
	at org.testng.internal.MethodInvocationHelper.invokeMethod(MethodInvocationHelper.java:85)
	at org.testng.internal.Invoker.invokeMethod(Invoker.java:639)
	at org.testng.internal.Invoker.invokeTestMethod(Invoker.java:816)
	at org.testng.internal.Invoker.invokeTestMethods(Invoker.java:1124)
	at org.testng.internal.TestMethodWorker.invokeTestMethods(TestMethodWorker.java:124)
	at org.testng.internal.TestMethodWorker.run(TestMethodWorker.java:108)
	at org.testng.TestRunner.privateRun(TestRunner.java:773)
	at org.testng.TestRunner.run(TestRunner.java:623)
	at org.testng.SuiteRunner.runTest(SuiteRunner.java:359)
	at org.testng.SuiteRunner.runSequentially(SuiteRunner.java:354)
	at org.testng.SuiteRunner.privateRun(SuiteRunner.java:312)
	at org.testng.SuiteRunner.run(SuiteRunner.java:261)
	at org.testng.SuiteRunnerWorker.runSuite(SuiteRunnerWorker.java:52)
	at org.testng.SuiteRunnerWorker.run(SuiteRunnerWorker.java:86)
	at org.testng.TestNG.runSuitesSequentially(TestNG.java:1185)
	at org.testng.TestNG.runSuitesLocally(TestNG.java:1110)
	at org.testng.TestNG.run(TestNG.java:1018)
	at org.testng.remote.RemoteTestNG.run(RemoteTestNG.java:112)
	at org.testng.remote.RemoteTestNG.initAndRun(RemoteTestNG.java:205)
	at org.testng.remote.RemoteTestNG.main(RemoteTestNG.java:176)
]]>
    </failure>
  </testcase> <!-- DisplayProGrid -->
  <testcase name="DisplayProGrid" time="19.990" classname="CPUtesting.US100002InquiryScreen">
    <error type="org.openqa.selenium.WebDriverException" message="chrome not reachable
  (Session info: chrome=49.0.2623.110)
  (Driver info: chromedriver=2.19.346078 (6f1f0cde889532d48ce8242342d0b84f94b114a1),platform=Windows NT 6.1 SP1 x86_64) (WARNING: The server did not provide any stacktrace information)
Command duration or timeout: 2.01 seconds
Build info: version: &#039;2.48.2&#039;, revision: &#039;41bccdd&#039;, time: &#039;2015-10-09 19:59:12&#039;
System info: host: &#039;N700278&#039;, ip: &#039;10.51.235.212&#039;, os.name: &#039;Windows 7&#039;, os.arch: &#039;amd64&#039;, os.version: &#039;6.1&#039;, java.version: &#039;1.7.0_06&#039;
*** Element info: {Using=css selector, value=input[name^=&#039;trailerInquiryVM.terminalNumber_&#039;]}
Session ID: ec28f354d9d764c9bfbeae9a04013c99
Driver info: org.openqa.selenium.chrome.ChromeDriver
Capabilities [{platform=XP, acceptSslCerts=true, javascriptEnabled=true, browserName=chrome, chrome={userDataDir=C:\Users\uyr27b0\AppData\Local\Temp\scoped_dir205468_1762}, rotatable=false, locationContextEnabled=true, mobileEmulationEnabled=false, version=49.0.2623.110, takesHeapSnapshot=true, cssSelectorsEnabled=true, databaseEnabled=false, handlesAlerts=true, browserConnectionEnabled=false, webStorageEnabled=true, nativeEvents=true, hasTouchScreen=false, applicationCacheEnabled=false, takesScreenshot=true}]">
      <![CDATA[org.openqa.selenium.WebDriverException: chrome not reachable
  (Session info: chrome=49.0.2623.110)
  (Driver info: chromedriver=2.19.346078 (6f1f0cde889532d48ce8242342d0b84f94b114a1),platform=Windows NT 6.1 SP1 x86_64) (WARNING: The server did not provide any stacktrace information)
Command duration or timeout: 2.01 seconds
Build info: version: '2.48.2', revision: '41bccdd', time: '2015-10-09 19:59:12'
System info: host: 'N700278', ip: '10.51.235.212', os.name: 'Windows 7', os.arch: 'amd64', os.version: '6.1', java.version: '1.7.0_06'
*** Element info: {Using=css selector, value=input[name^='trailerInquiryVM.terminalNumber_']}
Session ID: ec28f354d9d764c9bfbeae9a04013c99
Driver info: org.openqa.selenium.chrome.ChromeDriver
Capabilities [{platform=XP, acceptSslCerts=true, javascriptEnabled=true, browserName=chrome, chrome={userDataDir=C:\Users\uyr27b0\AppData\Local\Temp\scoped_dir205468_1762}, rotatable=false, locationContextEnabled=true, mobileEmulationEnabled=false, version=49.0.2623.110, takesHeapSnapshot=true, cssSelectorsEnabled=true, databaseEnabled=false, handlesAlerts=true, browserConnectionEnabled=false, webStorageEnabled=true, nativeEvents=true, hasTouchScreen=false, applicationCacheEnabled=false, takesScreenshot=true}]
	at sun.reflect.NativeConstructorAccessorImpl.newInstance0(Native Method)
	at sun.reflect.NativeConstructorAccessorImpl.newInstance(Unknown Source)
	at sun.reflect.DelegatingConstructorAccessorImpl.newInstance(Unknown Source)
	at java.lang.reflect.Constructor.newInstance(Unknown Source)
	at org.openqa.selenium.remote.ErrorHandler.createThrowable(ErrorHandler.java:206)
	at org.openqa.selenium.remote.ErrorHandler.throwIfResponseFailed(ErrorHandler.java:158)
	at org.openqa.selenium.remote.RemoteWebDriver.execute(RemoteWebDriver.java:647)
	at org.openqa.selenium.remote.RemoteWebDriver.findElement(RemoteWebDriver.java:353)
	at org.openqa.selenium.remote.RemoteWebDriver.findElementByCssSelector(RemoteWebDriver.java:482)
	at org.openqa.selenium.By$ByCssSelector.findElement(By.java:430)
	at org.openqa.selenium.remote.RemoteWebDriver.findElement(RemoteWebDriver.java:345)
	at org.openqa.selenium.support.pagefactory.DefaultElementLocator.findElement(DefaultElementLocator.java:69)
	at org.openqa.selenium.support.pagefactory.internal.LocatingElementHandler.invoke(LocatingElementHandler.java:38)
	at $Proxy9.clear(Unknown Source)
	at CPUtesting.US100002InquiryScreen.DisplayProGrid(US100002InquiryScreen.java:134)
	at sun.reflect.NativeMethodAccessorImpl.invoke0(Native Method)
	at sun.reflect.NativeMethodAccessorImpl.invoke(Unknown Source)
	at sun.reflect.DelegatingMethodAccessorImpl.invoke(Unknown Source)
	at java.lang.reflect.Method.invoke(Unknown Source)
	at org.testng.internal.MethodInvocationHelper.invokeMethod(MethodInvocationHelper.java:85)
	at org.testng.internal.Invoker.invokeMethod(Invoker.java:639)
	at org.testng.internal.Invoker.invokeTestMethod(Invoker.java:816)
	at org.testng.internal.Invoker.invokeTestMethods(Invoker.java:1124)
	at org.testng.internal.TestMethodWorker.invokeTestMethods(TestMethodWorker.java:124)
	at org.testng.internal.TestMethodWorker.run(TestMethodWorker.java:108)
	at org.testng.TestRunner.privateRun(TestRunner.java:773)
	at org.testng.TestRunner.run(TestRunner.java:623)
	at org.testng.SuiteRunner.runTest(SuiteRunner.java:359)
	at org.testng.SuiteRunner.runSequentially(SuiteRunner.java:354)
	at org.testng.SuiteRunner.privateRun(SuiteRunner.java:312)
	at org.testng.SuiteRunner.run(SuiteRunner.java:261)
	at org.testng.SuiteRunnerWorker.runSuite(SuiteRunnerWorker.java:52)
	at org.testng.SuiteRunnerWorker.run(SuiteRunnerWorker.java:86)
	at org.testng.TestNG.runSuitesSequentially(TestNG.java:1185)
	at org.testng.TestNG.runSuitesLocally(TestNG.java:1110)
	at org.testng.TestNG.run(TestNG.java:1018)
	at org.testng.remote.RemoteTestNG.run(RemoteTestNG.java:112)
	at org.testng.remote.RemoteTestNG.initAndRun(RemoteTestNG.java:205)
	at org.testng.remote.RemoteTestNG.main(RemoteTestNG.java:176)
]]>
    </error>
  </testcase> <!-- DisplayProGrid -->
  <testcase name="DisplayProGrid" time="19.462" classname="CPUtesting.US100002InquiryScreen">
    <error type="org.openqa.selenium.WebDriverException" message="chrome not reachable
  (Session info: chrome=49.0.2623.110)
  (Driver info: chromedriver=2.19.346078 (6f1f0cde889532d48ce8242342d0b84f94b114a1),platform=Windows NT 6.1 SP1 x86_64) (WARNING: The server did not provide any stacktrace information)
Command duration or timeout: 2.02 seconds
Build info: version: &#039;2.48.2&#039;, revision: &#039;41bccdd&#039;, time: &#039;2015-10-09 19:59:12&#039;
System info: host: &#039;N700278&#039;, ip: &#039;10.51.235.212&#039;, os.name: &#039;Windows 7&#039;, os.arch: &#039;amd64&#039;, os.version: &#039;6.1&#039;, java.version: &#039;1.7.0_06&#039;
*** Element info: {Using=css selector, value=input[name^=&#039;trailerInquiryVM.terminalNumber_&#039;]}
Session ID: ec28f354d9d764c9bfbeae9a04013c99
Driver info: org.openqa.selenium.chrome.ChromeDriver
Capabilities [{platform=XP, acceptSslCerts=true, javascriptEnabled=true, browserName=chrome, chrome={userDataDir=C:\Users\uyr27b0\AppData\Local\Temp\scoped_dir205468_1762}, rotatable=false, locationContextEnabled=true, mobileEmulationEnabled=false, version=49.0.2623.110, takesHeapSnapshot=true, cssSelectorsEnabled=true, databaseEnabled=false, handlesAlerts=true, browserConnectionEnabled=false, webStorageEnabled=true, nativeEvents=true, hasTouchScreen=false, applicationCacheEnabled=false, takesScreenshot=true}]">
      <![CDATA[org.openqa.selenium.WebDriverException: chrome not reachable
  (Session info: chrome=49.0.2623.110)
  (Driver info: chromedriver=2.19.346078 (6f1f0cde889532d48ce8242342d0b84f94b114a1),platform=Windows NT 6.1 SP1 x86_64) (WARNING: The server did not provide any stacktrace information)
Command duration or timeout: 2.02 seconds
Build info: version: '2.48.2', revision: '41bccdd', time: '2015-10-09 19:59:12'
System info: host: 'N700278', ip: '10.51.235.212', os.name: 'Windows 7', os.arch: 'amd64', os.version: '6.1', java.version: '1.7.0_06'
*** Element info: {Using=css selector, value=input[name^='trailerInquiryVM.terminalNumber_']}
Session ID: ec28f354d9d764c9bfbeae9a04013c99
Driver info: org.openqa.selenium.chrome.ChromeDriver
Capabilities [{platform=XP, acceptSslCerts=true, javascriptEnabled=true, browserName=chrome, chrome={userDataDir=C:\Users\uyr27b0\AppData\Local\Temp\scoped_dir205468_1762}, rotatable=false, locationContextEnabled=true, mobileEmulationEnabled=false, version=49.0.2623.110, takesHeapSnapshot=true, cssSelectorsEnabled=true, databaseEnabled=false, handlesAlerts=true, browserConnectionEnabled=false, webStorageEnabled=true, nativeEvents=true, hasTouchScreen=false, applicationCacheEnabled=false, takesScreenshot=true}]
	at sun.reflect.NativeConstructorAccessorImpl.newInstance0(Native Method)
	at sun.reflect.NativeConstructorAccessorImpl.newInstance(Unknown Source)
	at sun.reflect.DelegatingConstructorAccessorImpl.newInstance(Unknown Source)
	at java.lang.reflect.Constructor.newInstance(Unknown Source)
	at org.openqa.selenium.remote.ErrorHandler.createThrowable(ErrorHandler.java:206)
	at org.openqa.selenium.remote.ErrorHandler.throwIfResponseFailed(ErrorHandler.java:158)
	at org.openqa.selenium.remote.RemoteWebDriver.execute(RemoteWebDriver.java:647)
	at org.openqa.selenium.remote.RemoteWebDriver.findElement(RemoteWebDriver.java:353)
	at org.openqa.selenium.remote.RemoteWebDriver.findElementByCssSelector(RemoteWebDriver.java:482)
	at org.openqa.selenium.By$ByCssSelector.findElement(By.java:430)
	at org.openqa.selenium.remote.RemoteWebDriver.findElement(RemoteWebDriver.java:345)
	at org.openqa.selenium.support.pagefactory.DefaultElementLocator.findElement(DefaultElementLocator.java:69)
	at org.openqa.selenium.support.pagefactory.internal.LocatingElementHandler.invoke(LocatingElementHandler.java:38)
	at $Proxy9.clear(Unknown Source)
	at CPUtesting.US100002InquiryScreen.DisplayProGrid(US100002InquiryScreen.java:134)
	at sun.reflect.NativeMethodAccessorImpl.invoke0(Native Method)
	at sun.reflect.NativeMethodAccessorImpl.invoke(Unknown Source)
	at sun.reflect.DelegatingMethodAccessorImpl.invoke(Unknown Source)
	at java.lang.reflect.Method.invoke(Unknown Source)
	at org.testng.internal.MethodInvocationHelper.invokeMethod(MethodInvocationHelper.java:85)
	at org.testng.internal.Invoker.invokeMethod(Invoker.java:639)
	at org.testng.internal.Invoker.invokeTestMethod(Invoker.java:816)
	at org.testng.internal.Invoker.invokeTestMethods(Invoker.java:1124)
	at org.testng.internal.TestMethodWorker.invokeTestMethods(TestMethodWorker.java:124)
	at org.testng.internal.TestMethodWorker.run(TestMethodWorker.java:108)
	at org.testng.TestRunner.privateRun(TestRunner.java:773)
	at org.testng.TestRunner.run(TestRunner.java:623)
	at org.testng.SuiteRunner.runTest(SuiteRunner.java:359)
	at org.testng.SuiteRunner.runSequentially(SuiteRunner.java:354)
	at org.testng.SuiteRunner.privateRun(SuiteRunner.java:312)
	at org.testng.SuiteRunner.run(SuiteRunner.java:261)
	at org.testng.SuiteRunnerWorker.runSuite(SuiteRunnerWorker.java:52)
	at org.testng.SuiteRunnerWorker.run(SuiteRunnerWorker.java:86)
	at org.testng.TestNG.runSuitesSequentially(TestNG.java:1185)
	at org.testng.TestNG.runSuitesLocally(TestNG.java:1110)
	at org.testng.TestNG.run(TestNG.java:1018)
	at org.testng.remote.RemoteTestNG.run(RemoteTestNG.java:112)
	at org.testng.remote.RemoteTestNG.initAndRun(RemoteTestNG.java:205)
	at org.testng.remote.RemoteTestNG.main(RemoteTestNG.java:176)
]]>
    </error>
  </testcase> <!-- DisplayProGrid -->
</testsuite> <!-- CPUtesting.US100002InquiryScreen -->
