<?xml version="1.0" encoding="UTF-8"?>
<!-- Generated by org.testng.reporters.JUnitReportReporter -->
<testsuite hostname="N700278" name="Test.US1204And1217ShipmentDetailsOnLDD" tests="307" failures="5" timestamp="27 Sep 2015 09:42:28 GMT" time="464.931" errors="3">
  <testcase name="VerifyShipmentDetailsOnLDD" time="4.590" classname="Test.US1204And1217ShipmentDetailsOnLDD"/>
  <testcase name="VerifyShipmentDetailsOnLDD" time="3.338" classname="Test.US1204And1217ShipmentDetailsOnLDD"/>
  <testcase name="VerifyShipmentDetailsOnLDD" time="1.171" classname="Test.US1204And1217ShipmentDetailsOnLDD"/>
  <testcase name="VerifyShipmentDetailsOnLDD" time="1.047" classname="Test.US1204And1217ShipmentDetailsOnLDD"/>
  <testcase name="VerifyShipmentDetailsOnLDD" time="1.048" classname="Test.US1204And1217ShipmentDetailsOnLDD"/>
  <testcase name="VerifyShipmentDetailsOnLDD" time="1.092" classname="Test.US1204And1217ShipmentDetailsOnLDD"/>
  <testcase name="VerifyShipmentDetailsOnLDD" time="1.105" classname="Test.US1204And1217ShipmentDetailsOnLDD"/>
  <testcase name="VerifyShipmentDetailsOnLDD" time="1.051" classname="Test.US1204And1217ShipmentDetailsOnLDD"/>
  <testcase name="VerifyShipmentDetailsOnLDD" time="1.092" classname="Test.US1204And1217ShipmentDetailsOnLDD"/>
  <testcase name="VerifyShipmentDetailsOnLDD" time="1.125" classname="Test.US1204And1217ShipmentDetailsOnLDD"/>
  <testcase name="VerifyShipmentDetailsOnLDD" time="3.349" classname="Test.US1204And1217ShipmentDetailsOnLDD"/>
  <testcase name="VerifyShipmentDetailsOnLDD" time="3.421" classname="Test.US1204And1217ShipmentDetailsOnLDD"/>
  <testcase name="VerifyShipmentDetailsOnLDD" time="1.005" classname="Test.US1204And1217ShipmentDetailsOnLDD"/>
  <testcase name="VerifyShipmentDetailsOnLDD" time="1.065" classname="Test.US1204And1217ShipmentDetailsOnLDD"/>
  <testcase name="VerifyShipmentDetailsOnLDD" time="1.089" classname="Test.US1204And1217ShipmentDetailsOnLDD"/>
  <testcase name="VerifyShipmentDetailsOnLDD" time="1.033" classname="Test.US1204And1217ShipmentDetailsOnLDD"/>
  <testcase name="VerifyShipmentDetailsOnLDD" time="1.055" classname="Test.US1204And1217ShipmentDetailsOnLDD"/>
  <testcase name="VerifyShipmentDetailsOnLDD" time="1.073" classname="Test.US1204And1217ShipmentDetailsOnLDD"/>
  <testcase name="VerifyShipmentDetailsOnLDD" time="1.144" classname="Test.US1204And1217ShipmentDetailsOnLDD"/>
  <testcase name="VerifyShipmentDetailsOnLDD" time="1.101" classname="Test.US1204And1217ShipmentDetailsOnLDD"/>
  <testcase name="VerifyShipmentDetailsOnLDD" time="1.235" classname="Test.US1204And1217ShipmentDetailsOnLDD"/>
  <testcase name="VerifyShipmentDetailsOnLDD" time="1.085" classname="Test.US1204And1217ShipmentDetailsOnLDD"/>
  <testcase name="VerifyShipmentDetailsOnLDD" time="2.671" classname="Test.US1204And1217ShipmentDetailsOnLDD"/>
  <testcase name="VerifyShipmentDetailsOnLDD" time="1.011" classname="Test.US1204And1217ShipmentDetailsOnLDD"/>
  <testcase name="VerifyShipmentDetailsOnLDD" time="1.084" classname="Test.US1204And1217ShipmentDetailsOnLDD"/>
  <testcase name="VerifyShipmentDetailsOnLDD" time="2.072" classname="Test.US1204And1217ShipmentDetailsOnLDD"/>
  <testcase name="VerifyShipmentDetailsOnLDD" time="1.092" classname="Test.US1204And1217ShipmentDetailsOnLDD"/>
  <testcase name="VerifyShipmentDetailsOnLDD" time="1.048" classname="Test.US1204And1217ShipmentDetailsOnLDD"/>
  <testcase name="VerifyShipmentDetailsOnLDD" time="1.093" classname="Test.US1204And1217ShipmentDetailsOnLDD"/>
  <testcase name="VerifyShipmentDetailsOnLDD" time="1.097" classname="Test.US1204And1217ShipmentDetailsOnLDD"/>
  <testcase name="VerifyShipmentDetailsOnLDD" time="1.093" classname="Test.US1204And1217ShipmentDetailsOnLDD"/>
  <testcase name="VerifyShipmentDetailsOnLDD" time="1.045" classname="Test.US1204And1217ShipmentDetailsOnLDD"/>
  <testcase name="VerifyShipmentDetailsOnLDD" time="3.511" classname="Test.US1204And1217ShipmentDetailsOnLDD"/>
  <testcase name="VerifyShipmentDetailsOnLDD" time="1.252" classname="Test.US1204And1217ShipmentDetailsOnLDD"/>
  <testcase name="VerifyShipmentDetailsOnLDD" time="1.066" classname="Test.US1204And1217ShipmentDetailsOnLDD"/>
  <testcase name="VerifyShipmentDetailsOnLDD" time="1.123" classname="Test.US1204And1217ShipmentDetailsOnLDD"/>
  <testcase name="VerifyShipmentDetailsOnLDD" time="1.030" classname="Test.US1204And1217ShipmentDetailsOnLDD"/>
  <testcase name="VerifyShipmentDetailsOnLDD" time="1.273" classname="Test.US1204And1217ShipmentDetailsOnLDD"/>
  <testcase name="VerifyShipmentDetailsOnLDD" time="1.006" classname="Test.US1204And1217ShipmentDetailsOnLDD"/>
  <testcase name="VerifyShipmentDetailsOnLDD" time="1.062" classname="Test.US1204And1217ShipmentDetailsOnLDD"/>
  <testcase name="VerifyShipmentDetailsOnLDD" time="1.094" classname="Test.US1204And1217ShipmentDetailsOnLDD"/>
  <testcase name="VerifyShipmentDetailsOnLDD" time="3.593" classname="Test.US1204And1217ShipmentDetailsOnLDD"/>
  <testcase name="VerifyShipmentDetailsOnLDD" time="1.062" classname="Test.US1204And1217ShipmentDetailsOnLDD"/>
  <testcase name="VerifyShipmentDetailsOnLDD" time="1.022" classname="Test.US1204And1217ShipmentDetailsOnLDD"/>
  <testcase name="VerifyShipmentDetailsOnLDD" time="1.056" classname="Test.US1204And1217ShipmentDetailsOnLDD"/>
  <testcase name="VerifyShipmentDetailsOnLDD" time="1.073" classname="Test.US1204And1217ShipmentDetailsOnLDD"/>
  <testcase name="VerifyShipmentDetailsOnLDD" time="3.447" classname="Test.US1204And1217ShipmentDetailsOnLDD"/>
  <testcase name="VerifyShipmentDetailsOnLDD" time="1.113" classname="Test.US1204And1217ShipmentDetailsOnLDD"/>
  <testcase name="VerifyShipmentDetailsOnLDD" time="1.047" classname="Test.US1204And1217ShipmentDetailsOnLDD"/>
  <testcase name="VerifyShipmentDetailsOnLDD" time="1.059" classname="Test.US1204And1217ShipmentDetailsOnLDD"/>
  <testcase name="VerifyShipmentDetailsOnLDD" time="3.505" classname="Test.US1204And1217ShipmentDetailsOnLDD"/>
  <testcase name="VerifyShipmentDetailsOnLDD" time="1.099" classname="Test.US1204And1217ShipmentDetailsOnLDD"/>
  <testcase name="VerifyShipmentDetailsOnLDD" time="1.098" classname="Test.US1204And1217ShipmentDetailsOnLDD"/>
  <testcase name="VerifyShipmentDetailsOnLDD" time="1.632" classname="Test.US1204And1217ShipmentDetailsOnLDD"/>
  <testcase name="VerifyShipmentDetailsOnLDD" time="1.127" classname="Test.US1204And1217ShipmentDetailsOnLDD"/>
  <testcase name="VerifyShipmentDetailsOnLDD" time="1.064" classname="Test.US1204And1217ShipmentDetailsOnLDD"/>
  <testcase name="VerifyShipmentDetailsOnLDD" time="1.081" classname="Test.US1204And1217ShipmentDetailsOnLDD"/>
  <testcase name="VerifyShipmentDetailsOnLDD" time="3.454" classname="Test.US1204And1217ShipmentDetailsOnLDD"/>
  <testcase name="VerifyShipmentDetailsOnLDD" time="1.070" classname="Test.US1204And1217ShipmentDetailsOnLDD"/>
  <testcase name="VerifyShipmentDetailsOnLDD" time="1.227" classname="Test.US1204And1217ShipmentDetailsOnLDD"/>
  <testcase name="VerifyShipmentDetailsOnLDD" time="1.055" classname="Test.US1204And1217ShipmentDetailsOnLDD"/>
  <testcase name="VerifyShipmentDetailsOnLDD" time="1.003" classname="Test.US1204And1217ShipmentDetailsOnLDD"/>
  <testcase name="VerifyShipmentDetailsOnLDD" time="1.183" classname="Test.US1204And1217ShipmentDetailsOnLDD"/>
  <testcase name="VerifyShipmentDetailsOnLDD" time="3.445" classname="Test.US1204And1217ShipmentDetailsOnLDD"/>
  <testcase name="VerifyShipmentDetailsOnLDD" time="1.055" classname="Test.US1204And1217ShipmentDetailsOnLDD"/>
  <testcase name="VerifyShipmentDetailsOnLDD" time="1.220" classname="Test.US1204And1217ShipmentDetailsOnLDD"/>
  <testcase name="VerifyShipmentDetailsOnLDD" time="1.065" classname="Test.US1204And1217ShipmentDetailsOnLDD"/>
  <testcase name="VerifyShipmentDetailsOnLDD" time="1.087" classname="Test.US1204And1217ShipmentDetailsOnLDD"/>
  <testcase name="VerifyShipmentDetailsOnLDD" time="1.185" classname="Test.US1204And1217ShipmentDetailsOnLDD"/>
  <testcase name="VerifyShipmentDetailsOnLDD" time="1.009" classname="Test.US1204And1217ShipmentDetailsOnLDD"/>
  <testcase name="VerifyShipmentDetailsOnLDD" time="4.190" classname="Test.US1204And1217ShipmentDetailsOnLDD"/>
  <testcase name="VerifyShipmentDetailsOnLDD" time="1.048" classname="Test.US1204And1217ShipmentDetailsOnLDD"/>
  <testcase name="VerifyShipmentDetailsOnLDD" time="2.927" classname="Test.US1204And1217ShipmentDetailsOnLDD"/>
  <testcase name="VerifyShipmentDetailsOnLDD" time="2.026" classname="Test.US1204And1217ShipmentDetailsOnLDD"/>
  <testcase name="VerifyShipmentDetailsOnLDD" time="1.074" classname="Test.US1204And1217ShipmentDetailsOnLDD"/>
  <testcase name="VerifyShipmentDetailsOnLDD" time="1.063" classname="Test.US1204And1217ShipmentDetailsOnLDD"/>
  <testcase name="VerifyShipmentDetailsOnLDD" time="1.092" classname="Test.US1204And1217ShipmentDetailsOnLDD"/>
  <testcase name="VerifyShipmentDetailsOnLDD" time="1.034" classname="Test.US1204And1217ShipmentDetailsOnLDD"/>
  <testcase name="VerifyShipmentDetailsOnLDD" time="1.032" classname="Test.US1204And1217ShipmentDetailsOnLDD"/>
  <testcase name="VerifyShipmentDetailsOnLDD" time="1.092" classname="Test.US1204And1217ShipmentDetailsOnLDD"/>
  <testcase name="VerifyShipmentDetailsOnLDD" time="1.077" classname="Test.US1204And1217ShipmentDetailsOnLDD"/>
  <testcase name="VerifyShipmentDetailsOnLDD" time="1.046" classname="Test.US1204And1217ShipmentDetailsOnLDD"/>
  <testcase name="VerifyShipmentDetailsOnLDD" time="1.071" classname="Test.US1204And1217ShipmentDetailsOnLDD"/>
  <testcase name="VerifyShipmentDetailsOnLDD" time="1.094" classname="Test.US1204And1217ShipmentDetailsOnLDD">
    <failure type="java.lang.AssertionError" message="Sets differ: expected [[4285203689, 783, 740, 120, 402, N], [4544684213, 783, 682, 870, 402, N], [4539719308, 783, 402, 1910, 402, N], [428548747X, 783, 402, 750, 402, N], [4179321108, 783, 402, 1466, 402, N], [453971675X, 783, 418, 1115, 402, N], [4179450688, 783, 402, 3103, 402, N], [4285267873, 783, 682, 1240, 402, N], [4583367183, 783, 418, 917, 402, N], [8177249148, 783, 682, 218, 402, N], [4544661113, 783, 402, 960, 402, N], [4544664110, 783, 402, 774, 402, N], [4539720509, 783, 714, 2177, 402, N]] but got []">
      <![CDATA[java.lang.AssertionError: Sets differ: expected [[4285203689, 783, 740, 120, 402, N], [4544684213, 783, 682, 870, 402, N], [4539719308, 783, 402, 1910, 402, N], [428548747X, 783, 402, 750, 402, N], [4179321108, 783, 402, 1466, 402, N], [453971675X, 783, 418, 1115, 402, N], [4179450688, 783, 402, 3103, 402, N], [4285267873, 783, 682, 1240, 402, N], [4583367183, 783, 418, 917, 402, N], [8177249148, 783, 682, 218, 402, N], [4544661113, 783, 402, 960, 402, N], [4544664110, 783, 402, 774, 402, N], [4539720509, 783, 714, 2177, 402, N]] but got []
	at org.testng.Assert.fail(Assert.java:94)
	at org.testng.Assert.assertEquals(Assert.java:808)
	at org.testng.Assert.assertEquals(Assert.java:786)
	at Test.US1204And1217ShipmentDetailsOnLDD.VerifyShipmentDetailsOnLDD(US1204And1217ShipmentDetailsOnLDD.java:61)
	at sun.reflect.GeneratedMethodAccessor8.invoke(Unknown Source)
	at sun.reflect.DelegatingMethodAccessorImpl.invoke(Unknown Source)
	at java.lang.reflect.Method.invoke(Unknown Source)
	at org.testng.internal.MethodInvocationHelper.invokeMethod(MethodInvocationHelper.java:85)
	at org.testng.internal.Invoker.invokeMethod(Invoker.java:639)
	at org.testng.internal.Invoker.invokeTestMethod(Invoker.java:816)
	at org.testng.internal.Invoker.invokeTestMethods(Invoker.java:1124)
	at org.testng.internal.TestMethodWorker.invokeTestMethods(TestMethodWorker.java:124)
	at org.testng.internal.TestMethodWorker.run(TestMethodWorker.java:108)
	at org.testng.TestRunner.privateRun(TestRunner.java:773)
	at org.testng.TestRunner.run(TestRunner.java:623)
	at org.testng.SuiteRunner.runTest(SuiteRunner.java:359)
	at org.testng.SuiteRunner.runSequentially(SuiteRunner.java:354)
	at org.testng.SuiteRunner.privateRun(SuiteRunner.java:312)
	at org.testng.SuiteRunner.run(SuiteRunner.java:261)
	at org.testng.SuiteRunnerWorker.runSuite(SuiteRunnerWorker.java:52)
	at org.testng.SuiteRunnerWorker.run(SuiteRunnerWorker.java:86)
	at org.testng.TestNG.runSuitesSequentially(TestNG.java:1185)
	at org.testng.TestNG.runSuitesLocally(TestNG.java:1110)
	at org.testng.TestNG.run(TestNG.java:1018)
	at org.testng.remote.RemoteTestNG.run(RemoteTestNG.java:112)
	at org.testng.remote.RemoteTestNG.initAndRun(RemoteTestNG.java:205)
	at org.testng.remote.RemoteTestNG.main(RemoteTestNG.java:176)
]]>
    </failure>
  </testcase> <!-- VerifyShipmentDetailsOnLDD -->
  <testcase name="VerifyShipmentDetailsOnLDD" time="1.064" classname="Test.US1204And1217ShipmentDetailsOnLDD"/>
  <testcase name="VerifyShipmentDetailsOnLDD" time="1.084" classname="Test.US1204And1217ShipmentDetailsOnLDD"/>
  <testcase name="VerifyShipmentDetailsOnLDD" time="1.070" classname="Test.US1204And1217ShipmentDetailsOnLDD"/>
  <testcase name="VerifyShipmentDetailsOnLDD" time="1.077" classname="Test.US1204And1217ShipmentDetailsOnLDD"/>
  <testcase name="VerifyShipmentDetailsOnLDD" time="1.089" classname="Test.US1204And1217ShipmentDetailsOnLDD"/>
  <testcase name="VerifyShipmentDetailsOnLDD" time="1.045" classname="Test.US1204And1217ShipmentDetailsOnLDD"/>
  <testcase name="VerifyShipmentDetailsOnLDD" time="1.014" classname="Test.US1204And1217ShipmentDetailsOnLDD"/>
  <testcase name="VerifyShipmentDetailsOnLDD" time="1.058" classname="Test.US1204And1217ShipmentDetailsOnLDD"/>
  <testcase name="VerifyShipmentDetailsOnLDD" time="2.360" classname="Test.US1204And1217ShipmentDetailsOnLDD"/>
  <testcase name="VerifyShipmentDetailsOnLDD" time="1.117" classname="Test.US1204And1217ShipmentDetailsOnLDD"/>
  <testcase name="VerifyShipmentDetailsOnLDD" time="1.062" classname="Test.US1204And1217ShipmentDetailsOnLDD"/>
  <testcase name="VerifyShipmentDetailsOnLDD" time="3.428" classname="Test.US1204And1217ShipmentDetailsOnLDD"/>
  <testcase name="VerifyShipmentDetailsOnLDD" time="1.085" classname="Test.US1204And1217ShipmentDetailsOnLDD"/>
  <testcase name="VerifyShipmentDetailsOnLDD" time="1.041" classname="Test.US1204And1217ShipmentDetailsOnLDD"/>
  <testcase name="VerifyShipmentDetailsOnLDD" time="1.051" classname="Test.US1204And1217ShipmentDetailsOnLDD"/>
  <testcase name="VerifyShipmentDetailsOnLDD" time="1.074" classname="Test.US1204And1217ShipmentDetailsOnLDD"/>
  <testcase name="VerifyShipmentDetailsOnLDD" time="1.078" classname="Test.US1204And1217ShipmentDetailsOnLDD"/>
  <testcase name="VerifyShipmentDetailsOnLDD" time="1.104" classname="Test.US1204And1217ShipmentDetailsOnLDD"/>
  <testcase name="VerifyShipmentDetailsOnLDD" time="1.091" classname="Test.US1204And1217ShipmentDetailsOnLDD"/>
  <testcase name="VerifyShipmentDetailsOnLDD" time="1.049" classname="Test.US1204And1217ShipmentDetailsOnLDD"/>
  <testcase name="VerifyShipmentDetailsOnLDD" time="1.060" classname="Test.US1204And1217ShipmentDetailsOnLDD"/>
  <testcase name="VerifyShipmentDetailsOnLDD" time="1.253" classname="Test.US1204And1217ShipmentDetailsOnLDD">
    <failure type="java.lang.AssertionError" message="Sets differ: expected [[4583230893, 898, 423, 200, 422, N], [9772903084, 642, 447, 480, 422, N], [4583154829, 898, 423, 4245, 422, N], [2535976888, 898, 432, 1573, 422, N], [2535978931, 898, 685, 130, 422, N], [4469607730, 642, 421, 564, 422, N], [446972357X, 642, 422, 7045, 422, N], [4469513718, 642, 409, 422, 422, N], [2535976805, 898, 432, 1561, 422, N], [2535978886, 898, 754, 85, 422, N], [2535976897, 898, 432, 1790, 422, N], [4469513617, 642, 422, 313, 422, N], [4469500361, 642, 705, 485, 422, N], [2535976832, 898, 432, 2000, 422, N], [4469500911, 642, 705, 372, 422, N], [2535976823, 898, 432, 1480, 422, N], [2535976841, 898, 432, 1720, 422, N]] but got []">
      <![CDATA[java.lang.AssertionError: Sets differ: expected [[4583230893, 898, 423, 200, 422, N], [9772903084, 642, 447, 480, 422, N], [4583154829, 898, 423, 4245, 422, N], [2535976888, 898, 432, 1573, 422, N], [2535978931, 898, 685, 130, 422, N], [4469607730, 642, 421, 564, 422, N], [446972357X, 642, 422, 7045, 422, N], [4469513718, 642, 409, 422, 422, N], [2535976805, 898, 432, 1561, 422, N], [2535978886, 898, 754, 85, 422, N], [2535976897, 898, 432, 1790, 422, N], [4469513617, 642, 422, 313, 422, N], [4469500361, 642, 705, 485, 422, N], [2535976832, 898, 432, 2000, 422, N], [4469500911, 642, 705, 372, 422, N], [2535976823, 898, 432, 1480, 422, N], [2535976841, 898, 432, 1720, 422, N]] but got []
	at org.testng.Assert.fail(Assert.java:94)
	at org.testng.Assert.assertEquals(Assert.java:808)
	at org.testng.Assert.assertEquals(Assert.java:786)
	at Test.US1204And1217ShipmentDetailsOnLDD.VerifyShipmentDetailsOnLDD(US1204And1217ShipmentDetailsOnLDD.java:61)
	at sun.reflect.GeneratedMethodAccessor8.invoke(Unknown Source)
	at sun.reflect.DelegatingMethodAccessorImpl.invoke(Unknown Source)
	at java.lang.reflect.Method.invoke(Unknown Source)
	at org.testng.internal.MethodInvocationHelper.invokeMethod(MethodInvocationHelper.java:85)
	at org.testng.internal.Invoker.invokeMethod(Invoker.java:639)
	at org.testng.internal.Invoker.invokeTestMethod(Invoker.java:816)
	at org.testng.internal.Invoker.invokeTestMethods(Invoker.java:1124)
	at org.testng.internal.TestMethodWorker.invokeTestMethods(TestMethodWorker.java:124)
	at org.testng.internal.TestMethodWorker.run(TestMethodWorker.java:108)
	at org.testng.TestRunner.privateRun(TestRunner.java:773)
	at org.testng.TestRunner.run(TestRunner.java:623)
	at org.testng.SuiteRunner.runTest(SuiteRunner.java:359)
	at org.testng.SuiteRunner.runSequentially(SuiteRunner.java:354)
	at org.testng.SuiteRunner.privateRun(SuiteRunner.java:312)
	at org.testng.SuiteRunner.run(SuiteRunner.java:261)
	at org.testng.SuiteRunnerWorker.runSuite(SuiteRunnerWorker.java:52)
	at org.testng.SuiteRunnerWorker.run(SuiteRunnerWorker.java:86)
	at org.testng.TestNG.runSuitesSequentially(TestNG.java:1185)
	at org.testng.TestNG.runSuitesLocally(TestNG.java:1110)
	at org.testng.TestNG.run(TestNG.java:1018)
	at org.testng.remote.RemoteTestNG.run(RemoteTestNG.java:112)
	at org.testng.remote.RemoteTestNG.initAndRun(RemoteTestNG.java:205)
	at org.testng.remote.RemoteTestNG.main(RemoteTestNG.java:176)
]]>
    </failure>
  </testcase> <!-- VerifyShipmentDetailsOnLDD -->
  <testcase name="VerifyShipmentDetailsOnLDD" time="1.087" classname="Test.US1204And1217ShipmentDetailsOnLDD"/>
  <testcase name="VerifyShipmentDetailsOnLDD" time="1.164" classname="Test.US1204And1217ShipmentDetailsOnLDD"/>
  <testcase name="VerifyShipmentDetailsOnLDD" time="1.066" classname="Test.US1204And1217ShipmentDetailsOnLDD"/>
  <testcase name="VerifyShipmentDetailsOnLDD" time="1.058" classname="Test.US1204And1217ShipmentDetailsOnLDD"/>
  <testcase name="VerifyShipmentDetailsOnLDD" time="1.061" classname="Test.US1204And1217ShipmentDetailsOnLDD"/>
  <testcase name="VerifyShipmentDetailsOnLDD" time="4.434" classname="Test.US1204And1217ShipmentDetailsOnLDD"/>
  <testcase name="VerifyShipmentDetailsOnLDD" time="2.246" classname="Test.US1204And1217ShipmentDetailsOnLDD">
    <error type="org.openqa.selenium.WebDriverException" message="unknown error: keys should be a string
  (Session info: chrome=45.0.2454.99)
  (Driver info: chromedriver=2.19.346078 (6f1f0cde889532d48ce8242342d0b84f94b114a1),platform=Windows NT 6.1 SP1 x86_64) (WARNING: The server did not provide any stacktrace information)
Command duration or timeout: 638 milliseconds
Build info: version: &#039;2.47.1&#039;, revision: &#039;411b314&#039;, time: &#039;2015-07-30 03:03:16&#039;
System info: host: &#039;N700278&#039;, ip: &#039;10.51.0.97&#039;, os.name: &#039;Windows 7&#039;, os.arch: &#039;amd64&#039;, os.version: &#039;6.1&#039;, java.version: &#039;1.7.0_06&#039;
Session ID: 5759a240e1e2983a4af77a02993ec4dc
Driver info: org.openqa.selenium.chrome.ChromeDriver
Capabilities [{platform=XP, acceptSslCerts=true, javascriptEnabled=true, browserName=chrome, chrome={userDataDir=C:\Users\uyr27b0\AppData\Local\Temp\scoped_dir3048_29319}, rotatable=false, locationContextEnabled=true, mobileEmulationEnabled=false, version=45.0.2454.99, takesHeapSnapshot=true, cssSelectorsEnabled=true, databaseEnabled=false, handlesAlerts=true, browserConnectionEnabled=false, webStorageEnabled=true, nativeEvents=true, hasTouchScreen=false, applicationCacheEnabled=false, takesScreenshot=true}]">
      <![CDATA[org.openqa.selenium.WebDriverException: unknown error: keys should be a string
  (Session info: chrome=45.0.2454.99)
  (Driver info: chromedriver=2.19.346078 (6f1f0cde889532d48ce8242342d0b84f94b114a1),platform=Windows NT 6.1 SP1 x86_64) (WARNING: The server did not provide any stacktrace information)
Command duration or timeout: 638 milliseconds
Build info: version: '2.47.1', revision: '411b314', time: '2015-07-30 03:03:16'
System info: host: 'N700278', ip: '10.51.0.97', os.name: 'Windows 7', os.arch: 'amd64', os.version: '6.1', java.version: '1.7.0_06'
Session ID: 5759a240e1e2983a4af77a02993ec4dc
Driver info: org.openqa.selenium.chrome.ChromeDriver
Capabilities [{platform=XP, acceptSslCerts=true, javascriptEnabled=true, browserName=chrome, chrome={userDataDir=C:\Users\uyr27b0\AppData\Local\Temp\scoped_dir3048_29319}, rotatable=false, locationContextEnabled=true, mobileEmulationEnabled=false, version=45.0.2454.99, takesHeapSnapshot=true, cssSelectorsEnabled=true, databaseEnabled=false, handlesAlerts=true, browserConnectionEnabled=false, webStorageEnabled=true, nativeEvents=true, hasTouchScreen=false, applicationCacheEnabled=false, takesScreenshot=true}]
	at sun.reflect.NativeConstructorAccessorImpl.newInstance0(Native Method)
	at sun.reflect.NativeConstructorAccessorImpl.newInstance(Unknown Source)
	at sun.reflect.DelegatingConstructorAccessorImpl.newInstance(Unknown Source)
	at java.lang.reflect.Constructor.newInstance(Unknown Source)
	at org.openqa.selenium.remote.ErrorHandler.createThrowable(ErrorHandler.java:206)
	at org.openqa.selenium.remote.ErrorHandler.throwIfResponseFailed(ErrorHandler.java:158)
	at org.openqa.selenium.remote.RemoteWebDriver.execute(RemoteWebDriver.java:595)
	at org.openqa.selenium.remote.RemoteWebElement.execute(RemoteWebElement.java:273)
	at org.openqa.selenium.remote.RemoteWebElement.sendKeys(RemoteWebElement.java:94)
	at sun.reflect.NativeMethodAccessorImpl.invoke0(Native Method)
	at sun.reflect.NativeMethodAccessorImpl.invoke(Unknown Source)
	at sun.reflect.DelegatingMethodAccessorImpl.invoke(Unknown Source)
	at java.lang.reflect.Method.invoke(Unknown Source)
	at org.openqa.selenium.support.pagefactory.internal.LocatingElementHandler.invoke(LocatingElementHandler.java:51)
	at $Proxy8.sendKeys(Unknown Source)
	at Page.EqpStatusPage.SetLocation(EqpStatusPage.java:83)
	at Test.US1204And1217ShipmentDetailsOnLDD.VerifyShipmentDetailsOnLDD(US1204And1217ShipmentDetailsOnLDD.java:44)
	at sun.reflect.NativeMethodAccessorImpl.invoke0(Native Method)
	at sun.reflect.NativeMethodAccessorImpl.invoke(Unknown Source)
	at sun.reflect.DelegatingMethodAccessorImpl.invoke(Unknown Source)
	at java.lang.reflect.Method.invoke(Unknown Source)
	at org.testng.internal.MethodInvocationHelper.invokeMethod(MethodInvocationHelper.java:85)
	at org.testng.internal.Invoker.invokeMethod(Invoker.java:639)
	at org.testng.internal.Invoker.invokeTestMethod(Invoker.java:816)
	at org.testng.internal.Invoker.invokeTestMethods(Invoker.java:1124)
	at org.testng.internal.TestMethodWorker.invokeTestMethods(TestMethodWorker.java:124)
	at org.testng.internal.TestMethodWorker.run(TestMethodWorker.java:108)
	at org.testng.TestRunner.privateRun(TestRunner.java:773)
	at org.testng.TestRunner.run(TestRunner.java:623)
	at org.testng.SuiteRunner.runTest(SuiteRunner.java:359)
	at org.testng.SuiteRunner.runSequentially(SuiteRunner.java:354)
	at org.testng.SuiteRunner.privateRun(SuiteRunner.java:312)
	at org.testng.SuiteRunner.run(SuiteRunner.java:261)
	at org.testng.SuiteRunnerWorker.runSuite(SuiteRunnerWorker.java:52)
	at org.testng.SuiteRunnerWorker.run(SuiteRunnerWorker.java:86)
	at org.testng.TestNG.runSuitesSequentially(TestNG.java:1185)
	at org.testng.TestNG.runSuitesLocally(TestNG.java:1110)
	at org.testng.TestNG.run(TestNG.java:1018)
	at org.testng.remote.RemoteTestNG.run(RemoteTestNG.java:112)
	at org.testng.remote.RemoteTestNG.initAndRun(RemoteTestNG.java:205)
	at org.testng.remote.RemoteTestNG.main(RemoteTestNG.java:176)
]]>
    </error>
  </testcase> <!-- VerifyShipmentDetailsOnLDD -->
  <testcase name="VerifyShipmentDetailsOnLDD" time="1.075" classname="Test.US1204And1217ShipmentDetailsOnLDD"/>
  <testcase name="VerifyShipmentDetailsOnLDD" time="1.059" classname="Test.US1204And1217ShipmentDetailsOnLDD"/>
  <testcase name="VerifyShipmentDetailsOnLDD" time="1.082" classname="Test.US1204And1217ShipmentDetailsOnLDD"/>
  <testcase name="VerifyShipmentDetailsOnLDD" time="3.568" classname="Test.US1204And1217ShipmentDetailsOnLDD"/>
  <testcase name="VerifyShipmentDetailsOnLDD" time="1.019" classname="Test.US1204And1217ShipmentDetailsOnLDD"/>
  <testcase name="VerifyShipmentDetailsOnLDD" time="1.048" classname="Test.US1204And1217ShipmentDetailsOnLDD"/>
  <testcase name="VerifyShipmentDetailsOnLDD" time="1.071" classname="Test.US1204And1217ShipmentDetailsOnLDD"/>
  <testcase name="VerifyShipmentDetailsOnLDD" time="1.154" classname="Test.US1204And1217ShipmentDetailsOnLDD"/>
  <testcase name="VerifyShipmentDetailsOnLDD" time="1.040" classname="Test.US1204And1217ShipmentDetailsOnLDD"/>
  <testcase name="VerifyShipmentDetailsOnLDD" time="1.075" classname="Test.US1204And1217ShipmentDetailsOnLDD"/>
  <testcase name="VerifyShipmentDetailsOnLDD" time="1.095" classname="Test.US1204And1217ShipmentDetailsOnLDD"/>
  <testcase name="VerifyShipmentDetailsOnLDD" time="1.076" classname="Test.US1204And1217ShipmentDetailsOnLDD"/>
  <testcase name="VerifyShipmentDetailsOnLDD" time="1.056" classname="Test.US1204And1217ShipmentDetailsOnLDD"/>
  <testcase name="VerifyShipmentDetailsOnLDD" time="2.158" classname="Test.US1204And1217ShipmentDetailsOnLDD"/>
  <testcase name="VerifyShipmentDetailsOnLDD" time="1.063" classname="Test.US1204And1217ShipmentDetailsOnLDD"/>
  <testcase name="VerifyShipmentDetailsOnLDD" time="3.414" classname="Test.US1204And1217ShipmentDetailsOnLDD"/>
  <testcase name="VerifyShipmentDetailsOnLDD" time="1.175" classname="Test.US1204And1217ShipmentDetailsOnLDD"/>
  <testcase name="VerifyShipmentDetailsOnLDD" time="1.066" classname="Test.US1204And1217ShipmentDetailsOnLDD"/>
  <testcase name="VerifyShipmentDetailsOnLDD" time="1.071" classname="Test.US1204And1217ShipmentDetailsOnLDD"/>
  <testcase name="VerifyShipmentDetailsOnLDD" time="1.081" classname="Test.US1204And1217ShipmentDetailsOnLDD"/>
  <testcase name="VerifyShipmentDetailsOnLDD" time="1.090" classname="Test.US1204And1217ShipmentDetailsOnLDD"/>
  <testcase name="VerifyShipmentDetailsOnLDD" time="1.067" classname="Test.US1204And1217ShipmentDetailsOnLDD"/>
  <testcase name="VerifyShipmentDetailsOnLDD" time="1.075" classname="Test.US1204And1217ShipmentDetailsOnLDD"/>
  <testcase name="VerifyShipmentDetailsOnLDD" time="2.205" classname="Test.US1204And1217ShipmentDetailsOnLDD"/>
  <testcase name="VerifyShipmentDetailsOnLDD" time="3.422" classname="Test.US1204And1217ShipmentDetailsOnLDD"/>
  <testcase name="VerifyShipmentDetailsOnLDD" time="1.058" classname="Test.US1204And1217ShipmentDetailsOnLDD"/>
  <testcase name="VerifyShipmentDetailsOnLDD" time="1.109" classname="Test.US1204And1217ShipmentDetailsOnLDD"/>
  <testcase name="VerifyShipmentDetailsOnLDD" time="1.005" classname="Test.US1204And1217ShipmentDetailsOnLDD"/>
  <testcase name="VerifyShipmentDetailsOnLDD" time="2.373" classname="Test.US1204And1217ShipmentDetailsOnLDD"/>
  <testcase name="VerifyShipmentDetailsOnLDD" time="1.058" classname="Test.US1204And1217ShipmentDetailsOnLDD"/>
  <testcase name="VerifyShipmentDetailsOnLDD" time="1.282" classname="Test.US1204And1217ShipmentDetailsOnLDD"/>
  <testcase name="VerifyShipmentDetailsOnLDD" time="2.599" classname="Test.US1204And1217ShipmentDetailsOnLDD"/>
  <testcase name="VerifyShipmentDetailsOnLDD" time="0.992" classname="Test.US1204And1217ShipmentDetailsOnLDD"/>
  <testcase name="VerifyShipmentDetailsOnLDD" time="1.032" classname="Test.US1204And1217ShipmentDetailsOnLDD"/>
  <testcase name="VerifyShipmentDetailsOnLDD" time="2.415" classname="Test.US1204And1217ShipmentDetailsOnLDD">
    <error type="org.openqa.selenium.WebDriverException" message="unknown error: keys should be a string
  (Session info: chrome=45.0.2454.99)
  (Driver info: chromedriver=2.19.346078 (6f1f0cde889532d48ce8242342d0b84f94b114a1),platform=Windows NT 6.1 SP1 x86_64) (WARNING: The server did not provide any stacktrace information)
Command duration or timeout: 553 milliseconds
Build info: version: &#039;2.47.1&#039;, revision: &#039;411b314&#039;, time: &#039;2015-07-30 03:03:16&#039;
System info: host: &#039;N700278&#039;, ip: &#039;10.51.0.97&#039;, os.name: &#039;Windows 7&#039;, os.arch: &#039;amd64&#039;, os.version: &#039;6.1&#039;, java.version: &#039;1.7.0_06&#039;
Session ID: 5759a240e1e2983a4af77a02993ec4dc
Driver info: org.openqa.selenium.chrome.ChromeDriver
Capabilities [{platform=XP, acceptSslCerts=true, javascriptEnabled=true, browserName=chrome, chrome={userDataDir=C:\Users\uyr27b0\AppData\Local\Temp\scoped_dir3048_29319}, rotatable=false, locationContextEnabled=true, mobileEmulationEnabled=false, version=45.0.2454.99, takesHeapSnapshot=true, cssSelectorsEnabled=true, databaseEnabled=false, handlesAlerts=true, browserConnectionEnabled=false, webStorageEnabled=true, nativeEvents=true, hasTouchScreen=false, applicationCacheEnabled=false, takesScreenshot=true}]">
      <![CDATA[org.openqa.selenium.WebDriverException: unknown error: keys should be a string
  (Session info: chrome=45.0.2454.99)
  (Driver info: chromedriver=2.19.346078 (6f1f0cde889532d48ce8242342d0b84f94b114a1),platform=Windows NT 6.1 SP1 x86_64) (WARNING: The server did not provide any stacktrace information)
Command duration or timeout: 553 milliseconds
Build info: version: '2.47.1', revision: '411b314', time: '2015-07-30 03:03:16'
System info: host: 'N700278', ip: '10.51.0.97', os.name: 'Windows 7', os.arch: 'amd64', os.version: '6.1', java.version: '1.7.0_06'
Session ID: 5759a240e1e2983a4af77a02993ec4dc
Driver info: org.openqa.selenium.chrome.ChromeDriver
Capabilities [{platform=XP, acceptSslCerts=true, javascriptEnabled=true, browserName=chrome, chrome={userDataDir=C:\Users\uyr27b0\AppData\Local\Temp\scoped_dir3048_29319}, rotatable=false, locationContextEnabled=true, mobileEmulationEnabled=false, version=45.0.2454.99, takesHeapSnapshot=true, cssSelectorsEnabled=true, databaseEnabled=false, handlesAlerts=true, browserConnectionEnabled=false, webStorageEnabled=true, nativeEvents=true, hasTouchScreen=false, applicationCacheEnabled=false, takesScreenshot=true}]
	at sun.reflect.NativeConstructorAccessorImpl.newInstance0(Native Method)
	at sun.reflect.NativeConstructorAccessorImpl.newInstance(Unknown Source)
	at sun.reflect.DelegatingConstructorAccessorImpl.newInstance(Unknown Source)
	at java.lang.reflect.Constructor.newInstance(Unknown Source)
	at org.openqa.selenium.remote.ErrorHandler.createThrowable(ErrorHandler.java:206)
	at org.openqa.selenium.remote.ErrorHandler.throwIfResponseFailed(ErrorHandler.java:158)
	at org.openqa.selenium.remote.RemoteWebDriver.execute(RemoteWebDriver.java:595)
	at org.openqa.selenium.remote.RemoteWebElement.execute(RemoteWebElement.java:273)
	at org.openqa.selenium.remote.RemoteWebElement.sendKeys(RemoteWebElement.java:94)
	at sun.reflect.NativeMethodAccessorImpl.invoke0(Native Method)
	at sun.reflect.NativeMethodAccessorImpl.invoke(Unknown Source)
	at sun.reflect.DelegatingMethodAccessorImpl.invoke(Unknown Source)
	at java.lang.reflect.Method.invoke(Unknown Source)
	at org.openqa.selenium.support.pagefactory.internal.LocatingElementHandler.invoke(LocatingElementHandler.java:51)
	at $Proxy8.sendKeys(Unknown Source)
	at Page.EqpStatusPage.SetLocation(EqpStatusPage.java:83)
	at Test.US1204And1217ShipmentDetailsOnLDD.VerifyShipmentDetailsOnLDD(US1204And1217ShipmentDetailsOnLDD.java:44)
	at sun.reflect.NativeMethodAccessorImpl.invoke0(Native Method)
	at sun.reflect.NativeMethodAccessorImpl.invoke(Unknown Source)
	at sun.reflect.DelegatingMethodAccessorImpl.invoke(Unknown Source)
	at java.lang.reflect.Method.invoke(Unknown Source)
	at org.testng.internal.MethodInvocationHelper.invokeMethod(MethodInvocationHelper.java:85)
	at org.testng.internal.Invoker.invokeMethod(Invoker.java:639)
	at org.testng.internal.Invoker.invokeTestMethod(Invoker.java:816)
	at org.testng.internal.Invoker.invokeTestMethods(Invoker.java:1124)
	at org.testng.internal.TestMethodWorker.invokeTestMethods(TestMethodWorker.java:124)
	at org.testng.internal.TestMethodWorker.run(TestMethodWorker.java:108)
	at org.testng.TestRunner.privateRun(TestRunner.java:773)
	at org.testng.TestRunner.run(TestRunner.java:623)
	at org.testng.SuiteRunner.runTest(SuiteRunner.java:359)
	at org.testng.SuiteRunner.runSequentially(SuiteRunner.java:354)
	at org.testng.SuiteRunner.privateRun(SuiteRunner.java:312)
	at org.testng.SuiteRunner.run(SuiteRunner.java:261)
	at org.testng.SuiteRunnerWorker.runSuite(SuiteRunnerWorker.java:52)
	at org.testng.SuiteRunnerWorker.run(SuiteRunnerWorker.java:86)
	at org.testng.TestNG.runSuitesSequentially(TestNG.java:1185)
	at org.testng.TestNG.runSuitesLocally(TestNG.java:1110)
	at org.testng.TestNG.run(TestNG.java:1018)
	at org.testng.remote.RemoteTestNG.run(RemoteTestNG.java:112)
	at org.testng.remote.RemoteTestNG.initAndRun(RemoteTestNG.java:205)
	at org.testng.remote.RemoteTestNG.main(RemoteTestNG.java:176)
]]>
    </error>
  </testcase> <!-- VerifyShipmentDetailsOnLDD -->
  <testcase name="VerifyShipmentDetailsOnLDD" time="2.732" classname="Test.US1204And1217ShipmentDetailsOnLDD"/>
  <testcase name="VerifyShipmentDetailsOnLDD" time="1.039" classname="Test.US1204And1217ShipmentDetailsOnLDD"/>
  <testcase name="VerifyShipmentDetailsOnLDD" time="1.080" classname="Test.US1204And1217ShipmentDetailsOnLDD"/>
  <testcase name="VerifyShipmentDetailsOnLDD" time="1.038" classname="Test.US1204And1217ShipmentDetailsOnLDD"/>
  <testcase name="VerifyShipmentDetailsOnLDD" time="0.999" classname="Test.US1204And1217ShipmentDetailsOnLDD"/>
  <testcase name="VerifyShipmentDetailsOnLDD" time="3.627" classname="Test.US1204And1217ShipmentDetailsOnLDD"/>
  <testcase name="VerifyShipmentDetailsOnLDD" time="3.448" classname="Test.US1204And1217ShipmentDetailsOnLDD"/>
  <testcase name="VerifyShipmentDetailsOnLDD" time="1.070" classname="Test.US1204And1217ShipmentDetailsOnLDD"/>
  <testcase name="VerifyShipmentDetailsOnLDD" time="2.779" classname="Test.US1204And1217ShipmentDetailsOnLDD"/>
  <testcase name="VerifyShipmentDetailsOnLDD" time="1.045" classname="Test.US1204And1217ShipmentDetailsOnLDD"/>
  <testcase name="VerifyShipmentDetailsOnLDD" time="1.097" classname="Test.US1204And1217ShipmentDetailsOnLDD"/>
  <testcase name="VerifyShipmentDetailsOnLDD" time="1.059" classname="Test.US1204And1217ShipmentDetailsOnLDD"/>
  <testcase name="VerifyShipmentDetailsOnLDD" time="3.396" classname="Test.US1204And1217ShipmentDetailsOnLDD"/>
  <testcase name="VerifyShipmentDetailsOnLDD" time="1.046" classname="Test.US1204And1217ShipmentDetailsOnLDD"/>
  <testcase name="VerifyShipmentDetailsOnLDD" time="1.089" classname="Test.US1204And1217ShipmentDetailsOnLDD"/>
  <testcase name="VerifyShipmentDetailsOnLDD" time="3.521" classname="Test.US1204And1217ShipmentDetailsOnLDD"/>
  <testcase name="VerifyShipmentDetailsOnLDD" time="1.110" classname="Test.US1204And1217ShipmentDetailsOnLDD"/>
  <testcase name="VerifyShipmentDetailsOnLDD" time="1.077" classname="Test.US1204And1217ShipmentDetailsOnLDD"/>
  <testcase name="VerifyShipmentDetailsOnLDD" time="1.095" classname="Test.US1204And1217ShipmentDetailsOnLDD"/>
  <testcase name="VerifyShipmentDetailsOnLDD" time="1.083" classname="Test.US1204And1217ShipmentDetailsOnLDD"/>
  <testcase name="VerifyShipmentDetailsOnLDD" time="1.143" classname="Test.US1204And1217ShipmentDetailsOnLDD"/>
  <testcase name="VerifyShipmentDetailsOnLDD" time="1.069" classname="Test.US1204And1217ShipmentDetailsOnLDD"/>
  <testcase name="VerifyShipmentDetailsOnLDD" time="1.102" classname="Test.US1204And1217ShipmentDetailsOnLDD"/>
  <testcase name="VerifyShipmentDetailsOnLDD" time="1.057" classname="Test.US1204And1217ShipmentDetailsOnLDD">
    <failure type="java.lang.AssertionError" message="Sets differ: expected [[1238299529, 123, 682, 115, 653, N], [1238299538, 123, 682, 62, 653, N], [1343080267, 186, 679, 80, 653, N], [4583349556, 266, 757, 390, 653, N], [7802194271, 180, 432, 100, 653, N], [4583382859, 160, 653, 63, 653, N], [9412172381, 163, 653, 69, 653, N], [1238307119, 123, 682, 3362, 653, N], [4497328577, 100, 683, 175, 653, N], [9351669910, 653, 653, 220, 653, N], [4583333689, 160, 757, 1000, 653, N], [7802194280, 180, 432, 100, 653, N], [134308067X, 186, 679, 253, 653, N], [9411860569, 163, 432, 345, 653, N], [1041914954, 104, 402, 4250, 653, N], [1343080496, 186, 679, 91, 653, N], [1343080386, 186, 679, 83, 653, N], [1237637796, 123, 757, 2200, 653, N], [2376828517, 237, 714, 95, 653, N], [1238086019, 123, 653, 958, 653, N], [2376766926, 237, 432, 451, 653, N], [1343443954, 186, 688, 72, 653, N], [4275510946, 160, 688, 321, 653, N], [7802194143, 180, 432, 100, 653, N], [780219429X, 180, 432, 100, 653, N]] but got []">
      <![CDATA[java.lang.AssertionError: Sets differ: expected [[1238299529, 123, 682, 115, 653, N], [1238299538, 123, 682, 62, 653, N], [1343080267, 186, 679, 80, 653, N], [4583349556, 266, 757, 390, 653, N], [7802194271, 180, 432, 100, 653, N], [4583382859, 160, 653, 63, 653, N], [9412172381, 163, 653, 69, 653, N], [1238307119, 123, 682, 3362, 653, N], [4497328577, 100, 683, 175, 653, N], [9351669910, 653, 653, 220, 653, N], [4583333689, 160, 757, 1000, 653, N], [7802194280, 180, 432, 100, 653, N], [134308067X, 186, 679, 253, 653, N], [9411860569, 163, 432, 345, 653, N], [1041914954, 104, 402, 4250, 653, N], [1343080496, 186, 679, 91, 653, N], [1343080386, 186, 679, 83, 653, N], [1237637796, 123, 757, 2200, 653, N], [2376828517, 237, 714, 95, 653, N], [1238086019, 123, 653, 958, 653, N], [2376766926, 237, 432, 451, 653, N], [1343443954, 186, 688, 72, 653, N], [4275510946, 160, 688, 321, 653, N], [7802194143, 180, 432, 100, 653, N], [780219429X, 180, 432, 100, 653, N]] but got []
	at org.testng.Assert.fail(Assert.java:94)
	at org.testng.Assert.assertEquals(Assert.java:808)
	at org.testng.Assert.assertEquals(Assert.java:786)
	at Test.US1204And1217ShipmentDetailsOnLDD.VerifyShipmentDetailsOnLDD(US1204And1217ShipmentDetailsOnLDD.java:61)
	at sun.reflect.GeneratedMethodAccessor8.invoke(Unknown Source)
	at sun.reflect.DelegatingMethodAccessorImpl.invoke(Unknown Source)
	at java.lang.reflect.Method.invoke(Unknown Source)
	at org.testng.internal.MethodInvocationHelper.invokeMethod(MethodInvocationHelper.java:85)
	at org.testng.internal.Invoker.invokeMethod(Invoker.java:639)
	at org.testng.internal.Invoker.invokeTestMethod(Invoker.java:816)
	at org.testng.internal.Invoker.invokeTestMethods(Invoker.java:1124)
	at org.testng.internal.TestMethodWorker.invokeTestMethods(TestMethodWorker.java:124)
	at org.testng.internal.TestMethodWorker.run(TestMethodWorker.java:108)
	at org.testng.TestRunner.privateRun(TestRunner.java:773)
	at org.testng.TestRunner.run(TestRunner.java:623)
	at org.testng.SuiteRunner.runTest(SuiteRunner.java:359)
	at org.testng.SuiteRunner.runSequentially(SuiteRunner.java:354)
	at org.testng.SuiteRunner.privateRun(SuiteRunner.java:312)
	at org.testng.SuiteRunner.run(SuiteRunner.java:261)
	at org.testng.SuiteRunnerWorker.runSuite(SuiteRunnerWorker.java:52)
	at org.testng.SuiteRunnerWorker.run(SuiteRunnerWorker.java:86)
	at org.testng.TestNG.runSuitesSequentially(TestNG.java:1185)
	at org.testng.TestNG.runSuitesLocally(TestNG.java:1110)
	at org.testng.TestNG.run(TestNG.java:1018)
	at org.testng.remote.RemoteTestNG.run(RemoteTestNG.java:112)
	at org.testng.remote.RemoteTestNG.initAndRun(RemoteTestNG.java:205)
	at org.testng.remote.RemoteTestNG.main(RemoteTestNG.java:176)
]]>
    </failure>
  </testcase> <!-- VerifyShipmentDetailsOnLDD -->
  <testcase name="VerifyShipmentDetailsOnLDD" time="1.059" classname="Test.US1204And1217ShipmentDetailsOnLDD"/>
  <testcase name="VerifyShipmentDetailsOnLDD" time="1.105" classname="Test.US1204And1217ShipmentDetailsOnLDD"/>
  <testcase name="VerifyShipmentDetailsOnLDD" time="1.043" classname="Test.US1204And1217ShipmentDetailsOnLDD"/>
  <testcase name="VerifyShipmentDetailsOnLDD" time="1.099" classname="Test.US1204And1217ShipmentDetailsOnLDD"/>
  <testcase name="VerifyShipmentDetailsOnLDD" time="3.419" classname="Test.US1204And1217ShipmentDetailsOnLDD"/>
  <testcase name="VerifyShipmentDetailsOnLDD" time="1.192" classname="Test.US1204And1217ShipmentDetailsOnLDD"/>
  <testcase name="VerifyShipmentDetailsOnLDD" time="1.134" classname="Test.US1204And1217ShipmentDetailsOnLDD"/>
  <testcase name="VerifyShipmentDetailsOnLDD" time="1.050" classname="Test.US1204And1217ShipmentDetailsOnLDD"/>
  <testcase name="VerifyShipmentDetailsOnLDD" time="1.100" classname="Test.US1204And1217ShipmentDetailsOnLDD"/>
  <testcase name="VerifyShipmentDetailsOnLDD" time="3.738" classname="Test.US1204And1217ShipmentDetailsOnLDD"/>
  <testcase name="VerifyShipmentDetailsOnLDD" time="1.066" classname="Test.US1204And1217ShipmentDetailsOnLDD">
    <failure type="java.lang.AssertionError" message="Sets differ: expected [[4284101094, 757, 511, 825, 511, N], [2402938596, 730, 511, 407, 511, N], [0740263268, 740, 511, 511, N], [2281528259, 617, 511, 126, 511, N], [4551769433, 455, 511, 260, 511, N], [454702252X, 423, 511, 2340, 511, N], [4583291622, 423, 511, 230, 511, N], [4533670976, 730, 511, 511, N], [6718438403, 671, 511, 226, 511, N], [4284112159, 757, 511, 257, 511, N], [4280013741, 740, 511, 435, 511, N], [4542187534, 617, 511, 96, 511, N], [4278205203, 754, 511, 599, 511, N], [4547051651, 423, 511, 655, 511, N], [4583366431, 740, 511, 426, 511, N], [4546630196, 682, 511, 473, 511, N], [4543592207, 455, 511, 620, 511, N], [417366180X, 423, 511, 220, 511, N], [0878075899, 878, 511, 511, N], [4542181942, 617, 511, 511, N], [4210511464, 421, 511, 148, 511, N], [4583389742, 471, 511, 300, 511, N], [4280069558, 740, 511, 1721, 511, N], [417198155X, 671, 511, 262, 511, N], [4583295481, 471, 511, 300, 511, N], [4151922526, 415, 511, 2352, 511, N]] but got []">
      <![CDATA[java.lang.AssertionError: Sets differ: expected [[4284101094, 757, 511, 825, 511, N], [2402938596, 730, 511, 407, 511, N], [0740263268, 740, 511, 511, N], [2281528259, 617, 511, 126, 511, N], [4551769433, 455, 511, 260, 511, N], [454702252X, 423, 511, 2340, 511, N], [4583291622, 423, 511, 230, 511, N], [4533670976, 730, 511, 511, N], [6718438403, 671, 511, 226, 511, N], [4284112159, 757, 511, 257, 511, N], [4280013741, 740, 511, 435, 511, N], [4542187534, 617, 511, 96, 511, N], [4278205203, 754, 511, 599, 511, N], [4547051651, 423, 511, 655, 511, N], [4583366431, 740, 511, 426, 511, N], [4546630196, 682, 511, 473, 511, N], [4543592207, 455, 511, 620, 511, N], [417366180X, 423, 511, 220, 511, N], [0878075899, 878, 511, 511, N], [4542181942, 617, 511, 511, N], [4210511464, 421, 511, 148, 511, N], [4583389742, 471, 511, 300, 511, N], [4280069558, 740, 511, 1721, 511, N], [417198155X, 671, 511, 262, 511, N], [4583295481, 471, 511, 300, 511, N], [4151922526, 415, 511, 2352, 511, N]] but got []
	at org.testng.Assert.fail(Assert.java:94)
	at org.testng.Assert.assertEquals(Assert.java:808)
	at org.testng.Assert.assertEquals(Assert.java:786)
	at Test.US1204And1217ShipmentDetailsOnLDD.VerifyShipmentDetailsOnLDD(US1204And1217ShipmentDetailsOnLDD.java:61)
	at sun.reflect.GeneratedMethodAccessor8.invoke(Unknown Source)
	at sun.reflect.DelegatingMethodAccessorImpl.invoke(Unknown Source)
	at java.lang.reflect.Method.invoke(Unknown Source)
	at org.testng.internal.MethodInvocationHelper.invokeMethod(MethodInvocationHelper.java:85)
	at org.testng.internal.Invoker.invokeMethod(Invoker.java:639)
	at org.testng.internal.Invoker.invokeTestMethod(Invoker.java:816)
	at org.testng.internal.Invoker.invokeTestMethods(Invoker.java:1124)
	at org.testng.internal.TestMethodWorker.invokeTestMethods(TestMethodWorker.java:124)
	at org.testng.internal.TestMethodWorker.run(TestMethodWorker.java:108)
	at org.testng.TestRunner.privateRun(TestRunner.java:773)
	at org.testng.TestRunner.run(TestRunner.java:623)
	at org.testng.SuiteRunner.runTest(SuiteRunner.java:359)
	at org.testng.SuiteRunner.runSequentially(SuiteRunner.java:354)
	at org.testng.SuiteRunner.privateRun(SuiteRunner.java:312)
	at org.testng.SuiteRunner.run(SuiteRunner.java:261)
	at org.testng.SuiteRunnerWorker.runSuite(SuiteRunnerWorker.java:52)
	at org.testng.SuiteRunnerWorker.run(SuiteRunnerWorker.java:86)
	at org.testng.TestNG.runSuitesSequentially(TestNG.java:1185)
	at org.testng.TestNG.runSuitesLocally(TestNG.java:1110)
	at org.testng.TestNG.run(TestNG.java:1018)
	at org.testng.remote.RemoteTestNG.run(RemoteTestNG.java:112)
	at org.testng.remote.RemoteTestNG.initAndRun(RemoteTestNG.java:205)
	at org.testng.remote.RemoteTestNG.main(RemoteTestNG.java:176)
]]>
    </failure>
  </testcase> <!-- VerifyShipmentDetailsOnLDD -->
  <testcase name="VerifyShipmentDetailsOnLDD" time="1.111" classname="Test.US1204And1217ShipmentDetailsOnLDD"/>
  <testcase name="VerifyShipmentDetailsOnLDD" time="1.926" classname="Test.US1204And1217ShipmentDetailsOnLDD"/>
  <testcase name="VerifyShipmentDetailsOnLDD" time="1.013" classname="Test.US1204And1217ShipmentDetailsOnLDD"/>
  <testcase name="VerifyShipmentDetailsOnLDD" time="1.001" classname="Test.US1204And1217ShipmentDetailsOnLDD"/>
  <testcase name="VerifyShipmentDetailsOnLDD" time="1.128" classname="Test.US1204And1217ShipmentDetailsOnLDD"/>
  <testcase name="VerifyShipmentDetailsOnLDD" time="3.527" classname="Test.US1204And1217ShipmentDetailsOnLDD"/>
  <testcase name="VerifyShipmentDetailsOnLDD" time="1.068" classname="Test.US1204And1217ShipmentDetailsOnLDD"/>
  <testcase name="VerifyShipmentDetailsOnLDD" time="1.074" classname="Test.US1204And1217ShipmentDetailsOnLDD"/>
  <testcase name="VerifyShipmentDetailsOnLDD" time="1.145" classname="Test.US1204And1217ShipmentDetailsOnLDD"/>
  <testcase name="VerifyShipmentDetailsOnLDD" time="1.059" classname="Test.US1204And1217ShipmentDetailsOnLDD"/>
  <testcase name="VerifyShipmentDetailsOnLDD" time="1.101" classname="Test.US1204And1217ShipmentDetailsOnLDD"/>
  <testcase name="VerifyShipmentDetailsOnLDD" time="1.089" classname="Test.US1204And1217ShipmentDetailsOnLDD"/>
  <testcase name="VerifyShipmentDetailsOnLDD" time="1.085" classname="Test.US1204And1217ShipmentDetailsOnLDD"/>
  <testcase name="VerifyShipmentDetailsOnLDD" time="3.462" classname="Test.US1204And1217ShipmentDetailsOnLDD"/>
  <testcase name="VerifyShipmentDetailsOnLDD" time="3.455" classname="Test.US1204And1217ShipmentDetailsOnLDD"/>
  <testcase name="VerifyShipmentDetailsOnLDD" time="1.064" classname="Test.US1204And1217ShipmentDetailsOnLDD"/>
  <testcase name="VerifyShipmentDetailsOnLDD" time="1.073" classname="Test.US1204And1217ShipmentDetailsOnLDD"/>
  <testcase name="VerifyShipmentDetailsOnLDD" time="1.050" classname="Test.US1204And1217ShipmentDetailsOnLDD"/>
  <testcase name="VerifyShipmentDetailsOnLDD" time="1.035" classname="Test.US1204And1217ShipmentDetailsOnLDD"/>
  <testcase name="VerifyShipmentDetailsOnLDD" time="1.093" classname="Test.US1204And1217ShipmentDetailsOnLDD"/>
  <testcase name="VerifyShipmentDetailsOnLDD" time="1.789" classname="Test.US1204And1217ShipmentDetailsOnLDD"/>
  <testcase name="VerifyShipmentDetailsOnLDD" time="1.015" classname="Test.US1204And1217ShipmentDetailsOnLDD"/>
  <testcase name="VerifyShipmentDetailsOnLDD" time="11.394" classname="Test.US1204And1217ShipmentDetailsOnLDD"/>
  <testcase name="VerifyShipmentDetailsOnLDD" time="1.070" classname="Test.US1204And1217ShipmentDetailsOnLDD"/>
  <testcase name="VerifyShipmentDetailsOnLDD" time="1.073" classname="Test.US1204And1217ShipmentDetailsOnLDD"/>
  <testcase name="VerifyShipmentDetailsOnLDD" time="4.326" classname="Test.US1204And1217ShipmentDetailsOnLDD"/>
  <testcase name="VerifyShipmentDetailsOnLDD" time="1.068" classname="Test.US1204And1217ShipmentDetailsOnLDD"/>
  <testcase name="VerifyShipmentDetailsOnLDD" time="1.056" classname="Test.US1204And1217ShipmentDetailsOnLDD"/>
  <testcase name="VerifyShipmentDetailsOnLDD" time="3.693" classname="Test.US1204And1217ShipmentDetailsOnLDD"/>
  <testcase name="VerifyShipmentDetailsOnLDD" time="1.027" classname="Test.US1204And1217ShipmentDetailsOnLDD"/>
  <testcase name="VerifyShipmentDetailsOnLDD" time="1.115" classname="Test.US1204And1217ShipmentDetailsOnLDD"/>
  <testcase name="VerifyShipmentDetailsOnLDD" time="1.078" classname="Test.US1204And1217ShipmentDetailsOnLDD"/>
  <testcase name="VerifyShipmentDetailsOnLDD" time="1.136" classname="Test.US1204And1217ShipmentDetailsOnLDD"/>
  <testcase name="VerifyShipmentDetailsOnLDD" time="1.059" classname="Test.US1204And1217ShipmentDetailsOnLDD"/>
  <testcase name="VerifyShipmentDetailsOnLDD" time="1.024" classname="Test.US1204And1217ShipmentDetailsOnLDD"/>
  <testcase name="VerifyShipmentDetailsOnLDD" time="1.246" classname="Test.US1204And1217ShipmentDetailsOnLDD"/>
  <testcase name="VerifyShipmentDetailsOnLDD" time="1.053" classname="Test.US1204And1217ShipmentDetailsOnLDD"/>
  <testcase name="VerifyShipmentDetailsOnLDD" time="1.096" classname="Test.US1204And1217ShipmentDetailsOnLDD"/>
  <testcase name="VerifyShipmentDetailsOnLDD" time="1.232" classname="Test.US1204And1217ShipmentDetailsOnLDD"/>
  <testcase name="VerifyShipmentDetailsOnLDD" time="4.780" classname="Test.US1204And1217ShipmentDetailsOnLDD"/>
  <testcase name="VerifyShipmentDetailsOnLDD" time="1.082" classname="Test.US1204And1217ShipmentDetailsOnLDD"/>
  <testcase name="VerifyShipmentDetailsOnLDD" time="1.054" classname="Test.US1204And1217ShipmentDetailsOnLDD"/>
  <testcase name="VerifyShipmentDetailsOnLDD" time="1.084" classname="Test.US1204And1217ShipmentDetailsOnLDD"/>
  <testcase name="VerifyShipmentDetailsOnLDD" time="1.042" classname="Test.US1204And1217ShipmentDetailsOnLDD"/>
  <testcase name="VerifyShipmentDetailsOnLDD" time="1.076" classname="Test.US1204And1217ShipmentDetailsOnLDD"/>
  <testcase name="VerifyShipmentDetailsOnLDD" time="1.086" classname="Test.US1204And1217ShipmentDetailsOnLDD"/>
  <testcase name="VerifyShipmentDetailsOnLDD" time="1.047" classname="Test.US1204And1217ShipmentDetailsOnLDD"/>
  <testcase name="VerifyShipmentDetailsOnLDD" time="3.472" classname="Test.US1204And1217ShipmentDetailsOnLDD"/>
  <testcase name="VerifyShipmentDetailsOnLDD" time="1.085" classname="Test.US1204And1217ShipmentDetailsOnLDD"/>
  <testcase name="VerifyShipmentDetailsOnLDD" time="1.079" classname="Test.US1204And1217ShipmentDetailsOnLDD"/>
  <testcase name="VerifyShipmentDetailsOnLDD" time="1.049" classname="Test.US1204And1217ShipmentDetailsOnLDD"/>
  <testcase name="VerifyShipmentDetailsOnLDD" time="1.082" classname="Test.US1204And1217ShipmentDetailsOnLDD"/>
  <testcase name="VerifyShipmentDetailsOnLDD" time="1.091" classname="Test.US1204And1217ShipmentDetailsOnLDD"/>
  <testcase name="VerifyShipmentDetailsOnLDD" time="1.132" classname="Test.US1204And1217ShipmentDetailsOnLDD"/>
  <testcase name="VerifyShipmentDetailsOnLDD" time="2.008" classname="Test.US1204And1217ShipmentDetailsOnLDD"/>
  <testcase name="VerifyShipmentDetailsOnLDD" time="1.127" classname="Test.US1204And1217ShipmentDetailsOnLDD"/>
  <testcase name="VerifyShipmentDetailsOnLDD" time="1.081" classname="Test.US1204And1217ShipmentDetailsOnLDD"/>
  <testcase name="VerifyShipmentDetailsOnLDD" time="1.038" classname="Test.US1204And1217ShipmentDetailsOnLDD"/>
  <testcase name="VerifyShipmentDetailsOnLDD" time="1.067" classname="Test.US1204And1217ShipmentDetailsOnLDD"/>
  <testcase name="VerifyShipmentDetailsOnLDD" time="1.038" classname="Test.US1204And1217ShipmentDetailsOnLDD"/>
  <testcase name="VerifyShipmentDetailsOnLDD" time="1.027" classname="Test.US1204And1217ShipmentDetailsOnLDD"/>
  <testcase name="VerifyShipmentDetailsOnLDD" time="1.087" classname="Test.US1204And1217ShipmentDetailsOnLDD"/>
  <testcase name="VerifyShipmentDetailsOnLDD" time="2.130" classname="Test.US1204And1217ShipmentDetailsOnLDD"/>
  <testcase name="VerifyShipmentDetailsOnLDD" time="1.077" classname="Test.US1204And1217ShipmentDetailsOnLDD"/>
  <testcase name="VerifyShipmentDetailsOnLDD" time="1.142" classname="Test.US1204And1217ShipmentDetailsOnLDD"/>
  <testcase name="VerifyShipmentDetailsOnLDD" time="1.063" classname="Test.US1204And1217ShipmentDetailsOnLDD"/>
  <testcase name="VerifyShipmentDetailsOnLDD" time="1.034" classname="Test.US1204And1217ShipmentDetailsOnLDD"/>
  <testcase name="VerifyShipmentDetailsOnLDD" time="1.102" classname="Test.US1204And1217ShipmentDetailsOnLDD"/>
  <testcase name="VerifyShipmentDetailsOnLDD" time="1.091" classname="Test.US1204And1217ShipmentDetailsOnLDD"/>
  <testcase name="VerifyShipmentDetailsOnLDD" time="1.110" classname="Test.US1204And1217ShipmentDetailsOnLDD"/>
  <testcase name="VerifyShipmentDetailsOnLDD" time="2.517" classname="Test.US1204And1217ShipmentDetailsOnLDD"/>
  <testcase name="VerifyShipmentDetailsOnLDD" time="1.043" classname="Test.US1204And1217ShipmentDetailsOnLDD"/>
  <testcase name="VerifyShipmentDetailsOnLDD" time="1.058" classname="Test.US1204And1217ShipmentDetailsOnLDD"/>
  <testcase name="VerifyShipmentDetailsOnLDD" time="3.243" classname="Test.US1204And1217ShipmentDetailsOnLDD"/>
  <testcase name="VerifyShipmentDetailsOnLDD" time="1.069" classname="Test.US1204And1217ShipmentDetailsOnLDD"/>
  <testcase name="VerifyShipmentDetailsOnLDD" time="1.054" classname="Test.US1204And1217ShipmentDetailsOnLDD"/>
  <testcase name="VerifyShipmentDetailsOnLDD" time="1.056" classname="Test.US1204And1217ShipmentDetailsOnLDD"/>
  <testcase name="VerifyShipmentDetailsOnLDD" time="1.068" classname="Test.US1204And1217ShipmentDetailsOnLDD"/>
  <testcase name="VerifyShipmentDetailsOnLDD" time="3.187" classname="Test.US1204And1217ShipmentDetailsOnLDD"/>
  <testcase name="VerifyShipmentDetailsOnLDD" time="1.092" classname="Test.US1204And1217ShipmentDetailsOnLDD"/>
  <testcase name="VerifyShipmentDetailsOnLDD" time="1.145" classname="Test.US1204And1217ShipmentDetailsOnLDD"/>
  <testcase name="VerifyShipmentDetailsOnLDD" time="1.072" classname="Test.US1204And1217ShipmentDetailsOnLDD"/>
  <testcase name="VerifyShipmentDetailsOnLDD" time="1.227" classname="Test.US1204And1217ShipmentDetailsOnLDD"/>
  <testcase name="VerifyShipmentDetailsOnLDD" time="1.099" classname="Test.US1204And1217ShipmentDetailsOnLDD"/>
  <testcase name="VerifyShipmentDetailsOnLDD" time="1.079" classname="Test.US1204And1217ShipmentDetailsOnLDD"/>
  <testcase name="VerifyShipmentDetailsOnLDD" time="1.066" classname="Test.US1204And1217ShipmentDetailsOnLDD"/>
  <testcase name="VerifyShipmentDetailsOnLDD" time="1.049" classname="Test.US1204And1217ShipmentDetailsOnLDD"/>
  <testcase name="VerifyShipmentDetailsOnLDD" time="1.021" classname="Test.US1204And1217ShipmentDetailsOnLDD"/>
  <testcase name="VerifyShipmentDetailsOnLDD" time="1.058" classname="Test.US1204And1217ShipmentDetailsOnLDD"/>
  <testcase name="VerifyShipmentDetailsOnLDD" time="1.021" classname="Test.US1204And1217ShipmentDetailsOnLDD"/>
  <testcase name="VerifyShipmentDetailsOnLDD" time="1.099" classname="Test.US1204And1217ShipmentDetailsOnLDD"/>
  <testcase name="VerifyShipmentDetailsOnLDD" time="4.452" classname="Test.US1204And1217ShipmentDetailsOnLDD"/>
  <testcase name="VerifyShipmentDetailsOnLDD" time="1.217" classname="Test.US1204And1217ShipmentDetailsOnLDD"/>
  <testcase name="VerifyShipmentDetailsOnLDD" time="2.639" classname="Test.US1204And1217ShipmentDetailsOnLDD">
    <error type="org.openqa.selenium.WebDriverException" message="unknown error: keys should be a string
  (Session info: chrome=45.0.2454.99)
  (Driver info: chromedriver=2.19.346078 (6f1f0cde889532d48ce8242342d0b84f94b114a1),platform=Windows NT 6.1 SP1 x86_64) (WARNING: The server did not provide any stacktrace information)
Command duration or timeout: 439 milliseconds
Build info: version: &#039;2.47.1&#039;, revision: &#039;411b314&#039;, time: &#039;2015-07-30 03:03:16&#039;
System info: host: &#039;N700278&#039;, ip: &#039;10.51.0.97&#039;, os.name: &#039;Windows 7&#039;, os.arch: &#039;amd64&#039;, os.version: &#039;6.1&#039;, java.version: &#039;1.7.0_06&#039;
Session ID: 5759a240e1e2983a4af77a02993ec4dc
Driver info: org.openqa.selenium.chrome.ChromeDriver
Capabilities [{platform=XP, acceptSslCerts=true, javascriptEnabled=true, browserName=chrome, chrome={userDataDir=C:\Users\uyr27b0\AppData\Local\Temp\scoped_dir3048_29319}, rotatable=false, locationContextEnabled=true, mobileEmulationEnabled=false, version=45.0.2454.99, takesHeapSnapshot=true, cssSelectorsEnabled=true, databaseEnabled=false, handlesAlerts=true, browserConnectionEnabled=false, webStorageEnabled=true, nativeEvents=true, hasTouchScreen=false, applicationCacheEnabled=false, takesScreenshot=true}]">
      <![CDATA[org.openqa.selenium.WebDriverException: unknown error: keys should be a string
  (Session info: chrome=45.0.2454.99)
  (Driver info: chromedriver=2.19.346078 (6f1f0cde889532d48ce8242342d0b84f94b114a1),platform=Windows NT 6.1 SP1 x86_64) (WARNING: The server did not provide any stacktrace information)
Command duration or timeout: 439 milliseconds
Build info: version: '2.47.1', revision: '411b314', time: '2015-07-30 03:03:16'
System info: host: 'N700278', ip: '10.51.0.97', os.name: 'Windows 7', os.arch: 'amd64', os.version: '6.1', java.version: '1.7.0_06'
Session ID: 5759a240e1e2983a4af77a02993ec4dc
Driver info: org.openqa.selenium.chrome.ChromeDriver
Capabilities [{platform=XP, acceptSslCerts=true, javascriptEnabled=true, browserName=chrome, chrome={userDataDir=C:\Users\uyr27b0\AppData\Local\Temp\scoped_dir3048_29319}, rotatable=false, locationContextEnabled=true, mobileEmulationEnabled=false, version=45.0.2454.99, takesHeapSnapshot=true, cssSelectorsEnabled=true, databaseEnabled=false, handlesAlerts=true, browserConnectionEnabled=false, webStorageEnabled=true, nativeEvents=true, hasTouchScreen=false, applicationCacheEnabled=false, takesScreenshot=true}]
	at sun.reflect.NativeConstructorAccessorImpl.newInstance0(Native Method)
	at sun.reflect.NativeConstructorAccessorImpl.newInstance(Unknown Source)
	at sun.reflect.DelegatingConstructorAccessorImpl.newInstance(Unknown Source)
	at java.lang.reflect.Constructor.newInstance(Unknown Source)
	at org.openqa.selenium.remote.ErrorHandler.createThrowable(ErrorHandler.java:206)
	at org.openqa.selenium.remote.ErrorHandler.throwIfResponseFailed(ErrorHandler.java:158)
	at org.openqa.selenium.remote.RemoteWebDriver.execute(RemoteWebDriver.java:595)
	at org.openqa.selenium.remote.RemoteWebElement.execute(RemoteWebElement.java:273)
	at org.openqa.selenium.remote.RemoteWebElement.sendKeys(RemoteWebElement.java:94)
	at sun.reflect.NativeMethodAccessorImpl.invoke0(Native Method)
	at sun.reflect.NativeMethodAccessorImpl.invoke(Unknown Source)
	at sun.reflect.DelegatingMethodAccessorImpl.invoke(Unknown Source)
	at java.lang.reflect.Method.invoke(Unknown Source)
	at org.openqa.selenium.support.pagefactory.internal.LocatingElementHandler.invoke(LocatingElementHandler.java:51)
	at $Proxy8.sendKeys(Unknown Source)
	at Page.EqpStatusPage.SetLocation(EqpStatusPage.java:83)
	at Test.US1204And1217ShipmentDetailsOnLDD.VerifyShipmentDetailsOnLDD(US1204And1217ShipmentDetailsOnLDD.java:44)
	at sun.reflect.NativeMethodAccessorImpl.invoke0(Native Method)
	at sun.reflect.NativeMethodAccessorImpl.invoke(Unknown Source)
	at sun.reflect.DelegatingMethodAccessorImpl.invoke(Unknown Source)
	at java.lang.reflect.Method.invoke(Unknown Source)
	at org.testng.internal.MethodInvocationHelper.invokeMethod(MethodInvocationHelper.java:85)
	at org.testng.internal.Invoker.invokeMethod(Invoker.java:639)
	at org.testng.internal.Invoker.invokeTestMethod(Invoker.java:816)
	at org.testng.internal.Invoker.invokeTestMethods(Invoker.java:1124)
	at org.testng.internal.TestMethodWorker.invokeTestMethods(TestMethodWorker.java:124)
	at org.testng.internal.TestMethodWorker.run(TestMethodWorker.java:108)
	at org.testng.TestRunner.privateRun(TestRunner.java:773)
	at org.testng.TestRunner.run(TestRunner.java:623)
	at org.testng.SuiteRunner.runTest(SuiteRunner.java:359)
	at org.testng.SuiteRunner.runSequentially(SuiteRunner.java:354)
	at org.testng.SuiteRunner.privateRun(SuiteRunner.java:312)
	at org.testng.SuiteRunner.run(SuiteRunner.java:261)
	at org.testng.SuiteRunnerWorker.runSuite(SuiteRunnerWorker.java:52)
	at org.testng.SuiteRunnerWorker.run(SuiteRunnerWorker.java:86)
	at org.testng.TestNG.runSuitesSequentially(TestNG.java:1185)
	at org.testng.TestNG.runSuitesLocally(TestNG.java:1110)
	at org.testng.TestNG.run(TestNG.java:1018)
	at org.testng.remote.RemoteTestNG.run(RemoteTestNG.java:112)
	at org.testng.remote.RemoteTestNG.initAndRun(RemoteTestNG.java:205)
	at org.testng.remote.RemoteTestNG.main(RemoteTestNG.java:176)
]]>
    </error>
  </testcase> <!-- VerifyShipmentDetailsOnLDD -->
  <testcase name="VerifyShipmentDetailsOnLDD" time="1.059" classname="Test.US1204And1217ShipmentDetailsOnLDD"/>
  <testcase name="VerifyShipmentDetailsOnLDD" time="1.117" classname="Test.US1204And1217ShipmentDetailsOnLDD"/>
  <testcase name="VerifyShipmentDetailsOnLDD" time="4.244" classname="Test.US1204And1217ShipmentDetailsOnLDD"/>
  <testcase name="VerifyShipmentDetailsOnLDD" time="1.034" classname="Test.US1204And1217ShipmentDetailsOnLDD"/>
  <testcase name="VerifyShipmentDetailsOnLDD" time="1.038" classname="Test.US1204And1217ShipmentDetailsOnLDD"/>
  <testcase name="VerifyShipmentDetailsOnLDD" time="1.119" classname="Test.US1204And1217ShipmentDetailsOnLDD"/>
  <testcase name="VerifyShipmentDetailsOnLDD" time="1.065" classname="Test.US1204And1217ShipmentDetailsOnLDD"/>
  <testcase name="VerifyShipmentDetailsOnLDD" time="1.077" classname="Test.US1204And1217ShipmentDetailsOnLDD"/>
  <testcase name="VerifyShipmentDetailsOnLDD" time="1.071" classname="Test.US1204And1217ShipmentDetailsOnLDD"/>
  <testcase name="VerifyShipmentDetailsOnLDD" time="1.046" classname="Test.US1204And1217ShipmentDetailsOnLDD"/>
  <testcase name="VerifyShipmentDetailsOnLDD" time="1.076" classname="Test.US1204And1217ShipmentDetailsOnLDD">
    <failure type="java.lang.AssertionError" message="Sets differ: expected [[2464965474, 246, 122, 250, 122, N], [4287346159, 304, 122, 720, 122, N], [4287421260, 304, 122, 1949, 122, N], [6032923755, 203, 122, 492, 122, N], [4281520339, 381, 122, 450, 122, N], [4542153636, 851, 122, 300, 122, N], [275746846X, 347, 122, 1368, 122, N], [4273271429, 244, 122, 95, 122, N], [4275750389, 315, 122, 653, 122, N], [4275750416, 315, 122, 1189, 122, N], [4583343479, 303, 122, 158, 122, N], [4490808372, 303, 122, 1054, 122, N], [4536140494, 218, 122, 1095, 122, N], [4497887954, 309, 122, 11425, 122, N], [7943592665, 394, 122, 175, 122, N]] but got []">
      <![CDATA[java.lang.AssertionError: Sets differ: expected [[2464965474, 246, 122, 250, 122, N], [4287346159, 304, 122, 720, 122, N], [4287421260, 304, 122, 1949, 122, N], [6032923755, 203, 122, 492, 122, N], [4281520339, 381, 122, 450, 122, N], [4542153636, 851, 122, 300, 122, N], [275746846X, 347, 122, 1368, 122, N], [4273271429, 244, 122, 95, 122, N], [4275750389, 315, 122, 653, 122, N], [4275750416, 315, 122, 1189, 122, N], [4583343479, 303, 122, 158, 122, N], [4490808372, 303, 122, 1054, 122, N], [4536140494, 218, 122, 1095, 122, N], [4497887954, 309, 122, 11425, 122, N], [7943592665, 394, 122, 175, 122, N]] but got []
	at org.testng.Assert.fail(Assert.java:94)
	at org.testng.Assert.assertEquals(Assert.java:808)
	at org.testng.Assert.assertEquals(Assert.java:786)
	at Test.US1204And1217ShipmentDetailsOnLDD.VerifyShipmentDetailsOnLDD(US1204And1217ShipmentDetailsOnLDD.java:61)
	at sun.reflect.GeneratedMethodAccessor8.invoke(Unknown Source)
	at sun.reflect.DelegatingMethodAccessorImpl.invoke(Unknown Source)
	at java.lang.reflect.Method.invoke(Unknown Source)
	at org.testng.internal.MethodInvocationHelper.invokeMethod(MethodInvocationHelper.java:85)
	at org.testng.internal.Invoker.invokeMethod(Invoker.java:639)
	at org.testng.internal.Invoker.invokeTestMethod(Invoker.java:816)
	at org.testng.internal.Invoker.invokeTestMethods(Invoker.java:1124)
	at org.testng.internal.TestMethodWorker.invokeTestMethods(TestMethodWorker.java:124)
	at org.testng.internal.TestMethodWorker.run(TestMethodWorker.java:108)
	at org.testng.TestRunner.privateRun(TestRunner.java:773)
	at org.testng.TestRunner.run(TestRunner.java:623)
	at org.testng.SuiteRunner.runTest(SuiteRunner.java:359)
	at org.testng.SuiteRunner.runSequentially(SuiteRunner.java:354)
	at org.testng.SuiteRunner.privateRun(SuiteRunner.java:312)
	at org.testng.SuiteRunner.run(SuiteRunner.java:261)
	at org.testng.SuiteRunnerWorker.runSuite(SuiteRunnerWorker.java:52)
	at org.testng.SuiteRunnerWorker.run(SuiteRunnerWorker.java:86)
	at org.testng.TestNG.runSuitesSequentially(TestNG.java:1185)
	at org.testng.TestNG.runSuitesLocally(TestNG.java:1110)
	at org.testng.TestNG.run(TestNG.java:1018)
	at org.testng.remote.RemoteTestNG.run(RemoteTestNG.java:112)
	at org.testng.remote.RemoteTestNG.initAndRun(RemoteTestNG.java:205)
	at org.testng.remote.RemoteTestNG.main(RemoteTestNG.java:176)
]]>
    </failure>
  </testcase> <!-- VerifyShipmentDetailsOnLDD -->
  <testcase name="VerifyShipmentDetailsOnLDD" time="3.416" classname="Test.US1204And1217ShipmentDetailsOnLDD"/>
  <testcase name="VerifyShipmentDetailsOnLDD" time="1.048" classname="Test.US1204And1217ShipmentDetailsOnLDD"/>
  <testcase name="VerifyShipmentDetailsOnLDD" time="3.435" classname="Test.US1204And1217ShipmentDetailsOnLDD"/>
  <testcase name="VerifyShipmentDetailsOnLDD" time="1.026" classname="Test.US1204And1217ShipmentDetailsOnLDD"/>
  <testcase name="VerifyShipmentDetailsOnLDD" time="1.028" classname="Test.US1204And1217ShipmentDetailsOnLDD"/>
  <testcase name="VerifyShipmentDetailsOnLDD" time="2.682" classname="Test.US1204And1217ShipmentDetailsOnLDD"/>
  <testcase name="VerifyShipmentDetailsOnLDD" time="1.063" classname="Test.US1204And1217ShipmentDetailsOnLDD"/>
  <testcase name="VerifyShipmentDetailsOnLDD" time="1.254" classname="Test.US1204And1217ShipmentDetailsOnLDD"/>
  <testcase name="VerifyShipmentDetailsOnLDD" time="1.070" classname="Test.US1204And1217ShipmentDetailsOnLDD"/>
  <testcase name="VerifyShipmentDetailsOnLDD" time="1.075" classname="Test.US1204And1217ShipmentDetailsOnLDD"/>
  <testcase name="VerifyShipmentDetailsOnLDD" time="1.081" classname="Test.US1204And1217ShipmentDetailsOnLDD"/>
  <testcase name="VerifyShipmentDetailsOnLDD" time="2.945" classname="Test.US1204And1217ShipmentDetailsOnLDD"/>
  <testcase name="VerifyShipmentDetailsOnLDD" time="3.422" classname="Test.US1204And1217ShipmentDetailsOnLDD"/>
  <testcase name="VerifyShipmentDetailsOnLDD" time="3.472" classname="Test.US1204And1217ShipmentDetailsOnLDD"/>
  <testcase name="VerifyShipmentDetailsOnLDD" time="1.052" classname="Test.US1204And1217ShipmentDetailsOnLDD"/>
  <testcase name="VerifyShipmentDetailsOnLDD" time="1.034" classname="Test.US1204And1217ShipmentDetailsOnLDD"/>
  <testcase name="VerifyShipmentDetailsOnLDD" time="1.090" classname="Test.US1204And1217ShipmentDetailsOnLDD"/>
  <testcase name="VerifyShipmentDetailsOnLDD" time="0.982" classname="Test.US1204And1217ShipmentDetailsOnLDD"/>
  <testcase name="VerifyShipmentDetailsOnLDD" time="1.064" classname="Test.US1204And1217ShipmentDetailsOnLDD"/>
</testsuite> <!-- Test.US1204And1217ShipmentDetailsOnLDD -->
