<?xml version="1.0" encoding="UTF-8"?>
<!-- Generated by org.testng.reporters.JUnitReportReporter -->
<testsuite hostname="N700278" name="TestCase.ReusableFunctionTest.US200001AndUS200002ValidateTrailerAndUS200041ValidateTerminal" tests="126" failures="0" timestamp="18 Aug 2016 18:19:22 GMT" time="300.264" errors="3">
  <testcase name="VerifyMaintenanceTrailer" time="5.642" classname="TestCase.ReusableFunctionTest.US200001AndUS200002ValidateTrailerAndUS200041ValidateTerminal"/>
  <testcase name="VerifyInvalidTerminal" time="1.654" classname="TestCase.ReusableFunctionTest.US200001AndUS200002ValidateTrailerAndUS200041ValidateTerminal"/>
  <testcase name="VerifyRetiredTrailer" time="1.231" classname="TestCase.ReusableFunctionTest.US200001AndUS200002ValidateTrailerAndUS200041ValidateTerminal"/>
  <testcase name="VerifyValidTerminal" time="2.204" classname="TestCase.ReusableFunctionTest.US200001AndUS200002ValidateTrailerAndUS200041ValidateTerminal"/>
  <testcase name="VerifyInvalidTerminal" time="1.638" classname="TestCase.ReusableFunctionTest.US200001AndUS200002ValidateTrailerAndUS200041ValidateTerminal"/>
  <testcase name="VerifyValidTerminal" time="2.169" classname="TestCase.ReusableFunctionTest.US200001AndUS200002ValidateTrailerAndUS200041ValidateTerminal"/>
  <testcase name="VerifyInvalidTerminal" time="1.633" classname="TestCase.ReusableFunctionTest.US200001AndUS200002ValidateTrailerAndUS200041ValidateTerminal"/>
  <testcase name="VerifyInvalidTerminal" time="1.639" classname="TestCase.ReusableFunctionTest.US200001AndUS200002ValidateTrailerAndUS200041ValidateTerminal"/>
  <testcase name="VerifyInvalidTerminal" time="1.639" classname="TestCase.ReusableFunctionTest.US200001AndUS200002ValidateTrailerAndUS200041ValidateTerminal"/>
  <testcase name="VerifyValidTerminal" time="2.716" classname="TestCase.ReusableFunctionTest.US200001AndUS200002ValidateTrailerAndUS200041ValidateTerminal"/>
  <testcase name="VerifyValidTerminal" time="2.176" classname="TestCase.ReusableFunctionTest.US200001AndUS200002ValidateTrailerAndUS200041ValidateTerminal"/>
  <testcase name="VerifyValidTerminal" time="2.185" classname="TestCase.ReusableFunctionTest.US200001AndUS200002ValidateTrailerAndUS200041ValidateTerminal"/>
  <testcase name="VerifyInvalidTerminal" time="1.643" classname="TestCase.ReusableFunctionTest.US200001AndUS200002ValidateTrailerAndUS200041ValidateTerminal"/>
  <testcase name="VerifyInvalidTerminal" time="1.709" classname="TestCase.ReusableFunctionTest.US200001AndUS200002ValidateTrailerAndUS200041ValidateTerminal"/>
  <testcase name="VerifyInvalidTerminal" time="1.633" classname="TestCase.ReusableFunctionTest.US200001AndUS200002ValidateTrailerAndUS200041ValidateTerminal"/>
  <testcase name="VerifyValidTerminal" time="2.168" classname="TestCase.ReusableFunctionTest.US200001AndUS200002ValidateTrailerAndUS200041ValidateTerminal"/>
  <testcase name="VerifyValidTerminal" time="2.182" classname="TestCase.ReusableFunctionTest.US200001AndUS200002ValidateTrailerAndUS200041ValidateTerminal"/>
  <testcase name="VerifyMaintenanceTrailer" time="5.537" classname="TestCase.ReusableFunctionTest.US200001AndUS200002ValidateTrailerAndUS200041ValidateTerminal"/>
  <testcase name="VerifyInvalidTerminal" time="1.644" classname="TestCase.ReusableFunctionTest.US200001AndUS200002ValidateTrailerAndUS200041ValidateTerminal"/>
  <testcase name="VerifyValidTerminal" time="2.175" classname="TestCase.ReusableFunctionTest.US200001AndUS200002ValidateTrailerAndUS200041ValidateTerminal"/>
  <testcase name="VerifyInvalidTerminal" time="1.635" classname="TestCase.ReusableFunctionTest.US200001AndUS200002ValidateTrailerAndUS200041ValidateTerminal"/>
  <testcase name="VerifyMaintenanceTrailer" time="15.519" classname="TestCase.ReusableFunctionTest.US200001AndUS200002ValidateTrailerAndUS200041ValidateTerminal">
    <error type="org.openqa.selenium.TimeoutException" message="Timed out after 10 seconds waiting for text (&#039;Trailer RDWY-560939 availability is maintenance.&#039;) to be present in element [[ChromeDriver: chrome on XP (65e1ecc85db4e9fc4b37b1914cd1f66a)] -&gt; xpath: html/body/div[1]/div]
Build info: version: &#039;2.48.2&#039;, revision: &#039;41bccdd&#039;, time: &#039;2015-10-09 19:59:12&#039;
System info: host: &#039;N700278&#039;, ip: &#039;10.51.202.134&#039;, os.name: &#039;Windows 7&#039;, os.arch: &#039;amd64&#039;, os.version: &#039;6.1&#039;, java.version: &#039;1.7.0_06&#039;
Session ID: 65e1ecc85db4e9fc4b37b1914cd1f66a
Driver info: org.openqa.selenium.chrome.ChromeDriver
Capabilities [{platform=XP, acceptSslCerts=true, javascriptEnabled=true, browserName=chrome, chrome={userDataDir=C:\Users\uyr27b0\AppData\Local\Temp\scoped_dir10932_12669, chromedriverVersion=2.23.409699 (49b0fa931cda1caad0ae15b7d1b68004acd05129)}, networkConnectionEnabled=false, rotatable=false, locationContextEnabled=true, mobileEmulationEnabled=false, version=52.0.2743.116, takesHeapSnapshot=true, databaseEnabled=false, cssSelectorsEnabled=true, handlesAlerts=true, browserConnectionEnabled=false, webStorageEnabled=true, nativeEvents=true, hasTouchScreen=false, applicationCacheEnabled=false, takesScreenshot=true}]">
      <![CDATA[org.openqa.selenium.TimeoutException: Timed out after 10 seconds waiting for text ('Trailer RDWY-560939 availability is maintenance.') to be present in element [[ChromeDriver: chrome on XP (65e1ecc85db4e9fc4b37b1914cd1f66a)] -> xpath: html/body/div[1]/div]
Build info: version: '2.48.2', revision: '41bccdd', time: '2015-10-09 19:59:12'
System info: host: 'N700278', ip: '10.51.202.134', os.name: 'Windows 7', os.arch: 'amd64', os.version: '6.1', java.version: '1.7.0_06'
Session ID: 65e1ecc85db4e9fc4b37b1914cd1f66a
Driver info: org.openqa.selenium.chrome.ChromeDriver
Capabilities [{platform=XP, acceptSslCerts=true, javascriptEnabled=true, browserName=chrome, chrome={userDataDir=C:\Users\uyr27b0\AppData\Local\Temp\scoped_dir10932_12669, chromedriverVersion=2.23.409699 (49b0fa931cda1caad0ae15b7d1b68004acd05129)}, networkConnectionEnabled=false, rotatable=false, locationContextEnabled=true, mobileEmulationEnabled=false, version=52.0.2743.116, takesHeapSnapshot=true, databaseEnabled=false, cssSelectorsEnabled=true, handlesAlerts=true, browserConnectionEnabled=false, webStorageEnabled=true, nativeEvents=true, hasTouchScreen=false, applicationCacheEnabled=false, takesScreenshot=true}]
	at org.openqa.selenium.support.ui.WebDriverWait.timeoutException(WebDriverWait.java:80)
	at org.openqa.selenium.support.ui.FluentWait.until(FluentWait.java:261)
	at TestCase.ReusableFunctionTest.US200001AndUS200002ValidateTrailerAndUS200041ValidateTerminal.VerifyMaintenanceTrailer(US200001AndUS200002ValidateTrailerAndUS200041ValidateTerminal.java:89)
	at sun.reflect.NativeMethodAccessorImpl.invoke0(Native Method)
	at sun.reflect.NativeMethodAccessorImpl.invoke(NativeMethodAccessorImpl.java:57)
	at sun.reflect.DelegatingMethodAccessorImpl.invoke(DelegatingMethodAccessorImpl.java:43)
	at java.lang.reflect.Method.invoke(Method.java:601)
	at org.testng.internal.MethodInvocationHelper.invokeMethod(MethodInvocationHelper.java:86)
	at org.testng.internal.Invoker.invokeMethod(Invoker.java:646)
	at org.testng.internal.Invoker.invokeTestMethod(Invoker.java:823)
	at org.testng.internal.Invoker.invokeTestMethods(Invoker.java:1131)
	at org.testng.internal.TestMethodWorker.invokeTestMethods(TestMethodWorker.java:129)
	at org.testng.internal.TestMethodWorker.run(TestMethodWorker.java:112)
	at org.testng.TestRunner.privateRun(TestRunner.java:778)
	at org.testng.TestRunner.run(TestRunner.java:632)
	at org.testng.SuiteRunner.runTest(SuiteRunner.java:366)
	at org.testng.SuiteRunner.runSequentially(SuiteRunner.java:361)
	at org.testng.SuiteRunner.privateRun(SuiteRunner.java:319)
	at org.testng.SuiteRunner.run(SuiteRunner.java:268)
	at org.testng.SuiteRunnerWorker.runSuite(SuiteRunnerWorker.java:52)
	at org.testng.SuiteRunnerWorker.run(SuiteRunnerWorker.java:86)
	at org.testng.TestNG.runSuitesSequentially(TestNG.java:1225)
	at org.testng.TestNG.runSuitesLocally(TestNG.java:1150)
	at org.testng.TestNG.runSuites(TestNG.java:1075)
	at org.testng.TestNG.run(TestNG.java:1047)
	at org.testng.remote.AbstractRemoteTestNG.run(AbstractRemoteTestNG.java:126)
	at org.testng.remote.RemoteTestNG.initAndRun(RemoteTestNG.java:137)
	at org.testng.remote.RemoteTestNG.main(RemoteTestNG.java:58)
]]>
    </error>
  </testcase> <!-- VerifyMaintenanceTrailer -->
  <testcase name="VerifyNotExistTrailer" time="0.688" classname="TestCase.ReusableFunctionTest.US200001AndUS200002ValidateTrailerAndUS200041ValidateTerminal"/>
  <testcase name="VerifyInvalidTerminal" time="1.629" classname="TestCase.ReusableFunctionTest.US200001AndUS200002ValidateTrailerAndUS200041ValidateTerminal"/>
  <testcase name="VerifyValidTerminal" time="2.265" classname="TestCase.ReusableFunctionTest.US200001AndUS200002ValidateTrailerAndUS200041ValidateTerminal"/>
  <testcase name="VerifyValidTerminal" time="2.174" classname="TestCase.ReusableFunctionTest.US200001AndUS200002ValidateTrailerAndUS200041ValidateTerminal"/>
  <testcase name="VerifyInvalidTerminal" time="1.765" classname="TestCase.ReusableFunctionTest.US200001AndUS200002ValidateTrailerAndUS200041ValidateTerminal"/>
  <testcase name="VerifyMaintenanceTrailer" time="5.507" classname="TestCase.ReusableFunctionTest.US200001AndUS200002ValidateTrailerAndUS200041ValidateTerminal"/>
  <testcase name="VerifyNotExistTrailer" time="0.690" classname="TestCase.ReusableFunctionTest.US200001AndUS200002ValidateTrailerAndUS200041ValidateTerminal"/>
  <testcase name="VerifyValidTerminal" time="2.199" classname="TestCase.ReusableFunctionTest.US200001AndUS200002ValidateTrailerAndUS200041ValidateTerminal"/>
  <testcase name="VerifyInvalidTerminal" time="1.631" classname="TestCase.ReusableFunctionTest.US200001AndUS200002ValidateTrailerAndUS200041ValidateTerminal"/>
  <testcase name="VerifyInvalidTerminal" time="1.631" classname="TestCase.ReusableFunctionTest.US200001AndUS200002ValidateTrailerAndUS200041ValidateTerminal"/>
  <testcase name="VerifyInvalidTerminal" time="1.642" classname="TestCase.ReusableFunctionTest.US200001AndUS200002ValidateTrailerAndUS200041ValidateTerminal"/>
  <testcase name="VerifyValidTerminal" time="2.197" classname="TestCase.ReusableFunctionTest.US200001AndUS200002ValidateTrailerAndUS200041ValidateTerminal"/>
  <testcase name="VerifyValidTerminal" time="2.175" classname="TestCase.ReusableFunctionTest.US200001AndUS200002ValidateTrailerAndUS200041ValidateTerminal"/>
  <testcase name="VerifyValidTerminal" time="2.186" classname="TestCase.ReusableFunctionTest.US200001AndUS200002ValidateTrailerAndUS200041ValidateTerminal"/>
  <testcase name="VerifyValidTerminal" time="2.172" classname="TestCase.ReusableFunctionTest.US200001AndUS200002ValidateTrailerAndUS200041ValidateTerminal"/>
  <testcase name="VerifyValidTerminal" time="2.177" classname="TestCase.ReusableFunctionTest.US200001AndUS200002ValidateTrailerAndUS200041ValidateTerminal"/>
  <testcase name="VerifyInvalidTerminal" time="1.647" classname="TestCase.ReusableFunctionTest.US200001AndUS200002ValidateTrailerAndUS200041ValidateTerminal"/>
  <testcase name="VerifyNotExistTrailer" time="0.730" classname="TestCase.ReusableFunctionTest.US200001AndUS200002ValidateTrailerAndUS200041ValidateTerminal"/>
  <testcase name="VerifyInvalidTerminal" time="1.688" classname="TestCase.ReusableFunctionTest.US200001AndUS200002ValidateTrailerAndUS200041ValidateTerminal"/>
  <testcase name="VerifyInvalidTerminal" time="1.654" classname="TestCase.ReusableFunctionTest.US200001AndUS200002ValidateTrailerAndUS200041ValidateTerminal"/>
  <testcase name="VerifyInvalidTerminal" time="1.637" classname="TestCase.ReusableFunctionTest.US200001AndUS200002ValidateTrailerAndUS200041ValidateTerminal"/>
  <testcase name="VerifyRetiredTrailer" time="0.680" classname="TestCase.ReusableFunctionTest.US200001AndUS200002ValidateTrailerAndUS200041ValidateTerminal"/>
  <testcase name="VerifyInvalidTerminal" time="1.713" classname="TestCase.ReusableFunctionTest.US200001AndUS200002ValidateTrailerAndUS200041ValidateTerminal"/>
  <testcase name="VerifyInvalidTerminal" time="1.662" classname="TestCase.ReusableFunctionTest.US200001AndUS200002ValidateTrailerAndUS200041ValidateTerminal"/>
  <testcase name="VerifyValidTerminal" time="2.192" classname="TestCase.ReusableFunctionTest.US200001AndUS200002ValidateTrailerAndUS200041ValidateTerminal"/>
  <testcase name="VerifyInvalidTerminal" time="1.646" classname="TestCase.ReusableFunctionTest.US200001AndUS200002ValidateTrailerAndUS200041ValidateTerminal"/>
  <testcase name="VerifyRetiredTrailer" time="0.715" classname="TestCase.ReusableFunctionTest.US200001AndUS200002ValidateTrailerAndUS200041ValidateTerminal"/>
  <testcase name="VerifyValidTerminal" time="2.180" classname="TestCase.ReusableFunctionTest.US200001AndUS200002ValidateTrailerAndUS200041ValidateTerminal"/>
  <testcase name="VerifyValidTerminal" time="2.229" classname="TestCase.ReusableFunctionTest.US200001AndUS200002ValidateTrailerAndUS200041ValidateTerminal"/>
  <testcase name="VerifyInvalidTerminal" time="1.638" classname="TestCase.ReusableFunctionTest.US200001AndUS200002ValidateTrailerAndUS200041ValidateTerminal"/>
  <testcase name="VerifyRetiredTrailer" time="0.698" classname="TestCase.ReusableFunctionTest.US200001AndUS200002ValidateTrailerAndUS200041ValidateTerminal"/>
  <testcase name="VerifyValidTerminal" time="2.180" classname="TestCase.ReusableFunctionTest.US200001AndUS200002ValidateTrailerAndUS200041ValidateTerminal"/>
  <testcase name="VerifyInvalidTerminal" time="1.638" classname="TestCase.ReusableFunctionTest.US200001AndUS200002ValidateTrailerAndUS200041ValidateTerminal"/>
  <testcase name="VerifyValidTerminal" time="2.187" classname="TestCase.ReusableFunctionTest.US200001AndUS200002ValidateTrailerAndUS200041ValidateTerminal"/>
  <testcase name="VerifyValidTerminal" time="2.178" classname="TestCase.ReusableFunctionTest.US200001AndUS200002ValidateTrailerAndUS200041ValidateTerminal"/>
  <testcase name="VerifyInvalidTerminal" time="1.630" classname="TestCase.ReusableFunctionTest.US200001AndUS200002ValidateTrailerAndUS200041ValidateTerminal"/>
  <testcase name="VerifyValidTerminal" time="2.179" classname="TestCase.ReusableFunctionTest.US200001AndUS200002ValidateTrailerAndUS200041ValidateTerminal"/>
  <testcase name="VerifyInvalidTerminal" time="1.632" classname="TestCase.ReusableFunctionTest.US200001AndUS200002ValidateTrailerAndUS200041ValidateTerminal"/>
  <testcase name="VerifyInvalidTerminal" time="1.635" classname="TestCase.ReusableFunctionTest.US200001AndUS200002ValidateTrailerAndUS200041ValidateTerminal"/>
  <testcase name="VerifyValidTerminal" time="2.279" classname="TestCase.ReusableFunctionTest.US200001AndUS200002ValidateTrailerAndUS200041ValidateTerminal"/>
  <testcase name="VerifyMaintenanceTrailer" time="5.506" classname="TestCase.ReusableFunctionTest.US200001AndUS200002ValidateTrailerAndUS200041ValidateTerminal"/>
  <testcase name="VerifyValidTerminal" time="2.185" classname="TestCase.ReusableFunctionTest.US200001AndUS200002ValidateTrailerAndUS200041ValidateTerminal"/>
  <testcase name="VerifyRetiredTrailer" time="0.687" classname="TestCase.ReusableFunctionTest.US200001AndUS200002ValidateTrailerAndUS200041ValidateTerminal"/>
  <testcase name="VerifyInvalidTerminal" time="1.633" classname="TestCase.ReusableFunctionTest.US200001AndUS200002ValidateTrailerAndUS200041ValidateTerminal"/>
  <testcase name="VerifyValidTerminal" time="2.176" classname="TestCase.ReusableFunctionTest.US200001AndUS200002ValidateTrailerAndUS200041ValidateTerminal"/>
  <testcase name="VerifyInvalidTerminal" time="1.635" classname="TestCase.ReusableFunctionTest.US200001AndUS200002ValidateTrailerAndUS200041ValidateTerminal"/>
  <testcase name="VerifyInvalidTerminal" time="1.637" classname="TestCase.ReusableFunctionTest.US200001AndUS200002ValidateTrailerAndUS200041ValidateTerminal"/>
  <testcase name="VerifyValidTerminal" time="2.175" classname="TestCase.ReusableFunctionTest.US200001AndUS200002ValidateTrailerAndUS200041ValidateTerminal"/>
  <testcase name="VerifyValidTerminal" time="2.289" classname="TestCase.ReusableFunctionTest.US200001AndUS200002ValidateTrailerAndUS200041ValidateTerminal"/>
  <testcase name="VerifyValidTerminal" time="2.179" classname="TestCase.ReusableFunctionTest.US200001AndUS200002ValidateTrailerAndUS200041ValidateTerminal"/>
  <testcase name="VerifyNotExistTrailer" time="0.679" classname="TestCase.ReusableFunctionTest.US200001AndUS200002ValidateTrailerAndUS200041ValidateTerminal"/>
  <testcase name="VerifyValidTerminal" time="2.207" classname="TestCase.ReusableFunctionTest.US200001AndUS200002ValidateTrailerAndUS200041ValidateTerminal"/>
  <testcase name="VerifyValidTerminal" time="2.179" classname="TestCase.ReusableFunctionTest.US200001AndUS200002ValidateTrailerAndUS200041ValidateTerminal"/>
  <testcase name="VerifyRetiredTrailer" time="0.689" classname="TestCase.ReusableFunctionTest.US200001AndUS200002ValidateTrailerAndUS200041ValidateTerminal"/>
  <testcase name="VerifyRetiredTrailer" time="0.673" classname="TestCase.ReusableFunctionTest.US200001AndUS200002ValidateTrailerAndUS200041ValidateTerminal"/>
  <testcase name="VerifyRetiredTrailer" time="0.691" classname="TestCase.ReusableFunctionTest.US200001AndUS200002ValidateTrailerAndUS200041ValidateTerminal"/>
  <testcase name="VerifyValidTerminal" time="2.182" classname="TestCase.ReusableFunctionTest.US200001AndUS200002ValidateTrailerAndUS200041ValidateTerminal"/>
  <testcase name="VerifyValidTerminal" time="2.213" classname="TestCase.ReusableFunctionTest.US200001AndUS200002ValidateTrailerAndUS200041ValidateTerminal"/>
  <testcase name="VerifyInvalidTerminal" time="1.682" classname="TestCase.ReusableFunctionTest.US200001AndUS200002ValidateTrailerAndUS200041ValidateTerminal"/>
  <testcase name="VerifyValidTerminal" time="2.184" classname="TestCase.ReusableFunctionTest.US200001AndUS200002ValidateTrailerAndUS200041ValidateTerminal"/>
  <testcase name="VerifyInvalidTerminal" time="1.631" classname="TestCase.ReusableFunctionTest.US200001AndUS200002ValidateTrailerAndUS200041ValidateTerminal"/>
  <testcase name="VerifyInvalidTerminal" time="1.636" classname="TestCase.ReusableFunctionTest.US200001AndUS200002ValidateTrailerAndUS200041ValidateTerminal"/>
  <testcase name="VerifyValidTerminal" time="2.178" classname="TestCase.ReusableFunctionTest.US200001AndUS200002ValidateTrailerAndUS200041ValidateTerminal"/>
  <testcase name="VerifyInvalidTerminal" time="1.637" classname="TestCase.ReusableFunctionTest.US200001AndUS200002ValidateTrailerAndUS200041ValidateTerminal"/>
  <testcase name="VerifyInvalidTerminal" time="1.638" classname="TestCase.ReusableFunctionTest.US200001AndUS200002ValidateTrailerAndUS200041ValidateTerminal"/>
  <testcase name="VerifyInvalidTerminal" time="1.734" classname="TestCase.ReusableFunctionTest.US200001AndUS200002ValidateTrailerAndUS200041ValidateTerminal"/>
  <testcase name="VerifyMaintenanceTrailer" time="7.237" classname="TestCase.ReusableFunctionTest.US200001AndUS200002ValidateTrailerAndUS200041ValidateTerminal"/>
  <testcase name="VerifyValidTerminal" time="2.264" classname="TestCase.ReusableFunctionTest.US200001AndUS200002ValidateTrailerAndUS200041ValidateTerminal"/>
  <testcase name="VerifyValidTerminal" time="2.180" classname="TestCase.ReusableFunctionTest.US200001AndUS200002ValidateTrailerAndUS200041ValidateTerminal"/>
  <testcase name="VerifyInvalidTerminal" time="1.632" classname="TestCase.ReusableFunctionTest.US200001AndUS200002ValidateTrailerAndUS200041ValidateTerminal"/>
  <testcase name="VerifyInvalidTerminal" time="1.637" classname="TestCase.ReusableFunctionTest.US200001AndUS200002ValidateTrailerAndUS200041ValidateTerminal"/>
  <testcase name="VerifyInvalidTerminal" time="1.635" classname="TestCase.ReusableFunctionTest.US200001AndUS200002ValidateTrailerAndUS200041ValidateTerminal"/>
  <testcase name="VerifyInvalidTerminal" time="1.633" classname="TestCase.ReusableFunctionTest.US200001AndUS200002ValidateTrailerAndUS200041ValidateTerminal"/>
  <testcase name="VerifyMaintenanceTrailer" time="5.619" classname="TestCase.ReusableFunctionTest.US200001AndUS200002ValidateTrailerAndUS200041ValidateTerminal"/>
  <testcase name="VerifyValidTerminal" time="2.185" classname="TestCase.ReusableFunctionTest.US200001AndUS200002ValidateTrailerAndUS200041ValidateTerminal"/>
  <testcase name="VerifyInvalidTerminal" time="1.643" classname="TestCase.ReusableFunctionTest.US200001AndUS200002ValidateTrailerAndUS200041ValidateTerminal"/>
  <testcase name="VerifyInvalidTerminal" time="1.640" classname="TestCase.ReusableFunctionTest.US200001AndUS200002ValidateTrailerAndUS200041ValidateTerminal"/>
  <testcase name="VerifyMaintenanceTrailer" time="3.580" classname="TestCase.ReusableFunctionTest.US200001AndUS200002ValidateTrailerAndUS200041ValidateTerminal"/>
  <testcase name="VerifyValidTerminal" time="2.183" classname="TestCase.ReusableFunctionTest.US200001AndUS200002ValidateTrailerAndUS200041ValidateTerminal"/>
  <testcase name="VerifyValidTerminal" time="2.201" classname="TestCase.ReusableFunctionTest.US200001AndUS200002ValidateTrailerAndUS200041ValidateTerminal"/>
  <testcase name="VerifyValidTerminal" time="2.176" classname="TestCase.ReusableFunctionTest.US200001AndUS200002ValidateTrailerAndUS200041ValidateTerminal"/>
  <testcase name="VerifyValidTerminal" time="2.290" classname="TestCase.ReusableFunctionTest.US200001AndUS200002ValidateTrailerAndUS200041ValidateTerminal"/>
  <testcase name="VerifyValidTerminal" time="2.177" classname="TestCase.ReusableFunctionTest.US200001AndUS200002ValidateTrailerAndUS200041ValidateTerminal"/>
  <testcase name="VerifyInvalidTerminal" time="1.636" classname="TestCase.ReusableFunctionTest.US200001AndUS200002ValidateTrailerAndUS200041ValidateTerminal"/>
  <testcase name="VerifyMaintenanceTrailer" time="19.752" classname="TestCase.ReusableFunctionTest.US200001AndUS200002ValidateTrailerAndUS200041ValidateTerminal">
    <error type="org.openqa.selenium.TimeoutException" message="Timed out after 10 seconds waiting for text (&#039;Trailer RDWY-89974 availability is maintenance.&#039;) to be present in element [[ChromeDriver: chrome on XP (65e1ecc85db4e9fc4b37b1914cd1f66a)] -&gt; xpath: html/body/div[1]/div]
Build info: version: &#039;2.48.2&#039;, revision: &#039;41bccdd&#039;, time: &#039;2015-10-09 19:59:12&#039;
System info: host: &#039;N700278&#039;, ip: &#039;10.51.202.134&#039;, os.name: &#039;Windows 7&#039;, os.arch: &#039;amd64&#039;, os.version: &#039;6.1&#039;, java.version: &#039;1.7.0_06&#039;
Session ID: 65e1ecc85db4e9fc4b37b1914cd1f66a
Driver info: org.openqa.selenium.chrome.ChromeDriver
Capabilities [{platform=XP, acceptSslCerts=true, javascriptEnabled=true, browserName=chrome, chrome={userDataDir=C:\Users\uyr27b0\AppData\Local\Temp\scoped_dir10932_12669, chromedriverVersion=2.23.409699 (49b0fa931cda1caad0ae15b7d1b68004acd05129)}, networkConnectionEnabled=false, rotatable=false, locationContextEnabled=true, mobileEmulationEnabled=false, version=52.0.2743.116, takesHeapSnapshot=true, databaseEnabled=false, cssSelectorsEnabled=true, handlesAlerts=true, browserConnectionEnabled=false, webStorageEnabled=true, nativeEvents=true, hasTouchScreen=false, applicationCacheEnabled=false, takesScreenshot=true}]">
      <![CDATA[org.openqa.selenium.TimeoutException: Timed out after 10 seconds waiting for text ('Trailer RDWY-89974 availability is maintenance.') to be present in element [[ChromeDriver: chrome on XP (65e1ecc85db4e9fc4b37b1914cd1f66a)] -> xpath: html/body/div[1]/div]
Build info: version: '2.48.2', revision: '41bccdd', time: '2015-10-09 19:59:12'
System info: host: 'N700278', ip: '10.51.202.134', os.name: 'Windows 7', os.arch: 'amd64', os.version: '6.1', java.version: '1.7.0_06'
Session ID: 65e1ecc85db4e9fc4b37b1914cd1f66a
Driver info: org.openqa.selenium.chrome.ChromeDriver
Capabilities [{platform=XP, acceptSslCerts=true, javascriptEnabled=true, browserName=chrome, chrome={userDataDir=C:\Users\uyr27b0\AppData\Local\Temp\scoped_dir10932_12669, chromedriverVersion=2.23.409699 (49b0fa931cda1caad0ae15b7d1b68004acd05129)}, networkConnectionEnabled=false, rotatable=false, locationContextEnabled=true, mobileEmulationEnabled=false, version=52.0.2743.116, takesHeapSnapshot=true, databaseEnabled=false, cssSelectorsEnabled=true, handlesAlerts=true, browserConnectionEnabled=false, webStorageEnabled=true, nativeEvents=true, hasTouchScreen=false, applicationCacheEnabled=false, takesScreenshot=true}]
	at org.openqa.selenium.support.ui.WebDriverWait.timeoutException(WebDriverWait.java:80)
	at org.openqa.selenium.support.ui.FluentWait.until(FluentWait.java:261)
	at TestCase.ReusableFunctionTest.US200001AndUS200002ValidateTrailerAndUS200041ValidateTerminal.VerifyMaintenanceTrailer(US200001AndUS200002ValidateTrailerAndUS200041ValidateTerminal.java:89)
	at sun.reflect.NativeMethodAccessorImpl.invoke0(Native Method)
	at sun.reflect.NativeMethodAccessorImpl.invoke(NativeMethodAccessorImpl.java:57)
	at sun.reflect.DelegatingMethodAccessorImpl.invoke(DelegatingMethodAccessorImpl.java:43)
	at java.lang.reflect.Method.invoke(Method.java:601)
	at org.testng.internal.MethodInvocationHelper.invokeMethod(MethodInvocationHelper.java:86)
	at org.testng.internal.Invoker.invokeMethod(Invoker.java:646)
	at org.testng.internal.Invoker.invokeTestMethod(Invoker.java:823)
	at org.testng.internal.Invoker.invokeTestMethods(Invoker.java:1131)
	at org.testng.internal.TestMethodWorker.invokeTestMethods(TestMethodWorker.java:129)
	at org.testng.internal.TestMethodWorker.run(TestMethodWorker.java:112)
	at org.testng.TestRunner.privateRun(TestRunner.java:778)
	at org.testng.TestRunner.run(TestRunner.java:632)
	at org.testng.SuiteRunner.runTest(SuiteRunner.java:366)
	at org.testng.SuiteRunner.runSequentially(SuiteRunner.java:361)
	at org.testng.SuiteRunner.privateRun(SuiteRunner.java:319)
	at org.testng.SuiteRunner.run(SuiteRunner.java:268)
	at org.testng.SuiteRunnerWorker.runSuite(SuiteRunnerWorker.java:52)
	at org.testng.SuiteRunnerWorker.run(SuiteRunnerWorker.java:86)
	at org.testng.TestNG.runSuitesSequentially(TestNG.java:1225)
	at org.testng.TestNG.runSuitesLocally(TestNG.java:1150)
	at org.testng.TestNG.runSuites(TestNG.java:1075)
	at org.testng.TestNG.run(TestNG.java:1047)
	at org.testng.remote.AbstractRemoteTestNG.run(AbstractRemoteTestNG.java:126)
	at org.testng.remote.RemoteTestNG.initAndRun(RemoteTestNG.java:137)
	at org.testng.remote.RemoteTestNG.main(RemoteTestNG.java:58)
]]>
    </error>
  </testcase> <!-- VerifyMaintenanceTrailer -->
  <testcase name="VerifyRetiredTrailer" time="0.689" classname="TestCase.ReusableFunctionTest.US200001AndUS200002ValidateTrailerAndUS200041ValidateTerminal"/>
  <testcase name="VerifyValidTerminal" time="2.228" classname="TestCase.ReusableFunctionTest.US200001AndUS200002ValidateTrailerAndUS200041ValidateTerminal"/>
  <testcase name="VerifyInvalidTerminal" time="1.636" classname="TestCase.ReusableFunctionTest.US200001AndUS200002ValidateTrailerAndUS200041ValidateTerminal"/>
  <testcase name="VerifyValidTerminal" time="2.175" classname="TestCase.ReusableFunctionTest.US200001AndUS200002ValidateTrailerAndUS200041ValidateTerminal"/>
  <testcase name="VerifyValidTerminal" time="2.183" classname="TestCase.ReusableFunctionTest.US200001AndUS200002ValidateTrailerAndUS200041ValidateTerminal"/>
  <testcase name="VerifyInvalidTerminal" time="1.646" classname="TestCase.ReusableFunctionTest.US200001AndUS200002ValidateTrailerAndUS200041ValidateTerminal"/>
  <testcase name="VerifyInvalidTerminal" time="1.633" classname="TestCase.ReusableFunctionTest.US200001AndUS200002ValidateTrailerAndUS200041ValidateTerminal"/>
  <testcase name="VerifyMaintenanceTrailer" time="21.997" classname="TestCase.ReusableFunctionTest.US200001AndUS200002ValidateTrailerAndUS200041ValidateTerminal">
    <error type="org.openqa.selenium.TimeoutException" message="Timed out after 20 seconds waiting for element to no longer be visible: By.id: loading-bar
Build info: version: &#039;2.48.2&#039;, revision: &#039;41bccdd&#039;, time: &#039;2015-10-09 19:59:12&#039;
System info: host: &#039;N700278&#039;, ip: &#039;10.51.202.134&#039;, os.name: &#039;Windows 7&#039;, os.arch: &#039;amd64&#039;, os.version: &#039;6.1&#039;, java.version: &#039;1.7.0_06&#039;
Session ID: 65e1ecc85db4e9fc4b37b1914cd1f66a
Driver info: org.openqa.selenium.chrome.ChromeDriver
Capabilities [{platform=XP, acceptSslCerts=true, javascriptEnabled=true, browserName=chrome, chrome={userDataDir=C:\Users\uyr27b0\AppData\Local\Temp\scoped_dir10932_12669, chromedriverVersion=2.23.409699 (49b0fa931cda1caad0ae15b7d1b68004acd05129)}, networkConnectionEnabled=false, rotatable=false, locationContextEnabled=true, mobileEmulationEnabled=false, version=52.0.2743.116, takesHeapSnapshot=true, databaseEnabled=false, cssSelectorsEnabled=true, handlesAlerts=true, browserConnectionEnabled=false, webStorageEnabled=true, nativeEvents=true, hasTouchScreen=false, applicationCacheEnabled=false, takesScreenshot=true}]">
      <![CDATA[org.openqa.selenium.TimeoutException: Timed out after 20 seconds waiting for element to no longer be visible: By.id: loading-bar
Build info: version: '2.48.2', revision: '41bccdd', time: '2015-10-09 19:59:12'
System info: host: 'N700278', ip: '10.51.202.134', os.name: 'Windows 7', os.arch: 'amd64', os.version: '6.1', java.version: '1.7.0_06'
Session ID: 65e1ecc85db4e9fc4b37b1914cd1f66a
Driver info: org.openqa.selenium.chrome.ChromeDriver
Capabilities [{platform=XP, acceptSslCerts=true, javascriptEnabled=true, browserName=chrome, chrome={userDataDir=C:\Users\uyr27b0\AppData\Local\Temp\scoped_dir10932_12669, chromedriverVersion=2.23.409699 (49b0fa931cda1caad0ae15b7d1b68004acd05129)}, networkConnectionEnabled=false, rotatable=false, locationContextEnabled=true, mobileEmulationEnabled=false, version=52.0.2743.116, takesHeapSnapshot=true, databaseEnabled=false, cssSelectorsEnabled=true, handlesAlerts=true, browserConnectionEnabled=false, webStorageEnabled=true, nativeEvents=true, hasTouchScreen=false, applicationCacheEnabled=false, takesScreenshot=true}]
	at org.openqa.selenium.support.ui.WebDriverWait.timeoutException(WebDriverWait.java:80)
	at org.openqa.selenium.support.ui.FluentWait.until(FluentWait.java:261)
	at Page.EqpStatusPageS.SetLocation(EqpStatusPageS.java:483)
	at TestCase.ReusableFunctionTest.US200001AndUS200002ValidateTrailerAndUS200041ValidateTerminal.VerifyMaintenanceTrailer(US200001AndUS200002ValidateTrailerAndUS200041ValidateTerminal.java:74)
	at sun.reflect.NativeMethodAccessorImpl.invoke0(Native Method)
	at sun.reflect.NativeMethodAccessorImpl.invoke(NativeMethodAccessorImpl.java:57)
	at sun.reflect.DelegatingMethodAccessorImpl.invoke(DelegatingMethodAccessorImpl.java:43)
	at java.lang.reflect.Method.invoke(Method.java:601)
	at org.testng.internal.MethodInvocationHelper.invokeMethod(MethodInvocationHelper.java:86)
	at org.testng.internal.Invoker.invokeMethod(Invoker.java:646)
	at org.testng.internal.Invoker.invokeTestMethod(Invoker.java:823)
	at org.testng.internal.Invoker.invokeTestMethods(Invoker.java:1131)
	at org.testng.internal.TestMethodWorker.invokeTestMethods(TestMethodWorker.java:129)
	at org.testng.internal.TestMethodWorker.run(TestMethodWorker.java:112)
	at org.testng.TestRunner.privateRun(TestRunner.java:778)
	at org.testng.TestRunner.run(TestRunner.java:632)
	at org.testng.SuiteRunner.runTest(SuiteRunner.java:366)
	at org.testng.SuiteRunner.runSequentially(SuiteRunner.java:361)
	at org.testng.SuiteRunner.privateRun(SuiteRunner.java:319)
	at org.testng.SuiteRunner.run(SuiteRunner.java:268)
	at org.testng.SuiteRunnerWorker.runSuite(SuiteRunnerWorker.java:52)
	at org.testng.SuiteRunnerWorker.run(SuiteRunnerWorker.java:86)
	at org.testng.TestNG.runSuitesSequentially(TestNG.java:1225)
	at org.testng.TestNG.runSuitesLocally(TestNG.java:1150)
	at org.testng.TestNG.runSuites(TestNG.java:1075)
	at org.testng.TestNG.run(TestNG.java:1047)
	at org.testng.remote.AbstractRemoteTestNG.run(AbstractRemoteTestNG.java:126)
	at org.testng.remote.RemoteTestNG.initAndRun(RemoteTestNG.java:137)
	at org.testng.remote.RemoteTestNG.main(RemoteTestNG.java:58)
]]>
    </error>
  </testcase> <!-- VerifyMaintenanceTrailer -->
  <testcase name="VerifyValidTerminal" time="2.208" classname="TestCase.ReusableFunctionTest.US200001AndUS200002ValidateTrailerAndUS200041ValidateTerminal"/>
  <testcase name="VerifyValidTerminal" time="2.164" classname="TestCase.ReusableFunctionTest.US200001AndUS200002ValidateTrailerAndUS200041ValidateTerminal"/>
  <testcase name="VerifyValidTerminal" time="2.191" classname="TestCase.ReusableFunctionTest.US200001AndUS200002ValidateTrailerAndUS200041ValidateTerminal"/>
  <testcase name="VerifyInvalidTerminal" time="1.632" classname="TestCase.ReusableFunctionTest.US200001AndUS200002ValidateTrailerAndUS200041ValidateTerminal"/>
  <testcase name="VerifyValidTerminal" time="2.169" classname="TestCase.ReusableFunctionTest.US200001AndUS200002ValidateTrailerAndUS200041ValidateTerminal"/>
  <testcase name="VerifyRetiredTrailer" time="0.699" classname="TestCase.ReusableFunctionTest.US200001AndUS200002ValidateTrailerAndUS200041ValidateTerminal"/>
  <testcase name="VerifyInvalidTerminal" time="1.636" classname="TestCase.ReusableFunctionTest.US200001AndUS200002ValidateTrailerAndUS200041ValidateTerminal"/>
  <testcase name="VerifyInvalidTerminal" time="1.631" classname="TestCase.ReusableFunctionTest.US200001AndUS200002ValidateTrailerAndUS200041ValidateTerminal"/>
  <testcase name="VerifyNotExistTrailer" time="0.692" classname="TestCase.ReusableFunctionTest.US200001AndUS200002ValidateTrailerAndUS200041ValidateTerminal"/>
  <testcase name="VerifyNotExistTrailer" time="0.798" classname="TestCase.ReusableFunctionTest.US200001AndUS200002ValidateTrailerAndUS200041ValidateTerminal"/>
  <testcase name="VerifyInvalidTerminal" time="1.676" classname="TestCase.ReusableFunctionTest.US200001AndUS200002ValidateTrailerAndUS200041ValidateTerminal"/>
</testsuite> <!-- TestCase.ReusableFunctionTest.US200001AndUS200002ValidateTrailerAndUS200041ValidateTerminal -->
