<?xml version="1.0" encoding="UTF-8"?>
<!-- Generated by org.testng.reporters.JUnitReportReporter -->
<testsuite hostname="N700278" name="TestCase.CLTGtesting.CLTGScreenTesting" tests="10" failures="7" timestamp="3 Aug 2016 07:41:56 GMT" time="93.832" errors="3">
  <testcase name="ToCLTGWithProSetToCLTG" time="13.398" classname="TestCase.CLTGtesting.CLTGScreenTesting">
    <failure type="java.lang.AssertionError" message="The following asserts failed:
	cltg screen pro grid is wrong expected [[[4536458899, 641, 813, 285, 2016-02-17], [4280123732, 740, 813, 437, 2016-02-19], [4965296675, 312, 813, 67, 2016-02-12], [3070655151, 878, 813, 5, 2016-02-16], [4584492391, 116, 813, 3980, 2016-02-19], [4582359538, 138, 813, 224, 2016-02-18], [4965837646, 402, 813, 291, 2016-02-22], [4993825535, 890, 813, 6330, 2016-02-18], [4993830530, 890, 813, 1944, 2016-02-18], [4281794679, 621, 813, 3200, 2016-02-19]]] but found [[[453-645889-9, 641, 813, 285, 02/17/2016], [428-012373-2, 740, 813, 437, 02/19/2016], [496-529667-5, 312, 813, 67, 02/12/2016], [307-065515-1, 878, 813, 5, 02/16/2016], [458-449239-1, 116, 813, 3980, 02/19/2016], [458-235953-8, 138, 813, 224, 02/18/2016], [496-583764-6, 402, 813, 291, 02/22/2016], [499-382553-5, 890, 813, 6330, 02/18/2016], [499-383053-0, 890, 813, 1944, 02/18/2016], [428-179467-9, 621, 813, 3200, 02/19/2016]]],
	City_Route_NM is wrong expected [] but found [null],
	Planned_Delivery_DT is wrong expected [Tue Feb 16 00:00:00 UTC 2016] but found [Wed Aug 03 00:00:00 UTC 2016]">
      <![CDATA[java.lang.AssertionError: The following asserts failed:
	cltg screen pro grid is wrong expected [[[4536458899, 641, 813, 285, 2016-02-17], [4280123732, 740, 813, 437, 2016-02-19], [4965296675, 312, 813, 67, 2016-02-12], [3070655151, 878, 813, 5, 2016-02-16], [4584492391, 116, 813, 3980, 2016-02-19], [4582359538, 138, 813, 224, 2016-02-18], [4965837646, 402, 813, 291, 2016-02-22], [4993825535, 890, 813, 6330, 2016-02-18], [4993830530, 890, 813, 1944, 2016-02-18], [4281794679, 621, 813, 3200, 2016-02-19]]] but found [[[453-645889-9, 641, 813, 285, 02/17/2016], [428-012373-2, 740, 813, 437, 02/19/2016], [496-529667-5, 312, 813, 67, 02/12/2016], [307-065515-1, 878, 813, 5, 02/16/2016], [458-449239-1, 116, 813, 3980, 02/19/2016], [458-235953-8, 138, 813, 224, 02/18/2016], [496-583764-6, 402, 813, 291, 02/22/2016], [499-382553-5, 890, 813, 6330, 02/18/2016], [499-383053-0, 890, 813, 1944, 02/18/2016], [428-179467-9, 621, 813, 3200, 02/19/2016]]],
	City_Route_NM is wrong expected [] but found [null],
	Planned_Delivery_DT is wrong expected [Tue Feb 16 00:00:00 UTC 2016] but found [Wed Aug 03 00:00:00 UTC 2016]
	at org.testng.asserts.SoftAssert.assertAll(SoftAssert.java:43)
	at TestCase.CLTGtesting.CLTGScreenTesting.ToCLTGWithProSetToCLTG(CLTGScreenTesting.java:115)
	at sun.reflect.NativeMethodAccessorImpl.invoke0(Native Method)
	at sun.reflect.NativeMethodAccessorImpl.invoke(NativeMethodAccessorImpl.java:57)
	at sun.reflect.DelegatingMethodAccessorImpl.invoke(DelegatingMethodAccessorImpl.java:43)
	at java.lang.reflect.Method.invoke(Method.java:601)
	at org.testng.internal.MethodInvocationHelper.invokeMethod(MethodInvocationHelper.java:86)
	at org.testng.internal.Invoker.invokeMethod(Invoker.java:646)
	at org.testng.internal.Invoker.invokeTestMethod(Invoker.java:823)
	at org.testng.internal.Invoker.invokeTestMethods(Invoker.java:1131)
	at org.testng.internal.TestMethodWorker.invokeTestMethods(TestMethodWorker.java:129)
	at org.testng.internal.TestMethodWorker.run(TestMethodWorker.java:112)
	at org.testng.TestRunner.privateRun(TestRunner.java:778)
	at org.testng.TestRunner.run(TestRunner.java:632)
	at org.testng.SuiteRunner.runTest(SuiteRunner.java:366)
	at org.testng.SuiteRunner.runSequentially(SuiteRunner.java:361)
	at org.testng.SuiteRunner.privateRun(SuiteRunner.java:319)
	at org.testng.SuiteRunner.run(SuiteRunner.java:268)
	at org.testng.SuiteRunnerWorker.runSuite(SuiteRunnerWorker.java:52)
	at org.testng.SuiteRunnerWorker.run(SuiteRunnerWorker.java:86)
	at org.testng.TestNG.runSuitesSequentially(TestNG.java:1225)
	at org.testng.TestNG.runSuitesLocally(TestNG.java:1150)
	at org.testng.TestNG.runSuites(TestNG.java:1075)
	at org.testng.TestNG.run(TestNG.java:1047)
	at org.testng.remote.AbstractRemoteTestNG.run(AbstractRemoteTestNG.java:126)
	at org.testng.remote.RemoteTestNG.initAndRun(RemoteTestNG.java:137)
	at org.testng.remote.RemoteTestNG.main(RemoteTestNG.java:58)
]]>
    </failure>
  </testcase> <!-- ToCLTGWithProSetToCLTG -->
  <testcase name="ToCLTGWithProSetToCLTG" time="0.084" classname="TestCase.CLTGtesting.CLTGScreenTesting">
    <error type="org.openqa.selenium.InvalidElementStateException" message="invalid element state: Element is not currently interactable and may not be manipulated
  (Session info: chrome=51.0.2704.103)
  (Driver info: chromedriver=2.19.346078 (6f1f0cde889532d48ce8242342d0b84f94b114a1),platform=Windows NT 6.1 SP1 x86_64) (WARNING: The server did not provide any stacktrace information)
Command duration or timeout: 15 milliseconds
Build info: version: &#039;2.48.2&#039;, revision: &#039;41bccdd&#039;, time: &#039;2015-10-09 19:59:12&#039;
System info: host: &#039;N700278&#039;, ip: &#039;10.51.1.77&#039;, os.name: &#039;Windows 7&#039;, os.arch: &#039;amd64&#039;, os.version: &#039;6.1&#039;, java.version: &#039;1.7.0_06&#039;
Session ID: 25cb8ec67655a2806f663cfd172c3483
Driver info: org.openqa.selenium.chrome.ChromeDriver
Capabilities [{platform=XP, acceptSslCerts=true, javascriptEnabled=true, browserName=chrome, chrome={userDataDir=C:\Users\uyr27b0\AppData\Local\Temp\scoped_dir98144_21584}, rotatable=false, locationContextEnabled=true, mobileEmulationEnabled=false, version=51.0.2704.103, takesHeapSnapshot=true, cssSelectorsEnabled=true, databaseEnabled=false, handlesAlerts=true, browserConnectionEnabled=false, webStorageEnabled=true, nativeEvents=true, hasTouchScreen=false, applicationCacheEnabled=false, takesScreenshot=true}]">
      <![CDATA[org.openqa.selenium.InvalidElementStateException: invalid element state: Element is not currently interactable and may not be manipulated
  (Session info: chrome=51.0.2704.103)
  (Driver info: chromedriver=2.19.346078 (6f1f0cde889532d48ce8242342d0b84f94b114a1),platform=Windows NT 6.1 SP1 x86_64) (WARNING: The server did not provide any stacktrace information)
Command duration or timeout: 15 milliseconds
Build info: version: '2.48.2', revision: '41bccdd', time: '2015-10-09 19:59:12'
System info: host: 'N700278', ip: '10.51.1.77', os.name: 'Windows 7', os.arch: 'amd64', os.version: '6.1', java.version: '1.7.0_06'
Session ID: 25cb8ec67655a2806f663cfd172c3483
Driver info: org.openqa.selenium.chrome.ChromeDriver
Capabilities [{platform=XP, acceptSslCerts=true, javascriptEnabled=true, browserName=chrome, chrome={userDataDir=C:\Users\uyr27b0\AppData\Local\Temp\scoped_dir98144_21584}, rotatable=false, locationContextEnabled=true, mobileEmulationEnabled=false, version=51.0.2704.103, takesHeapSnapshot=true, cssSelectorsEnabled=true, databaseEnabled=false, handlesAlerts=true, browserConnectionEnabled=false, webStorageEnabled=true, nativeEvents=true, hasTouchScreen=false, applicationCacheEnabled=false, takesScreenshot=true}]
	at sun.reflect.NativeConstructorAccessorImpl.newInstance0(Native Method)
	at sun.reflect.NativeConstructorAccessorImpl.newInstance(NativeConstructorAccessorImpl.java:57)
	at sun.reflect.DelegatingConstructorAccessorImpl.newInstance(DelegatingConstructorAccessorImpl.java:45)
	at java.lang.reflect.Constructor.newInstance(Constructor.java:525)
	at org.openqa.selenium.remote.ErrorHandler.createThrowable(ErrorHandler.java:206)
	at org.openqa.selenium.remote.ErrorHandler.throwIfResponseFailed(ErrorHandler.java:158)
	at org.openqa.selenium.remote.RemoteWebDriver.execute(RemoteWebDriver.java:647)
	at org.openqa.selenium.remote.RemoteWebElement.execute(RemoteWebElement.java:326)
	at org.openqa.selenium.remote.RemoteWebElement.clear(RemoteWebElement.java:139)
	at sun.reflect.GeneratedMethodAccessor5.invoke(Unknown Source)
	at sun.reflect.DelegatingMethodAccessorImpl.invoke(DelegatingMethodAccessorImpl.java:43)
	at java.lang.reflect.Method.invoke(Method.java:601)
	at org.openqa.selenium.support.pagefactory.internal.LocatingElementHandler.invoke(LocatingElementHandler.java:51)
	at $Proxy11.clear(Unknown Source)
	at Page.EqpStatusPageS.SetLocation(EqpStatusPageS.java:459)
	at TestCase.CLTGtesting.CLTGScreenTesting.ToCLTGWithProSetToCLTG(CLTGScreenTesting.java:60)
	at sun.reflect.NativeMethodAccessorImpl.invoke0(Native Method)
	at sun.reflect.NativeMethodAccessorImpl.invoke(NativeMethodAccessorImpl.java:57)
	at sun.reflect.DelegatingMethodAccessorImpl.invoke(DelegatingMethodAccessorImpl.java:43)
	at java.lang.reflect.Method.invoke(Method.java:601)
	at org.testng.internal.MethodInvocationHelper.invokeMethod(MethodInvocationHelper.java:86)
	at org.testng.internal.Invoker.invokeMethod(Invoker.java:646)
	at org.testng.internal.Invoker.invokeTestMethod(Invoker.java:823)
	at org.testng.internal.Invoker.invokeTestMethods(Invoker.java:1131)
	at org.testng.internal.TestMethodWorker.invokeTestMethods(TestMethodWorker.java:129)
	at org.testng.internal.TestMethodWorker.run(TestMethodWorker.java:112)
	at org.testng.TestRunner.privateRun(TestRunner.java:778)
	at org.testng.TestRunner.run(TestRunner.java:632)
	at org.testng.SuiteRunner.runTest(SuiteRunner.java:366)
	at org.testng.SuiteRunner.runSequentially(SuiteRunner.java:361)
	at org.testng.SuiteRunner.privateRun(SuiteRunner.java:319)
	at org.testng.SuiteRunner.run(SuiteRunner.java:268)
	at org.testng.SuiteRunnerWorker.runSuite(SuiteRunnerWorker.java:52)
	at org.testng.SuiteRunnerWorker.run(SuiteRunnerWorker.java:86)
	at org.testng.TestNG.runSuitesSequentially(TestNG.java:1225)
	at org.testng.TestNG.runSuitesLocally(TestNG.java:1150)
	at org.testng.TestNG.runSuites(TestNG.java:1075)
	at org.testng.TestNG.run(TestNG.java:1047)
	at org.testng.remote.AbstractRemoteTestNG.run(AbstractRemoteTestNG.java:126)
	at org.testng.remote.RemoteTestNG.initAndRun(RemoteTestNG.java:137)
	at org.testng.remote.RemoteTestNG.main(RemoteTestNG.java:58)
]]>
    </error>
  </testcase> <!-- ToCLTGWithProSetToCLTG -->
  <testcase name="ToCLTGWithProSetToCLTG" time="5.211" classname="TestCase.CLTGtesting.CLTGScreenTesting">
    <error type="org.openqa.selenium.NoSuchElementException" message="no such element: Unable to locate element: {&quot;method&quot;:&quot;css selector&quot;,&quot;selector&quot;:&quot;input[name^=&#039;trailerStatusVM.trailer.trailerShipmentCount_&#039;]&quot;}
  (Session info: chrome=51.0.2704.103)
  (Driver info: chromedriver=2.19.346078 (6f1f0cde889532d48ce8242342d0b84f94b114a1),platform=Windows NT 6.1 SP1 x86_64) (WARNING: The server did not provide any stacktrace information)
Command duration or timeout: 19 milliseconds
For documentation on this error, please visit: http://seleniumhq.org/exceptions/no_such_element.html
Build info: version: &#039;2.48.2&#039;, revision: &#039;41bccdd&#039;, time: &#039;2015-10-09 19:59:12&#039;
System info: host: &#039;N700278&#039;, ip: &#039;10.51.1.77&#039;, os.name: &#039;Windows 7&#039;, os.arch: &#039;amd64&#039;, os.version: &#039;6.1&#039;, java.version: &#039;1.7.0_06&#039;
*** Element info: {Using=css selector, value=input[name^=&#039;trailerStatusVM.trailer.trailerShipmentCount_&#039;]}
Session ID: 25cb8ec67655a2806f663cfd172c3483
Driver info: org.openqa.selenium.chrome.ChromeDriver
Capabilities [{platform=XP, acceptSslCerts=true, javascriptEnabled=true, browserName=chrome, chrome={userDataDir=C:\Users\uyr27b0\AppData\Local\Temp\scoped_dir98144_21584}, rotatable=false, locationContextEnabled=true, mobileEmulationEnabled=false, version=51.0.2704.103, takesHeapSnapshot=true, cssSelectorsEnabled=true, databaseEnabled=false, handlesAlerts=true, browserConnectionEnabled=false, webStorageEnabled=true, nativeEvents=true, hasTouchScreen=false, applicationCacheEnabled=false, takesScreenshot=true}]">
      <![CDATA[org.openqa.selenium.NoSuchElementException: no such element: Unable to locate element: {"method":"css selector","selector":"input[name^='trailerStatusVM.trailer.trailerShipmentCount_']"}
  (Session info: chrome=51.0.2704.103)
  (Driver info: chromedriver=2.19.346078 (6f1f0cde889532d48ce8242342d0b84f94b114a1),platform=Windows NT 6.1 SP1 x86_64) (WARNING: The server did not provide any stacktrace information)
Command duration or timeout: 19 milliseconds
For documentation on this error, please visit: http://seleniumhq.org/exceptions/no_such_element.html
Build info: version: '2.48.2', revision: '41bccdd', time: '2015-10-09 19:59:12'
System info: host: 'N700278', ip: '10.51.1.77', os.name: 'Windows 7', os.arch: 'amd64', os.version: '6.1', java.version: '1.7.0_06'
*** Element info: {Using=css selector, value=input[name^='trailerStatusVM.trailer.trailerShipmentCount_']}
Session ID: 25cb8ec67655a2806f663cfd172c3483
Driver info: org.openqa.selenium.chrome.ChromeDriver
Capabilities [{platform=XP, acceptSslCerts=true, javascriptEnabled=true, browserName=chrome, chrome={userDataDir=C:\Users\uyr27b0\AppData\Local\Temp\scoped_dir98144_21584}, rotatable=false, locationContextEnabled=true, mobileEmulationEnabled=false, version=51.0.2704.103, takesHeapSnapshot=true, cssSelectorsEnabled=true, databaseEnabled=false, handlesAlerts=true, browserConnectionEnabled=false, webStorageEnabled=true, nativeEvents=true, hasTouchScreen=false, applicationCacheEnabled=false, takesScreenshot=true}]
	at sun.reflect.GeneratedConstructorAccessor28.newInstance(Unknown Source)
	at sun.reflect.DelegatingConstructorAccessorImpl.newInstance(DelegatingConstructorAccessorImpl.java:45)
	at java.lang.reflect.Constructor.newInstance(Constructor.java:525)
	at org.openqa.selenium.remote.ErrorHandler.createThrowable(ErrorHandler.java:206)
	at org.openqa.selenium.remote.ErrorHandler.throwIfResponseFailed(ErrorHandler.java:158)
	at org.openqa.selenium.remote.RemoteWebDriver.execute(RemoteWebDriver.java:647)
	at org.openqa.selenium.remote.RemoteWebDriver.findElement(RemoteWebDriver.java:353)
	at org.openqa.selenium.remote.RemoteWebDriver.findElementByCssSelector(RemoteWebDriver.java:482)
	at org.openqa.selenium.By$ByCssSelector.findElement(By.java:430)
	at org.openqa.selenium.remote.RemoteWebDriver.findElement(RemoteWebDriver.java:345)
	at org.openqa.selenium.support.pagefactory.DefaultElementLocator.findElement(DefaultElementLocator.java:69)
	at org.openqa.selenium.support.pagefactory.internal.LocatingElementHandler.invoke(LocatingElementHandler.java:38)
	at $Proxy11.getAttribute(Unknown Source)
	at TestCase.CLTGtesting.CLTGScreenTesting.ToCLTGWithProSetToCLTG(CLTGScreenTesting.java:73)
	at sun.reflect.NativeMethodAccessorImpl.invoke0(Native Method)
	at sun.reflect.NativeMethodAccessorImpl.invoke(NativeMethodAccessorImpl.java:57)
	at sun.reflect.DelegatingMethodAccessorImpl.invoke(DelegatingMethodAccessorImpl.java:43)
	at java.lang.reflect.Method.invoke(Method.java:601)
	at org.testng.internal.MethodInvocationHelper.invokeMethod(MethodInvocationHelper.java:86)
	at org.testng.internal.Invoker.invokeMethod(Invoker.java:646)
	at org.testng.internal.Invoker.invokeTestMethod(Invoker.java:823)
	at org.testng.internal.Invoker.invokeTestMethods(Invoker.java:1131)
	at org.testng.internal.TestMethodWorker.invokeTestMethods(TestMethodWorker.java:129)
	at org.testng.internal.TestMethodWorker.run(TestMethodWorker.java:112)
	at org.testng.TestRunner.privateRun(TestRunner.java:778)
	at org.testng.TestRunner.run(TestRunner.java:632)
	at org.testng.SuiteRunner.runTest(SuiteRunner.java:366)
	at org.testng.SuiteRunner.runSequentially(SuiteRunner.java:361)
	at org.testng.SuiteRunner.privateRun(SuiteRunner.java:319)
	at org.testng.SuiteRunner.run(SuiteRunner.java:268)
	at org.testng.SuiteRunnerWorker.runSuite(SuiteRunnerWorker.java:52)
	at org.testng.SuiteRunnerWorker.run(SuiteRunnerWorker.java:86)
	at org.testng.TestNG.runSuitesSequentially(TestNG.java:1225)
	at org.testng.TestNG.runSuitesLocally(TestNG.java:1150)
	at org.testng.TestNG.runSuites(TestNG.java:1075)
	at org.testng.TestNG.run(TestNG.java:1047)
	at org.testng.remote.AbstractRemoteTestNG.run(AbstractRemoteTestNG.java:126)
	at org.testng.remote.RemoteTestNG.initAndRun(RemoteTestNG.java:137)
	at org.testng.remote.RemoteTestNG.main(RemoteTestNG.java:58)
]]>
    </error>
  </testcase> <!-- ToCLTGWithProSetToCLTG -->
  <testcase name="ToCLTGWithProSetToCLTG" time="11.668" classname="TestCase.CLTGtesting.CLTGScreenTesting">
    <failure type="java.lang.AssertionError" message="The following asserts failed:
	cltg screen pro grid is wrong expected [[[4824997549, 202, 186, 1018, 2016-02-03], [4824998337, 875, 186, 5443, 2016-02-04], [4824999601, 616, 186, 2308, 2016-02-05]]] but found [[[482-499754-9, 202, 186, 1018, 02/03/2016], [482-499833-7, 875, 186, 5443, 02/04/2016], [482-499960-1, 616, 186, 2308, 02/05/2016]]],
	City_Route_NM is wrong expected [] but found [null],
	Planned_Delivery_DT is wrong expected [Fri Feb 05 00:00:00 UTC 2016] but found [Wed Aug 03 00:00:00 UTC 2016]">
      <![CDATA[java.lang.AssertionError: The following asserts failed:
	cltg screen pro grid is wrong expected [[[4824997549, 202, 186, 1018, 2016-02-03], [4824998337, 875, 186, 5443, 2016-02-04], [4824999601, 616, 186, 2308, 2016-02-05]]] but found [[[482-499754-9, 202, 186, 1018, 02/03/2016], [482-499833-7, 875, 186, 5443, 02/04/2016], [482-499960-1, 616, 186, 2308, 02/05/2016]]],
	City_Route_NM is wrong expected [] but found [null],
	Planned_Delivery_DT is wrong expected [Fri Feb 05 00:00:00 UTC 2016] but found [Wed Aug 03 00:00:00 UTC 2016]
	at org.testng.asserts.SoftAssert.assertAll(SoftAssert.java:43)
	at TestCase.CLTGtesting.CLTGScreenTesting.ToCLTGWithProSetToCLTG(CLTGScreenTesting.java:115)
	at sun.reflect.NativeMethodAccessorImpl.invoke0(Native Method)
	at sun.reflect.NativeMethodAccessorImpl.invoke(NativeMethodAccessorImpl.java:57)
	at sun.reflect.DelegatingMethodAccessorImpl.invoke(DelegatingMethodAccessorImpl.java:43)
	at java.lang.reflect.Method.invoke(Method.java:601)
	at org.testng.internal.MethodInvocationHelper.invokeMethod(MethodInvocationHelper.java:86)
	at org.testng.internal.Invoker.invokeMethod(Invoker.java:646)
	at org.testng.internal.Invoker.invokeTestMethod(Invoker.java:823)
	at org.testng.internal.Invoker.invokeTestMethods(Invoker.java:1131)
	at org.testng.internal.TestMethodWorker.invokeTestMethods(TestMethodWorker.java:129)
	at org.testng.internal.TestMethodWorker.run(TestMethodWorker.java:112)
	at org.testng.TestRunner.privateRun(TestRunner.java:778)
	at org.testng.TestRunner.run(TestRunner.java:632)
	at org.testng.SuiteRunner.runTest(SuiteRunner.java:366)
	at org.testng.SuiteRunner.runSequentially(SuiteRunner.java:361)
	at org.testng.SuiteRunner.privateRun(SuiteRunner.java:319)
	at org.testng.SuiteRunner.run(SuiteRunner.java:268)
	at org.testng.SuiteRunnerWorker.runSuite(SuiteRunnerWorker.java:52)
	at org.testng.SuiteRunnerWorker.run(SuiteRunnerWorker.java:86)
	at org.testng.TestNG.runSuitesSequentially(TestNG.java:1225)
	at org.testng.TestNG.runSuitesLocally(TestNG.java:1150)
	at org.testng.TestNG.runSuites(TestNG.java:1075)
	at org.testng.TestNG.run(TestNG.java:1047)
	at org.testng.remote.AbstractRemoteTestNG.run(AbstractRemoteTestNG.java:126)
	at org.testng.remote.RemoteTestNG.initAndRun(RemoteTestNG.java:137)
	at org.testng.remote.RemoteTestNG.main(RemoteTestNG.java:58)
]]>
    </failure>
  </testcase> <!-- ToCLTGWithProSetToCLTG -->
  <testcase name="ToCLTGWithProSetToCLTG" time="11.593" classname="TestCase.CLTGtesting.CLTGScreenTesting">
    <failure type="java.lang.AssertionError" message="The following asserts failed:
	cltg screen pro grid is wrong expected [[[4826035426, 112, 422, 4795, 2016-02-17], [4936667046, 808, 422, 295, 2016-02-22], [6423577310, 642, 422, 357, 2016-02-22], [493327009X, 511, 422, 2068, 2016-02-18], [4993815947, 889, 422, 333, 2016-02-22]]] but found [[[482-603542-6, 112, 422, 4795, 02/17/2016], [493-666704-6, 808, 422, 295, 02/22/2016], [642-357731-0, 642, 422, 357, 02/22/2016], [493-327009-X, 511, 422, 2068, 02/18/2016], [499-381594-7, 889, 422, 333, 02/22/2016]]],
	City_Route_NM is wrong expected [] but found [null],
	Planned_Delivery_DT is wrong expected [Wed Feb 17 00:00:00 UTC 2016] but found [Wed Aug 03 00:00:00 UTC 2016]">
      <![CDATA[java.lang.AssertionError: The following asserts failed:
	cltg screen pro grid is wrong expected [[[4826035426, 112, 422, 4795, 2016-02-17], [4936667046, 808, 422, 295, 2016-02-22], [6423577310, 642, 422, 357, 2016-02-22], [493327009X, 511, 422, 2068, 2016-02-18], [4993815947, 889, 422, 333, 2016-02-22]]] but found [[[482-603542-6, 112, 422, 4795, 02/17/2016], [493-666704-6, 808, 422, 295, 02/22/2016], [642-357731-0, 642, 422, 357, 02/22/2016], [493-327009-X, 511, 422, 2068, 02/18/2016], [499-381594-7, 889, 422, 333, 02/22/2016]]],
	City_Route_NM is wrong expected [] but found [null],
	Planned_Delivery_DT is wrong expected [Wed Feb 17 00:00:00 UTC 2016] but found [Wed Aug 03 00:00:00 UTC 2016]
	at org.testng.asserts.SoftAssert.assertAll(SoftAssert.java:43)
	at TestCase.CLTGtesting.CLTGScreenTesting.ToCLTGWithProSetToCLTG(CLTGScreenTesting.java:115)
	at sun.reflect.NativeMethodAccessorImpl.invoke0(Native Method)
	at sun.reflect.NativeMethodAccessorImpl.invoke(NativeMethodAccessorImpl.java:57)
	at sun.reflect.DelegatingMethodAccessorImpl.invoke(DelegatingMethodAccessorImpl.java:43)
	at java.lang.reflect.Method.invoke(Method.java:601)
	at org.testng.internal.MethodInvocationHelper.invokeMethod(MethodInvocationHelper.java:86)
	at org.testng.internal.Invoker.invokeMethod(Invoker.java:646)
	at org.testng.internal.Invoker.invokeTestMethod(Invoker.java:823)
	at org.testng.internal.Invoker.invokeTestMethods(Invoker.java:1131)
	at org.testng.internal.TestMethodWorker.invokeTestMethods(TestMethodWorker.java:129)
	at org.testng.internal.TestMethodWorker.run(TestMethodWorker.java:112)
	at org.testng.TestRunner.privateRun(TestRunner.java:778)
	at org.testng.TestRunner.run(TestRunner.java:632)
	at org.testng.SuiteRunner.runTest(SuiteRunner.java:366)
	at org.testng.SuiteRunner.runSequentially(SuiteRunner.java:361)
	at org.testng.SuiteRunner.privateRun(SuiteRunner.java:319)
	at org.testng.SuiteRunner.run(SuiteRunner.java:268)
	at org.testng.SuiteRunnerWorker.runSuite(SuiteRunnerWorker.java:52)
	at org.testng.SuiteRunnerWorker.run(SuiteRunnerWorker.java:86)
	at org.testng.TestNG.runSuitesSequentially(TestNG.java:1225)
	at org.testng.TestNG.runSuitesLocally(TestNG.java:1150)
	at org.testng.TestNG.runSuites(TestNG.java:1075)
	at org.testng.TestNG.run(TestNG.java:1047)
	at org.testng.remote.AbstractRemoteTestNG.run(AbstractRemoteTestNG.java:126)
	at org.testng.remote.RemoteTestNG.initAndRun(RemoteTestNG.java:137)
	at org.testng.remote.RemoteTestNG.main(RemoteTestNG.java:58)
]]>
    </failure>
  </testcase> <!-- ToCLTGWithProSetToCLTG -->
  <testcase name="ToCLTGWithProSetToCLTG" time="0.116" classname="TestCase.CLTGtesting.CLTGScreenTesting">
    <error type="org.openqa.selenium.InvalidElementStateException" message="invalid element state: Element is not currently interactable and may not be manipulated
  (Session info: chrome=51.0.2704.103)
  (Driver info: chromedriver=2.19.346078 (6f1f0cde889532d48ce8242342d0b84f94b114a1),platform=Windows NT 6.1 SP1 x86_64) (WARNING: The server did not provide any stacktrace information)
Command duration or timeout: 27 milliseconds
Build info: version: &#039;2.48.2&#039;, revision: &#039;41bccdd&#039;, time: &#039;2015-10-09 19:59:12&#039;
System info: host: &#039;N700278&#039;, ip: &#039;10.51.1.77&#039;, os.name: &#039;Windows 7&#039;, os.arch: &#039;amd64&#039;, os.version: &#039;6.1&#039;, java.version: &#039;1.7.0_06&#039;
Session ID: 25cb8ec67655a2806f663cfd172c3483
Driver info: org.openqa.selenium.chrome.ChromeDriver
Capabilities [{platform=XP, acceptSslCerts=true, javascriptEnabled=true, browserName=chrome, chrome={userDataDir=C:\Users\uyr27b0\AppData\Local\Temp\scoped_dir98144_21584}, rotatable=false, locationContextEnabled=true, mobileEmulationEnabled=false, version=51.0.2704.103, takesHeapSnapshot=true, cssSelectorsEnabled=true, databaseEnabled=false, handlesAlerts=true, browserConnectionEnabled=false, webStorageEnabled=true, nativeEvents=true, hasTouchScreen=false, applicationCacheEnabled=false, takesScreenshot=true}]">
      <![CDATA[org.openqa.selenium.InvalidElementStateException: invalid element state: Element is not currently interactable and may not be manipulated
  (Session info: chrome=51.0.2704.103)
  (Driver info: chromedriver=2.19.346078 (6f1f0cde889532d48ce8242342d0b84f94b114a1),platform=Windows NT 6.1 SP1 x86_64) (WARNING: The server did not provide any stacktrace information)
Command duration or timeout: 27 milliseconds
Build info: version: '2.48.2', revision: '41bccdd', time: '2015-10-09 19:59:12'
System info: host: 'N700278', ip: '10.51.1.77', os.name: 'Windows 7', os.arch: 'amd64', os.version: '6.1', java.version: '1.7.0_06'
Session ID: 25cb8ec67655a2806f663cfd172c3483
Driver info: org.openqa.selenium.chrome.ChromeDriver
Capabilities [{platform=XP, acceptSslCerts=true, javascriptEnabled=true, browserName=chrome, chrome={userDataDir=C:\Users\uyr27b0\AppData\Local\Temp\scoped_dir98144_21584}, rotatable=false, locationContextEnabled=true, mobileEmulationEnabled=false, version=51.0.2704.103, takesHeapSnapshot=true, cssSelectorsEnabled=true, databaseEnabled=false, handlesAlerts=true, browserConnectionEnabled=false, webStorageEnabled=true, nativeEvents=true, hasTouchScreen=false, applicationCacheEnabled=false, takesScreenshot=true}]
	at sun.reflect.NativeConstructorAccessorImpl.newInstance0(Native Method)
	at sun.reflect.NativeConstructorAccessorImpl.newInstance(NativeConstructorAccessorImpl.java:57)
	at sun.reflect.DelegatingConstructorAccessorImpl.newInstance(DelegatingConstructorAccessorImpl.java:45)
	at java.lang.reflect.Constructor.newInstance(Constructor.java:525)
	at org.openqa.selenium.remote.ErrorHandler.createThrowable(ErrorHandler.java:206)
	at org.openqa.selenium.remote.ErrorHandler.throwIfResponseFailed(ErrorHandler.java:158)
	at org.openqa.selenium.remote.RemoteWebDriver.execute(RemoteWebDriver.java:647)
	at org.openqa.selenium.remote.RemoteWebElement.execute(RemoteWebElement.java:326)
	at org.openqa.selenium.remote.RemoteWebElement.clear(RemoteWebElement.java:139)
	at sun.reflect.GeneratedMethodAccessor5.invoke(Unknown Source)
	at sun.reflect.DelegatingMethodAccessorImpl.invoke(DelegatingMethodAccessorImpl.java:43)
	at java.lang.reflect.Method.invoke(Method.java:601)
	at org.openqa.selenium.support.pagefactory.internal.LocatingElementHandler.invoke(LocatingElementHandler.java:51)
	at $Proxy11.clear(Unknown Source)
	at Page.EqpStatusPageS.SetLocation(EqpStatusPageS.java:459)
	at TestCase.CLTGtesting.CLTGScreenTesting.ToCLTGWithProSetToCLTG(CLTGScreenTesting.java:60)
	at sun.reflect.NativeMethodAccessorImpl.invoke0(Native Method)
	at sun.reflect.NativeMethodAccessorImpl.invoke(NativeMethodAccessorImpl.java:57)
	at sun.reflect.DelegatingMethodAccessorImpl.invoke(DelegatingMethodAccessorImpl.java:43)
	at java.lang.reflect.Method.invoke(Method.java:601)
	at org.testng.internal.MethodInvocationHelper.invokeMethod(MethodInvocationHelper.java:86)
	at org.testng.internal.Invoker.invokeMethod(Invoker.java:646)
	at org.testng.internal.Invoker.invokeTestMethod(Invoker.java:823)
	at org.testng.internal.Invoker.invokeTestMethods(Invoker.java:1131)
	at org.testng.internal.TestMethodWorker.invokeTestMethods(TestMethodWorker.java:129)
	at org.testng.internal.TestMethodWorker.run(TestMethodWorker.java:112)
	at org.testng.TestRunner.privateRun(TestRunner.java:778)
	at org.testng.TestRunner.run(TestRunner.java:632)
	at org.testng.SuiteRunner.runTest(SuiteRunner.java:366)
	at org.testng.SuiteRunner.runSequentially(SuiteRunner.java:361)
	at org.testng.SuiteRunner.privateRun(SuiteRunner.java:319)
	at org.testng.SuiteRunner.run(SuiteRunner.java:268)
	at org.testng.SuiteRunnerWorker.runSuite(SuiteRunnerWorker.java:52)
	at org.testng.SuiteRunnerWorker.run(SuiteRunnerWorker.java:86)
	at org.testng.TestNG.runSuitesSequentially(TestNG.java:1225)
	at org.testng.TestNG.runSuitesLocally(TestNG.java:1150)
	at org.testng.TestNG.runSuites(TestNG.java:1075)
	at org.testng.TestNG.run(TestNG.java:1047)
	at org.testng.remote.AbstractRemoteTestNG.run(AbstractRemoteTestNG.java:126)
	at org.testng.remote.RemoteTestNG.initAndRun(RemoteTestNG.java:137)
	at org.testng.remote.RemoteTestNG.main(RemoteTestNG.java:58)
]]>
    </error>
  </testcase> <!-- ToCLTGWithProSetToCLTG -->
  <testcase name="ToCLTGWithProSetToCLTG" time="17.958" classname="TestCase.CLTGtesting.CLTGScreenTesting">
    <failure type="java.lang.AssertionError" message="The following asserts failed:
	cltg screen pro grid is wrong expected [[[4936190169, 833, 402, 2200, 2016-02-16], [4821863988, 830, 402, 1081, 2016-02-16], [4972727066, 783, 402, 150, 2016-02-16], [4594277269, 178, 402, 544, 2016-02-17], [4463933885, 268, 402, 655, 2016-02-12], [4543546438, 834, 402, 212, 2016-02-12], [4962169402, 847, 402, 330, 2016-02-11], [4972730741, 830, 402, 330, 2016-02-12], [4972736288, %, 641, 402, 240, 2016-02-16], [482525361X, 841, 402, 1568, 2016-02-18], [8423380621, 842, 402, 1405, 2016-02-16], [4993836499, 830, 402, 370, 2016-02-19], [4958738721, 841, 402, 498, 2016-02-19], [4993803342, 641, 402, 730, 2016-02-19], [4895601705, 783, 402, 503, 2016-02-17], [496217438X, 847, 402, 340, 2016-02-16], [4536439400, 641, 402, 246, 2016-02-19], [4549539952, 896, 402, 1035, 2016-02-17]]] but found [[[493-619016-9, 833, 402, 2200, 02/16/2016], [482-186398-8, 830, 402, 1081, 02/16/2016], [497-272706-6, 783, 402, 150, 02/16/2016], [459-427726-9, 178, 402, 544, 02/17/2016], [446-393388-5, 268, 402, 655, 02/12/2016], [454-354643-8, 834, 402, 212, 02/12/2016], [496-216940-2, 847, 402, 330, 02/11/2016], [497-273074-1, 830, 402, 330, 02/12/2016], [497-273628-8, %, 641, 402, 240, 02/16/2016], [482-525361-X, 841, 402, 1568, 02/18/2016], [842-338062-1, 842, 402, 1405, 02/16/2016], [499-383649-9, 830, 402, 370, 02/19/2016], [495-873872-1, 841, 402, 498, 02/19/2016], [499-380334-2, 641, 402, 730, 02/19/2016], [489-560170-5, 783, 402, 503, 02/17/2016], [496-217438-X, 847, 402, 340, 02/16/2016], [453-643940-0, 641, 402, 246, 02/19/2016], [454-953995-2, 896, 402, 1035, 02/17/2016]]],
	City_Route_NM is wrong expected [] but found [null],
	Planned_Delivery_DT is wrong expected [Tue Feb 16 00:00:00 UTC 2016] but found [Wed Aug 03 00:00:00 UTC 2016]">
      <![CDATA[java.lang.AssertionError: The following asserts failed:
	cltg screen pro grid is wrong expected [[[4936190169, 833, 402, 2200, 2016-02-16], [4821863988, 830, 402, 1081, 2016-02-16], [4972727066, 783, 402, 150, 2016-02-16], [4594277269, 178, 402, 544, 2016-02-17], [4463933885, 268, 402, 655, 2016-02-12], [4543546438, 834, 402, 212, 2016-02-12], [4962169402, 847, 402, 330, 2016-02-11], [4972730741, 830, 402, 330, 2016-02-12], [4972736288, %, 641, 402, 240, 2016-02-16], [482525361X, 841, 402, 1568, 2016-02-18], [8423380621, 842, 402, 1405, 2016-02-16], [4993836499, 830, 402, 370, 2016-02-19], [4958738721, 841, 402, 498, 2016-02-19], [4993803342, 641, 402, 730, 2016-02-19], [4895601705, 783, 402, 503, 2016-02-17], [496217438X, 847, 402, 340, 2016-02-16], [4536439400, 641, 402, 246, 2016-02-19], [4549539952, 896, 402, 1035, 2016-02-17]]] but found [[[493-619016-9, 833, 402, 2200, 02/16/2016], [482-186398-8, 830, 402, 1081, 02/16/2016], [497-272706-6, 783, 402, 150, 02/16/2016], [459-427726-9, 178, 402, 544, 02/17/2016], [446-393388-5, 268, 402, 655, 02/12/2016], [454-354643-8, 834, 402, 212, 02/12/2016], [496-216940-2, 847, 402, 330, 02/11/2016], [497-273074-1, 830, 402, 330, 02/12/2016], [497-273628-8, %, 641, 402, 240, 02/16/2016], [482-525361-X, 841, 402, 1568, 02/18/2016], [842-338062-1, 842, 402, 1405, 02/16/2016], [499-383649-9, 830, 402, 370, 02/19/2016], [495-873872-1, 841, 402, 498, 02/19/2016], [499-380334-2, 641, 402, 730, 02/19/2016], [489-560170-5, 783, 402, 503, 02/17/2016], [496-217438-X, 847, 402, 340, 02/16/2016], [453-643940-0, 641, 402, 246, 02/19/2016], [454-953995-2, 896, 402, 1035, 02/17/2016]]],
	City_Route_NM is wrong expected [] but found [null],
	Planned_Delivery_DT is wrong expected [Tue Feb 16 00:00:00 UTC 2016] but found [Wed Aug 03 00:00:00 UTC 2016]
	at org.testng.asserts.SoftAssert.assertAll(SoftAssert.java:43)
	at TestCase.CLTGtesting.CLTGScreenTesting.ToCLTGWithProSetToCLTG(CLTGScreenTesting.java:115)
	at sun.reflect.NativeMethodAccessorImpl.invoke0(Native Method)
	at sun.reflect.NativeMethodAccessorImpl.invoke(NativeMethodAccessorImpl.java:57)
	at sun.reflect.DelegatingMethodAccessorImpl.invoke(DelegatingMethodAccessorImpl.java:43)
	at java.lang.reflect.Method.invoke(Method.java:601)
	at org.testng.internal.MethodInvocationHelper.invokeMethod(MethodInvocationHelper.java:86)
	at org.testng.internal.Invoker.invokeMethod(Invoker.java:646)
	at org.testng.internal.Invoker.invokeTestMethod(Invoker.java:823)
	at org.testng.internal.Invoker.invokeTestMethods(Invoker.java:1131)
	at org.testng.internal.TestMethodWorker.invokeTestMethods(TestMethodWorker.java:129)
	at org.testng.internal.TestMethodWorker.run(TestMethodWorker.java:112)
	at org.testng.TestRunner.privateRun(TestRunner.java:778)
	at org.testng.TestRunner.run(TestRunner.java:632)
	at org.testng.SuiteRunner.runTest(SuiteRunner.java:366)
	at org.testng.SuiteRunner.runSequentially(SuiteRunner.java:361)
	at org.testng.SuiteRunner.privateRun(SuiteRunner.java:319)
	at org.testng.SuiteRunner.run(SuiteRunner.java:268)
	at org.testng.SuiteRunnerWorker.runSuite(SuiteRunnerWorker.java:52)
	at org.testng.SuiteRunnerWorker.run(SuiteRunnerWorker.java:86)
	at org.testng.TestNG.runSuitesSequentially(TestNG.java:1225)
	at org.testng.TestNG.runSuitesLocally(TestNG.java:1150)
	at org.testng.TestNG.runSuites(TestNG.java:1075)
	at org.testng.TestNG.run(TestNG.java:1047)
	at org.testng.remote.AbstractRemoteTestNG.run(AbstractRemoteTestNG.java:126)
	at org.testng.remote.RemoteTestNG.initAndRun(RemoteTestNG.java:137)
	at org.testng.remote.RemoteTestNG.main(RemoteTestNG.java:58)
]]>
    </failure>
  </testcase> <!-- ToCLTGWithProSetToCLTG -->
  <testcase name="ToCLTGWithProSetToCLTG" time="12.539" classname="TestCase.CLTGtesting.CLTGScreenTesting">
    <failure type="java.lang.AssertionError" message="The following asserts failed:
	cltg screen pro grid is wrong expected [[[1967252154, 525, 890, 152, 2016-02-22], [4280495330, 218, 890, 315, 2016-02-11], [4934508516, 830, 890, 20, 2016-02-12], [4950908573, 431, 890, 150, 2016-02-19], [4975317126, 347, 890, 491, 2016-02-11], [4939630381, 890, 890, 191, 2016-02-17], [9630273534, 890, 890, 1690, 2016-02-17], [4969071792, 819, 890, 570, 2016-02-17]]] but found [[[196-725215-4, 525, 890, 152, 02/22/2016], [428-049533-0, 218, 890, 315, 02/11/2016], [493-450851-6, 830, 890, 20, 02/12/2016], [495-090857-3, 431, 890, 150, 02/19/2016], [497-531712-6, 347, 890, 491, 02/11/2016], [493-963038-1, 890, 890, 191, 02/17/2016], [963-027353-4, 890, 890, 1690, 02/17/2016], [496-907179-2, 819, 890, 570, 02/17/2016]]],
	City_Route_NM is wrong expected [] but found [null],
	Planned_Delivery_DT is wrong expected [Wed Feb 17 00:00:00 UTC 2016] but found [Wed Aug 03 00:00:00 UTC 2016]">
      <![CDATA[java.lang.AssertionError: The following asserts failed:
	cltg screen pro grid is wrong expected [[[1967252154, 525, 890, 152, 2016-02-22], [4280495330, 218, 890, 315, 2016-02-11], [4934508516, 830, 890, 20, 2016-02-12], [4950908573, 431, 890, 150, 2016-02-19], [4975317126, 347, 890, 491, 2016-02-11], [4939630381, 890, 890, 191, 2016-02-17], [9630273534, 890, 890, 1690, 2016-02-17], [4969071792, 819, 890, 570, 2016-02-17]]] but found [[[196-725215-4, 525, 890, 152, 02/22/2016], [428-049533-0, 218, 890, 315, 02/11/2016], [493-450851-6, 830, 890, 20, 02/12/2016], [495-090857-3, 431, 890, 150, 02/19/2016], [497-531712-6, 347, 890, 491, 02/11/2016], [493-963038-1, 890, 890, 191, 02/17/2016], [963-027353-4, 890, 890, 1690, 02/17/2016], [496-907179-2, 819, 890, 570, 02/17/2016]]],
	City_Route_NM is wrong expected [] but found [null],
	Planned_Delivery_DT is wrong expected [Wed Feb 17 00:00:00 UTC 2016] but found [Wed Aug 03 00:00:00 UTC 2016]
	at org.testng.asserts.SoftAssert.assertAll(SoftAssert.java:43)
	at TestCase.CLTGtesting.CLTGScreenTesting.ToCLTGWithProSetToCLTG(CLTGScreenTesting.java:115)
	at sun.reflect.NativeMethodAccessorImpl.invoke0(Native Method)
	at sun.reflect.NativeMethodAccessorImpl.invoke(NativeMethodAccessorImpl.java:57)
	at sun.reflect.DelegatingMethodAccessorImpl.invoke(DelegatingMethodAccessorImpl.java:43)
	at java.lang.reflect.Method.invoke(Method.java:601)
	at org.testng.internal.MethodInvocationHelper.invokeMethod(MethodInvocationHelper.java:86)
	at org.testng.internal.Invoker.invokeMethod(Invoker.java:646)
	at org.testng.internal.Invoker.invokeTestMethod(Invoker.java:823)
	at org.testng.internal.Invoker.invokeTestMethods(Invoker.java:1131)
	at org.testng.internal.TestMethodWorker.invokeTestMethods(TestMethodWorker.java:129)
	at org.testng.internal.TestMethodWorker.run(TestMethodWorker.java:112)
	at org.testng.TestRunner.privateRun(TestRunner.java:778)
	at org.testng.TestRunner.run(TestRunner.java:632)
	at org.testng.SuiteRunner.runTest(SuiteRunner.java:366)
	at org.testng.SuiteRunner.runSequentially(SuiteRunner.java:361)
	at org.testng.SuiteRunner.privateRun(SuiteRunner.java:319)
	at org.testng.SuiteRunner.run(SuiteRunner.java:268)
	at org.testng.SuiteRunnerWorker.runSuite(SuiteRunnerWorker.java:52)
	at org.testng.SuiteRunnerWorker.run(SuiteRunnerWorker.java:86)
	at org.testng.TestNG.runSuitesSequentially(TestNG.java:1225)
	at org.testng.TestNG.runSuitesLocally(TestNG.java:1150)
	at org.testng.TestNG.runSuites(TestNG.java:1075)
	at org.testng.TestNG.run(TestNG.java:1047)
	at org.testng.remote.AbstractRemoteTestNG.run(AbstractRemoteTestNG.java:126)
	at org.testng.remote.RemoteTestNG.initAndRun(RemoteTestNG.java:137)
	at org.testng.remote.RemoteTestNG.main(RemoteTestNG.java:58)
]]>
    </failure>
  </testcase> <!-- ToCLTGWithProSetToCLTG -->
  <testcase name="ToCLTGWithProSetToCLTG" time="11.045" classname="TestCase.CLTGtesting.CLTGScreenTesting">
    <failure type="java.lang.AssertionError" message="The following asserts failed:
	cltg screen pro grid is wrong expected [[[4277189317, 845, 261, 1795, 2016-02-10], [4277194927, 845, 261, 13078, 2016-02-12]]] but found [[[427-718931-7, 845, 261, 1795, 02/10/2016], [427-719492-7, 845, 261, 13078, 02/12/2016]]],
	City_Route_NM is wrong expected [] but found [null],
	Planned_Delivery_DT is wrong expected [null] but found [Wed Aug 03 00:00:00 UTC 2016]">
      <![CDATA[java.lang.AssertionError: The following asserts failed:
	cltg screen pro grid is wrong expected [[[4277189317, 845, 261, 1795, 2016-02-10], [4277194927, 845, 261, 13078, 2016-02-12]]] but found [[[427-718931-7, 845, 261, 1795, 02/10/2016], [427-719492-7, 845, 261, 13078, 02/12/2016]]],
	City_Route_NM is wrong expected [] but found [null],
	Planned_Delivery_DT is wrong expected [null] but found [Wed Aug 03 00:00:00 UTC 2016]
	at org.testng.asserts.SoftAssert.assertAll(SoftAssert.java:43)
	at TestCase.CLTGtesting.CLTGScreenTesting.ToCLTGWithProSetToCLTG(CLTGScreenTesting.java:115)
	at sun.reflect.NativeMethodAccessorImpl.invoke0(Native Method)
	at sun.reflect.NativeMethodAccessorImpl.invoke(NativeMethodAccessorImpl.java:57)
	at sun.reflect.DelegatingMethodAccessorImpl.invoke(DelegatingMethodAccessorImpl.java:43)
	at java.lang.reflect.Method.invoke(Method.java:601)
	at org.testng.internal.MethodInvocationHelper.invokeMethod(MethodInvocationHelper.java:86)
	at org.testng.internal.Invoker.invokeMethod(Invoker.java:646)
	at org.testng.internal.Invoker.invokeTestMethod(Invoker.java:823)
	at org.testng.internal.Invoker.invokeTestMethods(Invoker.java:1131)
	at org.testng.internal.TestMethodWorker.invokeTestMethods(TestMethodWorker.java:129)
	at org.testng.internal.TestMethodWorker.run(TestMethodWorker.java:112)
	at org.testng.TestRunner.privateRun(TestRunner.java:778)
	at org.testng.TestRunner.run(TestRunner.java:632)
	at org.testng.SuiteRunner.runTest(SuiteRunner.java:366)
	at org.testng.SuiteRunner.runSequentially(SuiteRunner.java:361)
	at org.testng.SuiteRunner.privateRun(SuiteRunner.java:319)
	at org.testng.SuiteRunner.run(SuiteRunner.java:268)
	at org.testng.SuiteRunnerWorker.runSuite(SuiteRunnerWorker.java:52)
	at org.testng.SuiteRunnerWorker.run(SuiteRunnerWorker.java:86)
	at org.testng.TestNG.runSuitesSequentially(TestNG.java:1225)
	at org.testng.TestNG.runSuitesLocally(TestNG.java:1150)
	at org.testng.TestNG.runSuites(TestNG.java:1075)
	at org.testng.TestNG.run(TestNG.java:1047)
	at org.testng.remote.AbstractRemoteTestNG.run(AbstractRemoteTestNG.java:126)
	at org.testng.remote.RemoteTestNG.initAndRun(RemoteTestNG.java:137)
	at org.testng.remote.RemoteTestNG.main(RemoteTestNG.java:58)
]]>
    </failure>
  </testcase> <!-- ToCLTGWithProSetToCLTG -->
  <testcase name="ToCLTGWithProSetToCLTG" time="10.220" classname="TestCase.CLTGtesting.CLTGScreenTesting">
    <failure type="java.lang.AssertionError" message="The following asserts failed:
	cltg screen pro grid is wrong expected [[[2532775796, 889, 511, 170, 2016-02-17], [4544509652, 783, 511, 1320, 2016-02-18]]] but found [[[253-277579-6, 889, 511, 170, 02/17/2016], [454-450965-2, 783, 511, 1320, 02/18/2016]]],
	City_Route_NM is wrong expected [] but found [null],
	Planned_Delivery_DT is wrong expected [Wed Feb 17 00:00:00 UTC 2016] but found [Wed Aug 03 00:00:00 UTC 2016]">
      <![CDATA[java.lang.AssertionError: The following asserts failed:
	cltg screen pro grid is wrong expected [[[2532775796, 889, 511, 170, 2016-02-17], [4544509652, 783, 511, 1320, 2016-02-18]]] but found [[[253-277579-6, 889, 511, 170, 02/17/2016], [454-450965-2, 783, 511, 1320, 02/18/2016]]],
	City_Route_NM is wrong expected [] but found [null],
	Planned_Delivery_DT is wrong expected [Wed Feb 17 00:00:00 UTC 2016] but found [Wed Aug 03 00:00:00 UTC 2016]
	at org.testng.asserts.SoftAssert.assertAll(SoftAssert.java:43)
	at TestCase.CLTGtesting.CLTGScreenTesting.ToCLTGWithProSetToCLTG(CLTGScreenTesting.java:115)
	at sun.reflect.NativeMethodAccessorImpl.invoke0(Native Method)
	at sun.reflect.NativeMethodAccessorImpl.invoke(NativeMethodAccessorImpl.java:57)
	at sun.reflect.DelegatingMethodAccessorImpl.invoke(DelegatingMethodAccessorImpl.java:43)
	at java.lang.reflect.Method.invoke(Method.java:601)
	at org.testng.internal.MethodInvocationHelper.invokeMethod(MethodInvocationHelper.java:86)
	at org.testng.internal.Invoker.invokeMethod(Invoker.java:646)
	at org.testng.internal.Invoker.invokeTestMethod(Invoker.java:823)
	at org.testng.internal.Invoker.invokeTestMethods(Invoker.java:1131)
	at org.testng.internal.TestMethodWorker.invokeTestMethods(TestMethodWorker.java:129)
	at org.testng.internal.TestMethodWorker.run(TestMethodWorker.java:112)
	at org.testng.TestRunner.privateRun(TestRunner.java:778)
	at org.testng.TestRunner.run(TestRunner.java:632)
	at org.testng.SuiteRunner.runTest(SuiteRunner.java:366)
	at org.testng.SuiteRunner.runSequentially(SuiteRunner.java:361)
	at org.testng.SuiteRunner.privateRun(SuiteRunner.java:319)
	at org.testng.SuiteRunner.run(SuiteRunner.java:268)
	at org.testng.SuiteRunnerWorker.runSuite(SuiteRunnerWorker.java:52)
	at org.testng.SuiteRunnerWorker.run(SuiteRunnerWorker.java:86)
	at org.testng.TestNG.runSuitesSequentially(TestNG.java:1225)
	at org.testng.TestNG.runSuitesLocally(TestNG.java:1150)
	at org.testng.TestNG.runSuites(TestNG.java:1075)
	at org.testng.TestNG.run(TestNG.java:1047)
	at org.testng.remote.AbstractRemoteTestNG.run(AbstractRemoteTestNG.java:126)
	at org.testng.remote.RemoteTestNG.initAndRun(RemoteTestNG.java:137)
	at org.testng.remote.RemoteTestNG.main(RemoteTestNG.java:58)
]]>
    </failure>
  </testcase> <!-- ToCLTGWithProSetToCLTG -->
</testsuite> <!-- TestCase.CLTGtesting.CLTGScreenTesting -->
