<html>
<head>
<title>TestNG:  test ldd</title>
<link href="../testng.css" rel="stylesheet" type="text/css" />
<link href="../my-testng.css" rel="stylesheet" type="text/css" />

<style type="text/css">
.log { display: none;} 
.stack-trace { display: none;} 
</style>
<script type="text/javascript">
<!--
function flip(e) {
  current = e.style.display;
  if (current == 'block') {
    e.style.display = 'none';
    return 0;
  }
  else {
    e.style.display = 'block';
    return 1;
  }
}

function toggleBox(szDivId, elem, msg1, msg2)
{
  var res = -1;  if (document.getElementById) {
    res = flip(document.getElementById(szDivId));
  }
  else if (document.all) {
    // this is the way old msie versions work
    res = flip(document.all[szDivId]);
  }
  if(elem) {
    if(res == 0) elem.innerHTML = msg1; else elem.innerHTML = msg2;
  }

}

function toggleAllBoxes() {
  if (document.getElementsByTagName) {
    d = document.getElementsByTagName('div');
    for (i = 0; i < d.length; i++) {
      if (d[i].className == 'log') {
        flip(d[i]);
      }
    }
  }
}

// -->
</script>

</head>
<body>
<h2 align='center'>test ldd</h2><table border='1' align="center">
<tr>
<td>Tests passed/Failed/Skipped:</td><td>16/2/0</td>
</tr><tr>
<td>Started on:</td><td>Mon Apr 25 21:33:08 UTC 2016</td>
</tr>
<tr><td>Total time:</td><td>849 seconds (849857 ms)</td>
</tr><tr>
<td>Included groups:</td><td></td>
</tr><tr>
<td>Excluded groups:</td><td></td>
</tr>
</table><p/>
<small><i>(Hover the method name to see the test class name)</i></small><p/>
<table width='100%' border='1' class='invocation-failed'>
<tr><td colspan='4' align='center'><b>FAILED TESTS</b></td></tr>
<tr><td><b>Test method</b></td>
<td width="30%"><b>Exception</b></td>
<td width="10%"><b>Time (seconds)</b></td>
<td><b>Instance</b></td>
</tr>
<tr>
<td title='LDDscreen.US607PromptHeadloadOnDestinationChangeLDD.lddTrailerWithProsYes()'><b>lddTrailerWithProsYes</b><br>Test class: LDDscreen.US607PromptHeadloadOnDestinationChangeLDD<br>Parameters: 525, RDWY, 125434, 455, 85, null, null</td>
<td><div><pre>org.openqa.selenium.TimeoutException: Timed out after 20 seconds waiting for visibility of element located by By.linkText: 125434
Build info: version: &apos;2.48.2&apos;, revision: &apos;41bccdd&apos;, time: &apos;2015-10-09 19:59:12&apos;
System info: host: &apos;N700278&apos;, ip: &apos;10.51.235.212&apos;, os.name: &apos;Windows 7&apos;, os.arch: &apos;amd64&apos;, os.version: &apos;6.1&apos;, java.version: &apos;1.7.0_06&apos;
Session ID: ad4a0ea7-292a-473f-99b2-d02753a1eced
Driver info: org.openqa.selenium.ie.InternetExplorerDriver
Capabilities [{platform=WINDOWS, javascriptEnabled=true, elementScrollBehavior=0, ignoreZoomSetting=false, enablePersistentHover=true, ie.ensureCleanSession=false, browserName=internet explorer, enableElementCacheCleanup=true, unexpectedAlertBehaviour=dismiss, version=11, pageLoadStrategy=normal, ie.usePerProcessProxy=false, cssSelectorsEnabled=true, ignoreProtectedModeSettings=false, requireWindowFocus=false, initialBrowserUrl=http://localhost:32721/, handlesAlerts=true, ie.forceCreateProcessApi=false, nativeEvents=true, browserAttachTimeout=0, ie.browserCommandLineSwitches=, takesScreenshot=true}]
	at org.openqa.selenium.support.ui.WebDriverWait.timeoutException(WebDriverWait.java:80)
	at org.openqa.selenium.support.ui.FluentWait.until(FluentWait.java:261)
	at Page.EqpStatusPageS.EnterTrailer(EqpStatusPageS.java:488)
	at LDDscreen.US607PromptHeadloadOnDestinationChangeLDD.lddTrailerWithProsYes(US607PromptHeadloadOnDestinationChangeLDD.java:156)
	at sun.reflect.NativeMethodAccessorImpl.invoke0(Native Method)
	at sun.reflect.NativeMethodAccessorImpl.invoke(Unknown Source)
	at sun.reflect.DelegatingMethodAccessorImpl.invoke(Unknown Source)
	at java.lang.reflect.Method.invoke(Unknown Source)
	at org.testng.internal.MethodInvocationHelper.invokeMethod(MethodInvocationHelper.java:85)
	at org.testng.internal.Invoker.invokeMethod(Invoker.java:639)
	at org.testng.internal.Invoker.invokeTestMethod(Invoker.java:816)
	at org.testng.internal.Invoker.invokeTestMethods(Invoker.java:1124)
	at org.testng.internal.TestMethodWorker.invokeTestMethods(TestMethodWorker.java:124)
	at org.testng.internal.TestMethodWorker.run(TestMethodWorker.java:108)
	at org.testng.TestRunner.privateRun(TestRunner.java:773)
	at org.testng.TestRunner.run(TestRunner.java:623)
	at org.testng.SuiteRunner.runTest(SuiteRunner.java:359)
	at org.testng.SuiteRunner.runSequentially(SuiteRunner.java:354)
	at org.testng.SuiteRunner.privateRun(SuiteRunner.java:312)
	at org.testng.SuiteRunner.run(SuiteRunner.java:261)
	at org.testng.SuiteRunnerWorker.runSuite(SuiteRunnerWorker.java:52)
	at org.testng.SuiteRunnerWorker.run(SuiteRunnerWorker.java:86)
	at org.testng.TestNG.runSuitesSequentially(TestNG.java:1185)
	at org.testng.TestNG.runSuitesLocally(TestNG.java:1110)
	at org.testng.TestNG.run(TestNG.java:1018)
	at org.testng.remote.RemoteTestNG.run(RemoteTestNG.java:112)
	at org.testng.remote.RemoteTestNG.initAndRun(RemoteTestNG.java:205)
	at org.testng.remote.RemoteTestNG.main(RemoteTestNG.java:176)
Caused by: org.openqa.selenium.NoSuchElementException: Unable to find element with link text == 125434 (WARNING: The server did not provide any stacktrace information)
Command duration or timeout: 354 milliseconds
For documentation on this error, please visit: http://seleniumhq.org/exceptions/no_such_element.html
Build info: version: &apos;2.48.2&apos;, revision: &apos;41bccdd&apos;, time: &apos;2015-10-09 19:59:12&apos;
System info: host: &apos;N700278&apos;, ip: &apos;10.51.235.212&apos;, os.name: &apos;Windows 7&apos;, os.arch: &apos;amd64&apos;, os.version: &apos;6.1&apos;, java.version: &apos;1.7.0_06&apos;
*** Element info: {Using=link text, value=125434}
Session ID: ad4a0ea7-292a-473f-99b2-d02753a1eced
Driver info: org.openqa.selenium.ie.InternetExplorerDriver
Capabilities [{platform=WINDOWS, javascriptEnabled=true, elementScrollBehavior=0, ignoreZoomSetting=false, enablePersistentHover=true, ie.ensureCleanSession=false, browserName=internet explorer, enableElementCacheCleanup=true, unexpectedAlertBehaviour=dismiss, version=11, pageLoadStrategy=normal, ie.usePerProcessProxy=false, cssSelectorsEnabled=true, ignoreProtectedModeSettings=false, requireWindowFocus=false, initialBrowserUrl=http://localhost:32721/, handlesAlerts=true, ie.forceCreateProcessApi=false, nativeEvents=true, browserAttachTimeout=0, ie.browserCommandLineSwitches=, takesScreenshot=true}]
	at sun.reflect.GeneratedConstructorAccessor28.newInstance(Unknown Source)
	at sun.reflect.DelegatingConstructorAccessorImpl.newInstance(Unknown Source)
	at java.lang.reflect.Constructor.newInstance(Unknown Source)
	at org.openqa.selenium.remote.ErrorHandler.createThrowable(ErrorHandler.java:206)
	at org.openqa.selenium.remote.ErrorHandler.throwIfResponseFailed(ErrorHandler.java:158)
	at org.openqa.selenium.remote.RemoteWebDriver.execute(RemoteWebDriver.java:647)
	at org.openqa.selenium.remote.RemoteWebDriver.findElement(RemoteWebDriver.java:353)
	at org.openqa.selenium.remote.RemoteWebDriver.findElementByLinkText(RemoteWebDriver.java:418)
	at org.openqa.selenium.By$ByLinkText.findElement(By.java:246)
	at org.openqa.selenium.remote.RemoteWebDriver.findElement(RemoteWebDriver.java:345)
	at org.openqa.selenium.support.ui.ExpectedConditions.findElement(ExpectedConditions.java:911)
	at org.openqa.selenium.support.ui.ExpectedConditions.access$0(ExpectedConditions.java:909)
	at org.openqa.selenium.support.ui.ExpectedConditions$7.apply(ExpectedConditions.java:205)
	at org.openqa.selenium.support.ui.ExpectedConditions$7.apply(ExpectedConditions.java:1)
	at org.openqa.selenium.support.ui.FluentWait.until(FluentWait.java:238)
	... 26 more
</pre></div><a href='#' onClick='toggleBox("stack-trace787698681", this, "Click to show all stack frames", "Click to hide stack frames")'>Click to show all stack frames</a>
<div class='stack-trace' id='stack-trace787698681'><pre>org.openqa.selenium.TimeoutException: Timed out after 20 seconds waiting for visibility of element located by By.linkText: 125434
Build info: version: &apos;2.48.2&apos;, revision: &apos;41bccdd&apos;, time: &apos;2015-10-09 19:59:12&apos;
System info: host: &apos;N700278&apos;, ip: &apos;10.51.235.212&apos;, os.name: &apos;Windows 7&apos;, os.arch: &apos;amd64&apos;, os.version: &apos;6.1&apos;, java.version: &apos;1.7.0_06&apos;
Session ID: ad4a0ea7-292a-473f-99b2-d02753a1eced
Driver info: org.openqa.selenium.ie.InternetExplorerDriver
Capabilities [{platform=WINDOWS, javascriptEnabled=true, elementScrollBehavior=0, ignoreZoomSetting=false, enablePersistentHover=true, ie.ensureCleanSession=false, browserName=internet explorer, enableElementCacheCleanup=true, unexpectedAlertBehaviour=dismiss, version=11, pageLoadStrategy=normal, ie.usePerProcessProxy=false, cssSelectorsEnabled=true, ignoreProtectedModeSettings=false, requireWindowFocus=false, initialBrowserUrl=http://localhost:32721/, handlesAlerts=true, ie.forceCreateProcessApi=false, nativeEvents=true, browserAttachTimeout=0, ie.browserCommandLineSwitches=, takesScreenshot=true}]
	at org.openqa.selenium.support.ui.WebDriverWait.timeoutException(WebDriverWait.java:80)
	at org.openqa.selenium.support.ui.FluentWait.until(FluentWait.java:261)
	at Page.EqpStatusPageS.EnterTrailer(EqpStatusPageS.java:488)
	at LDDscreen.US607PromptHeadloadOnDestinationChangeLDD.lddTrailerWithProsYes(US607PromptHeadloadOnDestinationChangeLDD.java:156)
	at sun.reflect.NativeMethodAccessorImpl.invoke0(Native Method)
	at sun.reflect.NativeMethodAccessorImpl.invoke(Unknown Source)
	at sun.reflect.DelegatingMethodAccessorImpl.invoke(Unknown Source)
	at java.lang.reflect.Method.invoke(Unknown Source)
	at org.testng.internal.MethodInvocationHelper.invokeMethod(MethodInvocationHelper.java:85)
	at org.testng.internal.Invoker.invokeMethod(Invoker.java:639)
	at org.testng.internal.Invoker.invokeTestMethod(Invoker.java:816)
	at org.testng.internal.Invoker.invokeTestMethods(Invoker.java:1124)
	at org.testng.internal.TestMethodWorker.invokeTestMethods(TestMethodWorker.java:124)
	at org.testng.internal.TestMethodWorker.run(TestMethodWorker.java:108)
	at org.testng.TestRunner.privateRun(TestRunner.java:773)
	at org.testng.TestRunner.run(TestRunner.java:623)
	at org.testng.SuiteRunner.runTest(SuiteRunner.java:359)
	at org.testng.SuiteRunner.runSequentially(SuiteRunner.java:354)
	at org.testng.SuiteRunner.privateRun(SuiteRunner.java:312)
	at org.testng.SuiteRunner.run(SuiteRunner.java:261)
	at org.testng.SuiteRunnerWorker.runSuite(SuiteRunnerWorker.java:52)
	at org.testng.SuiteRunnerWorker.run(SuiteRunnerWorker.java:86)
	at org.testng.TestNG.runSuitesSequentially(TestNG.java:1185)
	at org.testng.TestNG.runSuitesLocally(TestNG.java:1110)
	at org.testng.TestNG.run(TestNG.java:1018)
	at org.testng.remote.RemoteTestNG.run(RemoteTestNG.java:112)
	at org.testng.remote.RemoteTestNG.initAndRun(RemoteTestNG.java:205)
	at org.testng.remote.RemoteTestNG.main(RemoteTestNG.java:176)
Caused by: org.openqa.selenium.NoSuchElementException: Unable to find element with link text == 125434 (WARNING: The server did not provide any stacktrace information)
Command duration or timeout: 354 milliseconds
For documentation on this error, please visit: http://seleniumhq.org/exceptions/no_such_element.html
Build info: version: &apos;2.48.2&apos;, revision: &apos;41bccdd&apos;, time: &apos;2015-10-09 19:59:12&apos;
System info: host: &apos;N700278&apos;, ip: &apos;10.51.235.212&apos;, os.name: &apos;Windows 7&apos;, os.arch: &apos;amd64&apos;, os.version: &apos;6.1&apos;, java.version: &apos;1.7.0_06&apos;
*** Element info: {Using=link text, value=125434}
Session ID: ad4a0ea7-292a-473f-99b2-d02753a1eced
Driver info: org.openqa.selenium.ie.InternetExplorerDriver
Capabilities [{platform=WINDOWS, javascriptEnabled=true, elementScrollBehavior=0, ignoreZoomSetting=false, enablePersistentHover=true, ie.ensureCleanSession=false, browserName=internet explorer, enableElementCacheCleanup=true, unexpectedAlertBehaviour=dismiss, version=11, pageLoadStrategy=normal, ie.usePerProcessProxy=false, cssSelectorsEnabled=true, ignoreProtectedModeSettings=false, requireWindowFocus=false, initialBrowserUrl=http://localhost:32721/, handlesAlerts=true, ie.forceCreateProcessApi=false, nativeEvents=true, browserAttachTimeout=0, ie.browserCommandLineSwitches=, takesScreenshot=true}]
	at sun.reflect.GeneratedConstructorAccessor28.newInstance(Unknown Source)
	at sun.reflect.DelegatingConstructorAccessorImpl.newInstance(Unknown Source)
	at java.lang.reflect.Constructor.newInstance(Unknown Source)
	at org.openqa.selenium.remote.ErrorHandler.createThrowable(ErrorHandler.java:206)
	at org.openqa.selenium.remote.ErrorHandler.throwIfResponseFailed(ErrorHandler.java:158)
	at org.openqa.selenium.remote.RemoteWebDriver.execute(RemoteWebDriver.java:647)
	at org.openqa.selenium.remote.RemoteWebDriver.findElement(RemoteWebDriver.java:353)
	at org.openqa.selenium.remote.RemoteWebDriver.findElementByLinkText(RemoteWebDriver.java:418)
	at org.openqa.selenium.By$ByLinkText.findElement(By.java:246)
	at org.openqa.selenium.remote.RemoteWebDriver.findElement(RemoteWebDriver.java:345)
	at org.openqa.selenium.support.ui.ExpectedConditions.findElement(ExpectedConditions.java:911)
	at org.openqa.selenium.support.ui.ExpectedConditions.access$0(ExpectedConditions.java:909)
	at org.openqa.selenium.support.ui.ExpectedConditions$7.apply(ExpectedConditions.java:205)
	at org.openqa.selenium.support.ui.ExpectedConditions$7.apply(ExpectedConditions.java:1)
	at org.openqa.selenium.support.ui.FluentWait.until(FluentWait.java:238)
	... 26 more
</pre></div></td>
<td>28</td>
<td>LDDscreen.US607PromptHeadloadOnDestinationChangeLDD@2ea5891</td></tr>
<tr>
<td title='LDDscreen.US607PromptHeadloadOnDestinationChangeLDD.ldgTrailerWithProsClickNo()'><b>ldgTrailerWithProsClickNo</b><br>Test class: LDDscreen.US607PromptHeadloadOnDestinationChangeLDD<br>Parameters: 313, RDWY, 561049, 270, 40, null, null</td>
<td><div><pre>org.openqa.selenium.TimeoutException: Timed out after 50 seconds waiting for text (&apos;Mark PROs as Headload&apos;) to be present in element [[InternetExplorerDriver: internet explorer on WINDOWS (ad4a0ea7-292a-473f-99b2-d02753a1eced)] -&gt; xpath: .//*[@id=&apos;mainBody&apos;]/h3]
Build info: version: &apos;2.48.2&apos;, revision: &apos;41bccdd&apos;, time: &apos;2015-10-09 19:59:12&apos;
System info: host: &apos;N700278&apos;, ip: &apos;10.51.235.212&apos;, os.name: &apos;Windows 7&apos;, os.arch: &apos;amd64&apos;, os.version: &apos;6.1&apos;, java.version: &apos;1.7.0_06&apos;
Session ID: ad4a0ea7-292a-473f-99b2-d02753a1eced
Driver info: org.openqa.selenium.ie.InternetExplorerDriver
Capabilities [{platform=WINDOWS, javascriptEnabled=true, elementScrollBehavior=0, ignoreZoomSetting=false, enablePersistentHover=true, ie.ensureCleanSession=false, browserName=internet explorer, enableElementCacheCleanup=true, unexpectedAlertBehaviour=dismiss, version=11, pageLoadStrategy=normal, ie.usePerProcessProxy=false, cssSelectorsEnabled=true, ignoreProtectedModeSettings=false, requireWindowFocus=false, initialBrowserUrl=http://localhost:32721/, handlesAlerts=true, ie.forceCreateProcessApi=false, nativeEvents=true, browserAttachTimeout=0, ie.browserCommandLineSwitches=, takesScreenshot=true}]
	at org.openqa.selenium.support.ui.WebDriverWait.timeoutException(WebDriverWait.java:80)
	at org.openqa.selenium.support.ui.FluentWait.until(FluentWait.java:261)
	at LDDscreen.US607PromptHeadloadOnDestinationChangeLDD.ldgTrailerWithProsClickNo(US607PromptHeadloadOnDestinationChangeLDD.java:271)
	at sun.reflect.NativeMethodAccessorImpl.invoke0(Native Method)
	at sun.reflect.NativeMethodAccessorImpl.invoke(Unknown Source)
	at sun.reflect.DelegatingMethodAccessorImpl.invoke(Unknown Source)
	at java.lang.reflect.Method.invoke(Unknown Source)
	at org.testng.internal.MethodInvocationHelper.invokeMethod(MethodInvocationHelper.java:85)
	at org.testng.internal.Invoker.invokeMethod(Invoker.java:639)
	at org.testng.internal.Invoker.invokeTestMethod(Invoker.java:816)
	at org.testng.internal.Invoker.invokeTestMethods(Invoker.java:1124)
	at org.testng.internal.TestMethodWorker.invokeTestMethods(TestMethodWorker.java:124)
	at org.testng.internal.TestMethodWorker.run(TestMethodWorker.java:108)
	at org.testng.TestRunner.privateRun(TestRunner.java:773)
	at org.testng.TestRunner.run(TestRunner.java:623)
	at org.testng.SuiteRunner.runTest(SuiteRunner.java:359)
	at org.testng.SuiteRunner.runSequentially(SuiteRunner.java:354)
	at org.testng.SuiteRunner.privateRun(SuiteRunner.java:312)
	at org.testng.SuiteRunner.run(SuiteRunner.java:261)
	at org.testng.SuiteRunnerWorker.runSuite(SuiteRunnerWorker.java:52)
	at org.testng.SuiteRunnerWorker.run(SuiteRunnerWorker.java:86)
	at org.testng.TestNG.runSuitesSequentially(TestNG.java:1185)
	at org.testng.TestNG.runSuitesLocally(TestNG.java:1110)
	at org.testng.TestNG.run(TestNG.java:1018)
	at org.testng.remote.RemoteTestNG.run(RemoteTestNG.java:112)
	at org.testng.remote.RemoteTestNG.initAndRun(RemoteTestNG.java:205)
	at org.testng.remote.RemoteTestNG.main(RemoteTestNG.java:176)
</pre></div><a href='#' onClick='toggleBox("stack-trace566165809", this, "Click to show all stack frames", "Click to hide stack frames")'>Click to show all stack frames</a>
<div class='stack-trace' id='stack-trace566165809'><pre>org.openqa.selenium.TimeoutException: Timed out after 50 seconds waiting for text (&apos;Mark PROs as Headload&apos;) to be present in element [[InternetExplorerDriver: internet explorer on WINDOWS (ad4a0ea7-292a-473f-99b2-d02753a1eced)] -&gt; xpath: .//*[@id=&apos;mainBody&apos;]/h3]
Build info: version: &apos;2.48.2&apos;, revision: &apos;41bccdd&apos;, time: &apos;2015-10-09 19:59:12&apos;
System info: host: &apos;N700278&apos;, ip: &apos;10.51.235.212&apos;, os.name: &apos;Windows 7&apos;, os.arch: &apos;amd64&apos;, os.version: &apos;6.1&apos;, java.version: &apos;1.7.0_06&apos;
Session ID: ad4a0ea7-292a-473f-99b2-d02753a1eced
Driver info: org.openqa.selenium.ie.InternetExplorerDriver
Capabilities [{platform=WINDOWS, javascriptEnabled=true, elementScrollBehavior=0, ignoreZoomSetting=false, enablePersistentHover=true, ie.ensureCleanSession=false, browserName=internet explorer, enableElementCacheCleanup=true, unexpectedAlertBehaviour=dismiss, version=11, pageLoadStrategy=normal, ie.usePerProcessProxy=false, cssSelectorsEnabled=true, ignoreProtectedModeSettings=false, requireWindowFocus=false, initialBrowserUrl=http://localhost:32721/, handlesAlerts=true, ie.forceCreateProcessApi=false, nativeEvents=true, browserAttachTimeout=0, ie.browserCommandLineSwitches=, takesScreenshot=true}]
	at org.openqa.selenium.support.ui.WebDriverWait.timeoutException(WebDriverWait.java:80)
	at org.openqa.selenium.support.ui.FluentWait.until(FluentWait.java:261)
	at LDDscreen.US607PromptHeadloadOnDestinationChangeLDD.ldgTrailerWithProsClickNo(US607PromptHeadloadOnDestinationChangeLDD.java:271)
	at sun.reflect.NativeMethodAccessorImpl.invoke0(Native Method)
	at sun.reflect.NativeMethodAccessorImpl.invoke(Unknown Source)
	at sun.reflect.DelegatingMethodAccessorImpl.invoke(Unknown Source)
	at java.lang.reflect.Method.invoke(Unknown Source)
	at org.testng.internal.MethodInvocationHelper.invokeMethod(MethodInvocationHelper.java:85)
	at org.testng.internal.Invoker.invokeMethod(Invoker.java:639)
	at org.testng.internal.Invoker.invokeTestMethod(Invoker.java:816)
	at org.testng.internal.Invoker.invokeTestMethods(Invoker.java:1124)
	at org.testng.internal.TestMethodWorker.invokeTestMethods(TestMethodWorker.java:124)
	at org.testng.internal.TestMethodWorker.run(TestMethodWorker.java:108)
	at org.testng.TestRunner.privateRun(TestRunner.java:773)
	at org.testng.TestRunner.run(TestRunner.java:623)
	at org.testng.SuiteRunner.runTest(SuiteRunner.java:359)
	at org.testng.SuiteRunner.runSequentially(SuiteRunner.java:354)
	at org.testng.SuiteRunner.privateRun(SuiteRunner.java:312)
	at org.testng.SuiteRunner.run(SuiteRunner.java:261)
	at org.testng.SuiteRunnerWorker.runSuite(SuiteRunnerWorker.java:52)
	at org.testng.SuiteRunnerWorker.run(SuiteRunnerWorker.java:86)
	at org.testng.TestNG.runSuitesSequentially(TestNG.java:1185)
	at org.testng.TestNG.runSuitesLocally(TestNG.java:1110)
	at org.testng.TestNG.run(TestNG.java:1018)
	at org.testng.remote.RemoteTestNG.run(RemoteTestNG.java:112)
	at org.testng.remote.RemoteTestNG.initAndRun(RemoteTestNG.java:205)
	at org.testng.remote.RemoteTestNG.main(RemoteTestNG.java:176)
</pre></div></td>
<td>64</td>
<td>LDDscreen.US607PromptHeadloadOnDestinationChangeLDD@2ea5891</td></tr>
</table><p>
<table width='100%' border='1' class='invocation-passed'>
<tr><td colspan='4' align='center'><b>PASSED TESTS</b></td></tr>
<tr><td><b>Test method</b></td>
<td width="30%"><b>Exception</b></td>
<td width="10%"><b>Time (seconds)</b></td>
<td><b>Instance</b></td>
</tr>
<tr>
<td title='LDDscreen.LDDTesting.LDDTrailerHasProChangeDestination()'><b>LDDTrailerHasProChangeDestination</b><br>Test class: LDDscreen.LDDTesting<br>Parameters: 324, RDWY, 45463, 547, 12, 12375, 95, 7212, , , 2016-02-16 13:31:00.0, LDD, , </td>
<td></td>
<td>26</td>
<td>LDDscreen.LDDTesting@25e01f19</td></tr>
<tr>
<td title='LDDscreen.US200091SmartEnterLDD.LDDTrailerHasProChangeDestination()'><b>LDDTrailerHasProChangeDestination</b><br>Test class: LDDscreen.US200091SmartEnterLDD<br>Test method: 2000.109 ldd with pro, change desti, headload<br>Parameters: 833, RDWY, 430953, 830, 2016-02-17 06:07:00.0</td>
<td></td>
<td>16</td>
<td>LDDscreen.US200091SmartEnterLDD@1d19b5bc</td></tr>
<tr>
<td title='LDDscreen.US200091SmartEnterLDD.LDDTrailerHasProChangeNonDestinationField()'><b>LDDTrailerHasProChangeNonDestinationField</b><br>Test class: LDDscreen.US200091SmartEnterLDD<br>Test method: 2000.114 ldd with pro, change non desti field<br>Parameters: 150, RDWY, 133659, 135, 2016-02-16 23:14:00.0</td>
<td></td>
<td>16</td>
<td>LDDscreen.US200091SmartEnterLDD@1d19b5bc</td></tr>
<tr>
<td title='LDDscreen.US200091SmartEnterLDD.LDDTrailerNoProChangeDestination()'><b>LDDTrailerNoProChangeDestination</b><br>Test class: LDDscreen.US200091SmartEnterLDD<br>Test method: 2000.110 ldd no pro, change desti<br>Parameters: 309, C309, 14314, 123, 2016-04-21 19:54:12.0</td>
<td></td>
<td>16</td>
<td>LDDscreen.US200091SmartEnterLDD@1d19b5bc</td></tr>
<tr>
<td title='LDDscreen.US200091SmartEnterLDD.LDDTrailerNoProChangeNonDestinationField()'><b>LDDTrailerNoProChangeNonDestinationField</b><br>Test class: LDDscreen.US200091SmartEnterLDD<br>Test method: 2000.111 ldd no pro, change non desti field<br>Parameters: 309, RDWY, 125234, 211, 2016-01-30 16:06:00.0</td>
<td></td>
<td>22</td>
<td>LDDscreen.US200091SmartEnterLDD@1d19b5bc</td></tr>
<tr>
<td title='LDDscreen.LDDTesting.LDDTrailerWithoutProAlterCubeAndSeal()'><b>LDDTrailerWithoutProAlterCubeAndSeal</b><br>Test class: LDDscreen.LDDTesting<br>Parameters: 661, RDWY, 430218, 730, 1, 43164, 95, 1492803, , , 2016-02-17 07:14:00.0, LDD, , </td>
<td></td>
<td>18</td>
<td>LDDscreen.LDDTesting@25e01f19</td></tr>
<tr>
<td title='LDDscreen.US200091SmartEnterLDD.LDDTrailerWithoutProNoChange()'><b>LDDTrailerWithoutProNoChange</b><br>Test class: LDDscreen.US200091SmartEnterLDD<br>Test method: 2000.117 ldd with pro no change<br>Parameters: 521, RDWY, 118971, 455, 2016-02-17 06:04:00.0</td>
<td></td>
<td>13</td>
<td>LDDscreen.US200091SmartEnterLDD@1d19b5bc</td></tr>
<tr>
<td title='LDDscreen.US200091SmartEnterLDD.NLDDTrailerHasPRO()'><b>NLDDTrailerHasPRO</b><br>Test class: LDDscreen.US200091SmartEnterLDD<br>Test method: 2000.108 ldg, with pro<br>Parameters: 522, RDWY, 830633, 135, 2016-03-07 17:06:06.55</td>
<td></td>
<td>15</td>
<td>LDDscreen.US200091SmartEnterLDD@1d19b5bc</td></tr>
<tr>
<td title='LDDscreen.US200091SmartEnterLDD.NLDDTrailerNoPRO()'><b>NLDDTrailerNoPRO</b><br>Test class: LDDscreen.US200091SmartEnterLDD<br>Test method: 2000.107 can transit to ldd, not in ldd, not pro<br>Parameters: 408, RDWY, 558358, 408, 2016-02-16 22:12:00.0</td>
<td></td>
<td>20</td>
<td>LDDscreen.US200091SmartEnterLDD@1d19b5bc</td></tr>
<tr>
<td title='LDDscreen.US607PromptHeadloadOnDestinationChangeLDD.lddTrailerWithHeadloadProsClickNo()'><b>lddTrailerWithHeadloadProsClickNo</b><br>Test class: LDDscreen.US607PromptHeadloadOnDestinationChangeLDD<br>Parameters: 889, RDWY, 133531, 813, 95, 45, 875</td>
<td></td>
<td>26</td>
<td>LDDscreen.US607PromptHeadloadOnDestinationChangeLDD@2ea5891</td></tr>
<tr>
<td title='LDDscreen.US607PromptHeadloadOnDestinationChangeLDD.lddTrailerWithHeadloadProsClickYes()'><b>lddTrailerWithHeadloadProsClickYes</b><br>Test class: LDDscreen.US607PromptHeadloadOnDestinationChangeLDD<br>Parameters: 402, RDWY, 117664, 211, 5, 5, 309</td>
<td></td>
<td>30</td>
<td>LDDscreen.US607PromptHeadloadOnDestinationChangeLDD@2ea5891</td></tr>
<tr>
<td title='LDDscreen.US622SmartEnterHeadloadOnDestinationChangeLDD.lddTrailerWithHeadloadProsClickYes()'><b>lddTrailerWithHeadloadProsClickYes</b><br>Test class: LDDscreen.US622SmartEnterHeadloadOnDestinationChangeLDD<br>Parameters: 155, RDWY, 89003, 270, 10, 10, 135</td>
<td></td>
<td>26</td>
<td>LDDscreen.US622SmartEnterHeadloadOnDestinationChangeLDD@675c9915</td></tr>
<tr>
<td title='LDDscreen.US607PromptHeadloadOnDestinationChangeLDD.lddTrailerWithProsClickNo()'><b>lddTrailerWithProsClickNo</b><br>Test class: LDDscreen.US607PromptHeadloadOnDestinationChangeLDD<br>Parameters: 205, RDWY, 130837, 100, 90, null, null</td>
<td></td>
<td>24</td>
<td>LDDscreen.US607PromptHeadloadOnDestinationChangeLDD@2ea5891</td></tr>
<tr>
<td title='LDDscreen.US622SmartEnterHeadloadOnDestinationChangeLDD.lddTrailerWithProsYes()'><b>lddTrailerWithProsYes</b><br>Test class: LDDscreen.US622SmartEnterHeadloadOnDestinationChangeLDD<br>Test method: 2000.109<br>Parameters: 111, RDWY, 89112, 112, 10, null, null</td>
<td></td>
<td>26</td>
<td>LDDscreen.US622SmartEnterHeadloadOnDestinationChangeLDD@675c9915</td></tr>
<tr>
<td title='LDDscreen.US607PromptHeadloadOnDestinationChangeLDD.ldgTrailerWithProsYes()'><b>ldgTrailerWithProsYes</b><br>Test class: LDDscreen.US607PromptHeadloadOnDestinationChangeLDD<br>Parameters: 881, RDWY, 119541, 878, 95, null, null</td>
<td></td>
<td>30</td>
<td>LDDscreen.US607PromptHeadloadOnDestinationChangeLDD@2ea5891</td></tr>
<tr>
<td title='LDDscreen.US622SmartEnterHeadloadOnDestinationChangeLDD.ldgTrailerWithProsYes()'><b>ldgTrailerWithProsYes</b><br>Test class: LDDscreen.US622SmartEnterHeadloadOnDestinationChangeLDD<br>Parameters: 100, RDWY, 117336, 122, 12, null, null</td>
<td></td>
<td>27</td>
<td>LDDscreen.US622SmartEnterHeadloadOnDestinationChangeLDD@675c9915</td></tr>
</table><p>
</body>
</html>