<html>
<head>
<title>TestNG:  test MTY</title>
<link href="../testng.css" rel="stylesheet" type="text/css" />
<link href="../my-testng.css" rel="stylesheet" type="text/css" />

<style type="text/css">
.log { display: none;} 
.stack-trace { display: none;} 
</style>
<script type="text/javascript">
<!--
function flip(e) {
  current = e.style.display;
  if (current == 'block') {
    e.style.display = 'none';
    return 0;
  }
  else {
    e.style.display = 'block';
    return 1;
  }
}

function toggleBox(szDivId, elem, msg1, msg2)
{
  var res = -1;  if (document.getElementById) {
    res = flip(document.getElementById(szDivId));
  }
  else if (document.all) {
    // this is the way old msie versions work
    res = flip(document.all[szDivId]);
  }
  if(elem) {
    if(res == 0) elem.innerHTML = msg1; else elem.innerHTML = msg2;
  }

}

function toggleAllBoxes() {
  if (document.getElementsByTagName) {
    d = document.getElementsByTagName('div');
    for (i = 0; i < d.length; i++) {
      if (d[i].className == 'log') {
        flip(d[i]);
      }
    }
  }
}

// -->
</script>

</head>
<body>
<h2 align='center'>test MTY</h2><table border='1' align="center">
<tr>
<td>Tests passed/Failed/Skipped:</td><td>10/1/0</td>
</tr><tr>
<td>Started on:</td><td>Tue Nov 24 00:29:30 CST 2015</td>
</tr>
<tr><td>Total time:</td><td>96 seconds (96794 ms)</td>
</tr><tr>
<td>Included groups:</td><td></td>
</tr><tr>
<td>Excluded groups:</td><td></td>
</tr>
</table><p/>
<small><i>(Hover the method name to see the test class name)</i></small><p/>
<table width='100%' border='1' class='invocation-failed'>
<tr><td colspan='4' align='center'><b>FAILED TESTS</b></td></tr>
<tr><td><b>Test method</b></td>
<td width="30%"><b>Exception</b></td>
<td width="10%"><b>Time (seconds)</b></td>
<td><b>Instance</b></td>
</tr>
<tr>
<td title='SitTest.US200057EvaluateStatusTransitions.VerifyInvalidStatusTransition()'><b>VerifyInvalidStatusTransition</b><br>Test class: SitTest.US200057EvaluateStatusTransitions<br>Parameters: 183, C183, 1544, OFL</td>
<td><div><pre>org.openqa.selenium.TimeoutException: Timed out after 10 seconds waiting for text (&apos;This trailer is currently in OFL status. Changing to MTY status is not allowed.&apos;) to be present in element [[ChromeDriver: chrome on XP (dfb4b698fe126e4ee659d3e8a7cf4165)] -&gt; xpath: html/body/div[1]/div]
Build info: version: &apos;2.47.1&apos;, revision: &apos;411b314&apos;, time: &apos;2015-07-30 03:03:16&apos;
System info: host: &apos;N700278&apos;, ip: &apos;10.51.1.240&apos;, os.name: &apos;Windows 7&apos;, os.arch: &apos;amd64&apos;, os.version: &apos;6.1&apos;, java.version: &apos;1.7.0_06&apos;
Session ID: dfb4b698fe126e4ee659d3e8a7cf4165
Driver info: org.openqa.selenium.chrome.ChromeDriver
Capabilities [{platform=XP, acceptSslCerts=true, javascriptEnabled=true, browserName=chrome, chrome={userDataDir=C:\Users\uyr27b0\AppData\Local\Temp\scoped_dir178168_7381}, rotatable=false, locationContextEnabled=true, mobileEmulationEnabled=false, version=46.0.2490.86, takesHeapSnapshot=true, cssSelectorsEnabled=true, databaseEnabled=false, handlesAlerts=true, browserConnectionEnabled=false, webStorageEnabled=true, nativeEvents=true, hasTouchScreen=false, applicationCacheEnabled=false, takesScreenshot=true}]
	at org.openqa.selenium.support.ui.WebDriverWait.timeoutException(WebDriverWait.java:80)
	at org.openqa.selenium.support.ui.FluentWait.until(FluentWait.java:229)
	at SitTest.US200057EvaluateStatusTransitions.VerifyInvalidStatusTransition(US200057EvaluateStatusTransitions.java:49)
	at java.util.concurrent.ThreadPoolExecutor.runWorker(Unknown Source)
	at java.util.concurrent.ThreadPoolExecutor$Worker.run(Unknown Source)
	at java.lang.Thread.run(Unknown Source)
... Removed 10 stack frames</pre></div><a href='#' onClick='toggleBox("stack-trace1002168709", this, "Click to show all stack frames", "Click to hide stack frames")'>Click to show all stack frames</a>
<div class='stack-trace' id='stack-trace1002168709'><pre>org.openqa.selenium.TimeoutException: Timed out after 10 seconds waiting for text (&apos;This trailer is currently in OFL status. Changing to MTY status is not allowed.&apos;) to be present in element [[ChromeDriver: chrome on XP (dfb4b698fe126e4ee659d3e8a7cf4165)] -&gt; xpath: html/body/div[1]/div]
Build info: version: &apos;2.47.1&apos;, revision: &apos;411b314&apos;, time: &apos;2015-07-30 03:03:16&apos;
System info: host: &apos;N700278&apos;, ip: &apos;10.51.1.240&apos;, os.name: &apos;Windows 7&apos;, os.arch: &apos;amd64&apos;, os.version: &apos;6.1&apos;, java.version: &apos;1.7.0_06&apos;
Session ID: dfb4b698fe126e4ee659d3e8a7cf4165
Driver info: org.openqa.selenium.chrome.ChromeDriver
Capabilities [{platform=XP, acceptSslCerts=true, javascriptEnabled=true, browserName=chrome, chrome={userDataDir=C:\Users\uyr27b0\AppData\Local\Temp\scoped_dir178168_7381}, rotatable=false, locationContextEnabled=true, mobileEmulationEnabled=false, version=46.0.2490.86, takesHeapSnapshot=true, cssSelectorsEnabled=true, databaseEnabled=false, handlesAlerts=true, browserConnectionEnabled=false, webStorageEnabled=true, nativeEvents=true, hasTouchScreen=false, applicationCacheEnabled=false, takesScreenshot=true}]
	at org.openqa.selenium.support.ui.WebDriverWait.timeoutException(WebDriverWait.java:80)
	at org.openqa.selenium.support.ui.FluentWait.until(FluentWait.java:229)
	at SitTest.US200057EvaluateStatusTransitions.VerifyInvalidStatusTransition(US200057EvaluateStatusTransitions.java:49)
	at sun.reflect.NativeMethodAccessorImpl.invoke0(Native Method)
	at sun.reflect.NativeMethodAccessorImpl.invoke(Unknown Source)
	at sun.reflect.DelegatingMethodAccessorImpl.invoke(Unknown Source)
	at java.lang.reflect.Method.invoke(Unknown Source)
	at org.testng.internal.MethodInvocationHelper.invokeMethod(MethodInvocationHelper.java:85)
	at org.testng.internal.Invoker.invokeMethod(Invoker.java:639)
	at org.testng.internal.Invoker.invokeTestMethod(Invoker.java:816)
	at org.testng.internal.Invoker.invokeTestMethods(Invoker.java:1124)
	at org.testng.internal.TestMethodWorker.invokeTestMethods(TestMethodWorker.java:124)
	at org.testng.internal.TestMethodWorker.run(TestMethodWorker.java:108)
	at java.util.concurrent.ThreadPoolExecutor.runWorker(Unknown Source)
	at java.util.concurrent.ThreadPoolExecutor$Worker.run(Unknown Source)
	at java.lang.Thread.run(Unknown Source)
</pre></div></td>
<td>12</td>
<td>SitTest.US200057EvaluateStatusTransitions@1a21a14e</td></tr>
</table><p>
<table width='100%' border='1' class='invocation-passed'>
<tr><td colspan='4' align='center'><b>PASSED TESTS</b></td></tr>
<tr><td><b>Test method</b></td>
<td width="30%"><b>Exception</b></td>
<td width="10%"><b>Time (seconds)</b></td>
<td><b>Instance</b></td>
</tr>
<tr>
<td title='SitTest.US200058ValidateTrailerAtStatusingLocation.VerifyInvalidStatusLocation()'><b>VerifyInvalidStatusLocation</b><br>Test class: SitTest.US200058ValidateTrailerAtStatusingLocation<br>Parameters: 841, ACEH, 132103</td>
<td></td>
<td>15</td>
<td>SitTest.US200058ValidateTrailerAtStatusingLocation@15e51549</td></tr>
<tr>
<td title='SitTest.US200057EvaluateStatusTransitions.VerifyInvalidStatusTransition()'><b>VerifyInvalidStatusTransition</b><br>Test class: SitTest.US200057EvaluateStatusTransitions<br>Parameters: 841, ACEH, 14158, OFL</td>
<td></td>
<td>9</td>
<td>SitTest.US200057EvaluateStatusTransitions@1a21a14e</td></tr>
<tr>
<td title='SitTest.US200057EvaluateStatusTransitions.VerifyInvalidStatusTransition()'><b>VerifyInvalidStatusTransition</b><br>Test class: SitTest.US200057EvaluateStatusTransitions<br>Parameters: 841, ACEH, 98361, OFL</td>
<td></td>
<td>4</td>
<td>SitTest.US200057EvaluateStatusTransitions@1a21a14e</td></tr>
<tr>
<td title='SitTest.US200057EvaluateStatusTransitions.VerifyInvalidStatusTransition()'><b>VerifyInvalidStatusTransition</b><br>Test class: SitTest.US200057EvaluateStatusTransitions<br>Parameters: 627, BMOU, 505894, OFL</td>
<td></td>
<td>6</td>
<td>SitTest.US200057EvaluateStatusTransitions@1a21a14e</td></tr>
<tr>
<td title='SitTest.US200057EvaluateStatusTransitions.VerifyInvalidStatusTransition()'><b>VerifyInvalidStatusTransition</b><br>Test class: SitTest.US200057EvaluateStatusTransitions<br>Parameters: XX2, BMOU, 510051, ENR</td>
<td></td>
<td>6</td>
<td>SitTest.US200057EvaluateStatusTransitions@1a21a14e</td></tr>
<tr>
<td title='SitTest.US200057EvaluateStatusTransitions.VerifyInvalidStatusTransition()'><b>VerifyInvalidStatusTransition</b><br>Test class: SitTest.US200057EvaluateStatusTransitions<br>Parameters: 268, BSIU, 925544, ENR</td>
<td></td>
<td>6</td>
<td>SitTest.US200057EvaluateStatusTransitions@1a21a14e</td></tr>
<tr>
<td title='SitTest.US200057EvaluateStatusTransitions.VerifyInvalidStatusTransition()'><b>VerifyInvalidStatusTransition</b><br>Test class: SitTest.US200057EvaluateStatusTransitions<br>Parameters: 183, C183, 1420, OFL</td>
<td></td>
<td>7</td>
<td>SitTest.US200057EvaluateStatusTransitions@1a21a14e</td></tr>
<tr>
<td title='SitTest.US200057EvaluateStatusTransitions.VerifyInvalidStatusTransition()'><b>VerifyInvalidStatusTransition</b><br>Test class: SitTest.US200057EvaluateStatusTransitions<br>Parameters: 183, C183, 2294, OFL</td>
<td></td>
<td>4</td>
<td>SitTest.US200057EvaluateStatusTransitions@1a21a14e</td></tr>
<tr>
<td title='SitTest.US200057EvaluateStatusTransitions.VerifyInvalidStatusTransition()'><b>VerifyInvalidStatusTransition</b><br>Test class: SitTest.US200057EvaluateStatusTransitions<br>Parameters: 183, C183, 62981, OFL</td>
<td></td>
<td>4</td>
<td>SitTest.US200057EvaluateStatusTransitions@1a21a14e</td></tr>
<tr>
<td title='SitTest.US200057EvaluateStatusTransitions.VerifyInvalidStatusTransition()'><b>VerifyInvalidStatusTransition</b><br>Test class: SitTest.US200057EvaluateStatusTransitions<br>Parameters: 183, C183, 80994, OFL</td>
<td></td>
<td>4</td>
<td>SitTest.US200057EvaluateStatusTransitions@1a21a14e</td></tr>
</table><p>
</body>
</html>