<?xml version="1.0" encoding="UTF-8"?>
<!-- Generated by org.testng.reporters.JUnitXMLReporter -->
<testsuite hostname="N700278" name="test MTY" tests="11" failures="1" timestamp="24 Nov 2015 06:31:07 GMT" time="96.794" errors="0">
  <testcase name="VerifyInvalidStatusTransition" time="9.784" classname="SitTest.US200057EvaluateStatusTransitions"/>
  <testcase name="VerifyInvalidStatusLocation" time="15.216" classname="SitTest.US200058ValidateTrailerAtStatusingLocation"/>
  <testcase name="VerifyInvalidStatusTransition" time="4.859" classname="SitTest.US200057EvaluateStatusTransitions"/>
  <testcase name="VerifyInvalidStatusTransition" time="6.144" classname="SitTest.US200057EvaluateStatusTransitions"/>
  <testcase name="VerifyInvalidStatusTransition" time="6.153" classname="SitTest.US200057EvaluateStatusTransitions"/>
  <testcase name="VerifyInvalidStatusTransition" time="6.003" classname="SitTest.US200057EvaluateStatusTransitions"/>
  <testcase name="VerifyInvalidStatusTransition" time="7.68" classname="SitTest.US200057EvaluateStatusTransitions"/>
  <testcase name="VerifyInvalidStatusTransition" time="12.518" classname="SitTest.US200057EvaluateStatusTransitions">
    <failure type="org.openqa.selenium.TimeoutException" message="Timed out after 10 seconds waiting for text (&amp;apos;This trailer is currently in OFL status. Changing to MTY status is not allowed.&amp;apos;) to be present in element [[ChromeDriver: chrome on XP (dfb4b698fe126e4ee659d3e8a7cf4165)] -&amp;gt; xpath: html/body/div[1]/div]
Build info: version: &amp;apos;2.47.1&amp;apos;, revision: &amp;apos;411b314&amp;apos;, time: &amp;apos;2015-07-30 03:03:16&amp;apos;
System info: host: &amp;apos;N700278&amp;apos;, ip: &amp;apos;10.51.1.240&amp;apos;, os.name: &amp;apos;Windows 7&amp;apos;, os.arch: &amp;apos;amd64&amp;apos;, os.version: &amp;apos;6.1&amp;apos;, java.version: &amp;apos;1.7.0_06&amp;apos;
Session ID: dfb4b698fe126e4ee659d3e8a7cf4165
Driver info: org.openqa.selenium.chrome.ChromeDriver
Capabilities [{platform=XP, acceptSslCerts=true, javascriptEnabled=true, browserName=chrome, chrome={userDataDir=C:\Users\uyr27b0\AppData\Local\Temp\scoped_dir178168_7381}, rotatable=false, locationContextEnabled=true, mobileEmulationEnabled=false, version=46.0.2490.86, takesHeapSnapshot=true, cssSelectorsEnabled=true, databaseEnabled=false, handlesAlerts=true, browserConnectionEnabled=false, webStorageEnabled=true, nativeEvents=true, hasTouchScreen=false, applicationCacheEnabled=false, takesScreenshot=true}]">
      <![CDATA[org.openqa.selenium.TimeoutException: Timed out after 10 seconds waiting for text ('This trailer is currently in OFL status. Changing to MTY status is not allowed.') to be present in element [[ChromeDriver: chrome on XP (dfb4b698fe126e4ee659d3e8a7cf4165)] -> xpath: html/body/div[1]/div]
Build info: version: '2.47.1', revision: '411b314', time: '2015-07-30 03:03:16'
System info: host: 'N700278', ip: '10.51.1.240', os.name: 'Windows 7', os.arch: 'amd64', os.version: '6.1', java.version: '1.7.0_06'
Session ID: dfb4b698fe126e4ee659d3e8a7cf4165
Driver info: org.openqa.selenium.chrome.ChromeDriver
Capabilities [{platform=XP, acceptSslCerts=true, javascriptEnabled=true, browserName=chrome, chrome={userDataDir=C:\Users\uyr27b0\AppData\Local\Temp\scoped_dir178168_7381}, rotatable=false, locationContextEnabled=true, mobileEmulationEnabled=false, version=46.0.2490.86, takesHeapSnapshot=true, cssSelectorsEnabled=true, databaseEnabled=false, handlesAlerts=true, browserConnectionEnabled=false, webStorageEnabled=true, nativeEvents=true, hasTouchScreen=false, applicationCacheEnabled=false, takesScreenshot=true}]
	at org.openqa.selenium.support.ui.WebDriverWait.timeoutException(WebDriverWait.java:80)
	at org.openqa.selenium.support.ui.FluentWait.until(FluentWait.java:229)
	at SitTest.US200057EvaluateStatusTransitions.VerifyInvalidStatusTransition(US200057EvaluateStatusTransitions.java:49)
	at java.util.concurrent.ThreadPoolExecutor.runWorker(Unknown Source)
	at java.util.concurrent.ThreadPoolExecutor$Worker.run(Unknown Source)
	at java.lang.Thread.run(Unknown Source)
... Removed 10 stack frames]]>
    </failure>
  </testcase> <!-- VerifyInvalidStatusTransition -->
  <testcase name="VerifyInvalidStatusTransition" time="4.368" classname="SitTest.US200057EvaluateStatusTransitions"/>
  <testcase name="VerifyInvalidStatusTransition" time="4.817" classname="SitTest.US200057EvaluateStatusTransitions"/>
  <testcase name="VerifyInvalidStatusTransition" time="4.193" classname="SitTest.US200057EvaluateStatusTransitions"/>
</testsuite> <!-- test MTY -->
