<html>
<head>
<title>TestNG:  test CL</title>
<link href="../testng.css" rel="stylesheet" type="text/css" />
<link href="../my-testng.css" rel="stylesheet" type="text/css" />

<style type="text/css">
.log { display: none;} 
.stack-trace { display: none;} 
</style>
<script type="text/javascript">
<!--
function flip(e) {
  current = e.style.display;
  if (current == 'block') {
    e.style.display = 'none';
    return 0;
  }
  else {
    e.style.display = 'block';
    return 1;
  }
}

function toggleBox(szDivId, elem, msg1, msg2)
{
  var res = -1;  if (document.getElementById) {
    res = flip(document.getElementById(szDivId));
  }
  else if (document.all) {
    // this is the way old msie versions work
    res = flip(document.all[szDivId]);
  }
  if(elem) {
    if(res == 0) elem.innerHTML = msg1; else elem.innerHTML = msg2;
  }

}

function toggleAllBoxes() {
  if (document.getElementsByTagName) {
    d = document.getElementsByTagName('div');
    for (i = 0; i < d.length; i++) {
      if (d[i].className == 'log') {
        flip(d[i]);
      }
    }
  }
}

// -->
</script>

</head>
<body>
<h2 align='center'>test CL</h2><table border='1' align="center">
<tr>
<td>Tests passed/Failed/Skipped:</td><td>0/0/10</td>
</tr><tr>
<td>Started on:</td><td>Thu May 19 15:54:14 CDT 2016</td>
</tr>
<tr><td>Total time:</td><td>35 seconds (35337 ms)</td>
</tr><tr>
<td>Included groups:</td><td></td>
</tr><tr>
<td>Excluded groups:</td><td></td>
</tr>
</table><p/>
<small><i>(Hover the method name to see the test class name)</i></small><p/>
<table width='100%' border='1' class='invocation-failed'>
<tr><td colspan='4' align='center'><b>FAILED CONFIGURATIONS</b></td></tr>
<tr><td><b>Test method</b></td>
<td width="30%"><b>Exception</b></td>
<td width="10%"><b>Time (seconds)</b></td>
<td><b>Instance</b></td>
</tr>
<tr>
<td title='SitTest.US200057EvaluateStatusTransitions.SetUp()'><b>SetUp</b><br>Test class: SitTest.US200057EvaluateStatusTransitions<br>Parameters: chrome, CL</td>
<td><div><pre>org.openqa.selenium.TimeoutException: Timed out after 2 seconds waiting for visibility of element located by By.linkText: CL - City Loading
Build info: version: &apos;2.48.2&apos;, revision: &apos;41bccdd&apos;, time: &apos;2015-10-09 19:59:12&apos;
System info: host: &apos;N700278&apos;, ip: &apos;10.51.235.212&apos;, os.name: &apos;Windows 7&apos;, os.arch: &apos;amd64&apos;, os.version: &apos;6.1&apos;, java.version: &apos;1.7.0_06&apos;
Session ID: 4d14b2730db5f2b529a5c90bb52b001d
Driver info: org.openqa.selenium.chrome.ChromeDriver
Capabilities [{platform=XP, acceptSslCerts=true, javascriptEnabled=true, browserName=chrome, chrome={userDataDir=C:\Users\uyr27b0\AppData\Local\Temp\scoped_dir13540_25530}, rotatable=false, locationContextEnabled=true, mobileEmulationEnabled=false, version=50.0.2661.102, takesHeapSnapshot=true, cssSelectorsEnabled=true, databaseEnabled=false, handlesAlerts=true, browserConnectionEnabled=false, webStorageEnabled=true, nativeEvents=true, hasTouchScreen=false, applicationCacheEnabled=false, takesScreenshot=true}]
	at org.openqa.selenium.support.ui.WebDriverWait.timeoutException(WebDriverWait.java:80)
	at org.openqa.selenium.support.ui.FluentWait.until(FluentWait.java:261)
	at Page.EqpStatusPageS.ChangeStatusTo(EqpStatusPageS.java:457)
	at Page.EqpStatusPageS.SetStatus(EqpStatusPageS.java:412)
	at SitTest.US200057EvaluateStatusTransitions.SetUp(US200057EvaluateStatusTransitions.java:46)
	at java.util.concurrent.FutureTask$Sync.innerRun(FutureTask.java:334)
	at java.util.concurrent.FutureTask.run(FutureTask.java:166)
	at java.util.concurrent.ThreadPoolExecutor.runWorker(ThreadPoolExecutor.java:1110)
	at java.util.concurrent.ThreadPoolExecutor$Worker.run(ThreadPoolExecutor.java:603)
	at java.lang.Thread.run(Thread.java:722)
Caused by: org.openqa.selenium.NoSuchElementException: no such element: Unable to locate element: {&quot;method&quot;:&quot;link text&quot;,&quot;selector&quot;:&quot;CL - City Loading&quot;}
  (Session info: chrome=50.0.2661.102)
  (Driver info: chromedriver=2.19.346078 (6f1f0cde889532d48ce8242342d0b84f94b114a1),platform=Windows NT 6.1 SP1 x86_64) (WARNING: The server did not provide any stacktrace information)
Command duration or timeout: 296 milliseconds
For documentation on this error, please visit: http://seleniumhq.org/exceptions/no_such_element.html
Build info: version: &apos;2.48.2&apos;, revision: &apos;41bccdd&apos;, time: &apos;2015-10-09 19:59:12&apos;
System info: host: &apos;N700278&apos;, ip: &apos;10.51.235.212&apos;, os.name: &apos;Windows 7&apos;, os.arch: &apos;amd64&apos;, os.version: &apos;6.1&apos;, java.version: &apos;1.7.0_06&apos;
*** Element info: {Using=link text, value=CL - City Loading}
Session ID: 4d14b2730db5f2b529a5c90bb52b001d
Driver info: org.openqa.selenium.chrome.ChromeDriver
Capabilities [{platform=XP, acceptSslCerts=true, javascriptEnabled=true, browserName=chrome, chrome={userDataDir=C:\Users\uyr27b0\AppData\Local\Temp\scoped_dir13540_25530}, rotatable=false, locationContextEnabled=true, mobileEmulationEnabled=false, version=50.0.2661.102, takesHeapSnapshot=true, cssSelectorsEnabled=true, databaseEnabled=false, handlesAlerts=true, browserConnectionEnabled=false, webStorageEnabled=true, nativeEvents=true, hasTouchScreen=false, applicationCacheEnabled=false, takesScreenshot=true}]
	at org.openqa.selenium.remote.ErrorHandler.createThrowable(ErrorHandler.java:206)
	at org.openqa.selenium.remote.ErrorHandler.throwIfResponseFailed(ErrorHandler.java:158)
	at org.openqa.selenium.remote.RemoteWebDriver.execute(RemoteWebDriver.java:647)
	at org.openqa.selenium.remote.RemoteWebDriver.findElement(RemoteWebDriver.java:353)
	at org.openqa.selenium.remote.RemoteWebDriver.findElementByLinkText(RemoteWebDriver.java:418)
	at org.openqa.selenium.By$ByLinkText.findElement(By.java:246)
	at org.openqa.selenium.remote.RemoteWebDriver.findElement(RemoteWebDriver.java:345)
	at org.openqa.selenium.support.ui.ExpectedConditions.findElement(ExpectedConditions.java:911)
	at org.openqa.selenium.support.ui.ExpectedConditions.access$0(ExpectedConditions.java:909)
	at org.openqa.selenium.support.ui.ExpectedConditions$7.apply(ExpectedConditions.java:205)
	at org.openqa.selenium.support.ui.ExpectedConditions$7.apply(ExpectedConditions.java:1)
	at org.openqa.selenium.support.ui.FluentWait.until(FluentWait.java:238)
	... 24 more
... Removed 20 stack frames</pre></div><a href='#' onClick='toggleBox("stack-trace1335900256", this, "Click to show all stack frames", "Click to hide stack frames")'>Click to show all stack frames</a>
<div class='stack-trace' id='stack-trace1335900256'><pre>org.openqa.selenium.TimeoutException: Timed out after 2 seconds waiting for visibility of element located by By.linkText: CL - City Loading
Build info: version: &apos;2.48.2&apos;, revision: &apos;41bccdd&apos;, time: &apos;2015-10-09 19:59:12&apos;
System info: host: &apos;N700278&apos;, ip: &apos;10.51.235.212&apos;, os.name: &apos;Windows 7&apos;, os.arch: &apos;amd64&apos;, os.version: &apos;6.1&apos;, java.version: &apos;1.7.0_06&apos;
Session ID: 4d14b2730db5f2b529a5c90bb52b001d
Driver info: org.openqa.selenium.chrome.ChromeDriver
Capabilities [{platform=XP, acceptSslCerts=true, javascriptEnabled=true, browserName=chrome, chrome={userDataDir=C:\Users\uyr27b0\AppData\Local\Temp\scoped_dir13540_25530}, rotatable=false, locationContextEnabled=true, mobileEmulationEnabled=false, version=50.0.2661.102, takesHeapSnapshot=true, cssSelectorsEnabled=true, databaseEnabled=false, handlesAlerts=true, browserConnectionEnabled=false, webStorageEnabled=true, nativeEvents=true, hasTouchScreen=false, applicationCacheEnabled=false, takesScreenshot=true}]
	at org.openqa.selenium.support.ui.WebDriverWait.timeoutException(WebDriverWait.java:80)
	at org.openqa.selenium.support.ui.FluentWait.until(FluentWait.java:261)
	at Page.EqpStatusPageS.ChangeStatusTo(EqpStatusPageS.java:457)
	at Page.EqpStatusPageS.SetStatus(EqpStatusPageS.java:412)
	at SitTest.US200057EvaluateStatusTransitions.SetUp(US200057EvaluateStatusTransitions.java:46)
	at sun.reflect.NativeMethodAccessorImpl.invoke0(Native Method)
	at sun.reflect.NativeMethodAccessorImpl.invoke(NativeMethodAccessorImpl.java:57)
	at sun.reflect.DelegatingMethodAccessorImpl.invoke(DelegatingMethodAccessorImpl.java:43)
	at java.lang.reflect.Method.invoke(Method.java:601)
	at org.testng.internal.MethodInvocationHelper.invokeMethod(MethodInvocationHelper.java:86)
	at org.testng.internal.Invoker.invokeConfigurationMethod(Invoker.java:515)
	at org.testng.internal.Invoker.invokeConfigurations(Invoker.java:216)
	at org.testng.internal.Invoker.invokeConfigurations(Invoker.java:143)
	at org.testng.internal.TestMethodWorker.invokeBeforeClassMethods(TestMethodWorker.java:178)
	at org.testng.internal.TestMethodWorker.run(TestMethodWorker.java:108)
	at org.testng.TestRunner.privateRun(TestRunner.java:778)
	at org.testng.TestRunner.run(TestRunner.java:632)
	at org.testng.SuiteRunner.runTest(SuiteRunner.java:366)
	at org.testng.SuiteRunner.access$000(SuiteRunner.java:39)
	at org.testng.SuiteRunner$SuiteWorker.run(SuiteRunner.java:400)
	at org.testng.internal.thread.ThreadUtil$2.call(ThreadUtil.java:64)
	at java.util.concurrent.FutureTask$Sync.innerRun(FutureTask.java:334)
	at java.util.concurrent.FutureTask.run(FutureTask.java:166)
	at java.util.concurrent.ThreadPoolExecutor.runWorker(ThreadPoolExecutor.java:1110)
	at java.util.concurrent.ThreadPoolExecutor$Worker.run(ThreadPoolExecutor.java:603)
	at java.lang.Thread.run(Thread.java:722)
Caused by: org.openqa.selenium.NoSuchElementException: no such element: Unable to locate element: {&quot;method&quot;:&quot;link text&quot;,&quot;selector&quot;:&quot;CL - City Loading&quot;}
  (Session info: chrome=50.0.2661.102)
  (Driver info: chromedriver=2.19.346078 (6f1f0cde889532d48ce8242342d0b84f94b114a1),platform=Windows NT 6.1 SP1 x86_64) (WARNING: The server did not provide any stacktrace information)
Command duration or timeout: 296 milliseconds
For documentation on this error, please visit: http://seleniumhq.org/exceptions/no_such_element.html
Build info: version: &apos;2.48.2&apos;, revision: &apos;41bccdd&apos;, time: &apos;2015-10-09 19:59:12&apos;
System info: host: &apos;N700278&apos;, ip: &apos;10.51.235.212&apos;, os.name: &apos;Windows 7&apos;, os.arch: &apos;amd64&apos;, os.version: &apos;6.1&apos;, java.version: &apos;1.7.0_06&apos;
*** Element info: {Using=link text, value=CL - City Loading}
Session ID: 4d14b2730db5f2b529a5c90bb52b001d
Driver info: org.openqa.selenium.chrome.ChromeDriver
Capabilities [{platform=XP, acceptSslCerts=true, javascriptEnabled=true, browserName=chrome, chrome={userDataDir=C:\Users\uyr27b0\AppData\Local\Temp\scoped_dir13540_25530}, rotatable=false, locationContextEnabled=true, mobileEmulationEnabled=false, version=50.0.2661.102, takesHeapSnapshot=true, cssSelectorsEnabled=true, databaseEnabled=false, handlesAlerts=true, browserConnectionEnabled=false, webStorageEnabled=true, nativeEvents=true, hasTouchScreen=false, applicationCacheEnabled=false, takesScreenshot=true}]
	at sun.reflect.NativeConstructorAccessorImpl.newInstance0(Native Method)
	at sun.reflect.NativeConstructorAccessorImpl.newInstance(NativeConstructorAccessorImpl.java:57)
	at sun.reflect.DelegatingConstructorAccessorImpl.newInstance(DelegatingConstructorAccessorImpl.java:45)
	at java.lang.reflect.Constructor.newInstance(Constructor.java:525)
	at org.openqa.selenium.remote.ErrorHandler.createThrowable(ErrorHandler.java:206)
	at org.openqa.selenium.remote.ErrorHandler.throwIfResponseFailed(ErrorHandler.java:158)
	at org.openqa.selenium.remote.RemoteWebDriver.execute(RemoteWebDriver.java:647)
	at org.openqa.selenium.remote.RemoteWebDriver.findElement(RemoteWebDriver.java:353)
	at org.openqa.selenium.remote.RemoteWebDriver.findElementByLinkText(RemoteWebDriver.java:418)
	at org.openqa.selenium.By$ByLinkText.findElement(By.java:246)
	at org.openqa.selenium.remote.RemoteWebDriver.findElement(RemoteWebDriver.java:345)
	at org.openqa.selenium.support.ui.ExpectedConditions.findElement(ExpectedConditions.java:911)
	at org.openqa.selenium.support.ui.ExpectedConditions.access$0(ExpectedConditions.java:909)
	at org.openqa.selenium.support.ui.ExpectedConditions$7.apply(ExpectedConditions.java:205)
	at org.openqa.selenium.support.ui.ExpectedConditions$7.apply(ExpectedConditions.java:1)
	at org.openqa.selenium.support.ui.FluentWait.until(FluentWait.java:238)
	... 24 more
</pre></div></td>
<td>0</td>
<td>SitTest.US200057EvaluateStatusTransitions@4395cbcb</td></tr>
</table><p>
<table width='100%' border='1' class='invocation-skipped'>
<tr><td colspan='4' align='center'><b>SKIPPED CONFIGURATIONS</b></td></tr>
<tr><td><b>Test method</b></td>
<td width="30%"><b>Exception</b></td>
<td width="10%"><b>Time (seconds)</b></td>
<td><b>Instance</b></td>
</tr>
<tr>
<td title='SitTest.US200057EvaluateStatusTransitions.TearDown()'><b>TearDown</b><br>Test class: SitTest.US200057EvaluateStatusTransitions</td>
<td></td>
<td>0</td>
<td>SitTest.US200057EvaluateStatusTransitions@4395cbcb</td></tr>
</table><p>
<table width='100%' border='1' class='invocation-skipped'>
<tr><td colspan='4' align='center'><b>SKIPPED TESTS</b></td></tr>
<tr><td><b>Test method</b></td>
<td width="30%"><b>Exception</b></td>
<td width="10%"><b>Time (seconds)</b></td>
<td><b>Instance</b></td>
</tr>
<tr>
<td title='SitTest.US200057EvaluateStatusTransitions.VerifyInvalidStatusTransition()'><b>VerifyInvalidStatusTransition</b><br>Test class: SitTest.US200057EvaluateStatusTransitions<br>Parameters: 347, RDWY, 311651, ARR</td>
<td></td>
<td>0</td>
<td>SitTest.US200057EvaluateStatusTransitions@4395cbcb</td></tr>
<tr>
<td title='SitTest.US200057EvaluateStatusTransitions.VerifyInvalidStatusTransition()'><b>VerifyInvalidStatusTransition</b><br>Test class: SitTest.US200057EvaluateStatusTransitions<br>Parameters: 268, RDWY, 45647, ARV</td>
<td></td>
<td>0</td>
<td>SitTest.US200057EvaluateStatusTransitions@4395cbcb</td></tr>
<tr>
<td title='SitTest.US200057EvaluateStatusTransitions.VerifyInvalidStatusTransition()'><b>VerifyInvalidStatusTransition</b><br>Test class: SitTest.US200057EvaluateStatusTransitions<br>Parameters: 155, RDWY, 128190, LDG</td>
<td></td>
<td>0</td>
<td>SitTest.US200057EvaluateStatusTransitions@4395cbcb</td></tr>
<tr>
<td title='SitTest.US200057EvaluateStatusTransitions.VerifyInvalidStatusTransition()'><b>VerifyInvalidStatusTransition</b><br>Test class: SitTest.US200057EvaluateStatusTransitions<br>Parameters: 402, RDWY, 124028, ARR</td>
<td></td>
<td>0</td>
<td>SitTest.US200057EvaluateStatusTransitions@4395cbcb</td></tr>
<tr>
<td title='SitTest.US200057EvaluateStatusTransitions.VerifyInvalidStatusTransition()'><b>VerifyInvalidStatusTransition</b><br>Test class: SitTest.US200057EvaluateStatusTransitions<br>Parameters: 615, RDWY, 559839, LDG</td>
<td></td>
<td>0</td>
<td>SitTest.US200057EvaluateStatusTransitions@4395cbcb</td></tr>
<tr>
<td title='SitTest.US200057EvaluateStatusTransitions.VerifyInvalidStatusTransition()'><b>VerifyInvalidStatusTransition</b><br>Test class: SitTest.US200057EvaluateStatusTransitions<br>Parameters: 248, HMES, 535220, ARV</td>
<td></td>
<td>0</td>
<td>SitTest.US200057EvaluateStatusTransitions@4395cbcb</td></tr>
<tr>
<td title='SitTest.US200057EvaluateStatusTransitions.VerifyInvalidStatusTransition()'><b>VerifyInvalidStatusTransition</b><br>Test class: SitTest.US200057EvaluateStatusTransitions<br>Parameters: 402, RDWY, 261002, ARV</td>
<td></td>
<td>0</td>
<td>SitTest.US200057EvaluateStatusTransitions@4395cbcb</td></tr>
<tr>
<td title='SitTest.US200057EvaluateStatusTransitions.VerifyInvalidStatusTransition()'><b>VerifyInvalidStatusTransition</b><br>Test class: SitTest.US200057EvaluateStatusTransitions<br>Parameters: 557, RDWY, 131891, ENR</td>
<td></td>
<td>0</td>
<td>SitTest.US200057EvaluateStatusTransitions@4395cbcb</td></tr>
<tr>
<td title='SitTest.US200057EvaluateStatusTransitions.VerifyInvalidStatusTransition()'><b>VerifyInvalidStatusTransition</b><br>Test class: SitTest.US200057EvaluateStatusTransitions<br>Parameters: 381, RDWY, 121489, ARV</td>
<td></td>
<td>0</td>
<td>SitTest.US200057EvaluateStatusTransitions@4395cbcb</td></tr>
<tr>
<td title='SitTest.US200057EvaluateStatusTransitions.VerifyInvalidStatusTransition()'><b>VerifyInvalidStatusTransition</b><br>Test class: SitTest.US200057EvaluateStatusTransitions<br>Parameters: 248, HMES, 500182, ARV</td>
<td></td>
<td>0</td>
<td>SitTest.US200057EvaluateStatusTransitions@4395cbcb</td></tr>
</table><p>
</body>
</html>