<?xml version="1.0" encoding="UTF-8"?>
<!-- Generated by org.testng.reporters.JUnitXMLReporter -->
<testsuite hostname="N700278" name="Default test(failed)(failed)" tests="1" failures="1" timestamp="21 Jul 2016 19:27:00 GMT" time="39.712" errors="0">
  <testcase name="ldgTrailerWithProsYes" time="12.806" classname="TestCase.LdgScreen.US607PromptHeadloadOnDestinationChangeLDG">
    <failure type="java.lang.AssertionError" message="The following asserts failed:
	8859284065  Headload_IN is wrong expected [Y] but found [N],
	8859286063  Headload_IN is wrong expected [Y] but found [N],
	8859288061  Headload_IN is wrong expected [Y] but found [N],
	885929006X  Headload_IN is wrong expected [Y] but found [N],
	8859292068  Headload_IN is wrong expected [Y] but found [N],
	8859294066  Headload_IN is wrong expected [Y] but found [N],
	8859296064  Headload_IN is wrong expected [Y] but found [N],
	8859298062  Headload_IN is wrong expected [Y] but found [N],
	8859300060  Headload_IN is wrong expected [Y] but found [N],
	8859302069  Headload_IN is wrong expected [Y] but found [N]">
      <![CDATA[java.lang.AssertionError: The following asserts failed:
	8859284065  Headload_IN is wrong expected [Y] but found [N],
	8859286063  Headload_IN is wrong expected [Y] but found [N],
	8859288061  Headload_IN is wrong expected [Y] but found [N],
	885929006X  Headload_IN is wrong expected [Y] but found [N],
	8859292068  Headload_IN is wrong expected [Y] but found [N],
	8859294066  Headload_IN is wrong expected [Y] but found [N],
	8859296064  Headload_IN is wrong expected [Y] but found [N],
	8859298062  Headload_IN is wrong expected [Y] but found [N],
	8859300060  Headload_IN is wrong expected [Y] but found [N],
	8859302069  Headload_IN is wrong expected [Y] but found [N]
	at TestCase.LdgScreen.US607PromptHeadloadOnDestinationChangeLDG.ldgTrailerWithProsYes(US607PromptHeadloadOnDestinationChangeLDG.java:245)
... Removed 26 stack frames]]>
    </failure>
  </testcase> <!-- ldgTrailerWithProsYes -->
</testsuite> <!-- Default test(failed)(failed) -->
